

================================================================
== Vitis HLS Report for 'edgedetect_Pipeline_VITIS_LOOP_47_1_VITIS_LOOP_49_2'
================================================================
* Date:           Fri Sep 20 23:14:17 2024

* Version:        2024.1 (Build 5069499 on May 21 2024)
* Project:        EdgedetectBaseline_cluster
* Solution:       hls (Vitis Kernel Flow Target)
* Product family: zynquplus
* Target device:  xczu9eg-ffvb1156-2-e


================================================================
== Performance Estimates
================================================================
+ Timing: 
    * Summary: 
    +--------+---------+----------+------------+
    |  Clock |  Target | Estimated| Uncertainty|
    +--------+---------+----------+------------+
    |ap_clk  |  6.67 ns|  2.300 ns|     1.80 ns|
    +--------+---------+----------+------------+

+ Latency: 
    * Summary: 
    +---------+---------+-----------+-----------+-----+-----+-----------------------------------------------+
    |  Latency (cycles) |   Latency (absolute)  |  Interval |                    Pipeline                   |
    |   min   |   max   |    min    |    max    | min | max |                      Type                     |
    +---------+---------+-----------+-----------+-----+-----+-----------------------------------------------+
    |       11|       11|  73.337 ns|  73.337 ns|   10|   10|  loop auto-rewind stp(delay=0 clock cycles(s))|
    +---------+---------+-----------+-----------+-----+-----+-----------------------------------------------+

    + Detail: 
        * Instance: 
        N/A

        * Loop: 
        +-----------------------------------+---------+---------+----------+-----------+-----------+------+----------+
        |                                   |  Latency (cycles) | Iteration|  Initiation Interval  | Trip |          |
        |             Loop Name             |   min   |   max   |  Latency |  achieved |   target  | Count| Pipelined|
        +-----------------------------------+---------+---------+----------+-----------+-----------+------+----------+
        |- VITIS_LOOP_47_1_VITIS_LOOP_49_2  |        9|        9|         2|          1|          1|     9|       yes|
        +-----------------------------------+---------+---------+----------+-----------+-----------+------+----------+



================================================================
== Utilization Estimates
================================================================
* Summary: 
+-----------------+---------+------+--------+--------+-----+
|       Name      | BRAM_18K|  DSP |   FF   |   LUT  | URAM|
+-----------------+---------+------+--------+--------+-----+
|DSP              |        -|     -|       -|       -|    -|
|Expression       |        -|     -|       0|      84|    -|
|FIFO             |        -|     -|       -|       -|    -|
|Instance         |        -|     -|       -|       -|    -|
|Memory           |        0|     -|       8|       2|    -|
|Multiplexer      |        -|     -|       0|      81|    -|
|Register         |        -|     -|      17|       -|    -|
+-----------------+---------+------+--------+--------+-----+
|Total            |        0|     0|      25|     167|    0|
+-----------------+---------+------+--------+--------+-----+
|Available        |     1824|  2520|  548160|  274080|    0|
+-----------------+---------+------+--------+--------+-----+
|Utilization (%)  |        0|     0|      ~0|      ~0|    0|
+-----------------+---------+------+--------+--------+-----+

+ Detail: 
    * Instance: 
    N/A

    * DSP: 
    N/A

    * Memory: 
    +-----------------------------------------------------------+----------------------------------------------------------------------------------+---------+---+----+-----+------+-----+------+-------------+
    |                           Memory                          |                                      Module                                      | BRAM_18K| FF| LUT| URAM| Words| Bits| Banks| W*Bits*Banks|
    +-----------------------------------------------------------+----------------------------------------------------------------------------------+---------+---+----+-----+------+-----+------+-------------+
    |convolve2d_smoothing_unsigned_char_unsigned_char_filter_U  |edgedetect_Pipeline_VITIS_LOOP_47_1_VITIS_LOOP_49_2_convolve2d_smoothing_unsibkb  |        0|  8|   2|    0|     9|    8|     1|           72|
    +-----------------------------------------------------------+----------------------------------------------------------------------------------+---------+---+----+-----+------+-----+------+-------------+
    |Total                                                      |                                                                                  |        0|  8|   2|    0|     9|    8|     1|           72|
    +-----------------------------------------------------------+----------------------------------------------------------------------------------+---------+---+----+-----+------+-----+------+-------------+

    * FIFO: 
    N/A

    * Expression: 
    +-------------------------+----------+----+---+----+------------+------------+
    |      Variable Name      | Operation| DSP| FF| LUT| Bitwidth P0| Bitwidth P1|
    +-------------------------+----------+----+---+----+------------+------------+
    |add_ln47_1_fu_133_p2     |         +|   0|  0|   9|           2|           1|
    |add_ln47_fu_107_p2       |         +|   0|  0|  12|           4|           1|
    |add_ln49_fu_180_p2       |         +|   0|  0|   9|           2|           1|
    |add_ln51_fu_169_p2       |         +|   0|  0|   7|           4|           4|
    |normal_factor_fu_208_p2  |         +|   0|  0|  13|           6|           6|
    |empty_fu_159_p2          |         -|   0|  0|   7|           4|           4|
    |icmp_ln47_fu_101_p2      |      icmp|   0|  0|  12|           4|           4|
    |icmp_ln49_fu_119_p2      |      icmp|   0|  0|   9|           2|           2|
    |select_ln31_fu_125_p3    |    select|   0|  0|   2|           1|           1|
    |select_ln47_fu_139_p3    |    select|   0|  0|   2|           1|           2|
    |ap_enable_pp0            |       xor|   0|  0|   2|           1|           2|
    +-------------------------+----------+----+---+----+------------+------------+
    |Total                    |          |   0|  0|  84|          31|          28|
    +-------------------------+----------+----+---+----+------------+------------+

    * Multiplexer: 
    +----------------------------------------+----+-----------+-----+-----------+
    |                  Name                  | LUT| Input Size| Bits| Total Bits|
    +----------------------------------------+----+-----------+-----+-----------+
    |ap_done_int                             |   9|          2|    1|          2|
    |ap_enable_reg_pp0_iter1                 |   9|          2|    1|          2|
    |ap_sig_allocacmp_c_load                 |   9|          2|    2|          4|
    |ap_sig_allocacmp_indvar_flatten20_load  |   9|          2|    4|          8|
    |ap_sig_allocacmp_r_load                 |   9|          2|    2|          4|
    |c_fu_46                                 |   9|          2|    2|          4|
    |indvar_flatten20_fu_54                  |   9|          2|    4|          8|
    |normal_factor_2_fu_42                   |   9|          2|    6|         12|
    |r_fu_50                                 |   9|          2|    2|          4|
    +----------------------------------------+----+-----------+-----+-----------+
    |Total                                   |  81|         18|   24|         48|
    +----------------------------------------+----+-----------+-----+-----------+

    * Register: 
    +-------------------------+---+----+-----+-----------+
    |           Name          | FF| LUT| Bits| Const Bits|
    +-------------------------+---+----+-----+-----------+
    |ap_CS_fsm                |  1|   0|    1|          0|
    |ap_done_reg              |  1|   0|    1|          0|
    |ap_enable_reg_pp0_iter1  |  1|   0|    1|          0|
    |c_fu_46                  |  2|   0|    2|          0|
    |indvar_flatten20_fu_54   |  4|   0|    4|          0|
    |normal_factor_2_fu_42    |  6|   0|    6|          0|
    |r_fu_50                  |  2|   0|    2|          0|
    +-------------------------+---+----+-----+-----------+
    |Total                    | 17|   0|   17|          0|
    +-------------------------+---+----+-----+-----------+



================================================================
== Interface
================================================================
* Summary: 
+----------------------------+-----+-----+------------+-----------------------------------------------------+--------------+
|          RTL Ports         | Dir | Bits|  Protocol  |                    Source Object                    |    C Type    |
+----------------------------+-----+-----+------------+-----------------------------------------------------+--------------+
|ap_clk                      |   in|    1|  ap_ctrl_hs|  edgedetect_Pipeline_VITIS_LOOP_47_1_VITIS_LOOP_49_2|  return value|
|ap_rst                      |   in|    1|  ap_ctrl_hs|  edgedetect_Pipeline_VITIS_LOOP_47_1_VITIS_LOOP_49_2|  return value|
|ap_start                    |   in|    1|  ap_ctrl_hs|  edgedetect_Pipeline_VITIS_LOOP_47_1_VITIS_LOOP_49_2|  return value|
|ap_done                     |  out|    1|  ap_ctrl_hs|  edgedetect_Pipeline_VITIS_LOOP_47_1_VITIS_LOOP_49_2|  return value|
|ap_idle                     |  out|    1|  ap_ctrl_hs|  edgedetect_Pipeline_VITIS_LOOP_47_1_VITIS_LOOP_49_2|  return value|
|ap_ready                    |  out|    1|  ap_ctrl_hs|  edgedetect_Pipeline_VITIS_LOOP_47_1_VITIS_LOOP_49_2|  return value|
|normal_factor_2_out         |  out|    6|      ap_vld|                                  normal_factor_2_out|       pointer|
|normal_factor_2_out_ap_vld  |  out|    1|      ap_vld|                                  normal_factor_2_out|       pointer|
+----------------------------+-----+-----+------------+-----------------------------------------------------+--------------+

============================================================
+ Verbose Summary: Synthesis Manager
============================================================
InlineROM: 1
ExposeGlobal: 0
============================================================
+ Verbose Summary: CDFG Model
============================================================
IsTopModel: 0
ResetActiveHigh: 1
IsCombinational: 2
IsDatapathOnly: 2
HasWiredReturn: 1
HasMFsm: 2
HasVarLatency: 1
IsPipeline: 0
IsRtlPipelined: 0
IsInstanceOverlapped: 0
IsDontTouch: 0
HasImplIP: 0
IsGatedGlobalClock: 0

+ Individual pipeline summary: 
  * Pipeline-0: initiation interval (II) = 1, depth = 2


============================================================
+ Verbose Summary: Schedule
============================================================
* Number of FSM states : 2
* Pipeline : 1
  Pipeline-0 : II = 1, D = 2, States = { 1 2 }
* Dataflow Pipeline: 0

* FSM state transitions: 
1 --> 2 
2 --> 

* FSM state operations: 

State 1 <SV = 0> <Delay = 2.30>
ST_1 : Operation 5 [1/1] (0.00ns)   --->   "%normal_factor_2 = alloca i32 1" [../EdgedetectBaseline_host/src/edgedetect.cpp:32->../EdgedetectBaseline_host/src/edgedetect.cpp:206]   --->   Operation 5 'alloca' 'normal_factor_2' <Predicate = true> <Delay = 0.00>
ST_1 : Operation 6 [1/1] (0.00ns)   --->   "%c = alloca i32 1" [../EdgedetectBaseline_host/src/edgedetect.cpp:30->../EdgedetectBaseline_host/src/edgedetect.cpp:206]   --->   Operation 6 'alloca' 'c' <Predicate = true> <Delay = 0.00>
ST_1 : Operation 7 [1/1] (0.00ns)   --->   "%r = alloca i32 1" [../EdgedetectBaseline_host/src/edgedetect.cpp:31->../EdgedetectBaseline_host/src/edgedetect.cpp:206]   --->   Operation 7 'alloca' 'r' <Predicate = true> <Delay = 0.00>
ST_1 : Operation 8 [1/1] (0.00ns)   --->   "%indvar_flatten20 = alloca i32 1"   --->   Operation 8 'alloca' 'indvar_flatten20' <Predicate = true> <Delay = 0.00>
ST_1 : Operation 9 [1/1] (0.42ns)   --->   "%store_ln0 = store i4 0, i4 %indvar_flatten20"   --->   Operation 9 'store' 'store_ln0' <Predicate = true> <Delay = 0.42>
ST_1 : Operation 10 [1/1] (0.42ns)   --->   "%store_ln31 = store i2 0, i2 %r" [../EdgedetectBaseline_host/src/edgedetect.cpp:31->../EdgedetectBaseline_host/src/edgedetect.cpp:206]   --->   Operation 10 'store' 'store_ln31' <Predicate = true> <Delay = 0.42>
ST_1 : Operation 11 [1/1] (0.42ns)   --->   "%store_ln30 = store i2 0, i2 %c" [../EdgedetectBaseline_host/src/edgedetect.cpp:30->../EdgedetectBaseline_host/src/edgedetect.cpp:206]   --->   Operation 11 'store' 'store_ln30' <Predicate = true> <Delay = 0.42>
ST_1 : Operation 12 [1/1] (0.42ns)   --->   "%store_ln32 = store i6 0, i6 %normal_factor_2" [../EdgedetectBaseline_host/src/edgedetect.cpp:32->../EdgedetectBaseline_host/src/edgedetect.cpp:206]   --->   Operation 12 'store' 'store_ln32' <Predicate = true> <Delay = 0.42>
ST_1 : Operation 13 [1/1] (0.00ns)   --->   "%br_ln0 = br void %for.inc.i6"   --->   Operation 13 'br' 'br_ln0' <Predicate = true> <Delay = 0.00>
ST_1 : Operation 14 [1/1] (0.00ns)   --->   "%indvar_flatten20_load = load i4 %indvar_flatten20" [../EdgedetectBaseline_host/src/edgedetect.cpp:47->../EdgedetectBaseline_host/src/edgedetect.cpp:206]   --->   Operation 14 'load' 'indvar_flatten20_load' <Predicate = true> <Delay = 0.00>
ST_1 : Operation 15 [1/1] (0.79ns)   --->   "%icmp_ln47 = icmp_eq  i4 %indvar_flatten20_load, i4 9" [../EdgedetectBaseline_host/src/edgedetect.cpp:47->../EdgedetectBaseline_host/src/edgedetect.cpp:206]   --->   Operation 15 'icmp' 'icmp_ln47' <Predicate = true> <Delay = 0.79> <CoreInst = "Cmp">   --->   Core 9 'Cmp' <Latency = 0> <II = 1> <Delay = 0.79> <FuncUnit> <Opcode : 'seteq' 'setne' 'setle' 'setge' 'setlt' 'setgt'> <InPorts = 2> <OutPorts = 1>
ST_1 : Operation 16 [1/1] (0.79ns)   --->   "%add_ln47 = add i4 %indvar_flatten20_load, i4 1" [../EdgedetectBaseline_host/src/edgedetect.cpp:47->../EdgedetectBaseline_host/src/edgedetect.cpp:206]   --->   Operation 16 'add' 'add_ln47' <Predicate = true> <Delay = 0.79> <CoreInst = "Adder">   --->   Core 1 'Adder' <Latency = 0> <II = 1> <Delay = 0.79> <FuncUnit> <Opcode : 'add' 'sub'> <InPorts = 2> <OutPorts = 1>
ST_1 : Operation 17 [1/1] (0.00ns)   --->   "%br_ln47 = br i1 %icmp_ln47, void %for.inc5.i, void %for.end7.i.exitStub" [../EdgedetectBaseline_host/src/edgedetect.cpp:47->../EdgedetectBaseline_host/src/edgedetect.cpp:206]   --->   Operation 17 'br' 'br_ln47' <Predicate = true> <Delay = 0.00>
ST_1 : Operation 18 [1/1] (0.00ns)   --->   "%c_load = load i2 %c" [../EdgedetectBaseline_host/src/edgedetect.cpp:49->../EdgedetectBaseline_host/src/edgedetect.cpp:206]   --->   Operation 18 'load' 'c_load' <Predicate = (!icmp_ln47)> <Delay = 0.00>
ST_1 : Operation 19 [1/1] (0.00ns)   --->   "%r_load = load i2 %r" [../EdgedetectBaseline_host/src/edgedetect.cpp:47->../EdgedetectBaseline_host/src/edgedetect.cpp:206]   --->   Operation 19 'load' 'r_load' <Predicate = (!icmp_ln47)> <Delay = 0.00>
ST_1 : Operation 20 [1/1] (0.54ns)   --->   "%icmp_ln49 = icmp_eq  i2 %c_load, i2 3" [../EdgedetectBaseline_host/src/edgedetect.cpp:49->../EdgedetectBaseline_host/src/edgedetect.cpp:206]   --->   Operation 20 'icmp' 'icmp_ln49' <Predicate = (!icmp_ln47)> <Delay = 0.54> <CoreInst = "Cmp">   --->   Core 9 'Cmp' <Latency = 0> <II = 1> <Delay = 0.54> <FuncUnit> <Opcode : 'seteq' 'setne' 'setle' 'setge' 'setlt' 'setgt'> <InPorts = 2> <OutPorts = 1>
ST_1 : Operation 21 [1/1] (0.17ns)   --->   "%select_ln31 = select i1 %icmp_ln49, i2 0, i2 %c_load" [../EdgedetectBaseline_host/src/edgedetect.cpp:31->../EdgedetectBaseline_host/src/edgedetect.cpp:206]   --->   Operation 21 'select' 'select_ln31' <Predicate = (!icmp_ln47)> <Delay = 0.17> <CoreInst = "Sel">   --->   Core 73 'Sel' <Latency = 0> <II = 1> <Delay = 0.17> <FuncUnit> <Opcode : 'select'> <InPorts = 3> <OutPorts = 1>
ST_1 : Operation 22 [1/1] (0.54ns)   --->   "%add_ln47_1 = add i2 %r_load, i2 1" [../EdgedetectBaseline_host/src/edgedetect.cpp:47->../EdgedetectBaseline_host/src/edgedetect.cpp:206]   --->   Operation 22 'add' 'add_ln47_1' <Predicate = (!icmp_ln47)> <Delay = 0.54> <CoreInst = "Adder">   --->   Core 1 'Adder' <Latency = 0> <II = 1> <Delay = 0.54> <FuncUnit> <Opcode : 'add' 'sub'> <InPorts = 2> <OutPorts = 1>
ST_1 : Operation 23 [1/1] (0.17ns)   --->   "%select_ln47 = select i1 %icmp_ln49, i2 %add_ln47_1, i2 %r_load" [../EdgedetectBaseline_host/src/edgedetect.cpp:47->../EdgedetectBaseline_host/src/edgedetect.cpp:206]   --->   Operation 23 'select' 'select_ln47' <Predicate = (!icmp_ln47)> <Delay = 0.17> <CoreInst = "Sel">   --->   Core 73 'Sel' <Latency = 0> <II = 1> <Delay = 0.17> <FuncUnit> <Opcode : 'select'> <InPorts = 3> <OutPorts = 1>
ST_1 : Operation 24 [1/1] (0.00ns)   --->   "%zext_ln47 = zext i2 %select_ln47" [../EdgedetectBaseline_host/src/edgedetect.cpp:47->../EdgedetectBaseline_host/src/edgedetect.cpp:206]   --->   Operation 24 'zext' 'zext_ln47' <Predicate = (!icmp_ln47)> <Delay = 0.00>
ST_1 : Operation 25 [1/1] (0.00ns)   --->   "%p_shl = bitconcatenate i4 @_ssdm_op_BitConcatenate.i4.i2.i2, i2 %select_ln47, i2 0" [../EdgedetectBaseline_host/src/edgedetect.cpp:47->../EdgedetectBaseline_host/src/edgedetect.cpp:206]   --->   Operation 25 'bitconcatenate' 'p_shl' <Predicate = (!icmp_ln47)> <Delay = 0.00>
ST_1 : Operation 26 [1/1] (0.00ns) (grouped into TernaryAdder)   --->   "%empty = sub i4 %p_shl, i4 %zext_ln47" [../EdgedetectBaseline_host/src/edgedetect.cpp:47->../EdgedetectBaseline_host/src/edgedetect.cpp:206]   --->   Operation 26 'sub' 'empty' <Predicate = (!icmp_ln47)> <Delay = 0.00> <CoreInst = "TAddSub">   --->   Core 10 'TAddSub' <Latency = 0> <II = 1> <Delay = 0.23> <IPBlock> <Opcode : '' 'add' 'sub'> <InPorts = 3> <OutPorts = 1> <Sync> <CReg>
ST_1 : Operation 27 [1/1] (0.00ns)   --->   "%zext_ln49 = zext i2 %select_ln31" [../EdgedetectBaseline_host/src/edgedetect.cpp:49->../EdgedetectBaseline_host/src/edgedetect.cpp:206]   --->   Operation 27 'zext' 'zext_ln49' <Predicate = (!icmp_ln47)> <Delay = 0.00>
ST_1 : Operation 28 [1/1] (0.46ns) (root node of TernaryAdder)   --->   "%add_ln51 = add i4 %zext_ln49, i4 %empty" [../EdgedetectBaseline_host/src/edgedetect.cpp:51->../EdgedetectBaseline_host/src/edgedetect.cpp:206]   --->   Operation 28 'add' 'add_ln51' <Predicate = (!icmp_ln47)> <Delay = 0.46> <CoreInst = "TAddSub">   --->   Core 10 'TAddSub' <Latency = 0> <II = 1> <Delay = 0.23> <IPBlock> <Opcode : '' 'add' 'sub'> <InPorts = 3> <OutPorts = 1> <Sync> <CReg>
ST_1 : Operation 29 [1/1] (0.00ns)   --->   "%zext_ln51 = zext i4 %add_ln51" [../EdgedetectBaseline_host/src/edgedetect.cpp:51->../EdgedetectBaseline_host/src/edgedetect.cpp:206]   --->   Operation 29 'zext' 'zext_ln51' <Predicate = (!icmp_ln47)> <Delay = 0.00>
ST_1 : Operation 30 [1/1] (0.00ns)   --->   "%convolve2d_smoothing_unsigned_char_unsigned_char_filter_addr = getelementptr i8 %convolve2d_smoothing_unsigned_char_unsigned_char_filter, i64 0, i64 %zext_ln51" [../EdgedetectBaseline_host/src/edgedetect.cpp:51->../EdgedetectBaseline_host/src/edgedetect.cpp:206]   --->   Operation 30 'getelementptr' 'convolve2d_smoothing_unsigned_char_unsigned_char_filter_addr' <Predicate = (!icmp_ln47)> <Delay = 0.00>
ST_1 : Operation 31 [2/2] (0.67ns)   --->   "%convolve2d_smoothing_unsigned_char_unsigned_char_filter_load = load i4 %convolve2d_smoothing_unsigned_char_unsigned_char_filter_addr" [../EdgedetectBaseline_host/src/edgedetect.cpp:51->../EdgedetectBaseline_host/src/edgedetect.cpp:206]   --->   Operation 31 'load' 'convolve2d_smoothing_unsigned_char_unsigned_char_filter_load' <Predicate = (!icmp_ln47)> <Delay = 0.67> <CoreInst = "ROM">   --->   Core 100 'ROM' <Latency = 1> <II = 1> <Delay = 0.67> <Storage> <Opcode : 'load'> <Ports = 0> <Width = 8> <Depth = 9> <ROM>
ST_1 : Operation 32 [1/1] (0.54ns)   --->   "%add_ln49 = add i2 %select_ln31, i2 1" [../EdgedetectBaseline_host/src/edgedetect.cpp:49->../EdgedetectBaseline_host/src/edgedetect.cpp:206]   --->   Operation 32 'add' 'add_ln49' <Predicate = (!icmp_ln47)> <Delay = 0.54> <CoreInst = "Adder">   --->   Core 1 'Adder' <Latency = 0> <II = 1> <Delay = 0.54> <FuncUnit> <Opcode : 'add' 'sub'> <InPorts = 2> <OutPorts = 1>
ST_1 : Operation 33 [1/1] (0.42ns)   --->   "%store_ln47 = store i4 %add_ln47, i4 %indvar_flatten20" [../EdgedetectBaseline_host/src/edgedetect.cpp:47->../EdgedetectBaseline_host/src/edgedetect.cpp:206]   --->   Operation 33 'store' 'store_ln47' <Predicate = (!icmp_ln47)> <Delay = 0.42>
ST_1 : Operation 34 [1/1] (0.42ns)   --->   "%store_ln31 = store i2 %select_ln47, i2 %r" [../EdgedetectBaseline_host/src/edgedetect.cpp:31->../EdgedetectBaseline_host/src/edgedetect.cpp:206]   --->   Operation 34 'store' 'store_ln31' <Predicate = (!icmp_ln47)> <Delay = 0.42>
ST_1 : Operation 35 [1/1] (0.42ns)   --->   "%store_ln30 = store i2 %add_ln49, i2 %c" [../EdgedetectBaseline_host/src/edgedetect.cpp:30->../EdgedetectBaseline_host/src/edgedetect.cpp:206]   --->   Operation 35 'store' 'store_ln30' <Predicate = (!icmp_ln47)> <Delay = 0.42>
ST_1 : Operation 45 [1/1] (0.00ns)   --->   "%normal_factor_2_load_1 = load i6 %normal_factor_2"   --->   Operation 45 'load' 'normal_factor_2_load_1' <Predicate = (icmp_ln47)> <Delay = 0.00>
ST_1 : Operation 46 [1/1] (0.00ns)   --->   "%write_ln0 = write void @_ssdm_op_Write.ap_auto.i6P0A, i6 %normal_factor_2_out, i6 %normal_factor_2_load_1"   --->   Operation 46 'write' 'write_ln0' <Predicate = (icmp_ln47)> <Delay = 0.00>
ST_1 : Operation 47 [1/1] (0.42ns)   --->   "%ret_ln0 = ret"   --->   Operation 47 'ret' 'ret_ln0' <Predicate = (icmp_ln47)> <Delay = 0.42>

State 2 <SV = 1> <Delay = 1.88>
ST_2 : Operation 36 [1/1] (0.00ns)   --->   "%normal_factor_2_load = load i6 %normal_factor_2" [../EdgedetectBaseline_host/src/edgedetect.cpp:51->../EdgedetectBaseline_host/src/edgedetect.cpp:206]   --->   Operation 36 'load' 'normal_factor_2_load' <Predicate = true> <Delay = 0.00>
ST_2 : Operation 37 [1/1] (0.00ns)   --->   "%specloopname_ln0 = specloopname void @_ssdm_op_SpecLoopName, void @VITIS_LOOP_47_1_VITIS_LOOP_49_2_str"   --->   Operation 37 'specloopname' 'specloopname_ln0' <Predicate = true> <Delay = 0.00>
ST_2 : Operation 38 [1/1] (0.00ns)   --->   "%speclooptripcount_ln0 = speclooptripcount void @_ssdm_op_SpecLoopTripCount, i64 9, i64 9, i64 9"   --->   Operation 38 'speclooptripcount' 'speclooptripcount_ln0' <Predicate = true> <Delay = 0.00>
ST_2 : Operation 39 [1/1] (0.00ns)   --->   "%specpipeline_ln30 = specpipeline void @_ssdm_op_SpecPipeline, i32 4294967295, i32 0, i32 0, i32 0, void @empty_1" [../EdgedetectBaseline_host/src/edgedetect.cpp:30->../EdgedetectBaseline_host/src/edgedetect.cpp:206]   --->   Operation 39 'specpipeline' 'specpipeline_ln30' <Predicate = true> <Delay = 0.00>
ST_2 : Operation 40 [1/2] (0.67ns)   --->   "%convolve2d_smoothing_unsigned_char_unsigned_char_filter_load = load i4 %convolve2d_smoothing_unsigned_char_unsigned_char_filter_addr" [../EdgedetectBaseline_host/src/edgedetect.cpp:51->../EdgedetectBaseline_host/src/edgedetect.cpp:206]   --->   Operation 40 'load' 'convolve2d_smoothing_unsigned_char_unsigned_char_filter_load' <Predicate = true> <Delay = 0.67> <CoreInst = "ROM">   --->   Core 100 'ROM' <Latency = 1> <II = 1> <Delay = 0.67> <Storage> <Opcode : 'load'> <Ports = 0> <Width = 8> <Depth = 9> <ROM>
ST_2 : Operation 41 [1/1] (0.00ns)   --->   "%trunc_ln51 = trunc i8 %convolve2d_smoothing_unsigned_char_unsigned_char_filter_load" [../EdgedetectBaseline_host/src/edgedetect.cpp:51->../EdgedetectBaseline_host/src/edgedetect.cpp:206]   --->   Operation 41 'trunc' 'trunc_ln51' <Predicate = true> <Delay = 0.00>
ST_2 : Operation 42 [1/1] (0.78ns)   --->   "%normal_factor = add i6 %trunc_ln51, i6 %normal_factor_2_load" [../EdgedetectBaseline_host/src/edgedetect.cpp:51->../EdgedetectBaseline_host/src/edgedetect.cpp:206]   --->   Operation 42 'add' 'normal_factor' <Predicate = true> <Delay = 0.78> <CoreInst = "Adder">   --->   Core 1 'Adder' <Latency = 0> <II = 1> <Delay = 0.78> <FuncUnit> <Opcode : 'add' 'sub'> <InPorts = 2> <OutPorts = 1>
ST_2 : Operation 43 [1/1] (0.42ns)   --->   "%store_ln32 = store i6 %normal_factor, i6 %normal_factor_2" [../EdgedetectBaseline_host/src/edgedetect.cpp:32->../EdgedetectBaseline_host/src/edgedetect.cpp:206]   --->   Operation 43 'store' 'store_ln32' <Predicate = true> <Delay = 0.42>
ST_2 : Operation 44 [1/1] (0.00ns)   --->   "%br_ln49 = br void %for.inc.i6" [../EdgedetectBaseline_host/src/edgedetect.cpp:49->../EdgedetectBaseline_host/src/edgedetect.cpp:206]   --->   Operation 44 'br' 'br_ln49' <Predicate = true> <Delay = 0.00>


============================================================
+ Verbose Summary: Binding
============================================================
STG Binding: 
---------------- STG Properties BEGIN ----------------
- Is combinational: 0
- Is one-state seq: 0
- Is datapath-only: 0
- Is pipelined: 0
- Is top level: 0
Port [ Return ] is wired: 1; IO mode=ap_ctrl_hs:ce=0
Port [ normal_factor_2_out]:  wired=1; compound=0; hidden=0; nouse=0; global=0; static=0; extern=0; dir=1; type=0; pingpong=0; private_global=0; IO mode=ap_vld:ce=0
Port [ convolve2d_smoothing_unsigned_char_unsigned_char_filter]:  wired=0; compound=1; hidden=1; nouse=0; global=1; static=0; extern=0; dir=0; type=1; pingpong=0; private_global=1; MemPort=[1]; IO mode=ap_memory:ce=0
---------------- STG Properties END ------------------

---------------- Datapath Model BEGIN ----------------

<LifeTime>
<method=bitvector/>
normal_factor_2                                              (alloca           ) [ 011]
c                                                            (alloca           ) [ 010]
r                                                            (alloca           ) [ 010]
indvar_flatten20                                             (alloca           ) [ 010]
store_ln0                                                    (store            ) [ 000]
store_ln31                                                   (store            ) [ 000]
store_ln30                                                   (store            ) [ 000]
store_ln32                                                   (store            ) [ 000]
br_ln0                                                       (br               ) [ 000]
indvar_flatten20_load                                        (load             ) [ 000]
icmp_ln47                                                    (icmp             ) [ 010]
add_ln47                                                     (add              ) [ 000]
br_ln47                                                      (br               ) [ 000]
c_load                                                       (load             ) [ 000]
r_load                                                       (load             ) [ 000]
icmp_ln49                                                    (icmp             ) [ 000]
select_ln31                                                  (select           ) [ 000]
add_ln47_1                                                   (add              ) [ 000]
select_ln47                                                  (select           ) [ 000]
zext_ln47                                                    (zext             ) [ 000]
p_shl                                                        (bitconcatenate   ) [ 000]
empty                                                        (sub              ) [ 000]
zext_ln49                                                    (zext             ) [ 000]
add_ln51                                                     (add              ) [ 000]
zext_ln51                                                    (zext             ) [ 000]
convolve2d_smoothing_unsigned_char_unsigned_char_filter_addr (getelementptr    ) [ 011]
add_ln49                                                     (add              ) [ 000]
store_ln47                                                   (store            ) [ 000]
store_ln31                                                   (store            ) [ 000]
store_ln30                                                   (store            ) [ 000]
normal_factor_2_load                                         (load             ) [ 000]
specloopname_ln0                                             (specloopname     ) [ 000]
speclooptripcount_ln0                                        (speclooptripcount) [ 000]
specpipeline_ln30                                            (specpipeline     ) [ 000]
convolve2d_smoothing_unsigned_char_unsigned_char_filter_load (load             ) [ 000]
trunc_ln51                                                   (trunc            ) [ 000]
normal_factor                                                (add              ) [ 000]
store_ln32                                                   (store            ) [ 000]
br_ln49                                                      (br               ) [ 000]
normal_factor_2_load_1                                       (load             ) [ 000]
write_ln0                                                    (write            ) [ 000]
ret_ln0                                                      (ret              ) [ 000]
</LifeTime>

<model>

<comp_list>
<comp id="0" class="1000" name="normal_factor_2_out">
<pin_list>
<pin id="1" dir="1" index="0" bw="1" slack="0"/>
</pin_list>
<bind>
<StgValue><ssdm name="normal_factor_2_out"/></StgValue>
</bind>
</comp>

<comp id="2" class="1000" name="convolve2d_smoothing_unsigned_char_unsigned_char_filter">
<pin_list>
<pin id="3" dir="1" index="0" bw="1" slack="0"/>
</pin_list>
<bind>
<StgValue><ssdm name="convolve2d_smoothing_unsigned_char_unsigned_char_filter"/><MemPortTyVec>1 </MemPortTyVec>
</StgValue>
</bind>
</comp>

<comp id="4" class="1001" name="const_4">
<pin_list>
<pin id="5" dir="1" index="0" bw="1" slack="0"/>
</pin_list>
<bind>
<StgValue><ssdm name=""/></StgValue>
</bind>
</comp>

<comp id="6" class="1001" name="const_6">
<pin_list>
<pin id="7" dir="1" index="0" bw="1" slack="0"/>
</pin_list>
<bind>
<StgValue><ssdm name=""/></StgValue>
</bind>
</comp>

<comp id="8" class="1001" name="const_8">
<pin_list>
<pin id="9" dir="1" index="0" bw="1" slack="0"/>
</pin_list>
<bind>
<StgValue><ssdm name=""/></StgValue>
</bind>
</comp>

<comp id="10" class="1001" name="const_10">
<pin_list>
<pin id="11" dir="1" index="0" bw="1" slack="0"/>
</pin_list>
<bind>
<StgValue><ssdm name=""/></StgValue>
</bind>
</comp>

<comp id="12" class="1001" name="const_12">
<pin_list>
<pin id="13" dir="1" index="0" bw="1" slack="0"/>
</pin_list>
<bind>
<StgValue><ssdm name=""/></StgValue>
</bind>
</comp>

<comp id="14" class="1001" name="const_14">
<pin_list>
<pin id="15" dir="1" index="0" bw="1" slack="0"/>
</pin_list>
<bind>
<StgValue><ssdm name=""/></StgValue>
</bind>
</comp>

<comp id="16" class="1001" name="const_16">
<pin_list>
<pin id="17" dir="1" index="0" bw="1" slack="0"/>
</pin_list>
<bind>
<StgValue><ssdm name=""/></StgValue>
</bind>
</comp>

<comp id="18" class="1001" name="const_18">
<pin_list>
<pin id="19" dir="1" index="0" bw="1" slack="0"/>
</pin_list>
<bind>
<StgValue><ssdm name=""/></StgValue>
</bind>
</comp>

<comp id="20" class="1001" name="const_20">
<pin_list>
<pin id="21" dir="1" index="0" bw="1" slack="0"/>
</pin_list>
<bind>
<StgValue><ssdm name="_ssdm_op_BitConcatenate.i4.i2.i2"/></StgValue>
</bind>
</comp>

<comp id="22" class="1001" name="const_22">
<pin_list>
<pin id="23" dir="1" index="0" bw="1" slack="0"/>
</pin_list>
<bind>
<StgValue><ssdm name=""/></StgValue>
</bind>
</comp>

<comp id="24" class="1001" name="const_24">
<pin_list>
<pin id="25" dir="1" index="0" bw="1" slack="2147483647"/>
</pin_list>
<bind>
<StgValue><ssdm name="_ssdm_op_SpecLoopName"/></StgValue>
</bind>
</comp>

<comp id="26" class="1001" name="const_26">
<pin_list>
<pin id="27" dir="1" index="0" bw="1" slack="2147483647"/>
</pin_list>
<bind>
<StgValue><ssdm name="VITIS_LOOP_47_1_VITIS_LOOP_49_2_str"/></StgValue>
</bind>
</comp>

<comp id="28" class="1001" name="const_28">
<pin_list>
<pin id="29" dir="1" index="0" bw="1" slack="2147483647"/>
</pin_list>
<bind>
<StgValue><ssdm name="_ssdm_op_SpecLoopTripCount"/></StgValue>
</bind>
</comp>

<comp id="30" class="1001" name="const_30">
<pin_list>
<pin id="31" dir="1" index="0" bw="1" slack="2147483647"/>
</pin_list>
<bind>
<StgValue><ssdm name=""/></StgValue>
</bind>
</comp>

<comp id="32" class="1001" name="const_32">
<pin_list>
<pin id="33" dir="1" index="0" bw="1" slack="2147483647"/>
</pin_list>
<bind>
<StgValue><ssdm name="_ssdm_op_SpecPipeline"/></StgValue>
</bind>
</comp>

<comp id="34" class="1001" name="const_34">
<pin_list>
<pin id="35" dir="1" index="0" bw="1" slack="2147483647"/>
</pin_list>
<bind>
<StgValue><ssdm name=""/></StgValue>
</bind>
</comp>

<comp id="36" class="1001" name="const_36">
<pin_list>
<pin id="37" dir="1" index="0" bw="1" slack="2147483647"/>
</pin_list>
<bind>
<StgValue><ssdm name=""/></StgValue>
</bind>
</comp>

<comp id="38" class="1001" name="const_38">
<pin_list>
<pin id="39" dir="1" index="0" bw="1" slack="2147483647"/>
</pin_list>
<bind>
<StgValue><ssdm name="empty_1"/></StgValue>
</bind>
</comp>

<comp id="40" class="1001" name="const_40">
<pin_list>
<pin id="41" dir="1" index="0" bw="1" slack="0"/>
</pin_list>
<bind>
<StgValue><ssdm name="_ssdm_op_Write.ap_auto.i6P0A"/></StgValue>
</bind>
</comp>

<comp id="42" class="1004" name="normal_factor_2_fu_42">
<pin_list>
<pin id="43" dir="0" index="0" bw="1" slack="0"/>
<pin id="44" dir="1" index="1" bw="6" slack="0"/>
</pin_list>
<bind>
<opcode="alloca(26) " fcode="alloca"/>
<opset="normal_factor_2/1 "/>
</bind>
</comp>

<comp id="46" class="1004" name="c_fu_46">
<pin_list>
<pin id="47" dir="0" index="0" bw="1" slack="0"/>
<pin id="48" dir="1" index="1" bw="2" slack="0"/>
</pin_list>
<bind>
<opcode="alloca(26) " fcode="alloca"/>
<opset="c/1 "/>
</bind>
</comp>

<comp id="50" class="1004" name="r_fu_50">
<pin_list>
<pin id="51" dir="0" index="0" bw="1" slack="0"/>
<pin id="52" dir="1" index="1" bw="2" slack="0"/>
</pin_list>
<bind>
<opcode="alloca(26) " fcode="alloca"/>
<opset="r/1 "/>
</bind>
</comp>

<comp id="54" class="1004" name="indvar_flatten20_fu_54">
<pin_list>
<pin id="55" dir="0" index="0" bw="1" slack="0"/>
<pin id="56" dir="1" index="1" bw="4" slack="0"/>
</pin_list>
<bind>
<opcode="alloca(26) " fcode="alloca"/>
<opset="indvar_flatten20/1 "/>
</bind>
</comp>

<comp id="58" class="1004" name="write_ln0_write_fu_58">
<pin_list>
<pin id="59" dir="0" index="0" bw="0" slack="0"/>
<pin id="60" dir="0" index="1" bw="6" slack="0"/>
<pin id="61" dir="0" index="2" bw="6" slack="0"/>
<pin id="62" dir="1" index="3" bw="0" slack="2147483647"/>
</pin_list>
<bind>
<opcode="write(1151) " fcode="write"/>
<opset="write_ln0/1 "/>
</bind>
</comp>

<comp id="65" class="1004" name="convolve2d_smoothing_unsigned_char_unsigned_char_filter_addr_gep_fu_65">
<pin_list>
<pin id="66" dir="0" index="0" bw="8" slack="0"/>
<pin id="67" dir="0" index="1" bw="1" slack="0"/>
<pin id="68" dir="0" index="2" bw="4" slack="0"/>
<pin id="69" dir="1" index="3" bw="4" slack="0"/>
</pin_list>
<bind>
<opcode="getelementptr(29) " fcode="getelementptr"/>
<opset="convolve2d_smoothing_unsigned_char_unsigned_char_filter_addr/1 "/>
</bind>
</comp>

<comp id="72" class="1004" name="grp_access_fu_72">
<pin_list>
<pin id="73" dir="0" index="0" bw="4" slack="0"/>
<pin id="74" dir="0" index="1" bw="8" slack="2147483647"/>
<pin id="75" dir="0" index="2" bw="0" slack="2147483647"/>
<pin id="76" dir="1" index="3" bw="8" slack="0"/>
</pin_list>
<bind>
<opcode="load(27) " fcode="load"/>
<opset="convolve2d_smoothing_unsigned_char_unsigned_char_filter_load/1 "/>
</bind>
</comp>

<comp id="78" class="1004" name="store_ln0_store_fu_78">
<pin_list>
<pin id="79" dir="0" index="0" bw="1" slack="0"/>
<pin id="80" dir="0" index="1" bw="4" slack="0"/>
<pin id="81" dir="1" index="2" bw="0" slack="2147483647"/>
</pin_list>
<bind>
<opcode="store(28) " fcode="store"/>
<opset="store_ln0/1 "/>
</bind>
</comp>

<comp id="83" class="1004" name="store_ln31_store_fu_83">
<pin_list>
<pin id="84" dir="0" index="0" bw="1" slack="0"/>
<pin id="85" dir="0" index="1" bw="2" slack="0"/>
<pin id="86" dir="1" index="2" bw="0" slack="2147483647"/>
</pin_list>
<bind>
<opcode="store(28) " fcode="store"/>
<opset="store_ln31/1 "/>
</bind>
</comp>

<comp id="88" class="1004" name="store_ln30_store_fu_88">
<pin_list>
<pin id="89" dir="0" index="0" bw="1" slack="0"/>
<pin id="90" dir="0" index="1" bw="2" slack="0"/>
<pin id="91" dir="1" index="2" bw="0" slack="2147483647"/>
</pin_list>
<bind>
<opcode="store(28) " fcode="store"/>
<opset="store_ln30/1 "/>
</bind>
</comp>

<comp id="93" class="1004" name="store_ln32_store_fu_93">
<pin_list>
<pin id="94" dir="0" index="0" bw="1" slack="0"/>
<pin id="95" dir="0" index="1" bw="6" slack="0"/>
<pin id="96" dir="1" index="2" bw="0" slack="2147483647"/>
</pin_list>
<bind>
<opcode="store(28) " fcode="store"/>
<opset="store_ln32/1 "/>
</bind>
</comp>

<comp id="98" class="1004" name="indvar_flatten20_load_load_fu_98">
<pin_list>
<pin id="99" dir="0" index="0" bw="4" slack="0"/>
<pin id="100" dir="1" index="1" bw="4" slack="0"/>
</pin_list>
<bind>
<opcode="load(27) " fcode="load"/>
<opset="indvar_flatten20_load/1 "/>
</bind>
</comp>

<comp id="101" class="1004" name="icmp_ln47_fu_101">
<pin_list>
<pin id="102" dir="0" index="0" bw="4" slack="0"/>
<pin id="103" dir="0" index="1" bw="4" slack="0"/>
<pin id="104" dir="1" index="2" bw="1" slack="2147483647"/>
</pin_list>
<bind>
<opcode="icmp(45) " fcode="icmp"/>
<opset="icmp_ln47/1 "/>
</bind>
</comp>

<comp id="107" class="1004" name="add_ln47_fu_107">
<pin_list>
<pin id="108" dir="0" index="0" bw="4" slack="0"/>
<pin id="109" dir="0" index="1" bw="1" slack="0"/>
<pin id="110" dir="1" index="2" bw="4" slack="0"/>
</pin_list>
<bind>
<opcode="add(8) " fcode="add"/>
<opset="add_ln47/1 "/>
</bind>
</comp>

<comp id="113" class="1004" name="c_load_load_fu_113">
<pin_list>
<pin id="114" dir="0" index="0" bw="2" slack="0"/>
<pin id="115" dir="1" index="1" bw="2" slack="0"/>
</pin_list>
<bind>
<opcode="load(27) " fcode="load"/>
<opset="c_load/1 "/>
</bind>
</comp>

<comp id="116" class="1004" name="r_load_load_fu_116">
<pin_list>
<pin id="117" dir="0" index="0" bw="2" slack="0"/>
<pin id="118" dir="1" index="1" bw="2" slack="0"/>
</pin_list>
<bind>
<opcode="load(27) " fcode="load"/>
<opset="r_load/1 "/>
</bind>
</comp>

<comp id="119" class="1004" name="icmp_ln49_fu_119">
<pin_list>
<pin id="120" dir="0" index="0" bw="2" slack="0"/>
<pin id="121" dir="0" index="1" bw="2" slack="0"/>
<pin id="122" dir="1" index="2" bw="1" slack="0"/>
</pin_list>
<bind>
<opcode="icmp(45) " fcode="icmp"/>
<opset="icmp_ln49/1 "/>
</bind>
</comp>

<comp id="125" class="1004" name="select_ln31_fu_125">
<pin_list>
<pin id="126" dir="0" index="0" bw="1" slack="0"/>
<pin id="127" dir="0" index="1" bw="2" slack="0"/>
<pin id="128" dir="0" index="2" bw="2" slack="0"/>
<pin id="129" dir="1" index="3" bw="2" slack="0"/>
</pin_list>
<bind>
<opcode="select(49) " fcode="select"/>
<opset="select_ln31/1 "/>
</bind>
</comp>

<comp id="133" class="1004" name="add_ln47_1_fu_133">
<pin_list>
<pin id="134" dir="0" index="0" bw="2" slack="0"/>
<pin id="135" dir="0" index="1" bw="1" slack="0"/>
<pin id="136" dir="1" index="2" bw="2" slack="0"/>
</pin_list>
<bind>
<opcode="add(8) " fcode="add"/>
<opset="add_ln47_1/1 "/>
</bind>
</comp>

<comp id="139" class="1004" name="select_ln47_fu_139">
<pin_list>
<pin id="140" dir="0" index="0" bw="1" slack="0"/>
<pin id="141" dir="0" index="1" bw="2" slack="0"/>
<pin id="142" dir="0" index="2" bw="2" slack="0"/>
<pin id="143" dir="1" index="3" bw="2" slack="0"/>
</pin_list>
<bind>
<opcode="select(49) " fcode="select"/>
<opset="select_ln47/1 "/>
</bind>
</comp>

<comp id="147" class="1004" name="zext_ln47_fu_147">
<pin_list>
<pin id="148" dir="0" index="0" bw="2" slack="0"/>
<pin id="149" dir="1" index="1" bw="4" slack="0"/>
</pin_list>
<bind>
<opcode="zext(34) " fcode="zext"/>
<opset="zext_ln47/1 "/>
</bind>
</comp>

<comp id="151" class="1004" name="p_shl_fu_151">
<pin_list>
<pin id="152" dir="0" index="0" bw="4" slack="0"/>
<pin id="153" dir="0" index="1" bw="2" slack="0"/>
<pin id="154" dir="0" index="2" bw="1" slack="0"/>
<pin id="155" dir="1" index="3" bw="4" slack="0"/>
</pin_list>
<bind>
<opcode="bitconcatenate(1004) " fcode="bitconcatenate"/>
<opset="p_shl/1 "/>
</bind>
</comp>

<comp id="159" class="1004" name="empty_fu_159">
<pin_list>
<pin id="160" dir="0" index="0" bw="4" slack="0"/>
<pin id="161" dir="0" index="1" bw="2" slack="0"/>
<pin id="162" dir="1" index="2" bw="4" slack="0"/>
</pin_list>
<bind>
<opcode="sub(10) " fcode="sub"/>
<opset="empty/1 "/>
</bind>
</comp>

<comp id="165" class="1004" name="zext_ln49_fu_165">
<pin_list>
<pin id="166" dir="0" index="0" bw="2" slack="0"/>
<pin id="167" dir="1" index="1" bw="4" slack="0"/>
</pin_list>
<bind>
<opcode="zext(34) " fcode="zext"/>
<opset="zext_ln49/1 "/>
</bind>
</comp>

<comp id="169" class="1004" name="add_ln51_fu_169">
<pin_list>
<pin id="170" dir="0" index="0" bw="2" slack="0"/>
<pin id="171" dir="0" index="1" bw="4" slack="0"/>
<pin id="172" dir="1" index="2" bw="4" slack="0"/>
</pin_list>
<bind>
<opcode="add(8) " fcode="add"/>
<opset="add_ln51/1 "/>
</bind>
</comp>

<comp id="175" class="1004" name="zext_ln51_fu_175">
<pin_list>
<pin id="176" dir="0" index="0" bw="4" slack="0"/>
<pin id="177" dir="1" index="1" bw="64" slack="0"/>
</pin_list>
<bind>
<opcode="zext(34) " fcode="zext"/>
<opset="zext_ln51/1 "/>
</bind>
</comp>

<comp id="180" class="1004" name="add_ln49_fu_180">
<pin_list>
<pin id="181" dir="0" index="0" bw="2" slack="0"/>
<pin id="182" dir="0" index="1" bw="1" slack="0"/>
<pin id="183" dir="1" index="2" bw="2" slack="0"/>
</pin_list>
<bind>
<opcode="add(8) " fcode="add"/>
<opset="add_ln49/1 "/>
</bind>
</comp>

<comp id="186" class="1004" name="store_ln47_store_fu_186">
<pin_list>
<pin id="187" dir="0" index="0" bw="4" slack="0"/>
<pin id="188" dir="0" index="1" bw="4" slack="0"/>
<pin id="189" dir="1" index="2" bw="0" slack="2147483647"/>
</pin_list>
<bind>
<opcode="store(28) " fcode="store"/>
<opset="store_ln47/1 "/>
</bind>
</comp>

<comp id="191" class="1004" name="store_ln31_store_fu_191">
<pin_list>
<pin id="192" dir="0" index="0" bw="2" slack="0"/>
<pin id="193" dir="0" index="1" bw="2" slack="0"/>
<pin id="194" dir="1" index="2" bw="0" slack="2147483647"/>
</pin_list>
<bind>
<opcode="store(28) " fcode="store"/>
<opset="store_ln31/1 "/>
</bind>
</comp>

<comp id="196" class="1004" name="store_ln30_store_fu_196">
<pin_list>
<pin id="197" dir="0" index="0" bw="2" slack="0"/>
<pin id="198" dir="0" index="1" bw="2" slack="0"/>
<pin id="199" dir="1" index="2" bw="0" slack="2147483647"/>
</pin_list>
<bind>
<opcode="store(28) " fcode="store"/>
<opset="store_ln30/1 "/>
</bind>
</comp>

<comp id="201" class="1004" name="normal_factor_2_load_load_fu_201">
<pin_list>
<pin id="202" dir="0" index="0" bw="6" slack="1"/>
<pin id="203" dir="1" index="1" bw="6" slack="0"/>
</pin_list>
<bind>
<opcode="load(27) " fcode="load"/>
<opset="normal_factor_2_load/2 "/>
</bind>
</comp>

<comp id="204" class="1004" name="trunc_ln51_fu_204">
<pin_list>
<pin id="205" dir="0" index="0" bw="5" slack="0"/>
<pin id="206" dir="1" index="1" bw="6" slack="0"/>
</pin_list>
<bind>
<opcode="trunc(33) " fcode="trunc"/>
<opset="trunc_ln51/2 "/>
</bind>
</comp>

<comp id="208" class="1004" name="normal_factor_fu_208">
<pin_list>
<pin id="209" dir="0" index="0" bw="6" slack="0"/>
<pin id="210" dir="0" index="1" bw="6" slack="0"/>
<pin id="211" dir="1" index="2" bw="6" slack="0"/>
</pin_list>
<bind>
<opcode="add(8) " fcode="add"/>
<opset="normal_factor/2 "/>
</bind>
</comp>

<comp id="214" class="1004" name="store_ln32_store_fu_214">
<pin_list>
<pin id="215" dir="0" index="0" bw="6" slack="0"/>
<pin id="216" dir="0" index="1" bw="6" slack="1"/>
<pin id="217" dir="1" index="2" bw="0" slack="2147483647"/>
</pin_list>
<bind>
<opcode="store(28) " fcode="store"/>
<opset="store_ln32/2 "/>
</bind>
</comp>

<comp id="219" class="1004" name="normal_factor_2_load_1_load_fu_219">
<pin_list>
<pin id="220" dir="0" index="0" bw="6" slack="0"/>
<pin id="221" dir="1" index="1" bw="6" slack="0"/>
</pin_list>
<bind>
<opcode="load(27) " fcode="load"/>
<opset="normal_factor_2_load_1/1 "/>
</bind>
</comp>

<comp id="223" class="1005" name="normal_factor_2_reg_223">
<pin_list>
<pin id="224" dir="0" index="0" bw="6" slack="0"/>
<pin id="225" dir="1" index="1" bw="6" slack="0"/>
</pin_list>
<bind>
<opset="normal_factor_2 "/>
</bind>
</comp>

<comp id="231" class="1005" name="c_reg_231">
<pin_list>
<pin id="232" dir="0" index="0" bw="2" slack="0"/>
<pin id="233" dir="1" index="1" bw="2" slack="0"/>
</pin_list>
<bind>
<opset="c "/>
</bind>
</comp>

<comp id="238" class="1005" name="r_reg_238">
<pin_list>
<pin id="239" dir="0" index="0" bw="2" slack="0"/>
<pin id="240" dir="1" index="1" bw="2" slack="0"/>
</pin_list>
<bind>
<opset="r "/>
</bind>
</comp>

<comp id="245" class="1005" name="indvar_flatten20_reg_245">
<pin_list>
<pin id="246" dir="0" index="0" bw="4" slack="0"/>
<pin id="247" dir="1" index="1" bw="4" slack="0"/>
</pin_list>
<bind>
<opset="indvar_flatten20 "/>
</bind>
</comp>

<comp id="255" class="1005" name="convolve2d_smoothing_unsigned_char_unsigned_char_filter_addr_reg_255">
<pin_list>
<pin id="256" dir="0" index="0" bw="4" slack="1"/>
<pin id="257" dir="1" index="1" bw="4" slack="1"/>
</pin_list>
<bind>
<opset="convolve2d_smoothing_unsigned_char_unsigned_char_filter_addr "/>
</bind>
</comp>

</comp_list>

<net_list>
<net id="45"><net_src comp="4" pin="0"/><net_sink comp="42" pin=0"/></net>

<net id="49"><net_src comp="4" pin="0"/><net_sink comp="46" pin=0"/></net>

<net id="53"><net_src comp="4" pin="0"/><net_sink comp="50" pin=0"/></net>

<net id="57"><net_src comp="4" pin="0"/><net_sink comp="54" pin=0"/></net>

<net id="63"><net_src comp="40" pin="0"/><net_sink comp="58" pin=0"/></net>

<net id="64"><net_src comp="0" pin="0"/><net_sink comp="58" pin=1"/></net>

<net id="70"><net_src comp="2" pin="0"/><net_sink comp="65" pin=0"/></net>

<net id="71"><net_src comp="22" pin="0"/><net_sink comp="65" pin=1"/></net>

<net id="77"><net_src comp="65" pin="3"/><net_sink comp="72" pin=0"/></net>

<net id="82"><net_src comp="6" pin="0"/><net_sink comp="78" pin=0"/></net>

<net id="87"><net_src comp="8" pin="0"/><net_sink comp="83" pin=0"/></net>

<net id="92"><net_src comp="8" pin="0"/><net_sink comp="88" pin=0"/></net>

<net id="97"><net_src comp="10" pin="0"/><net_sink comp="93" pin=0"/></net>

<net id="105"><net_src comp="98" pin="1"/><net_sink comp="101" pin=0"/></net>

<net id="106"><net_src comp="12" pin="0"/><net_sink comp="101" pin=1"/></net>

<net id="111"><net_src comp="98" pin="1"/><net_sink comp="107" pin=0"/></net>

<net id="112"><net_src comp="14" pin="0"/><net_sink comp="107" pin=1"/></net>

<net id="123"><net_src comp="113" pin="1"/><net_sink comp="119" pin=0"/></net>

<net id="124"><net_src comp="16" pin="0"/><net_sink comp="119" pin=1"/></net>

<net id="130"><net_src comp="119" pin="2"/><net_sink comp="125" pin=0"/></net>

<net id="131"><net_src comp="8" pin="0"/><net_sink comp="125" pin=1"/></net>

<net id="132"><net_src comp="113" pin="1"/><net_sink comp="125" pin=2"/></net>

<net id="137"><net_src comp="116" pin="1"/><net_sink comp="133" pin=0"/></net>

<net id="138"><net_src comp="18" pin="0"/><net_sink comp="133" pin=1"/></net>

<net id="144"><net_src comp="119" pin="2"/><net_sink comp="139" pin=0"/></net>

<net id="145"><net_src comp="133" pin="2"/><net_sink comp="139" pin=1"/></net>

<net id="146"><net_src comp="116" pin="1"/><net_sink comp="139" pin=2"/></net>

<net id="150"><net_src comp="139" pin="3"/><net_sink comp="147" pin=0"/></net>

<net id="156"><net_src comp="20" pin="0"/><net_sink comp="151" pin=0"/></net>

<net id="157"><net_src comp="139" pin="3"/><net_sink comp="151" pin=1"/></net>

<net id="158"><net_src comp="8" pin="0"/><net_sink comp="151" pin=2"/></net>

<net id="163"><net_src comp="151" pin="3"/><net_sink comp="159" pin=0"/></net>

<net id="164"><net_src comp="147" pin="1"/><net_sink comp="159" pin=1"/></net>

<net id="168"><net_src comp="125" pin="3"/><net_sink comp="165" pin=0"/></net>

<net id="173"><net_src comp="165" pin="1"/><net_sink comp="169" pin=0"/></net>

<net id="174"><net_src comp="159" pin="2"/><net_sink comp="169" pin=1"/></net>

<net id="178"><net_src comp="169" pin="2"/><net_sink comp="175" pin=0"/></net>

<net id="179"><net_src comp="175" pin="1"/><net_sink comp="65" pin=2"/></net>

<net id="184"><net_src comp="125" pin="3"/><net_sink comp="180" pin=0"/></net>

<net id="185"><net_src comp="18" pin="0"/><net_sink comp="180" pin=1"/></net>

<net id="190"><net_src comp="107" pin="2"/><net_sink comp="186" pin=0"/></net>

<net id="195"><net_src comp="139" pin="3"/><net_sink comp="191" pin=0"/></net>

<net id="200"><net_src comp="180" pin="2"/><net_sink comp="196" pin=0"/></net>

<net id="207"><net_src comp="72" pin="3"/><net_sink comp="204" pin=0"/></net>

<net id="212"><net_src comp="204" pin="1"/><net_sink comp="208" pin=0"/></net>

<net id="213"><net_src comp="201" pin="1"/><net_sink comp="208" pin=1"/></net>

<net id="218"><net_src comp="208" pin="2"/><net_sink comp="214" pin=0"/></net>

<net id="222"><net_src comp="219" pin="1"/><net_sink comp="58" pin=2"/></net>

<net id="226"><net_src comp="42" pin="1"/><net_sink comp="223" pin=0"/></net>

<net id="227"><net_src comp="223" pin="1"/><net_sink comp="93" pin=1"/></net>

<net id="228"><net_src comp="223" pin="1"/><net_sink comp="201" pin=0"/></net>

<net id="229"><net_src comp="223" pin="1"/><net_sink comp="214" pin=1"/></net>

<net id="230"><net_src comp="223" pin="1"/><net_sink comp="219" pin=0"/></net>

<net id="234"><net_src comp="46" pin="1"/><net_sink comp="231" pin=0"/></net>

<net id="235"><net_src comp="231" pin="1"/><net_sink comp="88" pin=1"/></net>

<net id="236"><net_src comp="231" pin="1"/><net_sink comp="113" pin=0"/></net>

<net id="237"><net_src comp="231" pin="1"/><net_sink comp="196" pin=1"/></net>

<net id="241"><net_src comp="50" pin="1"/><net_sink comp="238" pin=0"/></net>

<net id="242"><net_src comp="238" pin="1"/><net_sink comp="83" pin=1"/></net>

<net id="243"><net_src comp="238" pin="1"/><net_sink comp="116" pin=0"/></net>

<net id="244"><net_src comp="238" pin="1"/><net_sink comp="191" pin=1"/></net>

<net id="248"><net_src comp="54" pin="1"/><net_sink comp="245" pin=0"/></net>

<net id="249"><net_src comp="245" pin="1"/><net_sink comp="78" pin=1"/></net>

<net id="250"><net_src comp="245" pin="1"/><net_sink comp="98" pin=0"/></net>

<net id="251"><net_src comp="245" pin="1"/><net_sink comp="186" pin=1"/></net>

<net id="258"><net_src comp="65" pin="3"/><net_sink comp="255" pin=0"/></net>

<net id="259"><net_src comp="255" pin="1"/><net_sink comp="72" pin=0"/></net>

</net_list>

</model> 
---------------- Datapath Model END ------------------

* FSMD analyzer results:
  - Output states:
	Port: normal_factor_2_out | {1 }
	Port: convolve2d_smoothing_unsigned_char_unsigned_char_filter | {}
 - Input state : 
	Port: edgedetect_Pipeline_VITIS_LOOP_47_1_VITIS_LOOP_49_2 : convolve2d_smoothing_unsigned_char_unsigned_char_filter | {1 2 }
  - Chain level:
	State 1
		store_ln0 : 1
		store_ln31 : 1
		store_ln30 : 1
		store_ln32 : 1
		indvar_flatten20_load : 1
		icmp_ln47 : 2
		add_ln47 : 2
		br_ln47 : 3
		c_load : 1
		r_load : 1
		icmp_ln49 : 2
		select_ln31 : 3
		add_ln47_1 : 2
		select_ln47 : 3
		zext_ln47 : 4
		p_shl : 4
		empty : 5
		zext_ln49 : 4
		add_ln51 : 6
		zext_ln51 : 7
		convolve2d_smoothing_unsigned_char_unsigned_char_filter_addr : 8
		convolve2d_smoothing_unsigned_char_unsigned_char_filter_load : 9
		add_ln49 : 4
		store_ln47 : 3
		store_ln31 : 4
		store_ln30 : 5
		normal_factor_2_load_1 : 1
		write_ln0 : 2
	State 2
		trunc_ln51 : 1
		normal_factor : 2
		store_ln32 : 3


============================================================
+ Verbose Summary: Datapath Resource usage 
============================================================

* Functional unit list:
|----------|-----------------------|---------|---------|
| Operation|    Functional Unit    |    FF   |   LUT   |
|----------|-----------------------|---------|---------|
|          |    add_ln47_fu_107    |    0    |    12   |
|          |   add_ln47_1_fu_133   |    0    |    9    |
|    add   |    add_ln51_fu_169    |    0    |    7    |
|          |    add_ln49_fu_180    |    0    |    9    |
|          |  normal_factor_fu_208 |    0    |    13   |
|----------|-----------------------|---------|---------|
|   icmp   |    icmp_ln47_fu_101   |    0    |    12   |
|          |    icmp_ln49_fu_119   |    0    |    9    |
|----------|-----------------------|---------|---------|
|    sub   |      empty_fu_159     |    0    |    7    |
|----------|-----------------------|---------|---------|
|  select  |   select_ln31_fu_125  |    0    |    2    |
|          |   select_ln47_fu_139  |    0    |    2    |
|----------|-----------------------|---------|---------|
|   write  | write_ln0_write_fu_58 |    0    |    0    |
|----------|-----------------------|---------|---------|
|          |    zext_ln47_fu_147   |    0    |    0    |
|   zext   |    zext_ln49_fu_165   |    0    |    0    |
|          |    zext_ln51_fu_175   |    0    |    0    |
|----------|-----------------------|---------|---------|
|bitconcatenate|      p_shl_fu_151     |    0    |    0    |
|----------|-----------------------|---------|---------|
|   trunc  |   trunc_ln51_fu_204   |    0    |    0    |
|----------|-----------------------|---------|---------|
|   Total  |                       |    0    |    82   |
|----------|-----------------------|---------|---------|

Memories:
N/A

* Register list:
+--------------------------------------------------------------------+--------+
|                                                                    |   FF   |
+--------------------------------------------------------------------+--------+
|                              c_reg_231                             |    2   |
|convolve2d_smoothing_unsigned_char_unsigned_char_filter_addr_reg_255|    4   |
|                      indvar_flatten20_reg_245                      |    4   |
|                       normal_factor_2_reg_223                      |    6   |
|                              r_reg_238                             |    2   |
+--------------------------------------------------------------------+--------+
|                                Total                               |   18   |
+--------------------------------------------------------------------+--------+

* Multiplexer (MUX) list: 
|------------------|------|------|------|--------||---------||---------||---------|
|       Comp       |  Pin | Size |  BW  | S x BW ||  Delay  ||    FF   ||   LUT   |
|------------------|------|------|------|--------||---------||---------||---------|
| grp_access_fu_72 |  p0  |   2  |   4  |    8   ||    0    ||    9    |
|------------------|------|------|------|--------||---------||---------||---------|
|       Total      |      |      |      |    8   ||  0.427  ||    0    ||    9    |
|------------------|------|------|------|--------||---------||---------||---------|



* Summary:
+-----------+--------+--------+--------+
|           |  Delay |   FF   |   LUT  |
+-----------+--------+--------+--------+
|  Function |    -   |    0   |   82   |
|   Memory  |    -   |    -   |    -   |
|Multiplexer|    0   |    0   |    9   |
|  Register |    -   |   18   |    -   |
+-----------+--------+--------+--------+
|   Total   |    0   |   18   |   91   |
+-----------+--------+--------+--------+
