

================================================================
== Vitis HLS Report for 'edgedetect_Pipeline_VITIS_LOOP_147_1_VITIS_LOOP_149_2'
================================================================
* Date:           Sat Sep 21 02:17:23 2024

* Version:        2024.1 (Build 5069499 on May 21 2024)
* Project:        EdgedetectBaseline_cluster
* Solution:       hls (Vitis Kernel Flow Target)
* Product family: zynquplus
* Target device:  xczu9eg-ffvb1156-2-e


================================================================
== Performance Estimates
================================================================
+ Timing: 
    * Summary: 
    +--------+---------+----------+------------+
    |  Clock |  Target | Estimated| Uncertainty|
    +--------+---------+----------+------------+
    |ap_clk  |  6.67 ns|  2.566 ns|     1.80 ns|
    +--------+---------+----------+------------+

+ Latency: 
    * Summary: 
    +---------+---------+-----------+-----------+-----+-----+-----------------------------------------------+
    |  Latency (cycles) |   Latency (absolute)  |  Interval |                    Pipeline                   |
    |   min   |   max   |    min    |    max    | min | max |                      Type                     |
    +---------+---------+-----------+-----------+-----+-----+-----------------------------------------------+
    |       11|       11|  73.337 ns|  73.337 ns|   10|   10|  loop auto-rewind stp(delay=0 clock cycles(s))|
    +---------+---------+-----------+-----------+-----+-----+-----------------------------------------------+

    + Detail: 
        * Instance: 
        N/A

        * Loop: 
        +-------------------------------------+---------+---------+----------+-----------+-----------+------+----------+
        |                                     |  Latency (cycles) | Iteration|  Initiation Interval  | Trip |          |
        |              Loop Name              |   min   |   max   |  Latency |  achieved |   target  | Count| Pipelined|
        +-------------------------------------+---------+---------+----------+-----------+-----------+------+----------+
        |- VITIS_LOOP_147_1_VITIS_LOOP_149_2  |        9|        9|         2|          1|          1|     9|       yes|
        +-------------------------------------+---------+---------+----------+-----------+-----------+------+----------+

============================================================
+ Verbose Summary: Synthesis Manager
============================================================
InlineROM: 1
ExposeGlobal: 0
============================================================
+ Verbose Summary: CDFG Model
============================================================
IsTopModel: 0
ResetActiveHigh: 1
IsCombinational: 0
IsDatapathOnly: 0
HasWiredReturn: 1
HasMFsm: 2
HasVarLatency: 1
IsPipeline: 0
IsRtlPipelined: 0
IsInstanceOverlapped: 0
IsDontTouch: 0
HasImplIP: 0
IsGatedGlobalClock: 0

+ Individual pipeline summary: 
  * Pipeline-0: initiation interval (II) = 1, depth = 2


============================================================
+ Verbose Summary: Schedule
============================================================
* Number of FSM states : 2
* Pipeline : 1
  Pipeline-0 : II = 1, D = 2, States = { 1 2 }
* Dataflow Pipeline: 0

* FSM state transitions: 
1 --> 2 
2 --> 

* FSM state operations: 

State 1 <SV = 0> <Delay = 2.30>
ST_1 : Operation 5 [1/1] (0.00ns)   --->   "%normal_factor = alloca i32 1" [../EdgedetectBaseline_host/src/edgedetect.cpp:132->../EdgedetectBaseline_host/src/edgedetect.cpp:207]   --->   Operation 5 'alloca' 'normal_factor' <Predicate = true> <Delay = 0.00>
ST_1 : Operation 6 [1/1] (0.00ns)   --->   "%c = alloca i32 1" [../EdgedetectBaseline_host/src/edgedetect.cpp:130->../EdgedetectBaseline_host/src/edgedetect.cpp:207]   --->   Operation 6 'alloca' 'c' <Predicate = true> <Delay = 0.00>
ST_1 : Operation 7 [1/1] (0.00ns)   --->   "%r = alloca i32 1" [../EdgedetectBaseline_host/src/edgedetect.cpp:131->../EdgedetectBaseline_host/src/edgedetect.cpp:207]   --->   Operation 7 'alloca' 'r' <Predicate = true> <Delay = 0.00>
ST_1 : Operation 8 [1/1] (0.00ns)   --->   "%indvar_flatten41 = alloca i32 1"   --->   Operation 8 'alloca' 'indvar_flatten41' <Predicate = true> <Delay = 0.00>
ST_1 : Operation 9 [1/1] (0.42ns)   --->   "%store_ln0 = store i4 0, i4 %indvar_flatten41"   --->   Operation 9 'store' 'store_ln0' <Predicate = true> <Delay = 0.42>
ST_1 : Operation 10 [1/1] (0.42ns)   --->   "%store_ln131 = store i2 0, i2 %r" [../EdgedetectBaseline_host/src/edgedetect.cpp:131->../EdgedetectBaseline_host/src/edgedetect.cpp:207]   --->   Operation 10 'store' 'store_ln131' <Predicate = true> <Delay = 0.42>
ST_1 : Operation 11 [1/1] (0.42ns)   --->   "%store_ln130 = store i2 0, i2 %c" [../EdgedetectBaseline_host/src/edgedetect.cpp:130->../EdgedetectBaseline_host/src/edgedetect.cpp:207]   --->   Operation 11 'store' 'store_ln130' <Predicate = true> <Delay = 0.42>
ST_1 : Operation 12 [1/1] (0.42ns)   --->   "%store_ln132 = store i5 0, i5 %normal_factor" [../EdgedetectBaseline_host/src/edgedetect.cpp:132->../EdgedetectBaseline_host/src/edgedetect.cpp:207]   --->   Operation 12 'store' 'store_ln132' <Predicate = true> <Delay = 0.42>
ST_1 : Operation 13 [1/1] (0.00ns)   --->   "%br_ln0 = br void %for.inc.i66"   --->   Operation 13 'br' 'br_ln0' <Predicate = true> <Delay = 0.00>
ST_1 : Operation 14 [1/1] (0.00ns)   --->   "%indvar_flatten41_load = load i4 %indvar_flatten41" [../EdgedetectBaseline_host/src/edgedetect.cpp:147->../EdgedetectBaseline_host/src/edgedetect.cpp:207]   --->   Operation 14 'load' 'indvar_flatten41_load' <Predicate = true> <Delay = 0.00>
ST_1 : Operation 15 [1/1] (0.79ns)   --->   "%icmp_ln147 = icmp_eq  i4 %indvar_flatten41_load, i4 9" [../EdgedetectBaseline_host/src/edgedetect.cpp:147->../EdgedetectBaseline_host/src/edgedetect.cpp:207]   --->   Operation 15 'icmp' 'icmp_ln147' <Predicate = true> <Delay = 0.79> <CoreInst = "Cmp">   --->   Core 9 'Cmp' <Latency = 0> <II = 1> <Delay = 0.79> <FuncUnit> <Opcode : 'seteq' 'setne' 'setle' 'setge' 'setlt' 'setgt'> <InPorts = 2> <OutPorts = 1>
ST_1 : Operation 16 [1/1] (0.79ns)   --->   "%add_ln147 = add i4 %indvar_flatten41_load, i4 1" [../EdgedetectBaseline_host/src/edgedetect.cpp:147->../EdgedetectBaseline_host/src/edgedetect.cpp:207]   --->   Operation 16 'add' 'add_ln147' <Predicate = true> <Delay = 0.79> <CoreInst = "Adder">   --->   Core 1 'Adder' <Latency = 0> <II = 1> <Delay = 0.79> <FuncUnit> <Opcode : 'add' 'sub'> <InPorts = 2> <OutPorts = 1>
ST_1 : Operation 17 [1/1] (0.00ns)   --->   "%br_ln147 = br i1 %icmp_ln147, void %for.inc5.i69, void %for.end7.i72.exitStub" [../EdgedetectBaseline_host/src/edgedetect.cpp:147->../EdgedetectBaseline_host/src/edgedetect.cpp:207]   --->   Operation 17 'br' 'br_ln147' <Predicate = true> <Delay = 0.00>
ST_1 : Operation 18 [1/1] (0.00ns)   --->   "%c_load = load i2 %c" [../EdgedetectBaseline_host/src/edgedetect.cpp:149->../EdgedetectBaseline_host/src/edgedetect.cpp:207]   --->   Operation 18 'load' 'c_load' <Predicate = (!icmp_ln147)> <Delay = 0.00>
ST_1 : Operation 19 [1/1] (0.00ns)   --->   "%r_load = load i2 %r" [../EdgedetectBaseline_host/src/edgedetect.cpp:147->../EdgedetectBaseline_host/src/edgedetect.cpp:207]   --->   Operation 19 'load' 'r_load' <Predicate = (!icmp_ln147)> <Delay = 0.00>
ST_1 : Operation 20 [1/1] (0.54ns)   --->   "%icmp_ln149 = icmp_eq  i2 %c_load, i2 3" [../EdgedetectBaseline_host/src/edgedetect.cpp:149->../EdgedetectBaseline_host/src/edgedetect.cpp:207]   --->   Operation 20 'icmp' 'icmp_ln149' <Predicate = (!icmp_ln147)> <Delay = 0.54> <CoreInst = "Cmp">   --->   Core 9 'Cmp' <Latency = 0> <II = 1> <Delay = 0.54> <FuncUnit> <Opcode : 'seteq' 'setne' 'setle' 'setge' 'setlt' 'setgt'> <InPorts = 2> <OutPorts = 1>
ST_1 : Operation 21 [1/1] (0.17ns)   --->   "%select_ln131 = select i1 %icmp_ln149, i2 0, i2 %c_load" [../EdgedetectBaseline_host/src/edgedetect.cpp:131->../EdgedetectBaseline_host/src/edgedetect.cpp:207]   --->   Operation 21 'select' 'select_ln131' <Predicate = (!icmp_ln147)> <Delay = 0.17> <CoreInst = "Sel">   --->   Core 73 'Sel' <Latency = 0> <II = 1> <Delay = 0.17> <FuncUnit> <Opcode : 'select'> <InPorts = 3> <OutPorts = 1>
ST_1 : Operation 22 [1/1] (0.54ns)   --->   "%add_ln147_1 = add i2 %r_load, i2 1" [../EdgedetectBaseline_host/src/edgedetect.cpp:147->../EdgedetectBaseline_host/src/edgedetect.cpp:207]   --->   Operation 22 'add' 'add_ln147_1' <Predicate = (!icmp_ln147)> <Delay = 0.54> <CoreInst = "Adder">   --->   Core 1 'Adder' <Latency = 0> <II = 1> <Delay = 0.54> <FuncUnit> <Opcode : 'add' 'sub'> <InPorts = 2> <OutPorts = 1>
ST_1 : Operation 23 [1/1] (0.17ns)   --->   "%select_ln147 = select i1 %icmp_ln149, i2 %add_ln147_1, i2 %r_load" [../EdgedetectBaseline_host/src/edgedetect.cpp:147->../EdgedetectBaseline_host/src/edgedetect.cpp:207]   --->   Operation 23 'select' 'select_ln147' <Predicate = (!icmp_ln147)> <Delay = 0.17> <CoreInst = "Sel">   --->   Core 73 'Sel' <Latency = 0> <II = 1> <Delay = 0.17> <FuncUnit> <Opcode : 'select'> <InPorts = 3> <OutPorts = 1>
ST_1 : Operation 24 [1/1] (0.00ns)   --->   "%zext_ln147 = zext i2 %select_ln147" [../EdgedetectBaseline_host/src/edgedetect.cpp:147->../EdgedetectBaseline_host/src/edgedetect.cpp:207]   --->   Operation 24 'zext' 'zext_ln147' <Predicate = (!icmp_ln147)> <Delay = 0.00>
ST_1 : Operation 25 [1/1] (0.00ns)   --->   "%p_shl = bitconcatenate i4 @_ssdm_op_BitConcatenate.i4.i2.i2, i2 %select_ln147, i2 0" [../EdgedetectBaseline_host/src/edgedetect.cpp:147->../EdgedetectBaseline_host/src/edgedetect.cpp:207]   --->   Operation 25 'bitconcatenate' 'p_shl' <Predicate = (!icmp_ln147)> <Delay = 0.00>
ST_1 : Operation 26 [1/1] (0.00ns) (grouped into TernaryAdder)   --->   "%empty = sub i4 %p_shl, i4 %zext_ln147" [../EdgedetectBaseline_host/src/edgedetect.cpp:147->../EdgedetectBaseline_host/src/edgedetect.cpp:207]   --->   Operation 26 'sub' 'empty' <Predicate = (!icmp_ln147)> <Delay = 0.00> <CoreInst = "TAddSub">   --->   Core 10 'TAddSub' <Latency = 0> <II = 1> <Delay = 0.23> <IPBlock> <Opcode : '' 'add' 'sub'> <InPorts = 3> <OutPorts = 1> <Sync> <CReg>
ST_1 : Operation 27 [1/1] (0.00ns)   --->   "%zext_ln149 = zext i2 %select_ln131" [../EdgedetectBaseline_host/src/edgedetect.cpp:149->../EdgedetectBaseline_host/src/edgedetect.cpp:207]   --->   Operation 27 'zext' 'zext_ln149' <Predicate = (!icmp_ln147)> <Delay = 0.00>
ST_1 : Operation 28 [1/1] (0.46ns) (root node of TernaryAdder)   --->   "%add_ln151 = add i4 %zext_ln149, i4 %empty" [../EdgedetectBaseline_host/src/edgedetect.cpp:151->../EdgedetectBaseline_host/src/edgedetect.cpp:207]   --->   Operation 28 'add' 'add_ln151' <Predicate = (!icmp_ln147)> <Delay = 0.46> <CoreInst = "TAddSub">   --->   Core 10 'TAddSub' <Latency = 0> <II = 1> <Delay = 0.23> <IPBlock> <Opcode : '' 'add' 'sub'> <InPorts = 3> <OutPorts = 1> <Sync> <CReg>
ST_1 : Operation 29 [1/1] (0.00ns)   --->   "%zext_ln151 = zext i4 %add_ln151" [../EdgedetectBaseline_host/src/edgedetect.cpp:151->../EdgedetectBaseline_host/src/edgedetect.cpp:207]   --->   Operation 29 'zext' 'zext_ln151' <Predicate = (!icmp_ln147)> <Delay = 0.00>
ST_1 : Operation 30 [1/1] (0.00ns)   --->   "%convolve2d_horizontal_unsigned_char_unsigned_char_filter_addr = getelementptr i8 %convolve2d_horizontal_unsigned_char_unsigned_char_filter, i64 0, i64 %zext_ln151" [../EdgedetectBaseline_host/src/edgedetect.cpp:151->../EdgedetectBaseline_host/src/edgedetect.cpp:207]   --->   Operation 30 'getelementptr' 'convolve2d_horizontal_unsigned_char_unsigned_char_filter_addr' <Predicate = (!icmp_ln147)> <Delay = 0.00>
ST_1 : Operation 31 [2/2] (0.67ns)   --->   "%convolve2d_horizontal_unsigned_char_unsigned_char_filter_load = load i4 %convolve2d_horizontal_unsigned_char_unsigned_char_filter_addr" [../EdgedetectBaseline_host/src/edgedetect.cpp:151->../EdgedetectBaseline_host/src/edgedetect.cpp:207]   --->   Operation 31 'load' 'convolve2d_horizontal_unsigned_char_unsigned_char_filter_load' <Predicate = (!icmp_ln147)> <Delay = 0.67> <CoreInst = "ROM">   --->   Core 100 'ROM' <Latency = 1> <II = 1> <Delay = 0.67> <Storage> <Opcode : 'load'> <Ports = 0> <Width = 8> <Depth = 9> <ROM>
ST_1 : Operation 32 [1/1] (0.54ns)   --->   "%add_ln149 = add i2 %select_ln131, i2 1" [../EdgedetectBaseline_host/src/edgedetect.cpp:149->../EdgedetectBaseline_host/src/edgedetect.cpp:207]   --->   Operation 32 'add' 'add_ln149' <Predicate = (!icmp_ln147)> <Delay = 0.54> <CoreInst = "Adder">   --->   Core 1 'Adder' <Latency = 0> <II = 1> <Delay = 0.54> <FuncUnit> <Opcode : 'add' 'sub'> <InPorts = 2> <OutPorts = 1>
ST_1 : Operation 33 [1/1] (0.42ns)   --->   "%store_ln147 = store i4 %add_ln147, i4 %indvar_flatten41" [../EdgedetectBaseline_host/src/edgedetect.cpp:147->../EdgedetectBaseline_host/src/edgedetect.cpp:207]   --->   Operation 33 'store' 'store_ln147' <Predicate = (!icmp_ln147)> <Delay = 0.42>
ST_1 : Operation 34 [1/1] (0.42ns)   --->   "%store_ln131 = store i2 %select_ln147, i2 %r" [../EdgedetectBaseline_host/src/edgedetect.cpp:131->../EdgedetectBaseline_host/src/edgedetect.cpp:207]   --->   Operation 34 'store' 'store_ln131' <Predicate = (!icmp_ln147)> <Delay = 0.42>
ST_1 : Operation 35 [1/1] (0.42ns)   --->   "%store_ln130 = store i2 %add_ln149, i2 %c" [../EdgedetectBaseline_host/src/edgedetect.cpp:130->../EdgedetectBaseline_host/src/edgedetect.cpp:207]   --->   Operation 35 'store' 'store_ln130' <Predicate = (!icmp_ln147)> <Delay = 0.42>
ST_1 : Operation 50 [1/1] (0.00ns)   --->   "%normal_factor_load = load i5 %normal_factor"   --->   Operation 50 'load' 'normal_factor_load' <Predicate = (icmp_ln147)> <Delay = 0.00>
ST_1 : Operation 51 [1/1] (0.00ns)   --->   "%write_ln0 = write void @_ssdm_op_Write.ap_auto.i5P0A, i5 %normal_factor_8_out, i5 %normal_factor_load"   --->   Operation 51 'write' 'write_ln0' <Predicate = (icmp_ln147)> <Delay = 0.00>
ST_1 : Operation 52 [1/1] (0.42ns)   --->   "%ret_ln0 = ret"   --->   Operation 52 'ret' 'ret_ln0' <Predicate = (icmp_ln147)> <Delay = 0.42>

State 2 <SV = 1> <Delay = 2.56>
ST_2 : Operation 36 [1/1] (0.00ns)   --->   "%normal_factor_load_2 = load i5 %normal_factor" [../EdgedetectBaseline_host/src/edgedetect.cpp:151->../EdgedetectBaseline_host/src/edgedetect.cpp:207]   --->   Operation 36 'load' 'normal_factor_load_2' <Predicate = true> <Delay = 0.00>
ST_2 : Operation 37 [1/1] (0.00ns)   --->   "%specloopname_ln0 = specloopname void @_ssdm_op_SpecLoopName, void @VITIS_LOOP_147_1_VITIS_LOOP_149_2_str"   --->   Operation 37 'specloopname' 'specloopname_ln0' <Predicate = true> <Delay = 0.00>
ST_2 : Operation 38 [1/1] (0.00ns)   --->   "%speclooptripcount_ln0 = speclooptripcount void @_ssdm_op_SpecLoopTripCount, i64 9, i64 9, i64 9"   --->   Operation 38 'speclooptripcount' 'speclooptripcount_ln0' <Predicate = true> <Delay = 0.00>
ST_2 : Operation 39 [1/1] (0.00ns)   --->   "%specpipeline_ln130 = specpipeline void @_ssdm_op_SpecPipeline, i32 4294967295, i32 0, i32 0, i32 0, void @empty_1" [../EdgedetectBaseline_host/src/edgedetect.cpp:130->../EdgedetectBaseline_host/src/edgedetect.cpp:207]   --->   Operation 39 'specpipeline' 'specpipeline_ln130' <Predicate = true> <Delay = 0.00>
ST_2 : Operation 40 [1/2] (0.67ns)   --->   "%convolve2d_horizontal_unsigned_char_unsigned_char_filter_load = load i4 %convolve2d_horizontal_unsigned_char_unsigned_char_filter_addr" [../EdgedetectBaseline_host/src/edgedetect.cpp:151->../EdgedetectBaseline_host/src/edgedetect.cpp:207]   --->   Operation 40 'load' 'convolve2d_horizontal_unsigned_char_unsigned_char_filter_load' <Predicate = true> <Delay = 0.67> <CoreInst = "ROM">   --->   Core 100 'ROM' <Latency = 1> <II = 1> <Delay = 0.67> <Storage> <Opcode : 'load'> <Ports = 0> <Width = 8> <Depth = 9> <ROM>
ST_2 : Operation 41 [1/1] (0.00ns)   --->   "%trunc_ln151 = trunc i8 %convolve2d_horizontal_unsigned_char_unsigned_char_filter_load" [../EdgedetectBaseline_host/src/edgedetect.cpp:151->../EdgedetectBaseline_host/src/edgedetect.cpp:207]   --->   Operation 41 'trunc' 'trunc_ln151' <Predicate = true> <Delay = 0.00>
ST_2 : Operation 42 [1/1] (0.00ns)   --->   "%empty_34 = trunc i8 %convolve2d_horizontal_unsigned_char_unsigned_char_filter_load" [../EdgedetectBaseline_host/src/edgedetect.cpp:151->../EdgedetectBaseline_host/src/edgedetect.cpp:207]   --->   Operation 42 'trunc' 'empty_34' <Predicate = true> <Delay = 0.00>
ST_2 : Operation 43 [1/1] (0.54ns)   --->   "%neg9 = sub i2 0, i2 %empty_34" [../EdgedetectBaseline_host/src/edgedetect.cpp:151->../EdgedetectBaseline_host/src/edgedetect.cpp:207]   --->   Operation 43 'sub' 'neg9' <Predicate = true> <Delay = 0.54> <CoreInst = "Adder">   --->   Core 1 'Adder' <Latency = 0> <II = 1> <Delay = 0.54> <FuncUnit> <Opcode : 'add' 'sub'> <InPorts = 2> <OutPorts = 1>
ST_2 : Operation 44 [1/1] (0.67ns)   --->   "%abscond10 = icmp_sgt  i3 %trunc_ln151, i3 0" [../EdgedetectBaseline_host/src/edgedetect.cpp:151->../EdgedetectBaseline_host/src/edgedetect.cpp:207]   --->   Operation 44 'icmp' 'abscond10' <Predicate = true> <Delay = 0.67> <CoreInst = "Cmp">   --->   Core 9 'Cmp' <Latency = 0> <II = 1> <Delay = 0.67> <FuncUnit> <Opcode : 'seteq' 'setne' 'setle' 'setge' 'setlt' 'setgt'> <InPorts = 2> <OutPorts = 1>
ST_2 : Operation 45 [1/1] (0.00ns) (grouped into LUT with out node normal_factor_4)   --->   "%abs11 = select i1 %abscond10, i2 %empty_34, i2 %neg9" [../EdgedetectBaseline_host/src/edgedetect.cpp:151->../EdgedetectBaseline_host/src/edgedetect.cpp:207]   --->   Operation 45 'select' 'abs11' <Predicate = true> <Delay = 0.00> <CoreInst = "Sel">   --->   Core 73 'Sel' <Latency = 0> <II = 1> <Delay = 0.17> <FuncUnit> <Opcode : 'select'> <InPorts = 3> <OutPorts = 1>
ST_2 : Operation 46 [1/1] (0.00ns) (grouped into LUT with out node normal_factor_4)   --->   "%zext_ln151_1 = zext i2 %abs11" [../EdgedetectBaseline_host/src/edgedetect.cpp:151->../EdgedetectBaseline_host/src/edgedetect.cpp:207]   --->   Operation 46 'zext' 'zext_ln151_1' <Predicate = true> <Delay = 0.00>
ST_2 : Operation 47 [1/1] (0.78ns) (out node of the LUT)   --->   "%normal_factor_4 = add i5 %zext_ln151_1, i5 %normal_factor_load_2" [../EdgedetectBaseline_host/src/edgedetect.cpp:151->../EdgedetectBaseline_host/src/edgedetect.cpp:207]   --->   Operation 47 'add' 'normal_factor_4' <Predicate = true> <Delay = 0.78> <CoreInst = "Adder">   --->   Core 1 'Adder' <Latency = 0> <II = 1> <Delay = 0.78> <FuncUnit> <Opcode : 'add' 'sub'> <InPorts = 2> <OutPorts = 1>
ST_2 : Operation 48 [1/1] (0.42ns)   --->   "%store_ln132 = store i5 %normal_factor_4, i5 %normal_factor" [../EdgedetectBaseline_host/src/edgedetect.cpp:132->../EdgedetectBaseline_host/src/edgedetect.cpp:207]   --->   Operation 48 'store' 'store_ln132' <Predicate = true> <Delay = 0.42>
ST_2 : Operation 49 [1/1] (0.00ns)   --->   "%br_ln149 = br void %for.inc.i66" [../EdgedetectBaseline_host/src/edgedetect.cpp:149->../EdgedetectBaseline_host/src/edgedetect.cpp:207]   --->   Operation 49 'br' 'br_ln149' <Predicate = true> <Delay = 0.00>


============================================================
+ Verbose Summary: Timing violations
============================================================
Target clock period: 6.667ns, clock uncertainty: 1.800ns.

 <State 1>: 2.300ns
The critical path consists of the following:
	'store' operation 0 bit ('store_ln131', ../EdgedetectBaseline_host/src/edgedetect.cpp:131->../EdgedetectBaseline_host/src/edgedetect.cpp:207) of constant 0 on local variable 'r', ../EdgedetectBaseline_host/src/edgedetect.cpp:131->../EdgedetectBaseline_host/src/edgedetect.cpp:207 [8]  (0.427 ns)
	'load' operation 2 bit ('r_load', ../EdgedetectBaseline_host/src/edgedetect.cpp:147->../EdgedetectBaseline_host/src/edgedetect.cpp:207) on local variable 'r', ../EdgedetectBaseline_host/src/edgedetect.cpp:131->../EdgedetectBaseline_host/src/edgedetect.cpp:207 [20]  (0.000 ns)
	'add' operation 2 bit ('add_ln147_1', ../EdgedetectBaseline_host/src/edgedetect.cpp:147->../EdgedetectBaseline_host/src/edgedetect.cpp:207) [25]  (0.548 ns)
	'select' operation 2 bit ('select_ln147', ../EdgedetectBaseline_host/src/edgedetect.cpp:147->../EdgedetectBaseline_host/src/edgedetect.cpp:207) [26]  (0.179 ns)
	'sub' operation 4 bit ('empty', ../EdgedetectBaseline_host/src/edgedetect.cpp:147->../EdgedetectBaseline_host/src/edgedetect.cpp:207) [29]  (0.000 ns)
	'add' operation 4 bit ('add_ln151', ../EdgedetectBaseline_host/src/edgedetect.cpp:151->../EdgedetectBaseline_host/src/edgedetect.cpp:207) [32]  (0.469 ns)
	'getelementptr' operation 4 bit ('convolve2d_horizontal_unsigned_char_unsigned_char_filter_addr', ../EdgedetectBaseline_host/src/edgedetect.cpp:151->../EdgedetectBaseline_host/src/edgedetect.cpp:207) [34]  (0.000 ns)
	'load' operation 8 bit ('convolve2d_horizontal_unsigned_char_unsigned_char_filter_load', ../EdgedetectBaseline_host/src/edgedetect.cpp:151->../EdgedetectBaseline_host/src/edgedetect.cpp:207) on array 'convolve2d_horizontal_unsigned_char_unsigned_char_filter' [35]  (0.677 ns)

 <State 2>: 2.566ns
The critical path consists of the following:
	'load' operation 8 bit ('convolve2d_horizontal_unsigned_char_unsigned_char_filter_load', ../EdgedetectBaseline_host/src/edgedetect.cpp:151->../EdgedetectBaseline_host/src/edgedetect.cpp:207) on array 'convolve2d_horizontal_unsigned_char_unsigned_char_filter' [35]  (0.677 ns)
	'icmp' operation 1 bit ('abscond10', ../EdgedetectBaseline_host/src/edgedetect.cpp:151->../EdgedetectBaseline_host/src/edgedetect.cpp:207) [39]  (0.673 ns)
	'select' operation 2 bit ('abs11', ../EdgedetectBaseline_host/src/edgedetect.cpp:151->../EdgedetectBaseline_host/src/edgedetect.cpp:207) [40]  (0.000 ns)
	'add' operation 5 bit ('normal_factor_4', ../EdgedetectBaseline_host/src/edgedetect.cpp:151->../EdgedetectBaseline_host/src/edgedetect.cpp:207) [42]  (0.789 ns)
	'store' operation 0 bit ('store_ln132', ../EdgedetectBaseline_host/src/edgedetect.cpp:132->../EdgedetectBaseline_host/src/edgedetect.cpp:207) of variable 'normal_factor_4', ../EdgedetectBaseline_host/src/edgedetect.cpp:151->../EdgedetectBaseline_host/src/edgedetect.cpp:207 on local variable 'normal_factor', ../EdgedetectBaseline_host/src/edgedetect.cpp:132->../EdgedetectBaseline_host/src/edgedetect.cpp:207 [47]  (0.427 ns)


============================================================
+ Verbose Summary: Binding
============================================================
N/A
* FSMD analyzer results:
  - Output states:
 - Input state : 
  - Chain level:
	State 1
	State 2


============================================================
+ Verbose Summary: Datapath Resource usage 
============================================================
N/A
