

================================================================
== Vitis HLS Report for 'edgedetect'
================================================================
* Date:           Fri Sep 20 04:19:05 2024

* Version:        2024.1 (Build 5069499 on May 21 2024)
* Project:        EdgedetectBaseline_cluster
* Solution:       hls (Vitis Kernel Flow Target)
* Product family: zynquplus
* Target device:  xczu9eg-ffvb1156-2-e


================================================================
== Performance Estimates
================================================================
+ Timing: 
    * Summary: 
    +--------+---------+----------+------------+
    |  Clock |  Target | Estimated| Uncertainty|
    +--------+---------+----------+------------+
    |ap_clk  |  6.67 ns|      0 ns|     1.80 ns|
    +--------+---------+----------+------------+

+ Latency: 
    * Summary: 
    +---------+---------+----------+----------+-----+-----+---------+
    |  Latency (cycles) |  Latency (absolute) |  Interval | Pipeline|
    |   min   |   max   |    min   |    max   | min | max |   Type  |
    +---------+---------+----------+----------+-----+-----+---------+
    |        0|        0|      0 ns|      0 ns|    1|    1|       no|
    +---------+---------+----------+----------+-----+-----+---------+

    + Detail: 
        * Instance: 
        N/A

        * Loop: 
        N/A



================================================================
== Utilization Estimates
================================================================
* Summary: 
+-----------------+---------+------+--------+--------+-----+
|       Name      | BRAM_18K|  DSP |   FF   |   LUT  | URAM|
+-----------------+---------+------+--------+--------+-----+
|DSP              |        -|     -|       -|       -|    -|
|Expression       |        -|     -|       0|       2|    -|
|FIFO             |        -|     -|       -|       -|    -|
|Instance         |        0|     -|     386|     680|    0|
|Memory           |        -|     -|       -|       -|    -|
|Multiplexer      |        -|     -|       0|       9|    -|
|Register         |        -|     -|       5|       -|    -|
+-----------------+---------+------+--------+--------+-----+
|Total            |        0|     0|     391|     691|    0|
+-----------------+---------+------+--------+--------+-----+
|Available        |     1824|  2520|  548160|  274080|    0|
+-----------------+---------+------+--------+--------+-----+
|Utilization (%)  |        0|     0|      ~0|      ~0|    0|
+-----------------+---------+------+--------+--------+-----+

+ Detail: 
    * Instance: 
    +-----------------+---------------+---------+----+-----+-----+-----+
    |     Instance    |     Module    | BRAM_18K| DSP|  FF | LUT | URAM|
    +-----------------+---------------+---------+----+-----+-----+-----+
    |control_s_axi_U  |control_s_axi  |        0|   0|  386|  680|    0|
    +-----------------+---------------+---------+----+-----+-----+-----+
    |Total            |               |        0|   0|  386|  680|    0|
    +-----------------+---------------+---------+----+-----+-----+-----+

    * DSP: 
    N/A

    * Memory: 
    N/A

    * FIFO: 
    N/A

    * Expression: 
    +-----------------+----------+----+---+----+------------+------------+
    |  Variable Name  | Operation| DSP| FF| LUT| Bitwidth P0| Bitwidth P1|
    +-----------------+----------+----+---+----+------------+------------+
    |ap_block_state1  |        or|   0|  0|   2|           1|           1|
    +-----------------+----------+----+---+----+------------+------------+
    |Total            |          |   0|  0|   2|           1|           1|
    +-----------------+----------+----+---+----+------------+------------+

    * Multiplexer: 
    +---------+----+-----------+-----+-----------+
    |   Name  | LUT| Input Size| Bits| Total Bits|
    +---------+----+-----------+-----+-----------+
    |ap_done  |   9|          2|    1|          2|
    +---------+----+-----------+-----+-----------+
    |Total    |   9|          2|    1|          2|
    +---------+----+-----------+-----+-----------+

    * Register: 
    +--------------+---+----+-----+-----------+
    |     Name     | FF| LUT| Bits| Const Bits|
    +--------------+---+----+-----+-----------+
    |ap_CS_fsm     |  1|   0|    1|          0|
    |ap_done_reg   |  1|   0|    1|          0|
    |ap_rst_n_inv  |  1|   0|    1|          0|
    |ap_rst_reg_1  |  1|   0|    1|          0|
    |ap_rst_reg_2  |  1|   0|    1|          0|
    +--------------+---+----+-----+-----------+
    |Total         |  5|   0|    5|          0|
    +--------------+---+----+-----+-----------+



================================================================
== Interface
================================================================
* Summary: 
+-----------------------+-----+-----+---------------+--------------+--------------+
|       RTL Ports       | Dir | Bits|    Protocol   | Source Object|    C Type    |
+-----------------------+-----+-----+---------------+--------------+--------------+
|s_axi_control_AWVALID  |   in|    1|          s_axi|       control|        scalar|
|s_axi_control_AWREADY  |  out|    1|          s_axi|       control|        scalar|
|s_axi_control_AWADDR   |   in|    7|          s_axi|       control|        scalar|
|s_axi_control_WVALID   |   in|    1|          s_axi|       control|        scalar|
|s_axi_control_WREADY   |  out|    1|          s_axi|       control|        scalar|
|s_axi_control_WDATA    |   in|   32|          s_axi|       control|        scalar|
|s_axi_control_WSTRB    |   in|    4|          s_axi|       control|        scalar|
|s_axi_control_ARVALID  |   in|    1|          s_axi|       control|        scalar|
|s_axi_control_ARREADY  |  out|    1|          s_axi|       control|        scalar|
|s_axi_control_ARADDR   |   in|    7|          s_axi|       control|        scalar|
|s_axi_control_RVALID   |  out|    1|          s_axi|       control|        scalar|
|s_axi_control_RREADY   |   in|    1|          s_axi|       control|        scalar|
|s_axi_control_RDATA    |  out|   32|          s_axi|       control|        scalar|
|s_axi_control_RRESP    |  out|    2|          s_axi|       control|        scalar|
|s_axi_control_BVALID   |  out|    1|          s_axi|       control|        scalar|
|s_axi_control_BREADY   |   in|    1|          s_axi|       control|        scalar|
|s_axi_control_BRESP    |  out|    2|          s_axi|       control|        scalar|
|ap_clk                 |   in|    1|  ap_ctrl_chain|    edgedetect|  return value|
|ap_rst_n               |   in|    1|  ap_ctrl_chain|    edgedetect|  return value|
|interrupt              |  out|    1|  ap_ctrl_chain|    edgedetect|  return value|
|m_axi_gmem_AWVALID     |  out|    1|          m_axi|          gmem|       pointer|
|m_axi_gmem_AWREADY     |   in|    1|          m_axi|          gmem|       pointer|
|m_axi_gmem_AWADDR      |  out|   64|          m_axi|          gmem|       pointer|
|m_axi_gmem_AWID        |  out|    1|          m_axi|          gmem|       pointer|
|m_axi_gmem_AWLEN       |  out|    8|          m_axi|          gmem|       pointer|
|m_axi_gmem_AWSIZE      |  out|    3|          m_axi|          gmem|       pointer|
|m_axi_gmem_AWBURST     |  out|    2|          m_axi|          gmem|       pointer|
|m_axi_gmem_AWLOCK      |  out|    2|          m_axi|          gmem|       pointer|
|m_axi_gmem_AWCACHE     |  out|    4|          m_axi|          gmem|       pointer|
|m_axi_gmem_AWPROT      |  out|    3|          m_axi|          gmem|       pointer|
|m_axi_gmem_AWQOS       |  out|    4|          m_axi|          gmem|       pointer|
|m_axi_gmem_AWREGION    |  out|    4|          m_axi|          gmem|       pointer|
|m_axi_gmem_AWUSER      |  out|    1|          m_axi|          gmem|       pointer|
|m_axi_gmem_WVALID      |  out|    1|          m_axi|          gmem|       pointer|
|m_axi_gmem_WREADY      |   in|    1|          m_axi|          gmem|       pointer|
|m_axi_gmem_WDATA       |  out|   32|          m_axi|          gmem|       pointer|
|m_axi_gmem_WSTRB       |  out|    4|          m_axi|          gmem|       pointer|
|m_axi_gmem_WLAST       |  out|    1|          m_axi|          gmem|       pointer|
|m_axi_gmem_WID         |  out|    1|          m_axi|          gmem|       pointer|
|m_axi_gmem_WUSER       |  out|    1|          m_axi|          gmem|       pointer|
|m_axi_gmem_ARVALID     |  out|    1|          m_axi|          gmem|       pointer|
|m_axi_gmem_ARREADY     |   in|    1|          m_axi|          gmem|       pointer|
|m_axi_gmem_ARADDR      |  out|   64|          m_axi|          gmem|       pointer|
|m_axi_gmem_ARID        |  out|    1|          m_axi|          gmem|       pointer|
|m_axi_gmem_ARLEN       |  out|    8|          m_axi|          gmem|       pointer|
|m_axi_gmem_ARSIZE      |  out|    3|          m_axi|          gmem|       pointer|
|m_axi_gmem_ARBURST     |  out|    2|          m_axi|          gmem|       pointer|
|m_axi_gmem_ARLOCK      |  out|    2|          m_axi|          gmem|       pointer|
|m_axi_gmem_ARCACHE     |  out|    4|          m_axi|          gmem|       pointer|
|m_axi_gmem_ARPROT      |  out|    3|          m_axi|          gmem|       pointer|
|m_axi_gmem_ARQOS       |  out|    4|          m_axi|          gmem|       pointer|
|m_axi_gmem_ARREGION    |  out|    4|          m_axi|          gmem|       pointer|
|m_axi_gmem_ARUSER      |  out|    1|          m_axi|          gmem|       pointer|
|m_axi_gmem_RVALID      |   in|    1|          m_axi|          gmem|       pointer|
|m_axi_gmem_RREADY      |  out|    1|          m_axi|          gmem|       pointer|
|m_axi_gmem_RDATA       |   in|   32|          m_axi|          gmem|       pointer|
|m_axi_gmem_RLAST       |   in|    1|          m_axi|          gmem|       pointer|
|m_axi_gmem_RID         |   in|    1|          m_axi|          gmem|       pointer|
|m_axi_gmem_RUSER       |   in|    1|          m_axi|          gmem|       pointer|
|m_axi_gmem_RRESP       |   in|    2|          m_axi|          gmem|       pointer|
|m_axi_gmem_BVALID      |   in|    1|          m_axi|          gmem|       pointer|
|m_axi_gmem_BREADY      |  out|    1|          m_axi|          gmem|       pointer|
|m_axi_gmem_BRESP       |   in|    2|          m_axi|          gmem|       pointer|
|m_axi_gmem_BID         |   in|    1|          m_axi|          gmem|       pointer|
|m_axi_gmem_BUSER       |   in|    1|          m_axi|          gmem|       pointer|
+-----------------------+-----+-----+---------------+--------------+--------------+

