Sat Jun 15 02:59:58 2024: Running xcd server. This server was built by gradle.
Sat Jun 15 02:59:58 2024: Server was asked to start on port: '42701'
Sat Jun 15 02:59:58 2024: Server is using token UUID: '6827ad06-1a68-45e6-bac5-10d17b7cc101'
Sat Jun 15 02:59:58 2024: SESSION_MGR: creating session with session uuid: '6d04a3e9-ade5-4ab9-8d63-1f78fcd2ec76' and name 'default'
Sat Jun 15 02:59:58 2024: Attempting to start server on port '42701'
Sat Jun 15 02:59:58 2024: XCD main fifo: created main fifo '/tmp/xcdmain6827ad06-1a68-45e6-bac5-10d17b7cc101', fd read = 13
Sat Jun 15 02:59:58 2024: Running Dispatch Server
Sat Jun 15 02:59:58 2024: Version 2.2.0
Sat Jun 15 02:59:59 2024: Dispatch Server: Accepted socket connection from client
Sat Jun 15 02:59:59 2024: Starting Socket connection
Sat Jun 15 02:59:59 2024: EXCHANGE_TOKEN received, server token: 6827ad06-1a68-45e6-bac5-10d17b7cc101, passed token: 6827ad06-1a68-45e6-bac5-10d17b7cc101
Sat Jun 15 02:59:59 2024: DISPATCH_HANDLER: Adding handler from function makeHandler in library libxv_system_diagram
Sat Jun 15 02:59:59 2024: SESSION_MGR: creating session with session uuid: 'c33179b0-9509-4547-b16b-9de98dbc7507' and name 'v++_compile_vadd'
Sat Jun 15 02:59:59 2024: KERNEL_SVC: creating session with uuid: 'c33179b0-9509-4547-b16b-9de98dbc7507' and name 'v++_compile_vadd'
Sat Jun 15 02:59:59 2024: GUIDANCE_SMGR: creating guidance session with uuid: 'c33179b0-9509-4547-b16b-9de98dbc7507' and name 'v++_compile_vadd'
Sat Jun 15 02:59:59 2024: SYSTEM_DIAGRAM: creating session with uuid: 'c33179b0-9509-4547-b16b-9de98dbc7507' and name 'v++_compile_vadd'
Sat Jun 15 03:00:03 2024: Dispatch Server: Accepted socket connection from client
Sat Jun 15 03:00:03 2024: Starting Socket connection
Sat Jun 15 03:00:27 2024: SESSION_MGR: closing session for UUID 'c33179b0-9509-4547-b16b-9de98dbc7507' with name 'v++_compile_vadd'
Sat Jun 15 03:00:27 2024: KERNEL_SVC: closing session for UUID 'c33179b0-9509-4547-b16b-9de98dbc7507' with name 'v++_compile_vadd'
Sat Jun 15 03:00:27 2024: GUIDANCE_SMGR: closing session for UUID 'c33179b0-9509-4547-b16b-9de98dbc7507' with name 'v++_compile_vadd'
Sat Jun 15 03:00:27 2024: SYSTEM_DIAGRAM: closing session for UUID 'c33179b0-9509-4547-b16b-9de98dbc7507' with name 'v++_compile_vadd'
Sat Jun 15 03:00:27 2024: STOP_SERVER received, server token: 6827ad06-1a68-45e6-bac5-10d17b7cc101, passed token: 6827ad06-1a68-45e6-bac5-10d17b7cc101
Sat Jun 15 03:00:27 2024: Socket received request to stop server.
Sat Jun 15 03:00:27 2024: Dispatch Server: do_await_stop
Sat Jun 15 03:00:27 2024: Dispatch Server: stopping mainFifo_
Sat Jun 15 03:00:27 2024: XCD main fifo: Stopping
Sat Jun 15 03:00:27 2024: XCD main fifo: do_read error code: Operation canceled
Sat Jun 15 03:00:27 2024: XCD main fifo: bytes_transferred: 0
Sat Jun 15 03:00:27 2024: SERVER: destructor for server bound to port 42701
Sat Jun 15 03:00:27 2024: XCD main fifo: Good unlink of /tmp/xcdmain6827ad06-1a68-45e6-bac5-10d17b7cc101
Sat Jun 15 03:00:27 2024: Server exiting with status 0.
Sat Jun 15 03:00:27 2024: Closing log file.
Sat Jun 15 03:18:40 2024: Running xcd server. This server was built by gradle.
Sat Jun 15 03:18:40 2024: Server was asked to start on port: '37497'
Sat Jun 15 03:18:40 2024: Server is using token UUID: '8133d0a8-1ce4-45d1-a6f3-8eb5ebcba5a2'
Sat Jun 15 03:18:40 2024: SESSION_MGR: creating session with session uuid: '6d04a3e9-ade5-4ab9-8d63-1f78fcd2ec76' and name 'default'
Sat Jun 15 03:18:40 2024: Attempting to start server on port '37497'
Sat Jun 15 03:18:40 2024: XCD main fifo: created main fifo '/tmp/xcdmain8133d0a8-1ce4-45d1-a6f3-8eb5ebcba5a2', fd read = 13
Sat Jun 15 03:18:40 2024: Running Dispatch Server
Sat Jun 15 03:18:40 2024: Version 2.2.0
Sat Jun 15 03:18:42 2024: Dispatch Server: Accepted socket connection from client
Sat Jun 15 03:18:42 2024: Starting Socket connection
Sat Jun 15 03:18:42 2024: EXCHANGE_TOKEN received, server token: 8133d0a8-1ce4-45d1-a6f3-8eb5ebcba5a2, passed token: 8133d0a8-1ce4-45d1-a6f3-8eb5ebcba5a2
Sat Jun 15 03:18:42 2024: DISPATCH_HANDLER: Adding handler from function makeHandler in library libxv_system_diagram
Sat Jun 15 03:18:42 2024: SESSION_MGR: creating session with session uuid: '9c8355fc-6aa4-41dc-a04a-084804e2060a' and name 'v++_compile_vadd'
Sat Jun 15 03:18:42 2024: KERNEL_SVC: creating session with uuid: '9c8355fc-6aa4-41dc-a04a-084804e2060a' and name 'v++_compile_vadd'
Sat Jun 15 03:18:42 2024: GUIDANCE_SMGR: creating guidance session with uuid: '9c8355fc-6aa4-41dc-a04a-084804e2060a' and name 'v++_compile_vadd'
Sat Jun 15 03:18:42 2024: SYSTEM_DIAGRAM: creating session with uuid: '9c8355fc-6aa4-41dc-a04a-084804e2060a' and name 'v++_compile_vadd'
Sat Jun 15 03:18:46 2024: Dispatch Server: Accepted socket connection from client
Sat Jun 15 03:18:46 2024: Starting Socket connection
Sat Jun 15 03:19:10 2024: SESSION_MGR: closing session for UUID '9c8355fc-6aa4-41dc-a04a-084804e2060a' with name 'v++_compile_vadd'
Sat Jun 15 03:19:10 2024: KERNEL_SVC: closing session for UUID '9c8355fc-6aa4-41dc-a04a-084804e2060a' with name 'v++_compile_vadd'
Sat Jun 15 03:19:10 2024: GUIDANCE_SMGR: closing session for UUID '9c8355fc-6aa4-41dc-a04a-084804e2060a' with name 'v++_compile_vadd'
Sat Jun 15 03:19:10 2024: SYSTEM_DIAGRAM: closing session for UUID '9c8355fc-6aa4-41dc-a04a-084804e2060a' with name 'v++_compile_vadd'
Sat Jun 15 03:19:10 2024: STOP_SERVER received, server token: 8133d0a8-1ce4-45d1-a6f3-8eb5ebcba5a2, passed token: 8133d0a8-1ce4-45d1-a6f3-8eb5ebcba5a2
Sat Jun 15 03:19:10 2024: Socket received request to stop server.
Sat Jun 15 03:19:10 2024: Dispatch Server: do_await_stop
Sat Jun 15 03:19:10 2024: Dispatch Server: stopping mainFifo_
Sat Jun 15 03:19:10 2024: XCD main fifo: Stopping
Sat Jun 15 03:19:10 2024: XCD main fifo: do_read error code: Operation canceled
Sat Jun 15 03:19:10 2024: XCD main fifo: bytes_transferred: 0
Sat Jun 15 03:19:10 2024: SERVER: destructor for server bound to port 37497
Sat Jun 15 03:19:10 2024: XCD main fifo: Good unlink of /tmp/xcdmain8133d0a8-1ce4-45d1-a6f3-8eb5ebcba5a2
Sat Jun 15 03:19:10 2024: Server exiting with status 0.
Sat Jun 15 03:19:10 2024: Closing log file.
Sat Jun 15 03:34:23 2024: Running xcd server. This server was built by gradle.
Sat Jun 15 03:34:23 2024: Server was asked to start on port: '42065'
Sat Jun 15 03:34:23 2024: Server is using token UUID: 'b0a7e96a-3a4e-4648-a853-33a21cfb1217'
Sat Jun 15 03:34:23 2024: SESSION_MGR: creating session with session uuid: '6d04a3e9-ade5-4ab9-8d63-1f78fcd2ec76' and name 'default'
Sat Jun 15 03:34:23 2024: Attempting to start server on port '42065'
Sat Jun 15 03:34:23 2024: XCD main fifo: created main fifo '/tmp/xcdmainb0a7e96a-3a4e-4648-a853-33a21cfb1217', fd read = 13
Sat Jun 15 03:34:23 2024: Running Dispatch Server
Sat Jun 15 03:34:23 2024: Version 2.2.0
Sat Jun 15 03:34:25 2024: Dispatch Server: Accepted socket connection from client
Sat Jun 15 03:34:25 2024: Starting Socket connection
Sat Jun 15 03:34:25 2024: EXCHANGE_TOKEN received, server token: b0a7e96a-3a4e-4648-a853-33a21cfb1217, passed token: b0a7e96a-3a4e-4648-a853-33a21cfb1217
Sat Jun 15 03:34:25 2024: DISPATCH_HANDLER: Adding handler from function makeHandler in library libxv_system_diagram
Sat Jun 15 03:34:25 2024: SESSION_MGR: creating session with session uuid: '53a8a009-6d26-4306-984f-817f29d451c5' and name 'v++_compile_vadd'
Sat Jun 15 03:34:25 2024: KERNEL_SVC: creating session with uuid: '53a8a009-6d26-4306-984f-817f29d451c5' and name 'v++_compile_vadd'
Sat Jun 15 03:34:25 2024: GUIDANCE_SMGR: creating guidance session with uuid: '53a8a009-6d26-4306-984f-817f29d451c5' and name 'v++_compile_vadd'
Sat Jun 15 03:34:25 2024: SYSTEM_DIAGRAM: creating session with uuid: '53a8a009-6d26-4306-984f-817f29d451c5' and name 'v++_compile_vadd'
Sat Jun 15 03:34:29 2024: Dispatch Server: Accepted socket connection from client
Sat Jun 15 03:34:29 2024: Starting Socket connection
Sat Jun 15 03:34:53 2024: SESSION_MGR: closing session for UUID '53a8a009-6d26-4306-984f-817f29d451c5' with name 'v++_compile_vadd'
Sat Jun 15 03:34:53 2024: KERNEL_SVC: closing session for UUID '53a8a009-6d26-4306-984f-817f29d451c5' with name 'v++_compile_vadd'
Sat Jun 15 03:34:53 2024: GUIDANCE_SMGR: closing session for UUID '53a8a009-6d26-4306-984f-817f29d451c5' with name 'v++_compile_vadd'
Sat Jun 15 03:34:53 2024: SYSTEM_DIAGRAM: closing session for UUID '53a8a009-6d26-4306-984f-817f29d451c5' with name 'v++_compile_vadd'
Sat Jun 15 03:34:53 2024: STOP_SERVER received, server token: b0a7e96a-3a4e-4648-a853-33a21cfb1217, passed token: b0a7e96a-3a4e-4648-a853-33a21cfb1217
Sat Jun 15 03:34:53 2024: Socket received request to stop server.
Sat Jun 15 03:34:53 2024: Dispatch Server: do_await_stop
Sat Jun 15 03:34:53 2024: Dispatch Server: stopping mainFifo_
Sat Jun 15 03:34:53 2024: XCD main fifo: Stopping
Sat Jun 15 03:34:53 2024: XCD main fifo: do_read error code: Operation canceled
Sat Jun 15 03:34:53 2024: XCD main fifo: bytes_transferred: 0
Sat Jun 15 03:34:53 2024: SERVER: destructor for server bound to port 42065
Sat Jun 15 03:34:53 2024: XCD main fifo: Good unlink of /tmp/xcdmainb0a7e96a-3a4e-4648-a853-33a21cfb1217
Sat Jun 15 03:34:53 2024: Server exiting with status 0.
Sat Jun 15 03:34:53 2024: Closing log file.
