
****** Vitis HLS - High-Level Synthesis from C, C++ and OpenCL v2024.1 (64-bit)
  **** SW Build 5069499 on May 21 2024
  **** IP Build 5075265 on Wed May 22 21:45:21 MDT 2024
  **** SharedData Build 5076995 on Wed May 22 18:29:18 MDT 2024
  **** Start of session at: Thu Jul 11 02:58:39 2024
    ** Copyright 1986-2022 Xilinx, Inc. All Rights Reserved.
    ** Copyright 2022-2024 Advanced Micro Devices, Inc. All Rights Reserved.

source /tools/Xilinx/Vitis_HLS/2024.1/scripts/vitis_hls/hls.tcl -notrace
INFO: [HLS 200-10] For user 'tls' on host 'tls-Legion-5-15ACH6H' (Linux_x86_64 version 6.5.0-41-generic) on Thu Jul 11 02:58:41 WEST 2024
INFO: [HLS 200-10] On os Ubuntu 22.04.4 LTS
INFO: [HLS 200-10] In directory '/home/tls/Dev/wonderland/AmdVitisDisparity/DisparityMalloc/DisparityMalloc_kernel/DisparityMalloc_kernel/sw_emu/cluster/cluster'
WARNING: [HLS 200-2053] The vitis_hls executable is deprecated. Consider using vitis-run --mode hls --tcl
Sourcing Tcl script 'cluster.tcl'
INFO: [HLS 200-1510] Running: open_project cluster 
INFO: [HLS 200-10] Creating and opening project '/home/tls/Dev/wonderland/AmdVitisDisparity/DisparityMalloc/DisparityMalloc_kernel/DisparityMalloc_kernel/sw_emu/cluster/cluster/cluster'.
INFO: [HLS 200-1510] Running: set_top cluster 
INFO: [HLS 200-1510] Running: add_files /home/tls/Dev/wonderland/AmdVitisDisparity/DisparityMalloc/DisparityMalloc_kernel/cluster.c -cflags  -g 
INFO: [HLS 200-10] Adding design file '/home/tls/Dev/wonderland/AmdVitisDisparity/DisparityMalloc/DisparityMalloc_kernel/cluster.c' to the project
INFO: [HLS 200-1510] Running: open_solution -flow_target vitis solution 
INFO: [HLS 200-10] Creating and opening solution '/home/tls/Dev/wonderland/AmdVitisDisparity/DisparityMalloc/DisparityMalloc_kernel/DisparityMalloc_kernel/sw_emu/cluster/cluster/cluster/solution'.
INFO: [HLS 200-1505] Using flow_target 'vitis'
Resolution: For help on HLS 200-1505 see docs.xilinx.com/access/sources/dita/topic?Doc_Version=2024.1%20English&url=ug1448-hls-guidance&resourceid=200-1505.html
INFO: [HLS 200-435] Setting 'open_solution -flow_target vitis' configuration: config_interface -m_axi_latency=64
INFO: [HLS 200-435] Setting 'open_solution -flow_target vitis' configuration: config_interface -m_axi_alignment_byte_size=64
INFO: [HLS 200-435] Setting 'open_solution -flow_target vitis' configuration: config_interface -m_axi_max_widen_bitwidth=512
INFO: [HLS 200-435] Setting 'open_solution -flow_target vitis' configuration: config_rtl -register_reset_num=3
INFO: [HLS 200-1510] Running: set_part xczu9eg-ffvb1156-2-e 
INFO: [HLS 200-1611] Setting target device to 'xczu9eg-ffvb1156-2-e'
INFO: [HLS 200-1510] Running: create_clock -period 150.000000MHz -name default 
INFO: [SYN 201-201] Setting up clock 'default' with a period of 6.667ns.
INFO: [HLS 200-1510] Running: config_rtl -kernel_profile 
INFO: [HLS 200-1510] Running: config_dataflow -strict_mode warning 
INFO: [HLS 200-1510] Running: config_debug -enable 
INFO: [HLS 200-1510] Running: config_rtl -deadlock_detection none 
INFO: [HLS 200-1510] Running: config_interface -m_axi_conservative_mode=1 
INFO: [HLS 200-1510] Running: config_interface -m_axi_addr64 
INFO: [HLS 200-1510] Running: config_interface -m_axi_auto_max_ports=0 
INFO: [HLS 200-1510] Running: config_export -format xo -ipname cluster 
INFO: [HLS 200-1510] Running: csynth_design -synthesis_check 
INFO: [HLS 200-111] Finished File checks and directory preparation: CPU user time: 0.07 seconds. CPU system time: 0 seconds. Elapsed time: 0.07 seconds; current allocated memory: 361.141 MB.
INFO: [HLS 200-10] Analyzing design file '../../../../cluster.c' ... 
WARNING: [HLS 207-5292] unused parameter 'borderMat_w' (../../../../cluster.c:3:63)
WARNING: [HLS 207-5292] unused parameter 'borderMat_h' (../../../../cluster.c:4:20)
WARNING: [HLS 207-5292] unused parameter 'paddedArray_h' (../../../../cluster.c:5:39)
WARNING: [HLS 207-5292] unused parameter 'Iright_moved_h' (../../../../cluster.c:57:41)
WARNING: [HLS 207-5292] unused parameter 'SAD_h' (../../../../cluster.c:58:32)
WARNING: [HLS 207-5292] unused parameter 'integralImg_h' (../../../../cluster.c:83:47)
WARNING: [HLS 207-5292] unused parameter 'retSAD_h' (../../../../cluster.c:126:33)
WARNING: [HLS 207-5292] unused parameter 'range_h' (../../../../cluster.c:154:39)
INFO: [HLS 200-111] Finished Source Code Analysis and Preprocessing: CPU user time: 0.32 seconds. CPU system time: 0.52 seconds. Elapsed time: 0.86 seconds; current allocated memory: 362.867 MB.
INFO: [HLS 200-777] Using interface defaults for 'Vitis' flow target.
INFO: [HLS 200-1995] There were 283 instructions in the design after the 'Compile/Link' phase of compilation. See the Design Size Report for more details: /home/tls/Dev/wonderland/AmdVitisDisparity/DisparityMalloc/DisparityMalloc_kernel/DisparityMalloc_kernel/sw_emu/cluster/cluster/cluster/solution/syn/report/csynth_design_size.rpt
INFO: [HLS 200-1995] There were 258 instructions in the design after the 'Unroll/Inline (step 1)' phase of compilation. See the Design Size Report for more details: /home/tls/Dev/wonderland/AmdVitisDisparity/DisparityMalloc/DisparityMalloc_kernel/DisparityMalloc_kernel/sw_emu/cluster/cluster/cluster/solution/syn/report/csynth_design_size.rpt
INFO: [HLS 200-1995] There were 206 instructions in the design after the 'Unroll/Inline (step 2)' phase of compilation. See the Design Size Report for more details: /home/tls/Dev/wonderland/AmdVitisDisparity/DisparityMalloc/DisparityMalloc_kernel/DisparityMalloc_kernel/sw_emu/cluster/cluster/cluster/solution/syn/report/csynth_design_size.rpt
INFO: [HLS 200-1995] There were 271 instructions in the design after the 'Unroll/Inline (step 3)' phase of compilation. See the Design Size Report for more details: /home/tls/Dev/wonderland/AmdVitisDisparity/DisparityMalloc/DisparityMalloc_kernel/DisparityMalloc_kernel/sw_emu/cluster/cluster/cluster/solution/syn/report/csynth_design_size.rpt
INFO: [HLS 200-1995] There were 257 instructions in the design after the 'Unroll/Inline (step 4)' phase of compilation. See the Design Size Report for more details: /home/tls/Dev/wonderland/AmdVitisDisparity/DisparityMalloc/DisparityMalloc_kernel/DisparityMalloc_kernel/sw_emu/cluster/cluster/cluster/solution/syn/report/csynth_design_size.rpt
INFO: [HLS 200-1995] There were 246 instructions in the design after the 'Array/Struct (step 1)' phase of compilation. See the Design Size Report for more details: /home/tls/Dev/wonderland/AmdVitisDisparity/DisparityMalloc/DisparityMalloc_kernel/DisparityMalloc_kernel/sw_emu/cluster/cluster/cluster/solution/syn/report/csynth_design_size.rpt
INFO: [HLS 200-1995] There were 246 instructions in the design after the 'Array/Struct (step 2)' phase of compilation. See the Design Size Report for more details: /home/tls/Dev/wonderland/AmdVitisDisparity/DisparityMalloc/DisparityMalloc_kernel/DisparityMalloc_kernel/sw_emu/cluster/cluster/cluster/solution/syn/report/csynth_design_size.rpt
INFO: [HLS 200-1995] There were 246 instructions in the design after the 'Array/Struct (step 3)' phase of compilation. See the Design Size Report for more details: /home/tls/Dev/wonderland/AmdVitisDisparity/DisparityMalloc/DisparityMalloc_kernel/DisparityMalloc_kernel/sw_emu/cluster/cluster/cluster/solution/syn/report/csynth_design_size.rpt
INFO: [HLS 200-1995] There were 246 instructions in the design after the 'Array/Struct (step 4)' phase of compilation. See the Design Size Report for more details: /home/tls/Dev/wonderland/AmdVitisDisparity/DisparityMalloc/DisparityMalloc_kernel/DisparityMalloc_kernel/sw_emu/cluster/cluster/cluster/solution/syn/report/csynth_design_size.rpt
INFO: [HLS 200-1995] There were 256 instructions in the design after the 'Array/Struct (step 5)' phase of compilation. See the Design Size Report for more details: /home/tls/Dev/wonderland/AmdVitisDisparity/DisparityMalloc/DisparityMalloc_kernel/DisparityMalloc_kernel/sw_emu/cluster/cluster/cluster/solution/syn/report/csynth_design_size.rpt
INFO: [HLS 200-1995] There were 256 instructions in the design after the 'Performance (step 1)' phase of compilation. See the Design Size Report for more details: /home/tls/Dev/wonderland/AmdVitisDisparity/DisparityMalloc/DisparityMalloc_kernel/DisparityMalloc_kernel/sw_emu/cluster/cluster/cluster/solution/syn/report/csynth_design_size.rpt
INFO: [HLS 200-1995] There were 256 instructions in the design after the 'Performance (step 2)' phase of compilation. See the Design Size Report for more details: /home/tls/Dev/wonderland/AmdVitisDisparity/DisparityMalloc/DisparityMalloc_kernel/DisparityMalloc_kernel/sw_emu/cluster/cluster/cluster/solution/syn/report/csynth_design_size.rpt
INFO: [HLS 200-1995] There were 245 instructions in the design after the 'Performance (step 3)' phase of compilation. See the Design Size Report for more details: /home/tls/Dev/wonderland/AmdVitisDisparity/DisparityMalloc/DisparityMalloc_kernel/DisparityMalloc_kernel/sw_emu/cluster/cluster/cluster/solution/syn/report/csynth_design_size.rpt
INFO: [HLS 200-1995] There were 245 instructions in the design after the 'Performance (step 4)' phase of compilation. See the Design Size Report for more details: /home/tls/Dev/wonderland/AmdVitisDisparity/DisparityMalloc/DisparityMalloc_kernel/DisparityMalloc_kernel/sw_emu/cluster/cluster/cluster/solution/syn/report/csynth_design_size.rpt
INFO: [HLS 200-1995] There were 245 instructions in the design after the 'HW Transforms (step 1)' phase of compilation. See the Design Size Report for more details: /home/tls/Dev/wonderland/AmdVitisDisparity/DisparityMalloc/DisparityMalloc_kernel/DisparityMalloc_kernel/sw_emu/cluster/cluster/cluster/solution/syn/report/csynth_design_size.rpt
INFO: [HLS 200-1995] There were 226 instructions in the design after the 'HW Transforms (step 2)' phase of compilation. See the Design Size Report for more details: /home/tls/Dev/wonderland/AmdVitisDisparity/DisparityMalloc/DisparityMalloc_kernel/DisparityMalloc_kernel/sw_emu/cluster/cluster/cluster/solution/syn/report/csynth_design_size.rpt
INFO: [HLS 214-178] Inlining function 'outlined_fun_18' into 'cluster' (../../../../cluster.c:178:0)
INFO: [HLS 214-178] Inlining function 'padarray4' into 'cluster' (../../../../cluster.c:178:0)
INFO: [HLS 214-178] Inlining function 'computeSAD' into 'cluster' (../../../../cluster.c:178:0)
INFO: [HLS 214-178] Inlining function 'integralImage2D2D' into 'cluster' (../../../../cluster.c:178:0)
INFO: [HLS 214-178] Inlining function 'finalSAD' into 'cluster' (../../../../cluster.c:178:0)
INFO: [HLS 214-376] automatically set the pipeline for Loop< unknown> at ../../../../cluster.c:163:5 
INFO: [HLS 214-376] automatically set the pipeline for Loop< unknown> at ../../../../cluster.c:44:2 
INFO: [HLS 214-376] automatically set the pipeline for Loop< unknown> at ../../../../cluster.c:71:2 
INFO: [HLS 214-376] automatically set the pipeline for Loop< unknown> at ../../../../cluster.c:92:5 
INFO: [HLS 214-376] automatically set the pipeline for Loop< unknown> at ../../../../cluster.c:101:2 
INFO: [HLS 214-376] automatically set the pipeline for Loop< unknown> at ../../../../cluster.c:112:2 
INFO: [HLS 214-376] automatically set the pipeline for Loop< unknown> at ../../../../cluster.c:140:2 
INFO: [HLS 200-111] Finished Compiling Optimization and Transform: CPU user time: 2.12 seconds. CPU system time: 0.62 seconds. Elapsed time: 7.22 seconds; current allocated memory: 372.902 MB.
INFO: [HLS 200-111] Finished Checking Pragmas: CPU user time: 0 seconds. CPU system time: 0 seconds. Elapsed time: 0 seconds; current allocated memory: 372.902 MB.
INFO: [HLS 200-1493] Running only source code synthesis checks, skipping scheduling and RTL generation.
INFO: [HLS 200-2161] Finished Command csynth_design Elapsed time: 00:00:08; Allocated memory: 11.840 MB.
INFO: [HLS 200-1510] Running: close_project 
HLS completed successfully
INFO: [HLS 200-112] Total CPU user time: 5.62 seconds. Total CPU system time: 1.71 seconds. Total elapsed time: 11.65 seconds; peak allocated memory: 372.980 MB.
