../src/edgedetect.cpp:45:30: warning: taking the absolute value of unsigned type 'unsigned char' has no effect [-Wabsolute-value]
            normal_factor += abs(filter[r * 3 + c]);
                             ^
../src/edgedetect.cpp:45:30: note: remove the call to 'abs' since unsigned values cannot be negative
            normal_factor += abs(filter[r * 3 + c]);
                             ^~~
../src/edgedetect.cpp:88:30: warning: taking the absolute value of unsigned type 'unsigned char' has no effect [-Wabsolute-value]
            normal_factor += abs(filter[r * 3 + c]);
                             ^
../src/edgedetect.cpp:88:30: note: remove the call to 'abs' since unsigned values cannot be negative
            normal_factor += abs(filter[r * 3 + c]);
                             ^~~
../src/edgedetect.cpp:131:30: warning: taking the absolute value of unsigned type 'unsigned char' has no effect [-Wabsolute-value]
            normal_factor += abs(filter[r * 3 + c]);
                             ^
../src/edgedetect.cpp:131:30: note: remove the call to 'abs' since unsigned values cannot be negative
            normal_factor += abs(filter[r * 3 + c]);
                             ^~~
../src/edgedetect.cpp:166:9: warning: HLS pragma dump _XLX_SEP_ PragmaIsValid=1_XLX_SEP_ PragmaType=pipeline_XLX_SEP_ PragmaContext=_XLX_SEP_ PragmaFunction=combthreshold_XLX_SEP_ PragmaOptions=_XLX_SEP_ [-Wdump-hls-pragmas]
#pragma HLS pipeline
        ^
../src/edgedetect.cpp:167:10: warning: taking the absolute value of unsigned type 'unsigned char' has no effect [-Wabsolute-value]
 temp1 = abs(image_gray[i * 640 + j]);
         ^
../src/edgedetect.cpp:167:10: note: remove the call to 'abs' since unsigned values cannot be negative
 temp1 = abs(image_gray[i * 640 + j]);
         ^~~
../src/edgedetect.cpp:168:21: warning: taking the absolute value of unsigned type 'unsigned char' has no effect [-Wabsolute-value]
            temp2 = abs(temp_buf[i * 640 + j]);
                    ^
../src/edgedetect.cpp:168:21: note: remove the call to 'abs' since unsigned values cannot be negative
            temp2 = abs(temp_buf[i * 640 + j]);
                    ^~~
directive:1:9: warning: HLS pragma dump _XLX_SEP_ PragmaIsValid=1_XLX_SEP_ PragmaType=top_XLX_SEP_ PragmaContext=directive_XLX_SEP_ PragmaFunction=edgedetect_XLX_SEP_ PragmaOptions=name=edgedetect_XLX_SEP_ [-Wdump-hls-pragmas]
#pragma HLSDIRECTIVE TOP name=edgedetect
        ^
7 warnings generated.
