

================================================================
== Vitis HLS Report for 'edgedetect_Pipeline_VITIS_LOOP_10_1_VITIS_LOOP_13_2'
================================================================
* Date:           Sat Sep 21 02:17:23 2024

* Version:        2024.1 (Build 5069499 on May 21 2024)
* Project:        EdgedetectBaseline_cluster
* Solution:       hls (Vitis Kernel Flow Target)
* Product family: zynquplus
* Target device:  xczu9eg-ffvb1156-2-e


================================================================
== Performance Estimates
================================================================
+ Timing: 
    * Summary: 
    +--------+---------+----------+------------+
    |  Clock |  Target | Estimated| Uncertainty|
    +--------+---------+----------+------------+
    |ap_clk  |  6.67 ns|  4.867 ns|     1.80 ns|
    +--------+---------+----------+------------+

+ Latency: 
    * Summary: 
    +---------+---------+----------+----------+--------+--------+-----------------------------------------------+
    |  Latency (cycles) |  Latency (absolute) |     Interval    |                    Pipeline                   |
    |   min   |   max   |    min   |    max   |   min  |   max  |                      Type                     |
    +---------+---------+----------+----------+--------+--------+-----------------------------------------------+
    |   921708|   921708|  6.145 ms|  6.145 ms|  921603|  921603|  loop auto-rewind stp(delay=0 clock cycles(s))|
    +---------+---------+----------+----------+--------+--------+-----------------------------------------------+

    + Detail: 
        * Instance: 
        N/A

        * Loop: 
        +-----------------------------------+---------+---------+----------+-----------+-----------+--------+----------+
        |                                   |  Latency (cycles) | Iteration|  Initiation Interval  |  Trip  |          |
        |             Loop Name             |   min   |   max   |  Latency |  achieved |   target  |  Count | Pipelined|
        +-----------------------------------+---------+---------+----------+-----------+-----------+--------+----------+
        |- VITIS_LOOP_10_1_VITIS_LOOP_13_2  |   921706|   921706|       110|          3|          1|  307200|       yes|
        +-----------------------------------+---------+---------+----------+-----------+-----------+--------+----------+



================================================================
== Utilization Estimates
================================================================
* Summary: 
+-----------------+---------+------+--------+--------+-----+
|       Name      | BRAM_18K|  DSP |   FF   |   LUT  | URAM|
+-----------------+---------+------+--------+--------+-----+
|DSP              |        -|     -|       -|       -|    -|
|Expression       |        -|     -|       0|    8181|    -|
|FIFO             |        -|     -|       -|       -|    -|
|Instance         |        -|    15|    1973|    1643|    -|
|Memory           |        2|     -|       0|       0|    -|
|Multiplexer      |        -|     -|       0|     209|    -|
|Register         |        -|     -|    3282|     192|    -|
+-----------------+---------+------+--------+--------+-----+
|Total            |        2|    15|    5255|   10225|    0|
+-----------------+---------+------+--------+--------+-----+
|Available        |     1824|  2520|  548160|  274080|    0|
+-----------------+---------+------+--------+--------+-----+
|Utilization (%)  |       ~0|    ~0|      ~0|       3|    0|
+-----------------+---------+------+--------+--------+-----+

+ Detail: 
    * Instance: 
    +------------------------------------+--------------------------------+---------+----+-----+-----+-----+
    |              Instance              |             Module             | BRAM_18K| DSP|  FF | LUT | URAM|
    +------------------------------------+--------------------------------+---------+----+-----+-----+-----+
    |dadd_64ns_64ns_64_8_full_dsp_1_U10  |dadd_64ns_64ns_64_8_full_dsp_1  |        0|   3|  687|  711|    0|
    |dmul_64ns_64ns_64_7_max_dsp_1_U11   |dmul_64ns_64ns_64_7_max_dsp_1   |        0|  11|  342|  206|    0|
    |fpext_32ns_64_2_no_dsp_1_U9         |fpext_32ns_64_2_no_dsp_1        |        0|   0|    0|    0|    0|
    |fptrunc_64ns_32_2_no_dsp_1_U8       |fptrunc_64ns_32_2_no_dsp_1      |        0|   0|    0|    0|    0|
    |mul_19ns_21ns_39_1_1_U14            |mul_19ns_21ns_39_1_1            |        0|   1|    0|   15|    0|
    |sitodp_32ns_64_5_no_dsp_1_U12       |sitodp_32ns_64_5_no_dsp_1       |        0|   0|    0|    0|    0|
    |sparsemux_9_3_64_1_1_U15            |sparsemux_9_3_64_1_1            |        0|   0|    0|   14|    0|
    |urem_19ns_4ns_3_23_1_U13            |urem_19ns_4ns_3_23_1            |        0|   0|  944|  697|    0|
    +------------------------------------+--------------------------------+---------+----+-----+-----+-----+
    |Total                               |                                |        0|  15| 1973| 1643|    0|
    +------------------------------------+--------------------------------+---------+----+-----+-----+-----+

    * DSP: 
    N/A

    * Memory: 
    +--------------+----------------------------------------------------------------------------+---------+---+----+-----+------+-----+------+-------------+
    |    Memory    |                                   Module                                   | BRAM_18K| FF| LUT| URAM| Words| Bits| Banks| W*Bits*Banks|
    +--------------+----------------------------------------------------------------------------+---------+---+----+-----+------+-----+------+-------------+
    |mask_table_U  |edgedetect_Pipeline_VITIS_LOOP_10_1_VITIS_LOOP_13_2_mask_table_ROM_AUTO_1R  |        2|  0|   0|    0|    64|   52|     1|         3328|
    +--------------+----------------------------------------------------------------------------+---------+---+----+-----+------+-----+------+-------------+
    |Total         |                                                                            |        2|  0|   0|    0|    64|   52|     1|         3328|
    +--------------+----------------------------------------------------------------------------+---------+---+----+-----+------+-----+------+-------------+

    * FIFO: 
    N/A

    * Expression: 
    +---------------------------+----------+----+---+------+------------+------------+
    |       Variable Name       | Operation| DSP| FF|  LUT | Bitwidth P0| Bitwidth P1|
    +---------------------------+----------+----+---+------+------------+------------+
    |add_ln10_1_fu_423_p2       |         +|   0|  0|    16|           9|           1|
    |add_ln10_fu_386_p2         |         +|   0|  0|    26|          19|           1|
    |add_ln13_fu_560_p2         |         +|   0|  0|    17|          10|           1|
    |add_ln15_1_fu_522_p2       |         +|   0|  0|    71|          64|          64|
    |add_ln15_2_fu_618_p2       |         +|   0|  0|    71|          64|          64|
    |add_ln15_3_fu_637_p2       |         +|   0|  0|    71|          64|          64|
    |add_ln15_fu_517_p2         |         +|   0|  0|    71|          64|          64|
    |add_ln18_fu_542_p2         |         +|   0|  0|    18|          11|           2|
    |add_ln21_fu_548_p2         |         +|   0|  0|    19|          19|          19|
    |add_ln36_fu_848_p2         |         +|   0|  0|    71|          64|          64|
    |add_ln486_fu_1037_p2       |         +|   0|  0|    19|          12|          11|
    |empty_35_fu_503_p2         |         +|   0|  0|    19|          19|          19|
    |empty_fu_457_p2            |         -|   0|  0|    27|          20|          20|
    |sub_ln71_fu_1051_p2        |         -|   0|  0|    18|          10|          11|
    |and_ln19_1_fu_964_p2       |       and|   0|  0|     2|           1|           1|
    |and_ln19_fu_959_p2         |       and|   0|  0|     2|           1|           1|
    |and_ln24_fu_925_p2         |       and|   0|  0|     2|           1|           1|
    |ap_block_state3_io         |       and|   0|  0|     2|           1|           1|
    |xs_sig_3_fu_899_p2         |       and|   0|  0|    52|          52|          52|
    |xs_sign_2_fu_876_p2        |       and|   0|  0|     2|           1|           1|
    |icmp_ln10_fu_380_p2        |      icmp|   0|  0|    26|          19|          19|
    |icmp_ln13_fu_401_p2        |      icmp|   0|  0|    17|          10|          10|
    |icmp_ln18_fu_816_p2        |      icmp|   0|  0|    18|          11|          10|
    |icmp_ln19_1_fu_948_p2      |      icmp|   0|  0|    18|          11|           1|
    |icmp_ln19_fu_943_p2        |      icmp|   0|  0|    59|          52|           1|
    |icmp_ln24_fu_821_p2        |      icmp|   0|  0|    18|          11|          11|
    |lshr_ln15_1_fu_730_p2      |      lshr|   0|  0|  2171|         512|         512|
    |lshr_ln15_2_fu_754_p2      |      lshr|   0|  0|  2171|         512|         512|
    |lshr_ln15_fu_710_p2        |      lshr|   0|  0|  2171|         512|         512|
    |lshr_ln71_fu_1076_p2       |      lshr|   0|  0|   370|         113|         113|
    |ap_block_pp0_stage0_11001  |        or|   0|  0|     2|           1|           1|
    |ap_block_pp0_stage1_11001  |        or|   0|  0|     2|           1|           1|
    |ap_block_pp0_stage2_11001  |        or|   0|  0|     2|           1|           1|
    |or_ln19_fu_953_p2          |        or|   0|  0|     2|           1|           1|
    |or_ln24_fu_931_p2          |        or|   0|  0|     2|           1|           1|
    |select_ln10_1_fu_415_p3    |    select|   0|  0|    10|           1|           1|
    |select_ln10_2_fu_429_p3    |    select|   0|  0|     9|           1|           9|
    |select_ln10_fu_407_p3      |    select|   0|  0|    10|           1|           1|
    |select_ln71_fu_1060_p3     |    select|   0|  0|    11|           1|          12|
    |val_fu_1106_p3             |    select|   0|  0|     8|           1|           8|
    |xs_exp_2_fu_881_p3         |    select|   0|  0|    10|           1|          11|
    |xs_sig_2_fu_887_p3         |    select|   0|  0|    50|           1|          52|
    |shl_ln71_fu_1092_p2        |       shl|   0|  0|   370|         113|         113|
    |ap_enable_pp0              |       xor|   0|  0|     2|           1|           2|
    |xor_ln18_fu_919_p2         |       xor|   0|  0|     2|           1|           2|
    |xor_ln24_fu_937_p2         |       xor|   0|  0|     2|           1|           2|
    |xor_ln39_fu_893_p2         |       xor|   0|  0|    52|          52|           2|
    +---------------------------+----------+----+---+------+------------+------------+
    |Total                      |          |   0|  0|  8181|        2449|        2383|
    +---------------------------+----------+----+---+------+------------+------------+

    * Multiplexer: 
    +-------------------------+----+-----------+-----+-----------+
    |           Name          | LUT| Input Size| Bits| Total Bits|
    +-------------------------+----+-----------+-----+-----------+
    |ap_NS_fsm                |  20|          4|    1|          4|
    |ap_done_int              |   9|          2|    1|          2|
    |ap_enable_reg_pp0_iter0  |   9|          2|    1|          2|
    |ap_enable_reg_pp0_iter1  |   9|          2|    1|          2|
    |gmem_blk_n_AR            |   9|          2|    1|          2|
    |gmem_blk_n_R             |   9|          2|    1|          2|
    |grp_fu_343_p0            |  14|          3|   64|        192|
    |grp_fu_343_p1            |  14|          3|   64|        192|
    |grp_fu_347_p0            |  20|          4|   64|        256|
    |grp_fu_347_p1            |  20|          4|   64|        256|
    |grp_fu_354_p0            |  20|          4|   32|        128|
    |i_fu_196                 |   9|          2|    9|         18|
    |indvar_flatten_fu_200    |   9|          2|   19|         38|
    |j_fu_188                 |   9|          2|   10|         20|
    |jj_fu_192                |   9|          2|   11|         22|
    |m_axi_gmem_ARADDR        |  20|          4|   64|        256|
    +-------------------------+----+-----------+-----+-----------+
    |Total                    | 209|         44|  407|       1392|
    +-------------------------+----+-----------+-----+-----------+

    * Register: 
    +-----------------------------------+-----+----+-----+-----------+
    |                Name               |  FF | LUT| Bits| Const Bits|
    +-----------------------------------+-----+----+-----+-----------+
    |add24_i_reg_1318                   |   64|   0|   64|          0|
    |add28_i_reg_1323                   |   64|   0|   64|          0|
    |add_ln15_reg_1174                  |   64|   0|   64|          0|
    |add_ln21_reg_1190                  |   19|   0|   19|          0|
    |ap_CS_fsm                          |    3|   0|    3|          0|
    |ap_done_reg                        |    1|   0|    1|          0|
    |ap_enable_reg_pp0_iter0_reg        |    1|   0|    1|          0|
    |ap_enable_reg_pp0_iter1            |    1|   0|    1|          0|
    |ap_enable_reg_pp0_iter10           |    1|   0|    1|          0|
    |ap_enable_reg_pp0_iter11           |    1|   0|    1|          0|
    |ap_enable_reg_pp0_iter12           |    1|   0|    1|          0|
    |ap_enable_reg_pp0_iter13           |    1|   0|    1|          0|
    |ap_enable_reg_pp0_iter14           |    1|   0|    1|          0|
    |ap_enable_reg_pp0_iter15           |    1|   0|    1|          0|
    |ap_enable_reg_pp0_iter16           |    1|   0|    1|          0|
    |ap_enable_reg_pp0_iter17           |    1|   0|    1|          0|
    |ap_enable_reg_pp0_iter18           |    1|   0|    1|          0|
    |ap_enable_reg_pp0_iter19           |    1|   0|    1|          0|
    |ap_enable_reg_pp0_iter2            |    1|   0|    1|          0|
    |ap_enable_reg_pp0_iter20           |    1|   0|    1|          0|
    |ap_enable_reg_pp0_iter21           |    1|   0|    1|          0|
    |ap_enable_reg_pp0_iter22           |    1|   0|    1|          0|
    |ap_enable_reg_pp0_iter23           |    1|   0|    1|          0|
    |ap_enable_reg_pp0_iter24           |    1|   0|    1|          0|
    |ap_enable_reg_pp0_iter25           |    1|   0|    1|          0|
    |ap_enable_reg_pp0_iter26           |    1|   0|    1|          0|
    |ap_enable_reg_pp0_iter27           |    1|   0|    1|          0|
    |ap_enable_reg_pp0_iter28           |    1|   0|    1|          0|
    |ap_enable_reg_pp0_iter29           |    1|   0|    1|          0|
    |ap_enable_reg_pp0_iter3            |    1|   0|    1|          0|
    |ap_enable_reg_pp0_iter30           |    1|   0|    1|          0|
    |ap_enable_reg_pp0_iter31           |    1|   0|    1|          0|
    |ap_enable_reg_pp0_iter32           |    1|   0|    1|          0|
    |ap_enable_reg_pp0_iter33           |    1|   0|    1|          0|
    |ap_enable_reg_pp0_iter34           |    1|   0|    1|          0|
    |ap_enable_reg_pp0_iter35           |    1|   0|    1|          0|
    |ap_enable_reg_pp0_iter36           |    1|   0|    1|          0|
    |ap_enable_reg_pp0_iter4            |    1|   0|    1|          0|
    |ap_enable_reg_pp0_iter5            |    1|   0|    1|          0|
    |ap_enable_reg_pp0_iter6            |    1|   0|    1|          0|
    |ap_enable_reg_pp0_iter7            |    1|   0|    1|          0|
    |ap_enable_reg_pp0_iter8            |    1|   0|    1|          0|
    |ap_enable_reg_pp0_iter9            |    1|   0|    1|          0|
    |ap_loop_exit_ready_pp0_iter10_reg  |    1|   0|    1|          0|
    |ap_loop_exit_ready_pp0_iter11_reg  |    1|   0|    1|          0|
    |ap_loop_exit_ready_pp0_iter12_reg  |    1|   0|    1|          0|
    |ap_loop_exit_ready_pp0_iter13_reg  |    1|   0|    1|          0|
    |ap_loop_exit_ready_pp0_iter14_reg  |    1|   0|    1|          0|
    |ap_loop_exit_ready_pp0_iter15_reg  |    1|   0|    1|          0|
    |ap_loop_exit_ready_pp0_iter16_reg  |    1|   0|    1|          0|
    |ap_loop_exit_ready_pp0_iter17_reg  |    1|   0|    1|          0|
    |ap_loop_exit_ready_pp0_iter18_reg  |    1|   0|    1|          0|
    |ap_loop_exit_ready_pp0_iter19_reg  |    1|   0|    1|          0|
    |ap_loop_exit_ready_pp0_iter1_reg   |    1|   0|    1|          0|
    |ap_loop_exit_ready_pp0_iter20_reg  |    1|   0|    1|          0|
    |ap_loop_exit_ready_pp0_iter21_reg  |    1|   0|    1|          0|
    |ap_loop_exit_ready_pp0_iter22_reg  |    1|   0|    1|          0|
    |ap_loop_exit_ready_pp0_iter23_reg  |    1|   0|    1|          0|
    |ap_loop_exit_ready_pp0_iter24_reg  |    1|   0|    1|          0|
    |ap_loop_exit_ready_pp0_iter25_reg  |    1|   0|    1|          0|
    |ap_loop_exit_ready_pp0_iter26_reg  |    1|   0|    1|          0|
    |ap_loop_exit_ready_pp0_iter27_reg  |    1|   0|    1|          0|
    |ap_loop_exit_ready_pp0_iter28_reg  |    1|   0|    1|          0|
    |ap_loop_exit_ready_pp0_iter29_reg  |    1|   0|    1|          0|
    |ap_loop_exit_ready_pp0_iter2_reg   |    1|   0|    1|          0|
    |ap_loop_exit_ready_pp0_iter30_reg  |    1|   0|    1|          0|
    |ap_loop_exit_ready_pp0_iter31_reg  |    1|   0|    1|          0|
    |ap_loop_exit_ready_pp0_iter32_reg  |    1|   0|    1|          0|
    |ap_loop_exit_ready_pp0_iter33_reg  |    1|   0|    1|          0|
    |ap_loop_exit_ready_pp0_iter34_reg  |    1|   0|    1|          0|
    |ap_loop_exit_ready_pp0_iter35_reg  |    1|   0|    1|          0|
    |ap_loop_exit_ready_pp0_iter3_reg   |    1|   0|    1|          0|
    |ap_loop_exit_ready_pp0_iter4_reg   |    1|   0|    1|          0|
    |ap_loop_exit_ready_pp0_iter5_reg   |    1|   0|    1|          0|
    |ap_loop_exit_ready_pp0_iter6_reg   |    1|   0|    1|          0|
    |ap_loop_exit_ready_pp0_iter7_reg   |    1|   0|    1|          0|
    |ap_loop_exit_ready_pp0_iter8_reg   |    1|   0|    1|          0|
    |ap_loop_exit_ready_pp0_iter9_reg   |    1|   0|    1|          0|
    |b_reg_1273                         |    8|   0|    8|          0|
    |conv19_i_reg_1288                  |   64|   0|   64|          0|
    |conv22_i_reg_1293                  |   64|   0|   64|          0|
    |conv26_i_reg_1298                  |   64|   0|   64|          0|
    |dc_reg_1333                        |   64|   0|   64|          0|
    |g_reg_1258                         |    8|   0|    8|          0|
    |gmem_addr_1_read_reg_1253          |  512|   0|  512|          0|
    |gmem_addr_2_read_reg_1263          |  512|   0|  512|          0|
    |gmem_addr_read_reg_1243            |  512|   0|  512|          0|
    |gray_reg_1328                      |   32|   0|   32|          0|
    |i_fu_196                           |    9|   0|    9|          0|
    |icmp_ln10_reg_1160                 |    1|   0|    1|          0|
    |indvar_flatten_fu_200              |   19|   0|   19|          0|
    |j_fu_188                           |   10|   0|   10|          0|
    |jj_fu_192                          |   11|   0|   11|          0|
    |mul20_i_reg_1303                   |   64|   0|   64|          0|
    |mul23_i_reg_1308                   |   64|   0|   64|          0|
    |mul27_i_reg_1313                   |   64|   0|   64|          0|
    |r_reg_1248                         |    8|   0|    8|          0|
    |tmp_27_reg_1387                    |    1|   0|    1|          0|
    |tmp_28_reg_1222                    |   17|   0|   17|          0|
    |tmp_2_reg_1169                     |   13|   0|   18|          5|
    |tmp_4_reg_1397                     |    8|   0|    8|          0|
    |tmp_s_reg_1164                     |   13|   0|   19|          6|
    |trunc_ln15_1_reg_1180              |   58|   0|   58|          0|
    |trunc_ln15_3_reg_1207              |    6|   0|    6|          0|
    |trunc_ln15_5_reg_1202              |   58|   0|   58|          0|
    |trunc_ln15_6_reg_1217              |    6|   0|    6|          0|
    |trunc_ln15_7_reg_1212              |   58|   0|   58|          0|
    |trunc_ln15_reg_1185                |    6|   0|    6|          0|
    |trunc_ln21_reg_1239                |    3|   0|    3|          0|
    |trunc_ln479_reg_1366               |   63|   0|   63|          0|
    |trunc_ln505_reg_1377               |   52|   0|   52|          0|
    |xs_exp_4_reg_1371                  |   11|   0|   11|          0|
    |xs_exp_reg_1347                    |   11|   0|   11|          0|
    |xs_sig_reg_1355                    |   52|   0|   52|          0|
    |xs_sign_reg_1338                   |    1|   0|    1|          0|
    |zext_ln68_reg_1382                 |   52|   0|  113|         61|
    |zext_ln71_reg_1392                 |   32|   0|  113|         81|
    |mul27_i_reg_1313                   |   64|  32|   64|          0|
    |tmp_28_reg_1222                    |   64|  32|   17|          0|
    |trunc_ln15_3_reg_1207              |   64|  32|    6|          0|
    |trunc_ln15_6_reg_1217              |   64|  32|    6|          0|
    |trunc_ln15_reg_1185                |   64|  32|    6|          0|
    |trunc_ln21_reg_1239                |   64|  32|    3|          0|
    +-----------------------------------+-----+----+-----+-----------+
    |Total                              | 3282| 192| 3153|        153|
    +-----------------------------------+-----+----+-----+-----------+



================================================================
== Interface
================================================================
* Summary: 
+-----------------------+-----+-----+------------+-----------------------------------------------------+--------------+
|       RTL Ports       | Dir | Bits|  Protocol  |                    Source Object                    |    C Type    |
+-----------------------+-----+-----+------------+-----------------------------------------------------+--------------+
|ap_clk                 |   in|    1|  ap_ctrl_hs|  edgedetect_Pipeline_VITIS_LOOP_10_1_VITIS_LOOP_13_2|  return value|
|ap_rst                 |   in|    1|  ap_ctrl_hs|  edgedetect_Pipeline_VITIS_LOOP_10_1_VITIS_LOOP_13_2|  return value|
|ap_start               |   in|    1|  ap_ctrl_hs|  edgedetect_Pipeline_VITIS_LOOP_10_1_VITIS_LOOP_13_2|  return value|
|ap_done                |  out|    1|  ap_ctrl_hs|  edgedetect_Pipeline_VITIS_LOOP_10_1_VITIS_LOOP_13_2|  return value|
|ap_idle                |  out|    1|  ap_ctrl_hs|  edgedetect_Pipeline_VITIS_LOOP_10_1_VITIS_LOOP_13_2|  return value|
|ap_ready               |  out|    1|  ap_ctrl_hs|  edgedetect_Pipeline_VITIS_LOOP_10_1_VITIS_LOOP_13_2|  return value|
|m_axi_gmem_AWVALID     |  out|    1|       m_axi|                                                 gmem|       pointer|
|m_axi_gmem_AWREADY     |   in|    1|       m_axi|                                                 gmem|       pointer|
|m_axi_gmem_AWADDR      |  out|   64|       m_axi|                                                 gmem|       pointer|
|m_axi_gmem_AWID        |  out|    1|       m_axi|                                                 gmem|       pointer|
|m_axi_gmem_AWLEN       |  out|   32|       m_axi|                                                 gmem|       pointer|
|m_axi_gmem_AWSIZE      |  out|    3|       m_axi|                                                 gmem|       pointer|
|m_axi_gmem_AWBURST     |  out|    2|       m_axi|                                                 gmem|       pointer|
|m_axi_gmem_AWLOCK      |  out|    2|       m_axi|                                                 gmem|       pointer|
|m_axi_gmem_AWCACHE     |  out|    4|       m_axi|                                                 gmem|       pointer|
|m_axi_gmem_AWPROT      |  out|    3|       m_axi|                                                 gmem|       pointer|
|m_axi_gmem_AWQOS       |  out|    4|       m_axi|                                                 gmem|       pointer|
|m_axi_gmem_AWREGION    |  out|    4|       m_axi|                                                 gmem|       pointer|
|m_axi_gmem_AWUSER      |  out|    1|       m_axi|                                                 gmem|       pointer|
|m_axi_gmem_WVALID      |  out|    1|       m_axi|                                                 gmem|       pointer|
|m_axi_gmem_WREADY      |   in|    1|       m_axi|                                                 gmem|       pointer|
|m_axi_gmem_WDATA       |  out|  512|       m_axi|                                                 gmem|       pointer|
|m_axi_gmem_WSTRB       |  out|   64|       m_axi|                                                 gmem|       pointer|
|m_axi_gmem_WLAST       |  out|    1|       m_axi|                                                 gmem|       pointer|
|m_axi_gmem_WID         |  out|    1|       m_axi|                                                 gmem|       pointer|
|m_axi_gmem_WUSER       |  out|    1|       m_axi|                                                 gmem|       pointer|
|m_axi_gmem_ARVALID     |  out|    1|       m_axi|                                                 gmem|       pointer|
|m_axi_gmem_ARREADY     |   in|    1|       m_axi|                                                 gmem|       pointer|
|m_axi_gmem_ARADDR      |  out|   64|       m_axi|                                                 gmem|       pointer|
|m_axi_gmem_ARID        |  out|    1|       m_axi|                                                 gmem|       pointer|
|m_axi_gmem_ARLEN       |  out|   32|       m_axi|                                                 gmem|       pointer|
|m_axi_gmem_ARSIZE      |  out|    3|       m_axi|                                                 gmem|       pointer|
|m_axi_gmem_ARBURST     |  out|    2|       m_axi|                                                 gmem|       pointer|
|m_axi_gmem_ARLOCK      |  out|    2|       m_axi|                                                 gmem|       pointer|
|m_axi_gmem_ARCACHE     |  out|    4|       m_axi|                                                 gmem|       pointer|
|m_axi_gmem_ARPROT      |  out|    3|       m_axi|                                                 gmem|       pointer|
|m_axi_gmem_ARQOS       |  out|    4|       m_axi|                                                 gmem|       pointer|
|m_axi_gmem_ARREGION    |  out|    4|       m_axi|                                                 gmem|       pointer|
|m_axi_gmem_ARUSER      |  out|    1|       m_axi|                                                 gmem|       pointer|
|m_axi_gmem_RVALID      |   in|    1|       m_axi|                                                 gmem|       pointer|
|m_axi_gmem_RREADY      |  out|    1|       m_axi|                                                 gmem|       pointer|
|m_axi_gmem_RDATA       |   in|  512|       m_axi|                                                 gmem|       pointer|
|m_axi_gmem_RLAST       |   in|    1|       m_axi|                                                 gmem|       pointer|
|m_axi_gmem_RID         |   in|    1|       m_axi|                                                 gmem|       pointer|
|m_axi_gmem_RFIFONUM    |   in|    9|       m_axi|                                                 gmem|       pointer|
|m_axi_gmem_RUSER       |   in|    1|       m_axi|                                                 gmem|       pointer|
|m_axi_gmem_RRESP       |   in|    2|       m_axi|                                                 gmem|       pointer|
|m_axi_gmem_BVALID      |   in|    1|       m_axi|                                                 gmem|       pointer|
|m_axi_gmem_BREADY      |  out|    1|       m_axi|                                                 gmem|       pointer|
|m_axi_gmem_BRESP       |   in|    2|       m_axi|                                                 gmem|       pointer|
|m_axi_gmem_BID         |   in|    1|       m_axi|                                                 gmem|       pointer|
|m_axi_gmem_BUSER       |   in|    1|       m_axi|                                                 gmem|       pointer|
|image_gray_5_address0  |  out|   16|   ap_memory|                                         image_gray_5|         array|
|image_gray_5_ce0       |  out|    1|   ap_memory|                                         image_gray_5|         array|
|image_gray_5_we0       |  out|    1|   ap_memory|                                         image_gray_5|         array|
|image_gray_5_d0        |  out|    8|   ap_memory|                                         image_gray_5|         array|
|image_gray_4_address0  |  out|   16|   ap_memory|                                         image_gray_4|         array|
|image_gray_4_ce0       |  out|    1|   ap_memory|                                         image_gray_4|         array|
|image_gray_4_we0       |  out|    1|   ap_memory|                                         image_gray_4|         array|
|image_gray_4_d0        |  out|    8|   ap_memory|                                         image_gray_4|         array|
|image_gray_3_address0  |  out|   16|   ap_memory|                                         image_gray_3|         array|
|image_gray_3_ce0       |  out|    1|   ap_memory|                                         image_gray_3|         array|
|image_gray_3_we0       |  out|    1|   ap_memory|                                         image_gray_3|         array|
|image_gray_3_d0        |  out|    8|   ap_memory|                                         image_gray_3|         array|
|image_gray_2_address0  |  out|   16|   ap_memory|                                         image_gray_2|         array|
|image_gray_2_ce0       |  out|    1|   ap_memory|                                         image_gray_2|         array|
|image_gray_2_we0       |  out|    1|   ap_memory|                                         image_gray_2|         array|
|image_gray_2_d0        |  out|    8|   ap_memory|                                         image_gray_2|         array|
|image_gray_1_address0  |  out|   16|   ap_memory|                                         image_gray_1|         array|
|image_gray_1_ce0       |  out|    1|   ap_memory|                                         image_gray_1|         array|
|image_gray_1_we0       |  out|    1|   ap_memory|                                         image_gray_1|         array|
|image_gray_1_d0        |  out|    8|   ap_memory|                                         image_gray_1|         array|
|image_gray_address0    |  out|   16|   ap_memory|                                           image_gray|         array|
|image_gray_ce0         |  out|    1|   ap_memory|                                           image_gray|         array|
|image_gray_we0         |  out|    1|   ap_memory|                                           image_gray|         array|
|image_gray_d0          |  out|    8|   ap_memory|                                           image_gray|         array|
|image_rgb              |   in|   64|     ap_none|                                            image_rgb|        scalar|
+-----------------------+-----+-----+------------+-----------------------------------------------------+--------------+

