

================================================================
== Vitis HLS Report for 'edgedetect_Pipeline_VITIS_LOOP_158_3_VITIS_LOOP_160_4'
================================================================
* Date:           Fri Sep 20 23:14:18 2024

* Version:        2024.1 (Build 5069499 on May 21 2024)
* Project:        EdgedetectBaseline_cluster
* Solution:       hls (Vitis Kernel Flow Target)
* Product family: zynquplus
* Target device:  xczu9eg-ffvb1156-2-e


================================================================
== Performance Estimates
================================================================
+ Timing: 
    * Summary: 
    +--------+---------+----------+------------+
    |  Clock |  Target | Estimated| Uncertainty|
    +--------+---------+----------+------------+
    |ap_clk  |  6.67 ns|  4.867 ns|     1.80 ns|
    +--------+---------+----------+------------+

+ Latency: 
    * Summary: 
    +---------+---------+-----------+-----------+---------+---------+-----------------------------------------------+
    |  Latency (cycles) |   Latency (absolute)  |      Interval     |                    Pipeline                   |
    |   min   |   max   |    min    |    max    |   min   |   max   |                      Type                     |
    +---------+---------+-----------+-----------+---------+---------+-----------------------------------------------+
    |  1829873|  1829873|  12.200 ms|  12.200 ms|  1829790|  1829790|  loop auto-rewind stp(delay=0 clock cycles(s))|
    +---------+---------+-----------+-----------+---------+---------+-----------------------------------------------+

    + Detail: 
        * Instance: 
        N/A

        * Loop: 
        +-------------------------------------+---------+---------+----------+-----------+-----------+--------+----------+
        |                                     |  Latency (cycles) | Iteration|  Initiation Interval  |  Trip  |          |
        |              Loop Name              |   min   |   max   |  Latency |  achieved |   target  |  Count | Pipelined|
        +-------------------------------------+---------+---------+----------+-----------+-----------+--------+----------+
        |- VITIS_LOOP_158_3_VITIS_LOOP_160_4  |  1829871|  1829871|        94|          6|          1|  304964|       yes|
        +-------------------------------------+---------+---------+----------+-----------+-----------+--------+----------+



================================================================
== Utilization Estimates
================================================================
* Summary: 
+-----------------+---------+------+--------+--------+-----+
|       Name      | BRAM_18K|  DSP |   FF   |   LUT  | URAM|
+-----------------+---------+------+--------+--------+-----+
|DSP              |        -|     -|       -|       -|    -|
|Expression       |        -|     -|       0|   13833|    -|
|FIFO             |        -|     -|       -|       -|    -|
|Instance         |        -|     -|     340|     237|    -|
|Memory           |        -|     -|       -|       -|    -|
|Multiplexer      |        -|     -|       0|     281|    -|
|Register         |        -|     -|    4328|     288|    -|
+-----------------+---------+------+--------+--------+-----+
|Total            |        0|     0|    4668|   14639|    0|
+-----------------+---------+------+--------+--------+-----+
|Available        |     1824|  2520|  548160|  274080|    0|
+-----------------+---------+------+--------+--------+-----+
|Utilization (%)  |        0|     0|      ~0|       5|    0|
+-----------------+---------+------+--------+--------+-----+

+ Detail: 
    * Instance: 
    +-------------------------+---------------------+---------+----+-----+-----+-----+
    |         Instance        |        Module       | BRAM_18K| DSP|  FF | LUT | URAM|
    +-------------------------+---------------------+---------+----+-----+-----+-----+
    |sdiv_11s_6ns_8_15_1_U94  |sdiv_11s_6ns_8_15_1  |        0|   0|  340|  237|    0|
    +-------------------------+---------------------+---------+----+-----+-----+-----+
    |Total                    |                     |        0|   0|  340|  237|    0|
    +-------------------------+---------------------+---------+----+-----+-----+-----+

    * DSP: 
    N/A

    * Memory: 
    N/A

    * FIFO: 
    N/A

    * Expression: 
    +------------------------------------+----------+----+---+------+------------+------------+
    |            Variable Name           | Operation| DSP| FF|  LUT | Bitwidth P0| Bitwidth P1|
    +------------------------------------+----------+----+---+------+------------+------------+
    |add_ln158_fu_247_p2                 |         +|   0|  0|    26|          19|           1|
    |add_ln163_fu_325_p2                 |         +|   0|  0|    26|          19|          19|
    |add_ln167_1_fu_430_p2               |         +|   0|  0|    71|          64|           2|
    |add_ln167_2_fu_497_p2               |         +|   0|  0|    71|          64|           1|
    |add_ln167_3_fu_526_p2               |         +|   0|  0|    71|          64|           2|
    |add_ln167_4_fu_622_p2               |         +|   0|  0|    16|           9|           9|
    |add_ln167_fu_401_p2                 |         +|   0|  0|    71|          64|           1|
    |add_ln170_fu_738_p2                 |         +|   0|  0|    18|          11|          11|
    |add_ln171_1_fu_370_p2               |         +|   0|  0|    26|          19|          19|
    |add_ln171_2_fu_360_p2               |         +|   0|  0|    18|          11|          10|
    |add_ln171_fu_354_p2                 |         +|   0|  0|    17|          10|           1|
    |empty_32_fu_335_p2                  |         +|   0|  0|    71|          64|          64|
    |empty_33_fu_468_p2                  |         +|   0|  0|    71|          64|          64|
    |empty_fu_311_p2                     |         +|   0|  0|    26|          19|          19|
    |indvars_iv_next25_i74106_fu_273_p2  |         +|   0|  0|    16|           9|           1|
    |tmp23_fu_459_p2                     |         +|   0|  0|    26|          19|          11|
    |sub_ln167_1_fu_728_p2               |         -|   0|  0|    18|          10|          10|
    |sub_ln167_fu_722_p2                 |         -|   0|  0|    18|          10|          10|
    |tmp4_fu_675_p2                      |         -|   0|  0|    16|           9|           9|
    |ap_block_state3_io                  |       and|   0|  0|     2|           1|           1|
    |icmp_ln158_fu_241_p2                |      icmp|   0|  0|    26|          19|          19|
    |icmp_ln160_fu_259_p2                |      icmp|   0|  0|    17|          10|          10|
    |icmp_ln170_fu_774_p2                |      icmp|   0|  0|    21|          14|          14|
    |lshr_ln167_1_fu_586_p2              |      lshr|   0|  0|  2171|         512|         512|
    |lshr_ln167_2_fu_609_p2              |      lshr|   0|  0|  2171|         512|         512|
    |lshr_ln167_3_fu_639_p2              |      lshr|   0|  0|  2171|         512|         512|
    |lshr_ln167_4_fu_662_p2              |      lshr|   0|  0|  2171|         512|         512|
    |lshr_ln167_5_fu_695_p2              |      lshr|   0|  0|  2171|         512|         512|
    |lshr_ln167_fu_566_p2                |      lshr|   0|  0|  2171|         512|         512|
    |ap_block_pp0_stage0_11001           |        or|   0|  0|     2|           1|           1|
    |ap_block_pp0_stage1_11001           |        or|   0|  0|     2|           1|           1|
    |ap_block_pp0_stage2_11001           |        or|   0|  0|     2|           1|           1|
    |ap_block_pp0_stage3_11001           |        or|   0|  0|     2|           1|           1|
    |ap_block_pp0_stage4_11001           |        or|   0|  0|     2|           1|           1|
    |ap_block_pp0_stage5_11001           |        or|   0|  0|     2|           1|           1|
    |pixel_fu_789_p3                     |    select|   0|  0|     8|           1|           2|
    |select_ln131_fu_265_p3              |    select|   0|  0|    10|           1|           1|
    |select_ln158_fu_279_p3              |    select|   0|  0|     9|           1|           9|
    |select_ln170_fu_744_p3              |    select|   0|  0|     5|           1|           1|
    |ap_enable_pp0                       |       xor|   0|  0|     2|           1|           2|
    |xor_ln170_fu_780_p2                 |       xor|   0|  0|     2|           1|           2|
    +------------------------------------+----------+----+---+------+------------+------------+
    |Total                               |          |   0|  0| 13833|        3686|        3403|
    +------------------------------------+----------+----+---+------+------------+------------+

    * Multiplexer: 
    +-----------------------------------+----+-----------+-----+-----------+
    |                Name               | LUT| Input Size| Bits| Total Bits|
    +-----------------------------------+----+-----------+-----+-----------+
    |ap_NS_fsm                          |  37|          7|    1|          7|
    |ap_done_int                        |   9|          2|    1|          2|
    |ap_enable_reg_pp0_iter0            |   9|          2|    1|          2|
    |ap_enable_reg_pp0_iter1            |   9|          2|    1|          2|
    |ap_enable_reg_pp0_iter15           |   9|          2|    1|          2|
    |ap_loop_exit_ready_pp0_iter10_reg  |   9|          2|    1|          2|
    |ap_loop_exit_ready_pp0_iter11_reg  |   9|          2|    1|          2|
    |ap_loop_exit_ready_pp0_iter12_reg  |   9|          2|    1|          2|
    |ap_loop_exit_ready_pp0_iter13_reg  |   9|          2|    1|          2|
    |ap_loop_exit_ready_pp0_iter14_reg  |   9|          2|    1|          2|
    |ap_loop_exit_ready_pp0_iter1_reg   |   9|          2|    1|          2|
    |ap_loop_exit_ready_pp0_iter2_reg   |   9|          2|    1|          2|
    |ap_loop_exit_ready_pp0_iter3_reg   |   9|          2|    1|          2|
    |ap_loop_exit_ready_pp0_iter4_reg   |   9|          2|    1|          2|
    |ap_loop_exit_ready_pp0_iter5_reg   |   9|          2|    1|          2|
    |ap_loop_exit_ready_pp0_iter6_reg   |   9|          2|    1|          2|
    |ap_loop_exit_ready_pp0_iter7_reg   |   9|          2|    1|          2|
    |ap_loop_exit_ready_pp0_iter8_reg   |   9|          2|    1|          2|
    |ap_loop_exit_ready_pp0_iter9_reg   |   9|          2|    1|          2|
    |c_fu_108                           |   9|          2|   10|         20|
    |gmem_blk_n_AR                      |   9|          2|    1|          2|
    |gmem_blk_n_R                       |   9|          2|    1|          2|
    |indvar_flatten48_fu_116            |   9|          2|   19|         38|
    |m_axi_gmem_ARADDR                  |  37|          7|   64|        448|
    |r_fu_112                           |   9|          2|    9|         18|
    +-----------------------------------+----+-----------+-----+-----------+
    |Total                              | 281|         60|  123|        571|
    +-----------------------------------+----+-----------+-----+-----------+

    * Register: 
    +-----------------------------------+-----+----+-----+-----------+
    |                Name               |  FF | LUT| Bits| Const Bits|
    +-----------------------------------+-----+----+-----+-----------+
    |add_ln163_reg_843                  |   19|   0|   19|          0|
    |add_ln167_4_reg_991                |    9|   0|    9|          0|
    |add_ln170_reg_1016                 |   11|   0|   11|          0|
    |add_ln171_1_reg_864                |   19|   0|   19|          0|
    |ap_CS_fsm                          |    6|   0|    6|          0|
    |ap_done_reg                        |    1|   0|    1|          0|
    |ap_enable_reg_pp0_iter0_reg        |    1|   0|    1|          0|
    |ap_enable_reg_pp0_iter1            |    1|   0|    1|          0|
    |ap_enable_reg_pp0_iter10           |    1|   0|    1|          0|
    |ap_enable_reg_pp0_iter11           |    1|   0|    1|          0|
    |ap_enable_reg_pp0_iter12           |    1|   0|    1|          0|
    |ap_enable_reg_pp0_iter13           |    1|   0|    1|          0|
    |ap_enable_reg_pp0_iter14           |    1|   0|    1|          0|
    |ap_enable_reg_pp0_iter15           |    1|   0|    1|          0|
    |ap_enable_reg_pp0_iter2            |    1|   0|    1|          0|
    |ap_enable_reg_pp0_iter3            |    1|   0|    1|          0|
    |ap_enable_reg_pp0_iter4            |    1|   0|    1|          0|
    |ap_enable_reg_pp0_iter5            |    1|   0|    1|          0|
    |ap_enable_reg_pp0_iter6            |    1|   0|    1|          0|
    |ap_enable_reg_pp0_iter7            |    1|   0|    1|          0|
    |ap_enable_reg_pp0_iter8            |    1|   0|    1|          0|
    |ap_enable_reg_pp0_iter9            |    1|   0|    1|          0|
    |ap_loop_exit_ready_pp0_iter10_reg  |    1|   0|    1|          0|
    |ap_loop_exit_ready_pp0_iter11_reg  |    1|   0|    1|          0|
    |ap_loop_exit_ready_pp0_iter12_reg  |    1|   0|    1|          0|
    |ap_loop_exit_ready_pp0_iter13_reg  |    1|   0|    1|          0|
    |ap_loop_exit_ready_pp0_iter14_reg  |    1|   0|    1|          0|
    |ap_loop_exit_ready_pp0_iter1_reg   |    1|   0|    1|          0|
    |ap_loop_exit_ready_pp0_iter2_reg   |    1|   0|    1|          0|
    |ap_loop_exit_ready_pp0_iter3_reg   |    1|   0|    1|          0|
    |ap_loop_exit_ready_pp0_iter4_reg   |    1|   0|    1|          0|
    |ap_loop_exit_ready_pp0_iter5_reg   |    1|   0|    1|          0|
    |ap_loop_exit_ready_pp0_iter6_reg   |    1|   0|    1|          0|
    |ap_loop_exit_ready_pp0_iter7_reg   |    1|   0|    1|          0|
    |ap_loop_exit_ready_pp0_iter8_reg   |    1|   0|    1|          0|
    |ap_loop_exit_ready_pp0_iter9_reg   |    1|   0|    1|          0|
    |c_fu_108                           |   10|   0|   10|          0|
    |empty_32_reg_848                   |   64|   0|   64|          0|
    |empty_33_reg_907                   |   64|   0|   64|          0|
    |gmem_addr_1_read_reg_971           |  512|   0|  512|          0|
    |gmem_addr_2_read_reg_981           |  512|   0|  512|          0|
    |gmem_addr_3_read_reg_986           |  512|   0|  512|          0|
    |gmem_addr_4_read_reg_1001          |  512|   0|  512|          0|
    |gmem_addr_5_read_reg_1006          |  512|   0|  512|          0|
    |gmem_addr_read_reg_961             |  512|   0|  512|          0|
    |icmp_ln158_reg_839                 |    1|   0|    1|          0|
    |icmp_ln170_reg_1027                |    1|   0|    1|          0|
    |indvar_flatten48_fu_116            |   19|   0|   19|          0|
    |r_fu_112                           |    9|   0|    9|          0|
    |sum_reg_966                        |    8|   0|    8|          0|
    |tmp4_reg_1011                      |    9|   0|    9|          0|
    |trunc_ln167_11_reg_918             |    6|   0|    6|          0|
    |trunc_ln167_12_reg_996             |    8|   0|    8|          0|
    |trunc_ln167_13_reg_934             |    6|   0|    6|          0|
    |trunc_ln167_15_reg_950             |    6|   0|    6|          0|
    |trunc_ln167_1_reg_875              |   58|   0|   58|          0|
    |trunc_ln167_2_reg_891              |   58|   0|   58|          0|
    |trunc_ln167_4_reg_913              |   58|   0|   58|          0|
    |trunc_ln167_5_reg_880              |    6|   0|    6|          0|
    |trunc_ln167_6_reg_929              |   58|   0|   58|          0|
    |trunc_ln167_7_reg_976              |    8|   0|    8|          0|
    |trunc_ln167_8_reg_945              |   58|   0|   58|          0|
    |trunc_ln167_9_reg_896              |    6|   0|    6|          0|
    |trunc_ln167_reg_859                |    6|   0|    6|          0|
    |trunc_ln167_s_reg_854              |   58|   0|   58|          0|
    |add_ln171_1_reg_864                |   64|  32|   19|          0|
    |icmp_ln158_reg_839                 |   64|  32|    1|          0|
    |icmp_ln170_reg_1027                |   64|  32|    1|          0|
    |trunc_ln167_11_reg_918             |   64|  32|    6|          0|
    |trunc_ln167_13_reg_934             |   64|  32|    6|          0|
    |trunc_ln167_15_reg_950             |   64|  32|    6|          0|
    |trunc_ln167_5_reg_880              |   64|  32|    6|          0|
    |trunc_ln167_9_reg_896              |   64|  32|    6|          0|
    |trunc_ln167_reg_859                |   64|  32|    6|          0|
    +-----------------------------------+-----+----+-----+-----------+
    |Total                              | 4328| 288| 3809|          0|
    +-----------------------------------+-----+----+-----+-----------+



================================================================
== Interface
================================================================
* Summary: 
+------------------------+-----+-----+------------+-------------------------------------------------------+--------------+
|        RTL Ports       | Dir | Bits|  Protocol  |                     Source Object                     |    C Type    |
+------------------------+-----+-----+------------+-------------------------------------------------------+--------------+
|ap_clk                  |   in|    1|  ap_ctrl_hs|  edgedetect_Pipeline_VITIS_LOOP_158_3_VITIS_LOOP_160_4|  return value|
|ap_rst                  |   in|    1|  ap_ctrl_hs|  edgedetect_Pipeline_VITIS_LOOP_158_3_VITIS_LOOP_160_4|  return value|
|ap_start                |   in|    1|  ap_ctrl_hs|  edgedetect_Pipeline_VITIS_LOOP_158_3_VITIS_LOOP_160_4|  return value|
|ap_done                 |  out|    1|  ap_ctrl_hs|  edgedetect_Pipeline_VITIS_LOOP_158_3_VITIS_LOOP_160_4|  return value|
|ap_idle                 |  out|    1|  ap_ctrl_hs|  edgedetect_Pipeline_VITIS_LOOP_158_3_VITIS_LOOP_160_4|  return value|
|ap_ready                |  out|    1|  ap_ctrl_hs|  edgedetect_Pipeline_VITIS_LOOP_158_3_VITIS_LOOP_160_4|  return value|
|m_axi_gmem_AWVALID      |  out|    1|       m_axi|                                                   gmem|       pointer|
|m_axi_gmem_AWREADY      |   in|    1|       m_axi|                                                   gmem|       pointer|
|m_axi_gmem_AWADDR       |  out|   64|       m_axi|                                                   gmem|       pointer|
|m_axi_gmem_AWID         |  out|    1|       m_axi|                                                   gmem|       pointer|
|m_axi_gmem_AWLEN        |  out|   32|       m_axi|                                                   gmem|       pointer|
|m_axi_gmem_AWSIZE       |  out|    3|       m_axi|                                                   gmem|       pointer|
|m_axi_gmem_AWBURST      |  out|    2|       m_axi|                                                   gmem|       pointer|
|m_axi_gmem_AWLOCK       |  out|    2|       m_axi|                                                   gmem|       pointer|
|m_axi_gmem_AWCACHE      |  out|    4|       m_axi|                                                   gmem|       pointer|
|m_axi_gmem_AWPROT       |  out|    3|       m_axi|                                                   gmem|       pointer|
|m_axi_gmem_AWQOS        |  out|    4|       m_axi|                                                   gmem|       pointer|
|m_axi_gmem_AWREGION     |  out|    4|       m_axi|                                                   gmem|       pointer|
|m_axi_gmem_AWUSER       |  out|    1|       m_axi|                                                   gmem|       pointer|
|m_axi_gmem_WVALID       |  out|    1|       m_axi|                                                   gmem|       pointer|
|m_axi_gmem_WREADY       |   in|    1|       m_axi|                                                   gmem|       pointer|
|m_axi_gmem_WDATA        |  out|  512|       m_axi|                                                   gmem|       pointer|
|m_axi_gmem_WSTRB        |  out|   64|       m_axi|                                                   gmem|       pointer|
|m_axi_gmem_WLAST        |  out|    1|       m_axi|                                                   gmem|       pointer|
|m_axi_gmem_WID          |  out|    1|       m_axi|                                                   gmem|       pointer|
|m_axi_gmem_WUSER        |  out|    1|       m_axi|                                                   gmem|       pointer|
|m_axi_gmem_ARVALID      |  out|    1|       m_axi|                                                   gmem|       pointer|
|m_axi_gmem_ARREADY      |   in|    1|       m_axi|                                                   gmem|       pointer|
|m_axi_gmem_ARADDR       |  out|   64|       m_axi|                                                   gmem|       pointer|
|m_axi_gmem_ARID         |  out|    1|       m_axi|                                                   gmem|       pointer|
|m_axi_gmem_ARLEN        |  out|   32|       m_axi|                                                   gmem|       pointer|
|m_axi_gmem_ARSIZE       |  out|    3|       m_axi|                                                   gmem|       pointer|
|m_axi_gmem_ARBURST      |  out|    2|       m_axi|                                                   gmem|       pointer|
|m_axi_gmem_ARLOCK       |  out|    2|       m_axi|                                                   gmem|       pointer|
|m_axi_gmem_ARCACHE      |  out|    4|       m_axi|                                                   gmem|       pointer|
|m_axi_gmem_ARPROT       |  out|    3|       m_axi|                                                   gmem|       pointer|
|m_axi_gmem_ARQOS        |  out|    4|       m_axi|                                                   gmem|       pointer|
|m_axi_gmem_ARREGION     |  out|    4|       m_axi|                                                   gmem|       pointer|
|m_axi_gmem_ARUSER       |  out|    1|       m_axi|                                                   gmem|       pointer|
|m_axi_gmem_RVALID       |   in|    1|       m_axi|                                                   gmem|       pointer|
|m_axi_gmem_RREADY       |  out|    1|       m_axi|                                                   gmem|       pointer|
|m_axi_gmem_RDATA        |   in|  512|       m_axi|                                                   gmem|       pointer|
|m_axi_gmem_RLAST        |   in|    1|       m_axi|                                                   gmem|       pointer|
|m_axi_gmem_RID          |   in|    1|       m_axi|                                                   gmem|       pointer|
|m_axi_gmem_RFIFONUM     |   in|    9|       m_axi|                                                   gmem|       pointer|
|m_axi_gmem_RUSER        |   in|    1|       m_axi|                                                   gmem|       pointer|
|m_axi_gmem_RRESP        |   in|    2|       m_axi|                                                   gmem|       pointer|
|m_axi_gmem_BVALID       |   in|    1|       m_axi|                                                   gmem|       pointer|
|m_axi_gmem_BREADY       |  out|    1|       m_axi|                                                   gmem|       pointer|
|m_axi_gmem_BRESP        |   in|    2|       m_axi|                                                   gmem|       pointer|
|m_axi_gmem_BID          |   in|    1|       m_axi|                                                   gmem|       pointer|
|m_axi_gmem_BUSER        |   in|    1|       m_axi|                                                   gmem|       pointer|
|output_r                |   in|   64|     ap_none|                                               output_r|        scalar|
|normal_factor_8_reload  |   in|    5|     ap_none|                                 normal_factor_8_reload|        scalar|
|icmp_ln155              |   in|    1|     ap_none|                                             icmp_ln155|        scalar|
|temp_buf_address0       |  out|   19|   ap_memory|                                               temp_buf|         array|
|temp_buf_ce0            |  out|    1|   ap_memory|                                               temp_buf|         array|
|temp_buf_we0            |  out|    1|   ap_memory|                                               temp_buf|         array|
|temp_buf_d0             |  out|    8|   ap_memory|                                               temp_buf|         array|
+------------------------+-----+-----+------------+-------------------------------------------------------+--------------+

