

================================================================
== Vitis HLS Report for 'edgedetect_Pipeline_VITIS_LOOP_147_1_VITIS_LOOP_149_2'
================================================================
* Date:           Fri Sep 20 23:14:18 2024

* Version:        2024.1 (Build 5069499 on May 21 2024)
* Project:        EdgedetectBaseline_cluster
* Solution:       hls (Vitis Kernel Flow Target)
* Product family: zynquplus
* Target device:  xczu9eg-ffvb1156-2-e


================================================================
== Performance Estimates
================================================================
+ Timing: 
    * Summary: 
    +--------+---------+----------+------------+
    |  Clock |  Target | Estimated| Uncertainty|
    +--------+---------+----------+------------+
    |ap_clk  |  6.67 ns|  2.566 ns|     1.80 ns|
    +--------+---------+----------+------------+

+ Latency: 
    * Summary: 
    +---------+---------+-----------+-----------+-----+-----+-----------------------------------------------+
    |  Latency (cycles) |   Latency (absolute)  |  Interval |                    Pipeline                   |
    |   min   |   max   |    min    |    max    | min | max |                      Type                     |
    +---------+---------+-----------+-----------+-----+-----+-----------------------------------------------+
    |       11|       11|  73.337 ns|  73.337 ns|   10|   10|  loop auto-rewind stp(delay=0 clock cycles(s))|
    +---------+---------+-----------+-----------+-----+-----+-----------------------------------------------+

    + Detail: 
        * Instance: 
        N/A

        * Loop: 
        +-------------------------------------+---------+---------+----------+-----------+-----------+------+----------+
        |                                     |  Latency (cycles) | Iteration|  Initiation Interval  | Trip |          |
        |              Loop Name              |   min   |   max   |  Latency |  achieved |   target  | Count| Pipelined|
        +-------------------------------------+---------+---------+----------+-----------+-----------+------+----------+
        |- VITIS_LOOP_147_1_VITIS_LOOP_149_2  |        9|        9|         2|          1|          1|     9|       yes|
        +-------------------------------------+---------+---------+----------+-----------+-----------+------+----------+



================================================================
== Utilization Estimates
================================================================
* Summary: 
+-----------------+---------+------+--------+--------+-----+
|       Name      | BRAM_18K|  DSP |   FF   |   LUT  | URAM|
+-----------------+---------+------+--------+--------+-----+
|DSP              |        -|     -|       -|       -|    -|
|Expression       |        -|     -|       0|     104|    -|
|FIFO             |        -|     -|       -|       -|    -|
|Instance         |        -|     -|       -|       -|    -|
|Memory           |        0|     -|       8|       2|    -|
|Multiplexer      |        -|     -|       0|      81|    -|
|Register         |        -|     -|      16|       -|    -|
+-----------------+---------+------+--------+--------+-----+
|Total            |        0|     0|      24|     187|    0|
+-----------------+---------+------+--------+--------+-----+
|Available        |     1824|  2520|  548160|  274080|    0|
+-----------------+---------+------+--------+--------+-----+
|Utilization (%)  |        0|     0|      ~0|      ~0|    0|
+-----------------+---------+------+--------+--------+-----+

+ Detail: 
    * Instance: 
    N/A

    * DSP: 
    N/A

    * Memory: 
    +------------------------------------------------------------+----------------------------------------------------------------------------------+---------+---+----+-----+------+-----+------+-------------+
    |                           Memory                           |                                      Module                                      | BRAM_18K| FF| LUT| URAM| Words| Bits| Banks| W*Bits*Banks|
    +------------------------------------------------------------+----------------------------------------------------------------------------------+---------+---+----+-----+------+-----+------+-------------+
    |convolve2d_horizontal_unsigned_char_unsigned_char_filter_U  |edgedetect_Pipeline_VITIS_LOOP_147_1_VITIS_LOOP_149_2_convolve2d_horizontal_udEe  |        0|  8|   2|    0|     9|    8|     1|           72|
    +------------------------------------------------------------+----------------------------------------------------------------------------------+---------+---+----+-----+------+-----+------+-------------+
    |Total                                                       |                                                                                  |        0|  8|   2|    0|     9|    8|     1|           72|
    +------------------------------------------------------------+----------------------------------------------------------------------------------+---------+---+----+-----+------+-----+------+-------------+

    * FIFO: 
    N/A

    * Expression: 
    +---------------------------+----------+----+---+----+------------+------------+
    |       Variable Name       | Operation| DSP| FF| LUT| Bitwidth P0| Bitwidth P1|
    +---------------------------+----------+----+---+----+------------+------------+
    |add_ln147_1_fu_135_p2      |         +|   0|  0|   9|           2|           1|
    |add_ln147_fu_109_p2        |         +|   0|  0|  12|           4|           1|
    |add_ln149_fu_182_p2        |         +|   0|  0|   9|           2|           1|
    |add_ln151_fu_171_p2        |         +|   0|  0|   7|           4|           4|
    |normal_factor_4_fu_238_p2  |         +|   0|  0|  12|           5|           5|
    |empty_fu_161_p2            |         -|   0|  0|   7|           4|           4|
    |neg9_fu_214_p2             |         -|   0|  0|   9|           1|           2|
    |abscond10_fu_220_p2        |      icmp|   0|  0|  10|           3|           1|
    |icmp_ln147_fu_103_p2       |      icmp|   0|  0|  12|           4|           4|
    |icmp_ln149_fu_121_p2       |      icmp|   0|  0|   9|           2|           2|
    |abs11_fu_226_p3            |    select|   0|  0|   2|           1|           2|
    |select_ln131_fu_127_p3     |    select|   0|  0|   2|           1|           1|
    |select_ln147_fu_141_p3     |    select|   0|  0|   2|           1|           2|
    |ap_enable_pp0              |       xor|   0|  0|   2|           1|           2|
    +---------------------------+----------+----+---+----+------------+------------+
    |Total                      |          |   0|  0| 104|          35|          32|
    +---------------------------+----------+----+---+----+------------+------------+

    * Multiplexer: 
    +----------------------------------------+----+-----------+-----+-----------+
    |                  Name                  | LUT| Input Size| Bits| Total Bits|
    +----------------------------------------+----+-----------+-----+-----------+
    |ap_done_int                             |   9|          2|    1|          2|
    |ap_enable_reg_pp0_iter1                 |   9|          2|    1|          2|
    |ap_sig_allocacmp_c_load                 |   9|          2|    2|          4|
    |ap_sig_allocacmp_indvar_flatten41_load  |   9|          2|    4|          8|
    |ap_sig_allocacmp_r_load                 |   9|          2|    2|          4|
    |c_fu_48                                 |   9|          2|    2|          4|
    |indvar_flatten41_fu_56                  |   9|          2|    4|          8|
    |normal_factor_fu_44                     |   9|          2|    5|         10|
    |r_fu_52                                 |   9|          2|    2|          4|
    +----------------------------------------+----+-----------+-----+-----------+
    |Total                                   |  81|         18|   23|         46|
    +----------------------------------------+----+-----------+-----+-----------+

    * Register: 
    +-------------------------+---+----+-----+-----------+
    |           Name          | FF| LUT| Bits| Const Bits|
    +-------------------------+---+----+-----+-----------+
    |ap_CS_fsm                |  1|   0|    1|          0|
    |ap_done_reg              |  1|   0|    1|          0|
    |ap_enable_reg_pp0_iter1  |  1|   0|    1|          0|
    |c_fu_48                  |  2|   0|    2|          0|
    |indvar_flatten41_fu_56   |  4|   0|    4|          0|
    |normal_factor_fu_44      |  5|   0|    5|          0|
    |r_fu_52                  |  2|   0|    2|          0|
    +-------------------------+---+----+-----+-----------+
    |Total                    | 16|   0|   16|          0|
    +-------------------------+---+----+-----+-----------+



================================================================
== Interface
================================================================
* Summary: 
+----------------------------+-----+-----+------------+-------------------------------------------------------+--------------+
|          RTL Ports         | Dir | Bits|  Protocol  |                     Source Object                     |    C Type    |
+----------------------------+-----+-----+------------+-------------------------------------------------------+--------------+
|ap_clk                      |   in|    1|  ap_ctrl_hs|  edgedetect_Pipeline_VITIS_LOOP_147_1_VITIS_LOOP_149_2|  return value|
|ap_rst                      |   in|    1|  ap_ctrl_hs|  edgedetect_Pipeline_VITIS_LOOP_147_1_VITIS_LOOP_149_2|  return value|
|ap_start                    |   in|    1|  ap_ctrl_hs|  edgedetect_Pipeline_VITIS_LOOP_147_1_VITIS_LOOP_149_2|  return value|
|ap_done                     |  out|    1|  ap_ctrl_hs|  edgedetect_Pipeline_VITIS_LOOP_147_1_VITIS_LOOP_149_2|  return value|
|ap_idle                     |  out|    1|  ap_ctrl_hs|  edgedetect_Pipeline_VITIS_LOOP_147_1_VITIS_LOOP_149_2|  return value|
|ap_ready                    |  out|    1|  ap_ctrl_hs|  edgedetect_Pipeline_VITIS_LOOP_147_1_VITIS_LOOP_149_2|  return value|
|normal_factor_8_out         |  out|    5|      ap_vld|                                    normal_factor_8_out|       pointer|
|normal_factor_8_out_ap_vld  |  out|    1|      ap_vld|                                    normal_factor_8_out|       pointer|
+----------------------------+-----+-----+------------+-------------------------------------------------------+--------------+

