INFO: [v++ 60-1548] Creating build summary session with primary output /home/tls/heterogeneous-vitis-apps/edgedetect/edgedetect-grayscale/EdgedetectBaseline_cluster/EdgedetectBaseline_cluster/EdgedetectBaseline_cluster.hlscompile_summary, at Sat Sep 21 01:18:44 2024
INFO: [v++ 82-31] Launching vitis_hls: vitis_hls -nolog -run csynth -work_dir /home/tls/heterogeneous-vitis-apps/edgedetect/edgedetect-grayscale/EdgedetectBaseline_cluster/EdgedetectBaseline_cluster -config /home/tls/heterogeneous-vitis-apps/edgedetect/edgedetect-grayscale/EdgedetectBaseline_cluster/hls_config.cfg -cmdlineconfig /home/tls/heterogeneous-vitis-apps/edgedetect/edgedetect-grayscale/EdgedetectBaseline_cluster/EdgedetectBaseline_cluster/hls/config.cmdline

****** Vitis HLS - High-Level Synthesis from C, C++ and OpenCL v2024.1 (64-bit)
  **** SW Build 5069499 on May 21 2024
  **** IP Build 5075265 on Wed May 22 21:45:21 MDT 2024
  **** SharedData Build 5076995 on Wed May 22 18:29:18 MDT 2024
  **** Start of session at: Sat Sep 21 01:18:45 2024
    ** Copyright 1986-2022 Xilinx, Inc. All Rights Reserved.
    ** Copyright 2022-2024 Advanced Micro Devices, Inc. All Rights Reserved.

source /tools/Xilinx/Vitis_HLS/2024.1/scripts/vitis_hls/hls.tcl -notrace
INFO: [HLS 200-10] For user 'tls' on host 'tls-Legion-5-15ACH6H' (Linux_x86_64 version 6.8.0-40-generic) on Sat Sep 21 01:18:47 WEST 2024
INFO: [HLS 200-10] On os Ubuntu 22.04.5 LTS
INFO: [HLS 200-10] In directory '/home/tls/heterogeneous-vitis-apps/edgedetect/edgedetect-grayscale/EdgedetectBaseline_cluster'
INFO: [HLS 200-2005] Using work_dir /home/tls/heterogeneous-vitis-apps/edgedetect/edgedetect-grayscale/EdgedetectBaseline_cluster/EdgedetectBaseline_cluster 
INFO: [HLS 200-1505] Using default flow_target 'vivado'
Resolution: For help on HLS 200-1505 see docs.xilinx.com/access/sources/dita/topic?Doc_Version=2024.1%20English&url=ug1448-hls-guidance&resourceid=200-1505.html
INFO: [HLS 200-1465] Applying ini 'syn.file=/home/tls/heterogeneous-vitis-apps/edgedetect/edgedetect-grayscale/EdgedetectBaseline_host/src/edgedetect.cpp' from /home/tls/heterogeneous-vitis-apps/edgedetect/edgedetect-grayscale/EdgedetectBaseline_cluster/hls_config.cfg(9)
INFO: [HLS 200-10] Adding design file '/home/tls/heterogeneous-vitis-apps/edgedetect/edgedetect-grayscale/EdgedetectBaseline_host/src/edgedetect.cpp' to the project
INFO: [HLS 200-1465] Applying ini 'syn.top=edgedetect' from /home/tls/heterogeneous-vitis-apps/edgedetect/edgedetect-grayscale/EdgedetectBaseline_cluster/hls_config.cfg(8)
INFO: [HLS 200-1465] Applying ini 'flow_target=vitis' from /home/tls/heterogeneous-vitis-apps/edgedetect/edgedetect-grayscale/EdgedetectBaseline_cluster/hls_config.cfg(4)
INFO: [HLS 200-1505] Using flow_target 'vitis'
Resolution: For help on HLS 200-1505 see docs.xilinx.com/access/sources/dita/topic?Doc_Version=2024.1%20English&url=ug1448-hls-guidance&resourceid=200-1505.html
INFO: [HLS 200-435] Setting 'open_solution -flow_target vitis' configuration: config_interface -m_axi_latency=64
INFO: [HLS 200-435] Setting 'open_solution -flow_target vitis' configuration: config_interface -m_axi_alignment_byte_size=64
INFO: [HLS 200-435] Setting 'open_solution -flow_target vitis' configuration: config_interface -m_axi_max_widen_bitwidth=512
INFO: [HLS 200-435] Setting 'open_solution -flow_target vitis' configuration: config_rtl -register_reset_num=3
INFO: [HLS 200-1465] Applying ini 'part=xczu9eg-ffvb1156-2-e' from /home/tls/heterogeneous-vitis-apps/edgedetect/edgedetect-grayscale/EdgedetectBaseline_cluster/hls_config.cfg(1)
INFO: [HLS 200-1611] Setting target device to 'xczu9eg-ffvb1156-2-e'
INFO: [HLS 200-1465] Applying ini 'clock=150MHz' from /home/tls/heterogeneous-vitis-apps/edgedetect/edgedetect-grayscale/EdgedetectBaseline_cluster/hls_config.cfg(7)
INFO: [SYN 201-201] Setting up clock 'default' with a period of 6.667ns.
INFO: [HLS 200-1465] Applying ini 'package.output.format=xo' from /home/tls/heterogeneous-vitis-apps/edgedetect/edgedetect-grayscale/EdgedetectBaseline_cluster/hls_config.cfg(5)
INFO: [HLS 200-111] Finished File checks and directory preparation: CPU user time: 3.02 seconds. CPU system time: 0.44 seconds. Elapsed time: 3.28 seconds; current allocated memory: 351.258 MB.
INFO: [HLS 200-10] Analyzing design file '../EdgedetectBaseline_host/src/edgedetect.cpp' ... 
INFO: [HLS 200-111] Finished Source Code Analysis and Preprocessing: CPU user time: 0.44 seconds. CPU system time: 0.57 seconds. Elapsed time: 1.01 seconds; current allocated memory: 352.941 MB.
INFO: [HLS 200-777] Using interface defaults for 'Vitis' flow target.
INFO: [HLS 200-1995] There were 4,705 instructions in the design after the 'Compile/Link' phase of compilation. See the Design Size Report for more details: /home/tls/heterogeneous-vitis-apps/edgedetect/edgedetect-grayscale/EdgedetectBaseline_cluster/EdgedetectBaseline_cluster/hls/syn/report/csynth_design_size.rpt
INFO: [HLS 200-1995] There were 377 instructions in the design after the 'Unroll/Inline (step 1)' phase of compilation. See the Design Size Report for more details: /home/tls/heterogeneous-vitis-apps/edgedetect/edgedetect-grayscale/EdgedetectBaseline_cluster/EdgedetectBaseline_cluster/hls/syn/report/csynth_design_size.rpt
INFO: [HLS 200-1995] There were 257 instructions in the design after the 'Unroll/Inline (step 2)' phase of compilation. See the Design Size Report for more details: /home/tls/heterogeneous-vitis-apps/edgedetect/edgedetect-grayscale/EdgedetectBaseline_cluster/EdgedetectBaseline_cluster/hls/syn/report/csynth_design_size.rpt
INFO: [HLS 200-1995] There were 259 instructions in the design after the 'Unroll/Inline (step 3)' phase of compilation. See the Design Size Report for more details: /home/tls/heterogeneous-vitis-apps/edgedetect/edgedetect-grayscale/EdgedetectBaseline_cluster/EdgedetectBaseline_cluster/hls/syn/report/csynth_design_size.rpt
INFO: [HLS 200-1995] There were 124 instructions in the design after the 'Unroll/Inline (step 4)' phase of compilation. See the Design Size Report for more details: /home/tls/heterogeneous-vitis-apps/edgedetect/edgedetect-grayscale/EdgedetectBaseline_cluster/EdgedetectBaseline_cluster/hls/syn/report/csynth_design_size.rpt
INFO: [HLS 200-1995] There were 126 instructions in the design after the 'Array/Struct (step 1)' phase of compilation. See the Design Size Report for more details: /home/tls/heterogeneous-vitis-apps/edgedetect/edgedetect-grayscale/EdgedetectBaseline_cluster/EdgedetectBaseline_cluster/hls/syn/report/csynth_design_size.rpt
INFO: [HLS 200-1995] There were 126 instructions in the design after the 'Array/Struct (step 2)' phase of compilation. See the Design Size Report for more details: /home/tls/heterogeneous-vitis-apps/edgedetect/edgedetect-grayscale/EdgedetectBaseline_cluster/EdgedetectBaseline_cluster/hls/syn/report/csynth_design_size.rpt
INFO: [HLS 200-1995] There were 126 instructions in the design after the 'Array/Struct (step 3)' phase of compilation. See the Design Size Report for more details: /home/tls/heterogeneous-vitis-apps/edgedetect/edgedetect-grayscale/EdgedetectBaseline_cluster/EdgedetectBaseline_cluster/hls/syn/report/csynth_design_size.rpt
INFO: [HLS 200-1995] There were 126 instructions in the design after the 'Array/Struct (step 4)' phase of compilation. See the Design Size Report for more details: /home/tls/heterogeneous-vitis-apps/edgedetect/edgedetect-grayscale/EdgedetectBaseline_cluster/EdgedetectBaseline_cluster/hls/syn/report/csynth_design_size.rpt
INFO: [HLS 200-1995] There were 140 instructions in the design after the 'Array/Struct (step 5)' phase of compilation. See the Design Size Report for more details: /home/tls/heterogeneous-vitis-apps/edgedetect/edgedetect-grayscale/EdgedetectBaseline_cluster/EdgedetectBaseline_cluster/hls/syn/report/csynth_design_size.rpt
INFO: [HLS 200-1995] There were 140 instructions in the design after the 'Performance (step 1)' phase of compilation. See the Design Size Report for more details: /home/tls/heterogeneous-vitis-apps/edgedetect/edgedetect-grayscale/EdgedetectBaseline_cluster/EdgedetectBaseline_cluster/hls/syn/report/csynth_design_size.rpt
INFO: [HLS 200-1995] There were 140 instructions in the design after the 'Performance (step 2)' phase of compilation. See the Design Size Report for more details: /home/tls/heterogeneous-vitis-apps/edgedetect/edgedetect-grayscale/EdgedetectBaseline_cluster/EdgedetectBaseline_cluster/hls/syn/report/csynth_design_size.rpt
INFO: [HLS 200-1995] There were 140 instructions in the design after the 'Performance (step 3)' phase of compilation. See the Design Size Report for more details: /home/tls/heterogeneous-vitis-apps/edgedetect/edgedetect-grayscale/EdgedetectBaseline_cluster/EdgedetectBaseline_cluster/hls/syn/report/csynth_design_size.rpt
INFO: [HLS 200-1995] There were 140 instructions in the design after the 'Performance (step 4)' phase of compilation. See the Design Size Report for more details: /home/tls/heterogeneous-vitis-apps/edgedetect/edgedetect-grayscale/EdgedetectBaseline_cluster/EdgedetectBaseline_cluster/hls/syn/report/csynth_design_size.rpt
INFO: [HLS 200-1995] There were 161 instructions in the design after the 'HW Transforms (step 1)' phase of compilation. See the Design Size Report for more details: /home/tls/heterogeneous-vitis-apps/edgedetect/edgedetect-grayscale/EdgedetectBaseline_cluster/EdgedetectBaseline_cluster/hls/syn/report/csynth_design_size.rpt
INFO: [HLS 200-1995] There were 158 instructions in the design after the 'HW Transforms (step 2)' phase of compilation. See the Design Size Report for more details: /home/tls/heterogeneous-vitis-apps/edgedetect/edgedetect-grayscale/EdgedetectBaseline_cluster/EdgedetectBaseline_cluster/hls/syn/report/csynth_design_size.rpt
INFO: [HLS 214-178] Inlining function 'fp_struct<double>::data() const (.7.28.38.47.58)' into 'fp_struct<double>::to_double() const (.25.35.44.55)' (/wrk/ci/prod/2024.1/hls_product/continuous/545/2024.1/src/shared/hls/clib/src/hls/utils/x_hls_utils.h:494:0)
INFO: [HLS 214-178] Inlining function 'fp_struct<double>::to_double() const (.25.35.44.55)' into 'fp_struct<double>::to_ieee() const' (/wrk/ci/prod/2024.1/hls_product/continuous/545/2024.1/src/shared/hls/clib/src/hls/utils/x_hls_utils.h:509:0)
INFO: [HLS 214-178] Inlining function 'fp_struct<double>::fp_struct(double)' into 'double generic_copysign<double>(double, double)' (/wrk/ci/prod/2024.1/hls_product/continuous/545/2024.1/src/shared/hls/clib/hlsmath/include/FloatingPoint/hls_copysign.h:10:0)
INFO: [HLS 214-178] Inlining function 'fp_struct<double>::to_ieee() const' into 'double generic_copysign<double>(double, double)' (/wrk/ci/prod/2024.1/hls_product/continuous/545/2024.1/src/shared/hls/clib/hlsmath/include/FloatingPoint/hls_copysign.h:10:0)
INFO: [HLS 214-178] Inlining function 'fp_struct<double>::fp_struct(double)' into 'double generic_floor<double>(double)' (/wrk/ci/prod/2024.1/hls_product/continuous/545/2024.1/src/shared/hls/clib/hlsmath/include/FloatingPoint/hls_floor.h:14:0)
INFO: [HLS 214-178] Inlining function 'fp_struct<double>::__signbit() const' into 'double generic_floor<double>(double)' (/wrk/ci/prod/2024.1/hls_product/continuous/545/2024.1/src/shared/hls/clib/hlsmath/include/FloatingPoint/hls_floor.h:14:0)
INFO: [HLS 214-178] Inlining function 'double generic_copysign<double>(double, double)' into 'double generic_floor<double>(double)' (/wrk/ci/prod/2024.1/hls_product/continuous/545/2024.1/src/shared/hls/clib/hlsmath/include/FloatingPoint/hls_floor.h:14:0)
INFO: [HLS 214-178] Inlining function 'fp_struct<double>::data() const (.7.28.38.47.58)' into 'double generic_floor<double>(double)' (/wrk/ci/prod/2024.1/hls_product/continuous/545/2024.1/src/shared/hls/clib/hlsmath/include/FloatingPoint/hls_floor.h:14:0)
INFO: [HLS 214-178] Inlining function 'fp_struct<double>::fp_struct(ap_uint<64>)' into 'double generic_floor<double>(double)' (/wrk/ci/prod/2024.1/hls_product/continuous/545/2024.1/src/shared/hls/clib/hlsmath/include/FloatingPoint/hls_floor.h:14:0)
INFO: [HLS 214-178] Inlining function 'fp_struct<double>::to_ieee() const' into 'double generic_floor<double>(double)' (/wrk/ci/prod/2024.1/hls_product/continuous/545/2024.1/src/shared/hls/clib/hlsmath/include/FloatingPoint/hls_floor.h:14:0)
INFO: [HLS 214-178] Inlining function 'fp_struct<double>::fp_struct(double)' into 'unsigned char generic_cast_IEEE754<unsigned char, (ap_q_mode)6, double>(double, bool, hls::enable_if<!(std::numeric_limits<unsigned char>::is_signed), bool>::type)' (/wrk/ci/prod/2024.1/hls_product/continuous/545/2024.1/src/shared/hls/clib/hlsmath/include/FloatingPoint/hls_case_IEEE754.h:65:0)
INFO: [HLS 214-178] Inlining function 'fp_struct<double>::mantissa() const' into 'unsigned char generic_cast_IEEE754<unsigned char, (ap_q_mode)6, double>(double, bool, hls::enable_if<!(std::numeric_limits<unsigned char>::is_signed), bool>::type)' (/wrk/ci/prod/2024.1/hls_product/continuous/545/2024.1/src/shared/hls/clib/hlsmath/include/FloatingPoint/hls_case_IEEE754.h:65:0)
INFO: [HLS 214-178] Inlining function 'fp_struct<double>::expv() const' into 'unsigned char generic_cast_IEEE754<unsigned char, (ap_q_mode)6, double>(double, bool, hls::enable_if<!(std::numeric_limits<unsigned char>::is_signed), bool>::type)' (/wrk/ci/prod/2024.1/hls_product/continuous/545/2024.1/src/shared/hls/clib/hlsmath/include/FloatingPoint/hls_case_IEEE754.h:65:0)
INFO: [HLS 214-178] Inlining function 'unsigned char generic_cast_IEEE754<unsigned char, (ap_q_mode)6, double>(double, bool, hls::enable_if<!(std::numeric_limits<unsigned char>::is_signed), bool>::type)' into 'unsigned char generic_cast_IEEE754<unsigned char, double>(double, bool)' (/wrk/ci/prod/2024.1/hls_product/continuous/545/2024.1/src/shared/hls/clib/hlsmath/include/FloatingPoint/hls_case_IEEE754.h:116:0)
INFO: [HLS 214-178] Inlining function 'unsigned char generic_cast_IEEE754<unsigned char, double>(double, bool)' into '__hls_fptoui_double_i8' (/wrk/ci/prod/2024.1/hls_product/continuous/545/2024.1/src/shared/hls/clib/hlsmath/src/lib_floatconversion.cpp:67:0)
INFO: [HLS 214-178] Inlining function 'floor' into 'edgedetect(unsigned char*, unsigned char*)' (../EdgedetectBaseline_host/src/edgedetect.cpp:9:0)
INFO: [HLS 214-178] Inlining function '__hls_fptoui_double_i8' into 'edgedetect(unsigned char*, unsigned char*)' (../EdgedetectBaseline_host/src/edgedetect.cpp:9:0)
INFO: [HLS 214-376] automatically set the pipeline for Loop< VITIS_LOOP_13_2> at ../EdgedetectBaseline_host/src/edgedetect.cpp:13:26 
WARNING: [HLS 214-414] Cannot apply interface mode 'ap_none' on function argument 'input_image' since this interface mode only supports scalar types (../EdgedetectBaseline_host/src/edgedetect.cpp:9:0)
WARNING: [HLS 214-414] Cannot apply interface mode 'ap_none' on function argument 'output_image' since this interface mode only supports scalar types (../EdgedetectBaseline_host/src/edgedetect.cpp:9:0)
INFO: [HLS 214-115] Multiple burst writes of length 4800 and bit width 512 has been inferred on bundle 'gmem'. These burst requests might be further partitioned into multiple requests during RTL generation, based on max_read_burst_length or max_write_burst_length settings. (../EdgedetectBaseline_host/src/edgedetect.cpp:10:22)
INFO: [HLS 200-111] Finished Compiling Optimization and Transform: CPU user time: 2.29 seconds. CPU system time: 0.8 seconds. Elapsed time: 7.33 seconds; current allocated memory: 355.094 MB.
INFO: [HLS 200-111] Finished Checking Pragmas: CPU user time: 0 seconds. CPU system time: 0 seconds. Elapsed time: 0 seconds; current allocated memory: 355.094 MB.
INFO: [HLS 200-10] Starting code transformations ...
INFO: [HLS 200-111] Finished Standard Transforms: CPU user time: 0.01 seconds. CPU system time: 0 seconds. Elapsed time: 0.02 seconds; current allocated memory: 356.707 MB.
INFO: [HLS 200-10] Checking synthesizability ...
INFO: [HLS 200-111] Finished Checking Synthesizability: CPU user time: 0.03 seconds. CPU system time: 0 seconds. Elapsed time: 0.02 seconds; current allocated memory: 359.707 MB.
INFO: [XFORM 203-401] Performing if-conversion on hyperblock from (/wrk/ci/prod/2024.1/hls_product/continuous/545/2024.1/src/shared/hls/clib/hlsmath/include/FloatingPoint/hls_floor.h:13:19) to (/wrk/ci/prod/2024.1/hls_product/continuous/545/2024.1/src/shared/hls/clib/hlsmath/include/FloatingPoint/hls_floor.h:42:1) in function 'generic_floor<double>'... converting 9 basic blocks.
INFO: [XFORM 203-602] Inlining function 'generic_floor<double>' into 'edgedetect' (/wrk/ci/prod/2024.1/hls_product/continuous/545/2024.1/src/shared/hls/clib/hlsmath/src/c/floordouble.cpp:7->../EdgedetectBaseline_host/src/edgedetect.cpp:21) automatically.
INFO: [HLS 200-111] Finished Loop, function and other optimizations: CPU user time: 0.06 seconds. CPU system time: 0.03 seconds. Elapsed time: 0.09 seconds; current allocated memory: 384.996 MB.
INFO: [HLS 200-2061] Successfully converted nested loops 'VITIS_LOOP_10_1'(../EdgedetectBaseline_host/src/edgedetect.cpp:10:22) and 'VITIS_LOOP_13_2'(../EdgedetectBaseline_host/src/edgedetect.cpp:13:26) in function 'edgedetect' into perfectly nested loops.
INFO: [XFORM 203-541] Flattening a loop nest 'VITIS_LOOP_10_1' (../EdgedetectBaseline_host/src/edgedetect.cpp:10:22) in function 'edgedetect'.
INFO: [HLS 200-111] Finished Architecture Synthesis: CPU user time: 0.05 seconds. CPU system time: 0 seconds. Elapsed time: 0.05 seconds; current allocated memory: 383.746 MB.
INFO: [HLS 200-10] Starting hardware synthesis ...
INFO: [HLS 200-10] Synthesizing 'edgedetect' ...
INFO: [HLS 200-10] ----------------------------------------------------------------
INFO: [HLS 200-42] -- Implementing module 'edgedetect' 
INFO: [HLS 200-10] ----------------------------------------------------------------
INFO: [SCHED 204-11] Starting scheduling ...
INFO: [SCHED 204-61] Pipelining loop 'VITIS_LOOP_10_1_VITIS_LOOP_13_2'.
WARNING: [HLS 200-885] The II Violation in module 'edgedetect' (loop 'VITIS_LOOP_10_1_VITIS_LOOP_13_2'): Unable to schedule bus request operation ('gmem_load_1_req', ../EdgedetectBaseline_host/src/edgedetect.cpp:15) on port 'gmem' (../EdgedetectBaseline_host/src/edgedetect.cpp:15) due to limited memory ports (II = 1). Please consider using a memory core with more ports or partitioning the array.
Resolution: For help on HLS 200-885 see docs.xilinx.com/access/sources/dita/topic?Doc_Version=2024.1%20English&url=ug1448-hls-guidance&resourceid=200-885.html
WARNING: [HLS 200-885] The II Violation in module 'edgedetect' (loop 'VITIS_LOOP_10_1_VITIS_LOOP_13_2'): Unable to schedule bus request operation ('gmem_load_2_req', ../EdgedetectBaseline_host/src/edgedetect.cpp:15) on port 'gmem' (../EdgedetectBaseline_host/src/edgedetect.cpp:15) due to limited memory ports (II = 2). Please consider using a memory core with more ports or partitioning the array.
Resolution: For help on HLS 200-885 see docs.xilinx.com/access/sources/dita/topic?Doc_Version=2024.1%20English&url=ug1448-hls-guidance&resourceid=200-885.html
INFO: [HLS 200-1470] Pipelining result : Target II = NA, Final II = 3, Depth = 178, loop 'VITIS_LOOP_10_1_VITIS_LOOP_13_2'
INFO: [SCHED 204-11] Finished scheduling.
INFO: [HLS 200-111] Finished Scheduling: CPU user time: 0.15 seconds. CPU system time: 0.03 seconds. Elapsed time: 0.19 seconds; current allocated memory: 383.746 MB.
WARNING: [HLS 200-2049] Adding the rewind optimization to the pipelined process 'VITIS_LOOP_10_1_VITIS_LOOP_13_2' with inout ports inside a dataflow region can result in the creation of loop-carried dependencies and errors. Use caution when adding the rewind optimization to such loops.
INFO: [BIND 205-100] Starting micro-architecture generation ...
INFO: [BIND 205-101] Performing variable lifetime analysis.
INFO: [BIND 205-101] Exploring resource sharing.
INFO: [BIND 205-101] Binding ...
INFO: [BIND 205-100] Finished micro-architecture generation.
INFO: [HLS 200-111] Finished Binding: CPU user time: 0.06 seconds. CPU system time: 0 seconds. Elapsed time: 0.06 seconds; current allocated memory: 383.746 MB.
INFO: [HLS 200-10] ----------------------------------------------------------------
INFO: [HLS 200-10] -- Generating RTL for module 'edgedetect' 
INFO: [HLS 200-10] ----------------------------------------------------------------
WARNING: [RTGEN 206-101] Design contains AXI ports. Reset is fixed to synchronous and active low.
INFO: [RTGEN 206-500] Setting interface mode on port 'edgedetect/gmem' to 'm_axi'.
INFO: [RTGEN 206-500] Setting interface mode on port 'edgedetect/input_image' to 's_axilite & ap_none'.
INFO: [RTGEN 206-500] Setting interface mode on port 'edgedetect/output_image' to 's_axilite & ap_none'.
INFO: [RTGEN 206-500] Setting interface mode on function 'edgedetect' to 's_axilite & ap_ctrl_chain'.
INFO: [HLS 200-1030] Apply Unified Pipeline Control on module 'edgedetect' pipeline 'VITIS_LOOP_10_1_VITIS_LOOP_13_2' pipeline type 'loop pipeline'
INFO: [RTGEN 206-100] Bundling port 'input_image', 'output_image' and 'return' to AXI-Lite port control.
INFO: [RTGEN 206-100] Generating core module 'dadd_64ns_64ns_64_8_full_dsp_1': 1 instance(s).
INFO: [RTGEN 206-100] Generating core module 'dmul_64ns_64ns_64_7_max_dsp_1': 1 instance(s).
INFO: [RTGEN 206-100] Generating core module 'fpext_32ns_64_2_no_dsp_1': 1 instance(s).
INFO: [RTGEN 206-100] Generating core module 'fptrunc_64ns_32_2_no_dsp_1': 1 instance(s).
INFO: [RTGEN 206-100] Generating core module 'sitodp_32ns_64_5_no_dsp_1': 1 instance(s).
INFO: [RTGEN 206-100] Generating core module 'sparsemux_9_3_64_1_1': 1 instance(s).
INFO: [RTGEN 206-100] Finished creating RTL model for 'edgedetect'.
INFO: [RTMG 210-279] Implementing memory 'edgedetect_mask_table_ROM_AUTO_1R' using auto ROMs.
INFO: [HLS 200-111] Finished Creating RTL model: CPU user time: 0.21 seconds. CPU system time: 0.01 seconds. Elapsed time: 0.23 seconds; current allocated memory: 383.746 MB.
INFO: [HLS 200-111] Finished Generating all RTL models: CPU user time: 0.31 seconds. CPU system time: 0.04 seconds. Elapsed time: 0.34 seconds; current allocated memory: 389.590 MB.
INFO: [HLS 200-1603] Design has inferred MAXI bursts, see Vitis HLS GUI synthesis summary report for detailed information.
INFO: [HLS 200-111] Finished Updating report files: CPU user time: 0.42 seconds. CPU system time: 0.03 seconds. Elapsed time: 0.46 seconds; current allocated memory: 395.836 MB.
INFO: [VHDL 208-304] Generating VHDL RTL for edgedetect.
INFO: [VLOG 209-307] Generating Verilog RTL for edgedetect.
INFO: [HLS 200-790] **** Loop Constraint Status: All loop constraints were NOT satisfied.
INFO: [HLS 200-789] **** Estimated Fmax: 205.47 MHz
INFO: [HLS 200-112] Total CPU user time: 7.08 seconds. Total CPU system time: 1.95 seconds. Total elapsed time: 13.1 seconds; peak allocated memory: 395.836 MB.
INFO: [v++ 60-791] Total elapsed time: 0h 0m 16s
