Fri Jul 12 21:47:48 2024: Running xcd server. This server was built by gradle.
Fri Jul 12 21:47:48 2024: Server was asked to start on port: '46793'
Fri Jul 12 21:47:48 2024: Server is using token UUID: 'cf2607b4-d377-49e8-925d-679af811cc89'
Fri Jul 12 21:47:48 2024: SESSION_MGR: creating session with session uuid: '6d04a3e9-ade5-4ab9-8d63-1f78fcd2ec76' and name 'default'
Fri Jul 12 21:47:48 2024: Attempting to start server on port '46793'
Fri Jul 12 21:47:48 2024: XCD main fifo: created main fifo '/tmp/xcdmaincf2607b4-d377-49e8-925d-679af811cc89', fd read = 13
Fri Jul 12 21:47:48 2024: Running Dispatch Server
Fri Jul 12 21:47:48 2024: Version 2.2.0
Fri Jul 12 21:47:50 2024: Dispatch Server: Accepted socket connection from client
Fri Jul 12 21:47:50 2024: Starting Socket connection
Fri Jul 12 21:47:50 2024: EXCHANGE_TOKEN received, server token: cf2607b4-d377-49e8-925d-679af811cc89, passed token: cf2607b4-d377-49e8-925d-679af811cc89
Fri Jul 12 21:47:50 2024: DISPATCH_HANDLER: Adding handler from function makeHandler in library libxv_system_diagram
Fri Jul 12 21:47:50 2024: SESSION_MGR: creating session with session uuid: 'd64ea2bd-0ed3-494b-8eb1-a43241111532' and name 'v++_compile_EdgedetectBaseline_cluster'
Fri Jul 12 21:47:50 2024: KERNEL_SVC: creating session with uuid: 'd64ea2bd-0ed3-494b-8eb1-a43241111532' and name 'v++_compile_EdgedetectBaseline_cluster'
Fri Jul 12 21:47:50 2024: GUIDANCE_SMGR: creating guidance session with uuid: 'd64ea2bd-0ed3-494b-8eb1-a43241111532' and name 'v++_compile_EdgedetectBaseline_cluster'
Fri Jul 12 21:47:50 2024: SYSTEM_DIAGRAM: creating session with uuid: 'd64ea2bd-0ed3-494b-8eb1-a43241111532' and name 'v++_compile_EdgedetectBaseline_cluster'
Fri Jul 12 21:47:54 2024: Dispatch Server: Accepted socket connection from client
Fri Jul 12 21:47:54 2024: Starting Socket connection
Fri Jul 12 21:48:10 2024: SESSION_MGR: closing session for UUID 'd64ea2bd-0ed3-494b-8eb1-a43241111532' with name 'v++_compile_EdgedetectBaseline_cluster'
Fri Jul 12 21:48:10 2024: KERNEL_SVC: closing session for UUID 'd64ea2bd-0ed3-494b-8eb1-a43241111532' with name 'v++_compile_EdgedetectBaseline_cluster'
Fri Jul 12 21:48:10 2024: GUIDANCE_SMGR: closing session for UUID 'd64ea2bd-0ed3-494b-8eb1-a43241111532' with name 'v++_compile_EdgedetectBaseline_cluster'
Fri Jul 12 21:48:10 2024: SYSTEM_DIAGRAM: closing session for UUID 'd64ea2bd-0ed3-494b-8eb1-a43241111532' with name 'v++_compile_EdgedetectBaseline_cluster'
Fri Jul 12 21:48:10 2024: STOP_SERVER received, server token: cf2607b4-d377-49e8-925d-679af811cc89, passed token: cf2607b4-d377-49e8-925d-679af811cc89
Fri Jul 12 21:48:10 2024: Socket received request to stop server.
Fri Jul 12 21:48:10 2024: Dispatch Server: do_await_stop
Fri Jul 12 21:48:10 2024: Dispatch Server: stopping mainFifo_
Fri Jul 12 21:48:10 2024: XCD main fifo: Stopping
Fri Jul 12 21:48:10 2024: XCD main fifo: do_read error code: Operation canceled
Fri Jul 12 21:48:10 2024: XCD main fifo: bytes_transferred: 0
Fri Jul 12 21:48:10 2024: SERVER: destructor for server bound to port 46793
Fri Jul 12 21:48:10 2024: XCD main fifo: Good unlink of /tmp/xcdmaincf2607b4-d377-49e8-925d-679af811cc89
Fri Jul 12 21:48:10 2024: Server exiting with status 0.
Fri Jul 12 21:48:10 2024: Closing log file.
Fri Jul 12 21:48:12 2024: Running xcd server. This server was built by gradle.
Fri Jul 12 21:48:12 2024: Server was asked to start on port: '35009'
Fri Jul 12 21:48:12 2024: Server is using token UUID: 'a030c218-915c-4c77-a22e-701abe06f3cc'
Fri Jul 12 21:48:12 2024: SESSION_MGR: creating session with session uuid: '6d04a3e9-ade5-4ab9-8d63-1f78fcd2ec76' and name 'default'
Fri Jul 12 21:48:12 2024: Attempting to start server on port '35009'
Fri Jul 12 21:48:12 2024: XCD main fifo: created main fifo '/tmp/xcdmaina030c218-915c-4c77-a22e-701abe06f3cc', fd read = 13
Fri Jul 12 21:48:12 2024: Running Dispatch Server
Fri Jul 12 21:48:12 2024: Version 2.2.0
Fri Jul 12 21:48:14 2024: Dispatch Server: Accepted socket connection from client
Fri Jul 12 21:48:14 2024: Starting Socket connection
Fri Jul 12 21:48:14 2024: EXCHANGE_TOKEN received, server token: a030c218-915c-4c77-a22e-701abe06f3cc, passed token: a030c218-915c-4c77-a22e-701abe06f3cc
Fri Jul 12 21:48:14 2024: DISPATCH_HANDLER: Adding handler from function makeHandler in library libxv_system_diagram
Fri Jul 12 21:48:14 2024: SESSION_MGR: creating session with session uuid: '9dedf6b5-4b89-4b5e-a97d-b8ab8d2f67cf' and name 'vitis-run_compile_EdgedetectBaseline_cluster'
Fri Jul 12 21:48:14 2024: KERNEL_SVC: creating session with uuid: '9dedf6b5-4b89-4b5e-a97d-b8ab8d2f67cf' and name 'vitis-run_compile_EdgedetectBaseline_cluster'
Fri Jul 12 21:48:14 2024: GUIDANCE_SMGR: creating guidance session with uuid: '9dedf6b5-4b89-4b5e-a97d-b8ab8d2f67cf' and name 'vitis-run_compile_EdgedetectBaseline_cluster'
Fri Jul 12 21:48:14 2024: SYSTEM_DIAGRAM: creating session with uuid: '9dedf6b5-4b89-4b5e-a97d-b8ab8d2f67cf' and name 'vitis-run_compile_EdgedetectBaseline_cluster'
Fri Jul 12 21:48:18 2024: Dispatch Server: Accepted socket connection from client
Fri Jul 12 21:48:18 2024: Starting Socket connection
Fri Jul 12 21:48:38 2024: SESSION_MGR: closing session for UUID '9dedf6b5-4b89-4b5e-a97d-b8ab8d2f67cf' with name 'vitis-run_compile_EdgedetectBaseline_cluster'
Fri Jul 12 21:48:38 2024: KERNEL_SVC: closing session for UUID '9dedf6b5-4b89-4b5e-a97d-b8ab8d2f67cf' with name 'vitis-run_compile_EdgedetectBaseline_cluster'
Fri Jul 12 21:48:38 2024: GUIDANCE_SMGR: closing session for UUID '9dedf6b5-4b89-4b5e-a97d-b8ab8d2f67cf' with name 'vitis-run_compile_EdgedetectBaseline_cluster'
Fri Jul 12 21:48:38 2024: SYSTEM_DIAGRAM: closing session for UUID '9dedf6b5-4b89-4b5e-a97d-b8ab8d2f67cf' with name 'vitis-run_compile_EdgedetectBaseline_cluster'
Fri Jul 12 21:48:38 2024: STOP_SERVER received, server token: a030c218-915c-4c77-a22e-701abe06f3cc, passed token: a030c218-915c-4c77-a22e-701abe06f3cc
Fri Jul 12 21:48:38 2024: Socket received request to stop server.
Fri Jul 12 21:48:38 2024: Dispatch Server: do_await_stop
Fri Jul 12 21:48:38 2024: Dispatch Server: stopping mainFifo_
Fri Jul 12 21:48:38 2024: XCD main fifo: Stopping
Fri Jul 12 21:48:38 2024: XCD main fifo: do_read error code: Operation canceled
Fri Jul 12 21:48:38 2024: XCD main fifo: bytes_transferred: 0
Fri Jul 12 21:48:38 2024: SERVER: destructor for server bound to port 35009
Fri Jul 12 21:48:38 2024: XCD main fifo: Good unlink of /tmp/xcdmaina030c218-915c-4c77-a22e-701abe06f3cc
Fri Jul 12 21:48:38 2024: Server exiting with status 0.
Fri Jul 12 21:48:38 2024: Closing log file.
Sat Sep 14 02:04:21 2024: Running xcd server. This server was built by gradle.
Sat Sep 14 02:04:21 2024: Server was asked to start on port: '46877'
Sat Sep 14 02:04:21 2024: Server is using token UUID: 'a5a5f046-0b07-4692-859e-3648700d0092'
Sat Sep 14 02:04:21 2024: SESSION_MGR: creating session with session uuid: '6d04a3e9-ade5-4ab9-8d63-1f78fcd2ec76' and name 'default'
Sat Sep 14 02:04:21 2024: Attempting to start server on port '46877'
Sat Sep 14 02:04:21 2024: XCD main fifo: created main fifo '/tmp/xcdmaina5a5f046-0b07-4692-859e-3648700d0092', fd read = 13
Sat Sep 14 02:04:21 2024: Running Dispatch Server
Sat Sep 14 02:04:21 2024: Version 2.2.0
Sat Sep 14 02:04:23 2024: Dispatch Server: Accepted socket connection from client
Sat Sep 14 02:04:23 2024: Starting Socket connection
Sat Sep 14 02:04:23 2024: EXCHANGE_TOKEN received, server token: a5a5f046-0b07-4692-859e-3648700d0092, passed token: a5a5f046-0b07-4692-859e-3648700d0092
Sat Sep 14 02:04:23 2024: DISPATCH_HANDLER: Adding handler from function makeHandler in library libxv_system_diagram
Sat Sep 14 02:04:23 2024: SESSION_MGR: creating session with session uuid: '4ab6c8ee-77b3-48f7-ab7f-2a12c6fb94f2' and name 'v++_compile_EdgedetectBaseline_cluster'
Sat Sep 14 02:04:23 2024: KERNEL_SVC: creating session with uuid: '4ab6c8ee-77b3-48f7-ab7f-2a12c6fb94f2' and name 'v++_compile_EdgedetectBaseline_cluster'
Sat Sep 14 02:04:23 2024: GUIDANCE_SMGR: creating guidance session with uuid: '4ab6c8ee-77b3-48f7-ab7f-2a12c6fb94f2' and name 'v++_compile_EdgedetectBaseline_cluster'
Sat Sep 14 02:04:23 2024: SYSTEM_DIAGRAM: creating session with uuid: '4ab6c8ee-77b3-48f7-ab7f-2a12c6fb94f2' and name 'v++_compile_EdgedetectBaseline_cluster'
Sat Sep 14 02:10:33 2024: Running xcd server. This server was built by gradle.
Sat Sep 14 02:10:33 2024: Server was asked to start on port: '37551'
Sat Sep 14 02:10:33 2024: Server is using token UUID: 'f95a8f8a-34af-4b07-a1cc-b528f83292d4'
Sat Sep 14 02:10:33 2024: SESSION_MGR: creating session with session uuid: '6d04a3e9-ade5-4ab9-8d63-1f78fcd2ec76' and name 'default'
Sat Sep 14 02:10:33 2024: Attempting to start server on port '37551'
Sat Sep 14 02:10:33 2024: XCD main fifo: created main fifo '/tmp/xcdmainf95a8f8a-34af-4b07-a1cc-b528f83292d4', fd read = 13
Sat Sep 14 02:10:33 2024: Running Dispatch Server
Sat Sep 14 02:10:33 2024: Version 2.2.0
Sat Sep 14 02:10:35 2024: Dispatch Server: Accepted socket connection from client
Sat Sep 14 02:10:35 2024: Starting Socket connection
Sat Sep 14 02:10:35 2024: EXCHANGE_TOKEN received, server token: f95a8f8a-34af-4b07-a1cc-b528f83292d4, passed token: f95a8f8a-34af-4b07-a1cc-b528f83292d4
Sat Sep 14 02:10:35 2024: DISPATCH_HANDLER: Adding handler from function makeHandler in library libxv_system_diagram
Sat Sep 14 02:10:35 2024: SESSION_MGR: creating session with session uuid: '808b47a5-c764-425b-9b6d-3599868e02dd' and name 'v++_compile_EdgedetectBaseline_cluster'
Sat Sep 14 02:10:35 2024: KERNEL_SVC: creating session with uuid: '808b47a5-c764-425b-9b6d-3599868e02dd' and name 'v++_compile_EdgedetectBaseline_cluster'
Sat Sep 14 02:10:35 2024: GUIDANCE_SMGR: creating guidance session with uuid: '808b47a5-c764-425b-9b6d-3599868e02dd' and name 'v++_compile_EdgedetectBaseline_cluster'
Sat Sep 14 02:10:35 2024: SYSTEM_DIAGRAM: creating session with uuid: '808b47a5-c764-425b-9b6d-3599868e02dd' and name 'v++_compile_EdgedetectBaseline_cluster'
Sat Sep 14 02:10:39 2024: Dispatch Server: Accepted socket connection from client
Sat Sep 14 02:10:39 2024: Starting Socket connection
Sat Sep 14 02:10:55 2024: SESSION_MGR: closing session for UUID '808b47a5-c764-425b-9b6d-3599868e02dd' with name 'v++_compile_EdgedetectBaseline_cluster'
Sat Sep 14 02:10:55 2024: KERNEL_SVC: closing session for UUID '808b47a5-c764-425b-9b6d-3599868e02dd' with name 'v++_compile_EdgedetectBaseline_cluster'
Sat Sep 14 02:10:55 2024: GUIDANCE_SMGR: closing session for UUID '808b47a5-c764-425b-9b6d-3599868e02dd' with name 'v++_compile_EdgedetectBaseline_cluster'
Sat Sep 14 02:10:55 2024: SYSTEM_DIAGRAM: closing session for UUID '808b47a5-c764-425b-9b6d-3599868e02dd' with name 'v++_compile_EdgedetectBaseline_cluster'
Sat Sep 14 02:10:55 2024: STOP_SERVER received, server token: f95a8f8a-34af-4b07-a1cc-b528f83292d4, passed token: f95a8f8a-34af-4b07-a1cc-b528f83292d4
Sat Sep 14 02:10:55 2024: Socket received request to stop server.
Sat Sep 14 02:10:55 2024: Dispatch Server: do_await_stop
Sat Sep 14 02:10:55 2024: Dispatch Server: stopping mainFifo_
Sat Sep 14 02:10:55 2024: XCD main fifo: Stopping
Sat Sep 14 02:10:55 2024: XCD main fifo: do_read error code: Operation canceled
Sat Sep 14 02:10:55 2024: XCD main fifo: bytes_transferred: 0
Sat Sep 14 02:10:55 2024: SERVER: destructor for server bound to port 37551
Sat Sep 14 02:10:55 2024: XCD main fifo: Good unlink of /tmp/xcdmainf95a8f8a-34af-4b07-a1cc-b528f83292d4
Sat Sep 14 02:10:55 2024: Server exiting with status 0.
Sat Sep 14 02:10:55 2024: Closing log file.
Sat Sep 14 02:29:44 2024: Running xcd server. This server was built by gradle.
Sat Sep 14 02:29:44 2024: Server was asked to start on port: '42177'
Sat Sep 14 02:29:44 2024: Server is using token UUID: 'f83c7615-2591-461f-922d-b97b2478655a'
Sat Sep 14 02:29:44 2024: SESSION_MGR: creating session with session uuid: '6d04a3e9-ade5-4ab9-8d63-1f78fcd2ec76' and name 'default'
Sat Sep 14 02:29:44 2024: Attempting to start server on port '42177'
Sat Sep 14 02:29:44 2024: XCD main fifo: created main fifo '/tmp/xcdmainf83c7615-2591-461f-922d-b97b2478655a', fd read = 13
Sat Sep 14 02:29:44 2024: Running Dispatch Server
Sat Sep 14 02:29:44 2024: Version 2.2.0
Sat Sep 14 02:29:46 2024: Dispatch Server: Accepted socket connection from client
Sat Sep 14 02:29:46 2024: Starting Socket connection
Sat Sep 14 02:29:46 2024: EXCHANGE_TOKEN received, server token: f83c7615-2591-461f-922d-b97b2478655a, passed token: f83c7615-2591-461f-922d-b97b2478655a
Sat Sep 14 02:29:46 2024: DISPATCH_HANDLER: Adding handler from function makeHandler in library libxv_system_diagram
Sat Sep 14 02:29:46 2024: SESSION_MGR: creating session with session uuid: '921f8ffa-5b59-420e-a19c-d3837bdcd151' and name 'v++_compile_EdgedetectBaseline_cluster'
Sat Sep 14 02:29:46 2024: KERNEL_SVC: creating session with uuid: '921f8ffa-5b59-420e-a19c-d3837bdcd151' and name 'v++_compile_EdgedetectBaseline_cluster'
Sat Sep 14 02:29:46 2024: GUIDANCE_SMGR: creating guidance session with uuid: '921f8ffa-5b59-420e-a19c-d3837bdcd151' and name 'v++_compile_EdgedetectBaseline_cluster'
Sat Sep 14 02:29:46 2024: SYSTEM_DIAGRAM: creating session with uuid: '921f8ffa-5b59-420e-a19c-d3837bdcd151' and name 'v++_compile_EdgedetectBaseline_cluster'
Sat Sep 14 02:29:50 2024: Dispatch Server: Accepted socket connection from client
Sat Sep 14 02:29:50 2024: Starting Socket connection
Sat Sep 14 02:30:06 2024: SESSION_MGR: closing session for UUID '921f8ffa-5b59-420e-a19c-d3837bdcd151' with name 'v++_compile_EdgedetectBaseline_cluster'
Sat Sep 14 02:30:06 2024: KERNEL_SVC: closing session for UUID '921f8ffa-5b59-420e-a19c-d3837bdcd151' with name 'v++_compile_EdgedetectBaseline_cluster'
Sat Sep 14 02:30:06 2024: GUIDANCE_SMGR: closing session for UUID '921f8ffa-5b59-420e-a19c-d3837bdcd151' with name 'v++_compile_EdgedetectBaseline_cluster'
Sat Sep 14 02:30:06 2024: SYSTEM_DIAGRAM: closing session for UUID '921f8ffa-5b59-420e-a19c-d3837bdcd151' with name 'v++_compile_EdgedetectBaseline_cluster'
Sat Sep 14 02:30:06 2024: STOP_SERVER received, server token: f83c7615-2591-461f-922d-b97b2478655a, passed token: f83c7615-2591-461f-922d-b97b2478655a
Sat Sep 14 02:30:06 2024: Socket received request to stop server.
Sat Sep 14 02:30:06 2024: Dispatch Server: do_await_stop
Sat Sep 14 02:30:06 2024: Dispatch Server: stopping mainFifo_
Sat Sep 14 02:30:06 2024: XCD main fifo: Stopping
Sat Sep 14 02:30:06 2024: XCD main fifo: do_read error code: Operation canceled
Sat Sep 14 02:30:06 2024: XCD main fifo: bytes_transferred: 0
Sat Sep 14 02:30:06 2024: SERVER: destructor for server bound to port 42177
Sat Sep 14 02:30:06 2024: XCD main fifo: Good unlink of /tmp/xcdmainf83c7615-2591-461f-922d-b97b2478655a
Sat Sep 14 02:30:06 2024: Server exiting with status 0.
Sat Sep 14 02:30:06 2024: Closing log file.
Sat Sep 14 02:30:07 2024: Running xcd server. This server was built by gradle.
Sat Sep 14 02:30:07 2024: Server was asked to start on port: '45335'
Sat Sep 14 02:30:07 2024: Server is using token UUID: '58a9d460-c6a6-4efc-ae71-9c1593191d47'
Sat Sep 14 02:30:07 2024: SESSION_MGR: creating session with session uuid: '6d04a3e9-ade5-4ab9-8d63-1f78fcd2ec76' and name 'default'
Sat Sep 14 02:30:07 2024: Attempting to start server on port '45335'
Sat Sep 14 02:30:07 2024: XCD main fifo: created main fifo '/tmp/xcdmain58a9d460-c6a6-4efc-ae71-9c1593191d47', fd read = 13
Sat Sep 14 02:30:07 2024: Running Dispatch Server
Sat Sep 14 02:30:07 2024: Version 2.2.0
Sat Sep 14 02:30:09 2024: Dispatch Server: Accepted socket connection from client
Sat Sep 14 02:30:09 2024: Starting Socket connection
Sat Sep 14 02:30:09 2024: EXCHANGE_TOKEN received, server token: 58a9d460-c6a6-4efc-ae71-9c1593191d47, passed token: 58a9d460-c6a6-4efc-ae71-9c1593191d47
Sat Sep 14 02:30:09 2024: DISPATCH_HANDLER: Adding handler from function makeHandler in library libxv_system_diagram
Sat Sep 14 02:30:09 2024: SESSION_MGR: creating session with session uuid: 'f5a0a68e-6d6a-4d68-a711-c4450bec5b99' and name 'vitis-run_compile_EdgedetectBaseline_cluster'
Sat Sep 14 02:30:09 2024: KERNEL_SVC: creating session with uuid: 'f5a0a68e-6d6a-4d68-a711-c4450bec5b99' and name 'vitis-run_compile_EdgedetectBaseline_cluster'
Sat Sep 14 02:30:09 2024: GUIDANCE_SMGR: creating guidance session with uuid: 'f5a0a68e-6d6a-4d68-a711-c4450bec5b99' and name 'vitis-run_compile_EdgedetectBaseline_cluster'
Sat Sep 14 02:30:09 2024: SYSTEM_DIAGRAM: creating session with uuid: 'f5a0a68e-6d6a-4d68-a711-c4450bec5b99' and name 'vitis-run_compile_EdgedetectBaseline_cluster'
Sat Sep 14 02:30:13 2024: Dispatch Server: Accepted socket connection from client
Sat Sep 14 02:30:13 2024: Starting Socket connection
Sat Sep 14 02:30:42 2024: SESSION_MGR: closing session for UUID 'f5a0a68e-6d6a-4d68-a711-c4450bec5b99' with name 'vitis-run_compile_EdgedetectBaseline_cluster'
Sat Sep 14 02:30:42 2024: KERNEL_SVC: closing session for UUID 'f5a0a68e-6d6a-4d68-a711-c4450bec5b99' with name 'vitis-run_compile_EdgedetectBaseline_cluster'
Sat Sep 14 02:30:42 2024: GUIDANCE_SMGR: closing session for UUID 'f5a0a68e-6d6a-4d68-a711-c4450bec5b99' with name 'vitis-run_compile_EdgedetectBaseline_cluster'
Sat Sep 14 02:30:42 2024: SYSTEM_DIAGRAM: closing session for UUID 'f5a0a68e-6d6a-4d68-a711-c4450bec5b99' with name 'vitis-run_compile_EdgedetectBaseline_cluster'
Sat Sep 14 02:30:42 2024: STOP_SERVER received, server token: 58a9d460-c6a6-4efc-ae71-9c1593191d47, passed token: 58a9d460-c6a6-4efc-ae71-9c1593191d47
Sat Sep 14 02:30:42 2024: Socket received request to stop server.
Sat Sep 14 02:30:42 2024: Dispatch Server: do_await_stop
Sat Sep 14 02:30:42 2024: Dispatch Server: stopping mainFifo_
Sat Sep 14 02:30:42 2024: XCD main fifo: Stopping
Sat Sep 14 02:30:42 2024: XCD main fifo: do_read error code: Operation canceled
Sat Sep 14 02:30:42 2024: XCD main fifo: bytes_transferred: 0
Sat Sep 14 02:30:42 2024: SERVER: destructor for server bound to port 45335
Sat Sep 14 02:30:42 2024: XCD main fifo: Good unlink of /tmp/xcdmain58a9d460-c6a6-4efc-ae71-9c1593191d47
Sat Sep 14 02:30:42 2024: Server exiting with status 0.
Sat Sep 14 02:30:42 2024: Closing log file.
Sat Sep 14 02:48:12 2024: Running xcd server. This server was built by gradle.
Sat Sep 14 02:48:12 2024: Server was asked to start on port: '33615'
Sat Sep 14 02:48:12 2024: Server is using token UUID: '387a26c9-02d8-45c3-8a47-cbed764df902'
Sat Sep 14 02:48:12 2024: SESSION_MGR: creating session with session uuid: '6d04a3e9-ade5-4ab9-8d63-1f78fcd2ec76' and name 'default'
Sat Sep 14 02:48:12 2024: Attempting to start server on port '33615'
Sat Sep 14 02:48:12 2024: XCD main fifo: created main fifo '/tmp/xcdmain387a26c9-02d8-45c3-8a47-cbed764df902', fd read = 13
Sat Sep 14 02:48:12 2024: Running Dispatch Server
Sat Sep 14 02:48:12 2024: Version 2.2.0
Sat Sep 14 02:48:14 2024: Dispatch Server: Accepted socket connection from client
Sat Sep 14 02:48:14 2024: Starting Socket connection
Sat Sep 14 02:48:14 2024: EXCHANGE_TOKEN received, server token: 387a26c9-02d8-45c3-8a47-cbed764df902, passed token: 387a26c9-02d8-45c3-8a47-cbed764df902
Sat Sep 14 02:48:14 2024: DISPATCH_HANDLER: Adding handler from function makeHandler in library libxv_system_diagram
Sat Sep 14 02:48:14 2024: SESSION_MGR: creating session with session uuid: '35496fca-5a8a-4ef9-8cfb-3421ed2121cc' and name 'v++_compile_EdgedetectBaseline_cluster'
Sat Sep 14 02:48:14 2024: KERNEL_SVC: creating session with uuid: '35496fca-5a8a-4ef9-8cfb-3421ed2121cc' and name 'v++_compile_EdgedetectBaseline_cluster'
Sat Sep 14 02:48:14 2024: GUIDANCE_SMGR: creating guidance session with uuid: '35496fca-5a8a-4ef9-8cfb-3421ed2121cc' and name 'v++_compile_EdgedetectBaseline_cluster'
Sat Sep 14 02:48:14 2024: SYSTEM_DIAGRAM: creating session with uuid: '35496fca-5a8a-4ef9-8cfb-3421ed2121cc' and name 'v++_compile_EdgedetectBaseline_cluster'
Sat Sep 14 02:48:18 2024: Dispatch Server: Accepted socket connection from client
Sat Sep 14 02:48:18 2024: Starting Socket connection
Sat Sep 14 02:48:34 2024: SESSION_MGR: closing session for UUID '35496fca-5a8a-4ef9-8cfb-3421ed2121cc' with name 'v++_compile_EdgedetectBaseline_cluster'
Sat Sep 14 02:48:34 2024: KERNEL_SVC: closing session for UUID '35496fca-5a8a-4ef9-8cfb-3421ed2121cc' with name 'v++_compile_EdgedetectBaseline_cluster'
Sat Sep 14 02:48:34 2024: GUIDANCE_SMGR: closing session for UUID '35496fca-5a8a-4ef9-8cfb-3421ed2121cc' with name 'v++_compile_EdgedetectBaseline_cluster'
Sat Sep 14 02:48:34 2024: SYSTEM_DIAGRAM: closing session for UUID '35496fca-5a8a-4ef9-8cfb-3421ed2121cc' with name 'v++_compile_EdgedetectBaseline_cluster'
Sat Sep 14 02:48:34 2024: STOP_SERVER received, server token: 387a26c9-02d8-45c3-8a47-cbed764df902, passed token: 387a26c9-02d8-45c3-8a47-cbed764df902
Sat Sep 14 02:48:34 2024: Socket received request to stop server.
Sat Sep 14 02:48:34 2024: Dispatch Server: do_await_stop
Sat Sep 14 02:48:34 2024: Dispatch Server: stopping mainFifo_
Sat Sep 14 02:48:34 2024: XCD main fifo: Stopping
Sat Sep 14 02:48:34 2024: XCD main fifo: do_read error code: Operation canceled
Sat Sep 14 02:48:34 2024: XCD main fifo: bytes_transferred: 0
Sat Sep 14 02:48:34 2024: SERVER: destructor for server bound to port 33615
Sat Sep 14 02:48:34 2024: XCD main fifo: Good unlink of /tmp/xcdmain387a26c9-02d8-45c3-8a47-cbed764df902
Sat Sep 14 02:48:34 2024: Server exiting with status 0.
Sat Sep 14 02:48:34 2024: Closing log file.
Sat Sep 14 02:48:36 2024: Running xcd server. This server was built by gradle.
Sat Sep 14 02:48:36 2024: Server was asked to start on port: '40727'
Sat Sep 14 02:48:36 2024: Server is using token UUID: '9b27d6d8-0cd7-4d40-b720-c667934956e4'
Sat Sep 14 02:48:36 2024: SESSION_MGR: creating session with session uuid: '6d04a3e9-ade5-4ab9-8d63-1f78fcd2ec76' and name 'default'
Sat Sep 14 02:48:36 2024: Attempting to start server on port '40727'
Sat Sep 14 02:48:36 2024: XCD main fifo: created main fifo '/tmp/xcdmain9b27d6d8-0cd7-4d40-b720-c667934956e4', fd read = 13
Sat Sep 14 02:48:36 2024: Running Dispatch Server
Sat Sep 14 02:48:36 2024: Version 2.2.0
Sat Sep 14 02:48:38 2024: Dispatch Server: Accepted socket connection from client
Sat Sep 14 02:48:38 2024: Starting Socket connection
Sat Sep 14 02:48:38 2024: EXCHANGE_TOKEN received, server token: 9b27d6d8-0cd7-4d40-b720-c667934956e4, passed token: 9b27d6d8-0cd7-4d40-b720-c667934956e4
Sat Sep 14 02:48:38 2024: DISPATCH_HANDLER: Adding handler from function makeHandler in library libxv_system_diagram
Sat Sep 14 02:48:38 2024: SESSION_MGR: creating session with session uuid: '771b0df4-f3a6-447b-8cdc-f899683db447' and name 'vitis-run_compile_EdgedetectBaseline_cluster'
Sat Sep 14 02:48:38 2024: KERNEL_SVC: creating session with uuid: '771b0df4-f3a6-447b-8cdc-f899683db447' and name 'vitis-run_compile_EdgedetectBaseline_cluster'
Sat Sep 14 02:48:38 2024: GUIDANCE_SMGR: creating guidance session with uuid: '771b0df4-f3a6-447b-8cdc-f899683db447' and name 'vitis-run_compile_EdgedetectBaseline_cluster'
Sat Sep 14 02:48:38 2024: SYSTEM_DIAGRAM: creating session with uuid: '771b0df4-f3a6-447b-8cdc-f899683db447' and name 'vitis-run_compile_EdgedetectBaseline_cluster'
Sat Sep 14 02:48:42 2024: Dispatch Server: Accepted socket connection from client
Sat Sep 14 02:48:42 2024: Starting Socket connection
Sat Sep 14 02:49:09 2024: SESSION_MGR: closing session for UUID '771b0df4-f3a6-447b-8cdc-f899683db447' with name 'vitis-run_compile_EdgedetectBaseline_cluster'
Sat Sep 14 02:49:09 2024: KERNEL_SVC: closing session for UUID '771b0df4-f3a6-447b-8cdc-f899683db447' with name 'vitis-run_compile_EdgedetectBaseline_cluster'
Sat Sep 14 02:49:09 2024: GUIDANCE_SMGR: closing session for UUID '771b0df4-f3a6-447b-8cdc-f899683db447' with name 'vitis-run_compile_EdgedetectBaseline_cluster'
Sat Sep 14 02:49:09 2024: SYSTEM_DIAGRAM: closing session for UUID '771b0df4-f3a6-447b-8cdc-f899683db447' with name 'vitis-run_compile_EdgedetectBaseline_cluster'
Sat Sep 14 02:49:09 2024: STOP_SERVER received, server token: 9b27d6d8-0cd7-4d40-b720-c667934956e4, passed token: 9b27d6d8-0cd7-4d40-b720-c667934956e4
Sat Sep 14 02:49:09 2024: Socket received request to stop server.
Sat Sep 14 02:49:09 2024: Dispatch Server: do_await_stop
Sat Sep 14 02:49:09 2024: Dispatch Server: stopping mainFifo_
Sat Sep 14 02:49:09 2024: XCD main fifo: Stopping
Sat Sep 14 02:49:09 2024: XCD main fifo: do_read error code: Operation canceled
Sat Sep 14 02:49:09 2024: XCD main fifo: bytes_transferred: 0
Sat Sep 14 02:49:09 2024: SERVER: destructor for server bound to port 40727
Sat Sep 14 02:49:09 2024: XCD main fifo: Good unlink of /tmp/xcdmain9b27d6d8-0cd7-4d40-b720-c667934956e4
Sat Sep 14 02:49:09 2024: Server exiting with status 0.
Sat Sep 14 02:49:09 2024: Closing log file.
Fri Sep 20 02:11:41 2024: Running xcd server. This server was built by gradle.
Fri Sep 20 02:11:41 2024: Server was asked to start on port: '39439'
Fri Sep 20 02:11:41 2024: Server is using token UUID: '4b40cef9-bff4-4af9-8cf3-fdbfa47d334f'
Fri Sep 20 02:11:41 2024: SESSION_MGR: creating session with session uuid: '6d04a3e9-ade5-4ab9-8d63-1f78fcd2ec76' and name 'default'
Fri Sep 20 02:11:41 2024: Attempting to start server on port '39439'
Fri Sep 20 02:11:41 2024: XCD main fifo: created main fifo '/tmp/xcdmain4b40cef9-bff4-4af9-8cf3-fdbfa47d334f', fd read = 13
Fri Sep 20 02:11:41 2024: Running Dispatch Server
Fri Sep 20 02:11:41 2024: Version 2.2.0
Fri Sep 20 02:11:43 2024: Dispatch Server: Accepted socket connection from client
Fri Sep 20 02:11:43 2024: Starting Socket connection
Fri Sep 20 02:11:43 2024: EXCHANGE_TOKEN received, server token: 4b40cef9-bff4-4af9-8cf3-fdbfa47d334f, passed token: 4b40cef9-bff4-4af9-8cf3-fdbfa47d334f
Fri Sep 20 02:11:43 2024: DISPATCH_HANDLER: Adding handler from function makeHandler in library libxv_system_diagram
Fri Sep 20 02:11:43 2024: SESSION_MGR: creating session with session uuid: 'ed8c4c06-744b-4e0e-8829-337c4a00830c' and name 'v++_compile_EdgedetectBaseline_cluster'
Fri Sep 20 02:11:43 2024: KERNEL_SVC: creating session with uuid: 'ed8c4c06-744b-4e0e-8829-337c4a00830c' and name 'v++_compile_EdgedetectBaseline_cluster'
Fri Sep 20 02:11:43 2024: GUIDANCE_SMGR: creating guidance session with uuid: 'ed8c4c06-744b-4e0e-8829-337c4a00830c' and name 'v++_compile_EdgedetectBaseline_cluster'
Fri Sep 20 02:11:43 2024: SYSTEM_DIAGRAM: creating session with uuid: 'ed8c4c06-744b-4e0e-8829-337c4a00830c' and name 'v++_compile_EdgedetectBaseline_cluster'
Fri Sep 20 02:11:47 2024: Dispatch Server: Accepted socket connection from client
Fri Sep 20 02:11:47 2024: Starting Socket connection
Fri Sep 20 02:12:03 2024: SESSION_MGR: closing session for UUID 'ed8c4c06-744b-4e0e-8829-337c4a00830c' with name 'v++_compile_EdgedetectBaseline_cluster'
Fri Sep 20 02:12:03 2024: KERNEL_SVC: closing session for UUID 'ed8c4c06-744b-4e0e-8829-337c4a00830c' with name 'v++_compile_EdgedetectBaseline_cluster'
Fri Sep 20 02:12:03 2024: GUIDANCE_SMGR: closing session for UUID 'ed8c4c06-744b-4e0e-8829-337c4a00830c' with name 'v++_compile_EdgedetectBaseline_cluster'
Fri Sep 20 02:12:03 2024: SYSTEM_DIAGRAM: closing session for UUID 'ed8c4c06-744b-4e0e-8829-337c4a00830c' with name 'v++_compile_EdgedetectBaseline_cluster'
Fri Sep 20 02:12:03 2024: STOP_SERVER received, server token: 4b40cef9-bff4-4af9-8cf3-fdbfa47d334f, passed token: 4b40cef9-bff4-4af9-8cf3-fdbfa47d334f
Fri Sep 20 02:12:03 2024: Socket received request to stop server.
Fri Sep 20 02:12:03 2024: Dispatch Server: do_await_stop
Fri Sep 20 02:12:03 2024: Dispatch Server: stopping mainFifo_
Fri Sep 20 02:12:03 2024: XCD main fifo: Stopping
Fri Sep 20 02:12:03 2024: XCD main fifo: do_read error code: Operation canceled
Fri Sep 20 02:12:03 2024: XCD main fifo: bytes_transferred: 0
Fri Sep 20 02:12:03 2024: SERVER: destructor for server bound to port 39439
Fri Sep 20 02:12:03 2024: XCD main fifo: Good unlink of /tmp/xcdmain4b40cef9-bff4-4af9-8cf3-fdbfa47d334f
Fri Sep 20 02:12:03 2024: Server exiting with status 0.
Fri Sep 20 02:12:03 2024: Closing log file.
Fri Sep 20 04:48:24 2024: Running xcd server. This server was built by gradle.
Fri Sep 20 04:48:24 2024: Server was asked to start on port: '37117'
Fri Sep 20 04:48:24 2024: Server is using token UUID: '4e78fa0c-80ba-4e31-86d3-b4f6fac6d429'
Fri Sep 20 04:48:24 2024: SESSION_MGR: creating session with session uuid: '6d04a3e9-ade5-4ab9-8d63-1f78fcd2ec76' and name 'default'
Fri Sep 20 04:48:24 2024: Attempting to start server on port '37117'
Fri Sep 20 04:48:24 2024: XCD main fifo: created main fifo '/tmp/xcdmain4e78fa0c-80ba-4e31-86d3-b4f6fac6d429', fd read = 13
Fri Sep 20 04:48:24 2024: Running Dispatch Server
Fri Sep 20 04:48:24 2024: Version 2.2.0
Fri Sep 20 04:48:26 2024: Dispatch Server: Accepted socket connection from client
Fri Sep 20 04:48:26 2024: Starting Socket connection
Fri Sep 20 04:48:26 2024: EXCHANGE_TOKEN received, server token: 4e78fa0c-80ba-4e31-86d3-b4f6fac6d429, passed token: 4e78fa0c-80ba-4e31-86d3-b4f6fac6d429
Fri Sep 20 04:48:26 2024: DISPATCH_HANDLER: Adding handler from function makeHandler in library libxv_system_diagram
Fri Sep 20 04:48:26 2024: SESSION_MGR: creating session with session uuid: '676015c7-ebbb-47ad-aa45-0e9a4b66a7a8' and name 'v++_compile_EdgedetectBaseline_cluster'
Fri Sep 20 04:48:26 2024: KERNEL_SVC: creating session with uuid: '676015c7-ebbb-47ad-aa45-0e9a4b66a7a8' and name 'v++_compile_EdgedetectBaseline_cluster'
Fri Sep 20 04:48:26 2024: GUIDANCE_SMGR: creating guidance session with uuid: '676015c7-ebbb-47ad-aa45-0e9a4b66a7a8' and name 'v++_compile_EdgedetectBaseline_cluster'
Fri Sep 20 04:48:26 2024: SYSTEM_DIAGRAM: creating session with uuid: '676015c7-ebbb-47ad-aa45-0e9a4b66a7a8' and name 'v++_compile_EdgedetectBaseline_cluster'
Fri Sep 20 04:48:30 2024: Dispatch Server: Accepted socket connection from client
Fri Sep 20 04:48:30 2024: Starting Socket connection
Fri Sep 20 04:48:40 2024: SESSION_MGR: closing session for UUID '676015c7-ebbb-47ad-aa45-0e9a4b66a7a8' with name 'v++_compile_EdgedetectBaseline_cluster'
Fri Sep 20 04:48:40 2024: KERNEL_SVC: closing session for UUID '676015c7-ebbb-47ad-aa45-0e9a4b66a7a8' with name 'v++_compile_EdgedetectBaseline_cluster'
Fri Sep 20 04:48:40 2024: GUIDANCE_SMGR: closing session for UUID '676015c7-ebbb-47ad-aa45-0e9a4b66a7a8' with name 'v++_compile_EdgedetectBaseline_cluster'
Fri Sep 20 04:48:40 2024: SYSTEM_DIAGRAM: closing session for UUID '676015c7-ebbb-47ad-aa45-0e9a4b66a7a8' with name 'v++_compile_EdgedetectBaseline_cluster'
Fri Sep 20 04:48:40 2024: STOP_SERVER received, server token: 4e78fa0c-80ba-4e31-86d3-b4f6fac6d429, passed token: 4e78fa0c-80ba-4e31-86d3-b4f6fac6d429
Fri Sep 20 04:48:40 2024: Socket received request to stop server.
Fri Sep 20 04:48:40 2024: Dispatch Server: do_await_stop
Fri Sep 20 04:48:40 2024: Dispatch Server: stopping mainFifo_
Fri Sep 20 04:48:40 2024: XCD main fifo: Stopping
Fri Sep 20 04:48:40 2024: XCD main fifo: do_read error code: Operation canceled
Fri Sep 20 04:48:40 2024: XCD main fifo: bytes_transferred: 0
Fri Sep 20 04:48:40 2024: SERVER: destructor for server bound to port 37117
Fri Sep 20 04:48:40 2024: XCD main fifo: Good unlink of /tmp/xcdmain4e78fa0c-80ba-4e31-86d3-b4f6fac6d429
Fri Sep 20 04:48:40 2024: Server exiting with status 0.
Fri Sep 20 04:48:40 2024: Closing log file.
Fri Sep 20 04:48:42 2024: Running xcd server. This server was built by gradle.
Fri Sep 20 04:48:42 2024: Server was asked to start on port: '38039'
Fri Sep 20 04:48:42 2024: Server is using token UUID: 'ac8bbc4a-0053-4879-8da8-526d6e3c56b1'
Fri Sep 20 04:48:42 2024: SESSION_MGR: creating session with session uuid: '6d04a3e9-ade5-4ab9-8d63-1f78fcd2ec76' and name 'default'
Fri Sep 20 04:48:42 2024: Attempting to start server on port '38039'
Fri Sep 20 04:48:42 2024: XCD main fifo: created main fifo '/tmp/xcdmainac8bbc4a-0053-4879-8da8-526d6e3c56b1', fd read = 13
Fri Sep 20 04:48:42 2024: Running Dispatch Server
Fri Sep 20 04:48:42 2024: Version 2.2.0
Fri Sep 20 04:48:43 2024: Dispatch Server: Accepted socket connection from client
Fri Sep 20 04:48:43 2024: Starting Socket connection
Fri Sep 20 04:48:43 2024: EXCHANGE_TOKEN received, server token: ac8bbc4a-0053-4879-8da8-526d6e3c56b1, passed token: ac8bbc4a-0053-4879-8da8-526d6e3c56b1
Fri Sep 20 04:48:43 2024: DISPATCH_HANDLER: Adding handler from function makeHandler in library libxv_system_diagram
Fri Sep 20 04:48:43 2024: SESSION_MGR: creating session with session uuid: 'd2d3b852-1c23-4b7e-a277-b7d86d0c41f3' and name 'vitis-run_compile_EdgedetectBaseline_cluster'
Fri Sep 20 04:48:43 2024: KERNEL_SVC: creating session with uuid: 'd2d3b852-1c23-4b7e-a277-b7d86d0c41f3' and name 'vitis-run_compile_EdgedetectBaseline_cluster'
Fri Sep 20 04:48:43 2024: GUIDANCE_SMGR: creating guidance session with uuid: 'd2d3b852-1c23-4b7e-a277-b7d86d0c41f3' and name 'vitis-run_compile_EdgedetectBaseline_cluster'
Fri Sep 20 04:48:43 2024: SYSTEM_DIAGRAM: creating session with uuid: 'd2d3b852-1c23-4b7e-a277-b7d86d0c41f3' and name 'vitis-run_compile_EdgedetectBaseline_cluster'
Fri Sep 20 04:48:48 2024: Dispatch Server: Accepted socket connection from client
Fri Sep 20 04:48:48 2024: Starting Socket connection
Fri Sep 20 04:49:14 2024: SESSION_MGR: closing session for UUID 'd2d3b852-1c23-4b7e-a277-b7d86d0c41f3' with name 'vitis-run_compile_EdgedetectBaseline_cluster'
Fri Sep 20 04:49:14 2024: KERNEL_SVC: closing session for UUID 'd2d3b852-1c23-4b7e-a277-b7d86d0c41f3' with name 'vitis-run_compile_EdgedetectBaseline_cluster'
Fri Sep 20 04:49:14 2024: GUIDANCE_SMGR: closing session for UUID 'd2d3b852-1c23-4b7e-a277-b7d86d0c41f3' with name 'vitis-run_compile_EdgedetectBaseline_cluster'
Fri Sep 20 04:49:14 2024: SYSTEM_DIAGRAM: closing session for UUID 'd2d3b852-1c23-4b7e-a277-b7d86d0c41f3' with name 'vitis-run_compile_EdgedetectBaseline_cluster'
Fri Sep 20 04:49:14 2024: STOP_SERVER received, server token: ac8bbc4a-0053-4879-8da8-526d6e3c56b1, passed token: ac8bbc4a-0053-4879-8da8-526d6e3c56b1
Fri Sep 20 04:49:14 2024: Socket received request to stop server.
Fri Sep 20 04:49:14 2024: Dispatch Server: do_await_stop
Fri Sep 20 04:49:14 2024: Dispatch Server: stopping mainFifo_
Fri Sep 20 04:49:14 2024: XCD main fifo: Stopping
Fri Sep 20 04:49:14 2024: XCD main fifo: do_read error code: Operation canceled
Fri Sep 20 04:49:14 2024: XCD main fifo: bytes_transferred: 0
Fri Sep 20 04:49:14 2024: SERVER: destructor for server bound to port 38039
Fri Sep 20 04:49:14 2024: XCD main fifo: Good unlink of /tmp/xcdmainac8bbc4a-0053-4879-8da8-526d6e3c56b1
Fri Sep 20 04:49:14 2024: Server exiting with status 0.
Fri Sep 20 04:49:14 2024: Closing log file.
Fri Sep 20 05:03:39 2024: Running xcd server. This server was built by gradle.
Fri Sep 20 05:03:39 2024: Server was asked to start on port: '44093'
Fri Sep 20 05:03:39 2024: Server is using token UUID: 'ee69b70e-bcb9-4ae8-95e5-0a0473673cb1'
Fri Sep 20 05:03:39 2024: SESSION_MGR: creating session with session uuid: '6d04a3e9-ade5-4ab9-8d63-1f78fcd2ec76' and name 'default'
Fri Sep 20 05:03:39 2024: Attempting to start server on port '44093'
Fri Sep 20 05:03:39 2024: XCD main fifo: created main fifo '/tmp/xcdmainee69b70e-bcb9-4ae8-95e5-0a0473673cb1', fd read = 13
Fri Sep 20 05:03:39 2024: Running Dispatch Server
Fri Sep 20 05:03:39 2024: Version 2.2.0
Fri Sep 20 05:03:41 2024: Dispatch Server: Accepted socket connection from client
Fri Sep 20 05:03:41 2024: Starting Socket connection
Fri Sep 20 05:03:41 2024: EXCHANGE_TOKEN received, server token: ee69b70e-bcb9-4ae8-95e5-0a0473673cb1, passed token: ee69b70e-bcb9-4ae8-95e5-0a0473673cb1
Fri Sep 20 05:03:41 2024: DISPATCH_HANDLER: Adding handler from function makeHandler in library libxv_system_diagram
Fri Sep 20 05:03:41 2024: SESSION_MGR: creating session with session uuid: 'c77c39f7-3e8a-48bb-8597-d4f9f4520049' and name 'v++_compile_EdgedetectBaseline_cluster'
Fri Sep 20 05:03:41 2024: KERNEL_SVC: creating session with uuid: 'c77c39f7-3e8a-48bb-8597-d4f9f4520049' and name 'v++_compile_EdgedetectBaseline_cluster'
Fri Sep 20 05:03:41 2024: GUIDANCE_SMGR: creating guidance session with uuid: 'c77c39f7-3e8a-48bb-8597-d4f9f4520049' and name 'v++_compile_EdgedetectBaseline_cluster'
Fri Sep 20 05:03:41 2024: SYSTEM_DIAGRAM: creating session with uuid: 'c77c39f7-3e8a-48bb-8597-d4f9f4520049' and name 'v++_compile_EdgedetectBaseline_cluster'
Fri Sep 20 05:03:46 2024: Dispatch Server: Accepted socket connection from client
Fri Sep 20 05:03:46 2024: Starting Socket connection
Fri Sep 20 05:03:57 2024: SESSION_MGR: closing session for UUID 'c77c39f7-3e8a-48bb-8597-d4f9f4520049' with name 'v++_compile_EdgedetectBaseline_cluster'
Fri Sep 20 05:03:57 2024: KERNEL_SVC: closing session for UUID 'c77c39f7-3e8a-48bb-8597-d4f9f4520049' with name 'v++_compile_EdgedetectBaseline_cluster'
Fri Sep 20 05:03:57 2024: GUIDANCE_SMGR: closing session for UUID 'c77c39f7-3e8a-48bb-8597-d4f9f4520049' with name 'v++_compile_EdgedetectBaseline_cluster'
Fri Sep 20 05:03:57 2024: SYSTEM_DIAGRAM: closing session for UUID 'c77c39f7-3e8a-48bb-8597-d4f9f4520049' with name 'v++_compile_EdgedetectBaseline_cluster'
Fri Sep 20 05:03:57 2024: STOP_SERVER received, server token: ee69b70e-bcb9-4ae8-95e5-0a0473673cb1, passed token: ee69b70e-bcb9-4ae8-95e5-0a0473673cb1
Fri Sep 20 05:03:57 2024: Socket received request to stop server.
Fri Sep 20 05:03:57 2024: Dispatch Server: do_await_stop
Fri Sep 20 05:03:57 2024: Dispatch Server: stopping mainFifo_
Fri Sep 20 05:03:57 2024: XCD main fifo: Stopping
Fri Sep 20 05:03:57 2024: XCD main fifo: do_read error code: Operation canceled
Fri Sep 20 05:03:57 2024: XCD main fifo: bytes_transferred: 0
Fri Sep 20 05:03:57 2024: SERVER: destructor for server bound to port 44093
Fri Sep 20 05:03:57 2024: XCD main fifo: Good unlink of /tmp/xcdmainee69b70e-bcb9-4ae8-95e5-0a0473673cb1
Fri Sep 20 05:03:57 2024: Server exiting with status 0.
Fri Sep 20 05:03:57 2024: Closing log file.
Fri Sep 20 05:03:59 2024: Running xcd server. This server was built by gradle.
Fri Sep 20 05:03:59 2024: Server was asked to start on port: '45491'
Fri Sep 20 05:03:59 2024: Server is using token UUID: 'a30cfa8f-9734-420c-be0e-99d9bcb55c01'
Fri Sep 20 05:03:59 2024: SESSION_MGR: creating session with session uuid: '6d04a3e9-ade5-4ab9-8d63-1f78fcd2ec76' and name 'default'
Fri Sep 20 05:03:59 2024: Attempting to start server on port '45491'
Fri Sep 20 05:03:59 2024: XCD main fifo: created main fifo '/tmp/xcdmaina30cfa8f-9734-420c-be0e-99d9bcb55c01', fd read = 13
Fri Sep 20 05:03:59 2024: Running Dispatch Server
Fri Sep 20 05:03:59 2024: Version 2.2.0
Fri Sep 20 05:04:00 2024: Dispatch Server: Accepted socket connection from client
Fri Sep 20 05:04:00 2024: Starting Socket connection
Fri Sep 20 05:04:00 2024: EXCHANGE_TOKEN received, server token: a30cfa8f-9734-420c-be0e-99d9bcb55c01, passed token: a30cfa8f-9734-420c-be0e-99d9bcb55c01
Fri Sep 20 05:04:00 2024: DISPATCH_HANDLER: Adding handler from function makeHandler in library libxv_system_diagram
Fri Sep 20 05:04:00 2024: SESSION_MGR: creating session with session uuid: '7ba1e174-c0cd-46e0-acbc-b2e9cf253281' and name 'vitis-run_compile_EdgedetectBaseline_cluster'
Fri Sep 20 05:04:00 2024: KERNEL_SVC: creating session with uuid: '7ba1e174-c0cd-46e0-acbc-b2e9cf253281' and name 'vitis-run_compile_EdgedetectBaseline_cluster'
Fri Sep 20 05:04:00 2024: GUIDANCE_SMGR: creating guidance session with uuid: '7ba1e174-c0cd-46e0-acbc-b2e9cf253281' and name 'vitis-run_compile_EdgedetectBaseline_cluster'
Fri Sep 20 05:04:00 2024: SYSTEM_DIAGRAM: creating session with uuid: '7ba1e174-c0cd-46e0-acbc-b2e9cf253281' and name 'vitis-run_compile_EdgedetectBaseline_cluster'
Fri Sep 20 05:04:05 2024: Dispatch Server: Accepted socket connection from client
Fri Sep 20 05:04:05 2024: Starting Socket connection
Fri Sep 20 05:04:31 2024: SESSION_MGR: closing session for UUID '7ba1e174-c0cd-46e0-acbc-b2e9cf253281' with name 'vitis-run_compile_EdgedetectBaseline_cluster'
Fri Sep 20 05:04:31 2024: KERNEL_SVC: closing session for UUID '7ba1e174-c0cd-46e0-acbc-b2e9cf253281' with name 'vitis-run_compile_EdgedetectBaseline_cluster'
Fri Sep 20 05:04:31 2024: GUIDANCE_SMGR: closing session for UUID '7ba1e174-c0cd-46e0-acbc-b2e9cf253281' with name 'vitis-run_compile_EdgedetectBaseline_cluster'
Fri Sep 20 05:04:31 2024: SYSTEM_DIAGRAM: closing session for UUID '7ba1e174-c0cd-46e0-acbc-b2e9cf253281' with name 'vitis-run_compile_EdgedetectBaseline_cluster'
Fri Sep 20 05:04:31 2024: STOP_SERVER received, server token: a30cfa8f-9734-420c-be0e-99d9bcb55c01, passed token: a30cfa8f-9734-420c-be0e-99d9bcb55c01
Fri Sep 20 05:04:31 2024: Socket received request to stop server.
Fri Sep 20 05:04:31 2024: Dispatch Server: do_await_stop
Fri Sep 20 05:04:31 2024: Dispatch Server: stopping mainFifo_
Fri Sep 20 05:04:31 2024: XCD main fifo: Stopping
Fri Sep 20 05:04:31 2024: XCD main fifo: do_read error code: Operation canceled
Fri Sep 20 05:04:31 2024: XCD main fifo: bytes_transferred: 0
Fri Sep 20 05:04:31 2024: SERVER: destructor for server bound to port 45491
Fri Sep 20 05:04:31 2024: XCD main fifo: Good unlink of /tmp/xcdmaina30cfa8f-9734-420c-be0e-99d9bcb55c01
Fri Sep 20 05:04:31 2024: Server exiting with status 0.
Fri Sep 20 05:04:31 2024: Closing log file.
Fri Sep 20 05:14:35 2024: Running xcd server. This server was built by gradle.
Fri Sep 20 05:14:35 2024: Server was asked to start on port: '39405'
Fri Sep 20 05:14:35 2024: Server is using token UUID: '2df9a6e8-284b-4032-afa9-3157199a352b'
Fri Sep 20 05:14:35 2024: SESSION_MGR: creating session with session uuid: '6d04a3e9-ade5-4ab9-8d63-1f78fcd2ec76' and name 'default'
Fri Sep 20 05:14:35 2024: Attempting to start server on port '39405'
Fri Sep 20 05:14:35 2024: XCD main fifo: created main fifo '/tmp/xcdmain2df9a6e8-284b-4032-afa9-3157199a352b', fd read = 13
Fri Sep 20 05:14:35 2024: Running Dispatch Server
Fri Sep 20 05:14:35 2024: Version 2.2.0
Fri Sep 20 05:14:37 2024: Dispatch Server: Accepted socket connection from client
Fri Sep 20 05:14:37 2024: Starting Socket connection
Fri Sep 20 05:14:37 2024: EXCHANGE_TOKEN received, server token: 2df9a6e8-284b-4032-afa9-3157199a352b, passed token: 2df9a6e8-284b-4032-afa9-3157199a352b
Fri Sep 20 05:14:37 2024: DISPATCH_HANDLER: Adding handler from function makeHandler in library libxv_system_diagram
Fri Sep 20 05:14:37 2024: SESSION_MGR: creating session with session uuid: '38728b20-8dba-4182-8f13-cb659877bd6f' and name 'v++_compile_EdgedetectBaseline_cluster'
Fri Sep 20 05:14:37 2024: KERNEL_SVC: creating session with uuid: '38728b20-8dba-4182-8f13-cb659877bd6f' and name 'v++_compile_EdgedetectBaseline_cluster'
Fri Sep 20 05:14:37 2024: GUIDANCE_SMGR: creating guidance session with uuid: '38728b20-8dba-4182-8f13-cb659877bd6f' and name 'v++_compile_EdgedetectBaseline_cluster'
Fri Sep 20 05:14:37 2024: SYSTEM_DIAGRAM: creating session with uuid: '38728b20-8dba-4182-8f13-cb659877bd6f' and name 'v++_compile_EdgedetectBaseline_cluster'
Fri Sep 20 05:14:41 2024: Dispatch Server: Accepted socket connection from client
Fri Sep 20 05:14:41 2024: Starting Socket connection
Fri Sep 20 05:14:50 2024: SESSION_MGR: closing session for UUID '38728b20-8dba-4182-8f13-cb659877bd6f' with name 'v++_compile_EdgedetectBaseline_cluster'
Fri Sep 20 05:14:50 2024: KERNEL_SVC: closing session for UUID '38728b20-8dba-4182-8f13-cb659877bd6f' with name 'v++_compile_EdgedetectBaseline_cluster'
Fri Sep 20 05:14:50 2024: GUIDANCE_SMGR: closing session for UUID '38728b20-8dba-4182-8f13-cb659877bd6f' with name 'v++_compile_EdgedetectBaseline_cluster'
Fri Sep 20 05:14:51 2024: SYSTEM_DIAGRAM: closing session for UUID '38728b20-8dba-4182-8f13-cb659877bd6f' with name 'v++_compile_EdgedetectBaseline_cluster'
Fri Sep 20 05:14:51 2024: STOP_SERVER received, server token: 2df9a6e8-284b-4032-afa9-3157199a352b, passed token: 2df9a6e8-284b-4032-afa9-3157199a352b
Fri Sep 20 05:14:51 2024: Socket received request to stop server.
Fri Sep 20 05:14:51 2024: Dispatch Server: do_await_stop
Fri Sep 20 05:14:51 2024: Dispatch Server: stopping mainFifo_
Fri Sep 20 05:14:51 2024: XCD main fifo: Stopping
Fri Sep 20 05:14:51 2024: XCD main fifo: do_read error code: Operation canceled
Fri Sep 20 05:14:51 2024: XCD main fifo: bytes_transferred: 0
Fri Sep 20 05:14:51 2024: SERVER: destructor for server bound to port 39405
Fri Sep 20 05:14:51 2024: XCD main fifo: Good unlink of /tmp/xcdmain2df9a6e8-284b-4032-afa9-3157199a352b
Fri Sep 20 05:14:51 2024: Server exiting with status 0.
Fri Sep 20 05:14:51 2024: Closing log file.
Fri Sep 20 05:14:52 2024: Running xcd server. This server was built by gradle.
Fri Sep 20 05:14:52 2024: Server was asked to start on port: '44497'
Fri Sep 20 05:14:52 2024: Server is using token UUID: 'f2c06bca-9871-4209-a570-226f240ef230'
Fri Sep 20 05:14:52 2024: SESSION_MGR: creating session with session uuid: '6d04a3e9-ade5-4ab9-8d63-1f78fcd2ec76' and name 'default'
Fri Sep 20 05:14:52 2024: Attempting to start server on port '44497'
Fri Sep 20 05:14:52 2024: XCD main fifo: created main fifo '/tmp/xcdmainf2c06bca-9871-4209-a570-226f240ef230', fd read = 13
Fri Sep 20 05:14:52 2024: Running Dispatch Server
Fri Sep 20 05:14:52 2024: Version 2.2.0
Fri Sep 20 05:14:54 2024: Dispatch Server: Accepted socket connection from client
Fri Sep 20 05:14:54 2024: Starting Socket connection
Fri Sep 20 05:14:54 2024: EXCHANGE_TOKEN received, server token: f2c06bca-9871-4209-a570-226f240ef230, passed token: f2c06bca-9871-4209-a570-226f240ef230
Fri Sep 20 05:14:54 2024: DISPATCH_HANDLER: Adding handler from function makeHandler in library libxv_system_diagram
Fri Sep 20 05:14:54 2024: SESSION_MGR: creating session with session uuid: '808d474a-906f-49cf-82e3-41732b9b9148' and name 'vitis-run_compile_EdgedetectBaseline_cluster'
Fri Sep 20 05:14:54 2024: KERNEL_SVC: creating session with uuid: '808d474a-906f-49cf-82e3-41732b9b9148' and name 'vitis-run_compile_EdgedetectBaseline_cluster'
Fri Sep 20 05:14:54 2024: GUIDANCE_SMGR: creating guidance session with uuid: '808d474a-906f-49cf-82e3-41732b9b9148' and name 'vitis-run_compile_EdgedetectBaseline_cluster'
Fri Sep 20 05:14:54 2024: SYSTEM_DIAGRAM: creating session with uuid: '808d474a-906f-49cf-82e3-41732b9b9148' and name 'vitis-run_compile_EdgedetectBaseline_cluster'
Fri Sep 20 05:14:58 2024: Dispatch Server: Accepted socket connection from client
Fri Sep 20 05:14:58 2024: Starting Socket connection
Fri Sep 20 05:15:24 2024: SESSION_MGR: closing session for UUID '808d474a-906f-49cf-82e3-41732b9b9148' with name 'vitis-run_compile_EdgedetectBaseline_cluster'
Fri Sep 20 05:15:24 2024: KERNEL_SVC: closing session for UUID '808d474a-906f-49cf-82e3-41732b9b9148' with name 'vitis-run_compile_EdgedetectBaseline_cluster'
Fri Sep 20 05:15:24 2024: GUIDANCE_SMGR: closing session for UUID '808d474a-906f-49cf-82e3-41732b9b9148' with name 'vitis-run_compile_EdgedetectBaseline_cluster'
Fri Sep 20 05:15:24 2024: SYSTEM_DIAGRAM: closing session for UUID '808d474a-906f-49cf-82e3-41732b9b9148' with name 'vitis-run_compile_EdgedetectBaseline_cluster'
Fri Sep 20 05:15:24 2024: STOP_SERVER received, server token: f2c06bca-9871-4209-a570-226f240ef230, passed token: f2c06bca-9871-4209-a570-226f240ef230
Fri Sep 20 05:15:24 2024: Socket received request to stop server.
Fri Sep 20 05:15:24 2024: Dispatch Server: do_await_stop
Fri Sep 20 05:15:24 2024: Dispatch Server: stopping mainFifo_
Fri Sep 20 05:15:24 2024: XCD main fifo: Stopping
Fri Sep 20 05:15:24 2024: XCD main fifo: do_read error code: Operation canceled
Fri Sep 20 05:15:24 2024: XCD main fifo: bytes_transferred: 0
Fri Sep 20 05:15:24 2024: SERVER: destructor for server bound to port 44497
Fri Sep 20 05:15:24 2024: XCD main fifo: Good unlink of /tmp/xcdmainf2c06bca-9871-4209-a570-226f240ef230
Fri Sep 20 05:15:24 2024: Server exiting with status 0.
Fri Sep 20 05:15:24 2024: Closing log file.
Fri Sep 20 05:32:44 2024: Running xcd server. This server was built by gradle.
Fri Sep 20 05:32:44 2024: Server was asked to start on port: '46397'
Fri Sep 20 05:32:44 2024: Server is using token UUID: 'd6bc349c-d705-4946-8b72-3fb11e941f26'
Fri Sep 20 05:32:44 2024: SESSION_MGR: creating session with session uuid: '6d04a3e9-ade5-4ab9-8d63-1f78fcd2ec76' and name 'default'
Fri Sep 20 05:32:44 2024: Attempting to start server on port '46397'
Fri Sep 20 05:32:44 2024: XCD main fifo: created main fifo '/tmp/xcdmaind6bc349c-d705-4946-8b72-3fb11e941f26', fd read = 13
Fri Sep 20 05:32:44 2024: Running Dispatch Server
Fri Sep 20 05:32:44 2024: Version 2.2.0
Fri Sep 20 05:32:46 2024: Dispatch Server: Accepted socket connection from client
Fri Sep 20 05:32:46 2024: Starting Socket connection
Fri Sep 20 05:32:46 2024: EXCHANGE_TOKEN received, server token: d6bc349c-d705-4946-8b72-3fb11e941f26, passed token: d6bc349c-d705-4946-8b72-3fb11e941f26
Fri Sep 20 05:32:46 2024: DISPATCH_HANDLER: Adding handler from function makeHandler in library libxv_system_diagram
Fri Sep 20 05:32:46 2024: SESSION_MGR: creating session with session uuid: '3c3db99b-dba9-453b-8d05-2366902a7edd' and name 'v++_compile_EdgedetectBaseline_cluster'
Fri Sep 20 05:32:46 2024: KERNEL_SVC: creating session with uuid: '3c3db99b-dba9-453b-8d05-2366902a7edd' and name 'v++_compile_EdgedetectBaseline_cluster'
Fri Sep 20 05:32:46 2024: GUIDANCE_SMGR: creating guidance session with uuid: '3c3db99b-dba9-453b-8d05-2366902a7edd' and name 'v++_compile_EdgedetectBaseline_cluster'
Fri Sep 20 05:32:46 2024: SYSTEM_DIAGRAM: creating session with uuid: '3c3db99b-dba9-453b-8d05-2366902a7edd' and name 'v++_compile_EdgedetectBaseline_cluster'
Fri Sep 20 05:32:50 2024: Dispatch Server: Accepted socket connection from client
Fri Sep 20 05:32:50 2024: Starting Socket connection
Fri Sep 20 05:33:00 2024: SESSION_MGR: closing session for UUID '3c3db99b-dba9-453b-8d05-2366902a7edd' with name 'v++_compile_EdgedetectBaseline_cluster'
Fri Sep 20 05:33:00 2024: KERNEL_SVC: closing session for UUID '3c3db99b-dba9-453b-8d05-2366902a7edd' with name 'v++_compile_EdgedetectBaseline_cluster'
Fri Sep 20 05:33:00 2024: GUIDANCE_SMGR: closing session for UUID '3c3db99b-dba9-453b-8d05-2366902a7edd' with name 'v++_compile_EdgedetectBaseline_cluster'
Fri Sep 20 05:33:00 2024: SYSTEM_DIAGRAM: closing session for UUID '3c3db99b-dba9-453b-8d05-2366902a7edd' with name 'v++_compile_EdgedetectBaseline_cluster'
Fri Sep 20 05:33:00 2024: STOP_SERVER received, server token: d6bc349c-d705-4946-8b72-3fb11e941f26, passed token: d6bc349c-d705-4946-8b72-3fb11e941f26
Fri Sep 20 05:33:00 2024: Socket received request to stop server.
Fri Sep 20 05:33:00 2024: Dispatch Server: do_await_stop
Fri Sep 20 05:33:00 2024: Dispatch Server: stopping mainFifo_
Fri Sep 20 05:33:00 2024: XCD main fifo: Stopping
Fri Sep 20 05:33:00 2024: XCD main fifo: do_read error code: Operation canceled
Fri Sep 20 05:33:00 2024: XCD main fifo: bytes_transferred: 0
Fri Sep 20 05:33:00 2024: SERVER: destructor for server bound to port 46397
Fri Sep 20 05:33:00 2024: XCD main fifo: Good unlink of /tmp/xcdmaind6bc349c-d705-4946-8b72-3fb11e941f26
Fri Sep 20 05:33:00 2024: Server exiting with status 0.
Fri Sep 20 05:33:00 2024: Closing log file.
Fri Sep 20 05:33:02 2024: Running xcd server. This server was built by gradle.
Fri Sep 20 05:33:02 2024: Server was asked to start on port: '39509'
Fri Sep 20 05:33:02 2024: Server is using token UUID: 'dbdf37ef-4892-4e10-aa62-7fbf037d1eb2'
Fri Sep 20 05:33:02 2024: SESSION_MGR: creating session with session uuid: '6d04a3e9-ade5-4ab9-8d63-1f78fcd2ec76' and name 'default'
Fri Sep 20 05:33:02 2024: Attempting to start server on port '39509'
Fri Sep 20 05:33:02 2024: XCD main fifo: created main fifo '/tmp/xcdmaindbdf37ef-4892-4e10-aa62-7fbf037d1eb2', fd read = 13
Fri Sep 20 05:33:02 2024: Running Dispatch Server
Fri Sep 20 05:33:02 2024: Version 2.2.0
Fri Sep 20 05:33:04 2024: Dispatch Server: Accepted socket connection from client
Fri Sep 20 05:33:04 2024: Starting Socket connection
Fri Sep 20 05:33:04 2024: EXCHANGE_TOKEN received, server token: dbdf37ef-4892-4e10-aa62-7fbf037d1eb2, passed token: dbdf37ef-4892-4e10-aa62-7fbf037d1eb2
Fri Sep 20 05:33:04 2024: DISPATCH_HANDLER: Adding handler from function makeHandler in library libxv_system_diagram
Fri Sep 20 05:33:04 2024: SESSION_MGR: creating session with session uuid: '6df50acf-bf26-4ce0-8611-7c867605c0dc' and name 'vitis-run_compile_EdgedetectBaseline_cluster'
Fri Sep 20 05:33:04 2024: KERNEL_SVC: creating session with uuid: '6df50acf-bf26-4ce0-8611-7c867605c0dc' and name 'vitis-run_compile_EdgedetectBaseline_cluster'
Fri Sep 20 05:33:04 2024: GUIDANCE_SMGR: creating guidance session with uuid: '6df50acf-bf26-4ce0-8611-7c867605c0dc' and name 'vitis-run_compile_EdgedetectBaseline_cluster'
Fri Sep 20 05:33:04 2024: SYSTEM_DIAGRAM: creating session with uuid: '6df50acf-bf26-4ce0-8611-7c867605c0dc' and name 'vitis-run_compile_EdgedetectBaseline_cluster'
Fri Sep 20 05:33:08 2024: Dispatch Server: Accepted socket connection from client
Fri Sep 20 05:33:08 2024: Starting Socket connection
Fri Sep 20 05:33:34 2024: SESSION_MGR: closing session for UUID '6df50acf-bf26-4ce0-8611-7c867605c0dc' with name 'vitis-run_compile_EdgedetectBaseline_cluster'
Fri Sep 20 05:33:34 2024: KERNEL_SVC: closing session for UUID '6df50acf-bf26-4ce0-8611-7c867605c0dc' with name 'vitis-run_compile_EdgedetectBaseline_cluster'
Fri Sep 20 05:33:34 2024: GUIDANCE_SMGR: closing session for UUID '6df50acf-bf26-4ce0-8611-7c867605c0dc' with name 'vitis-run_compile_EdgedetectBaseline_cluster'
Fri Sep 20 05:33:34 2024: SYSTEM_DIAGRAM: closing session for UUID '6df50acf-bf26-4ce0-8611-7c867605c0dc' with name 'vitis-run_compile_EdgedetectBaseline_cluster'
Fri Sep 20 05:33:34 2024: STOP_SERVER received, server token: dbdf37ef-4892-4e10-aa62-7fbf037d1eb2, passed token: dbdf37ef-4892-4e10-aa62-7fbf037d1eb2
Fri Sep 20 05:33:34 2024: Socket received request to stop server.
Fri Sep 20 05:33:34 2024: Dispatch Server: do_await_stop
Fri Sep 20 05:33:34 2024: Dispatch Server: stopping mainFifo_
Fri Sep 20 05:33:34 2024: XCD main fifo: Stopping
Fri Sep 20 05:33:34 2024: XCD main fifo: do_read error code: Operation canceled
Fri Sep 20 05:33:34 2024: XCD main fifo: bytes_transferred: 0
Fri Sep 20 05:33:34 2024: SERVER: destructor for server bound to port 39509
Fri Sep 20 05:33:34 2024: XCD main fifo: Good unlink of /tmp/xcdmaindbdf37ef-4892-4e10-aa62-7fbf037d1eb2
Fri Sep 20 05:33:34 2024: Server exiting with status 0.
Fri Sep 20 05:33:34 2024: Closing log file.
