Wed Sep 18 02:02:34 2024: Running xcd server. This server was built by gradle.
Wed Sep 18 02:02:34 2024: Server was asked to start on port: '44015'
Wed Sep 18 02:02:34 2024: Server is using token UUID: '580b6ea6-b0ac-4518-b395-89d6f558e66b'
Wed Sep 18 02:02:34 2024: SESSION_MGR: creating session with session uuid: '6d04a3e9-ade5-4ab9-8d63-1f78fcd2ec76' and name 'default'
Wed Sep 18 02:02:34 2024: Attempting to start server on port '44015'
Wed Sep 18 02:02:34 2024: XCD main fifo: created main fifo '/tmp/xcdmain580b6ea6-b0ac-4518-b395-89d6f558e66b', fd read = 13
Wed Sep 18 02:02:34 2024: Running Dispatch Server
Wed Sep 18 02:02:34 2024: Version 2.2.0
Wed Sep 18 02:02:36 2024: Dispatch Server: Accepted socket connection from client
Wed Sep 18 02:02:36 2024: Starting Socket connection
Wed Sep 18 02:02:36 2024: EXCHANGE_TOKEN received, server token: 580b6ea6-b0ac-4518-b395-89d6f558e66b, passed token: 580b6ea6-b0ac-4518-b395-89d6f558e66b
Wed Sep 18 02:02:36 2024: DISPATCH_HANDLER: Adding handler from function makeHandler in library libxv_system_diagram
Wed Sep 18 02:02:36 2024: SESSION_MGR: creating session with session uuid: 'db3a14ca-eaa2-4fbd-b5f9-59e9f9b72216' and name 'v++_compile_vadd'
Wed Sep 18 02:02:36 2024: KERNEL_SVC: creating session with uuid: 'db3a14ca-eaa2-4fbd-b5f9-59e9f9b72216' and name 'v++_compile_vadd'
Wed Sep 18 02:02:36 2024: GUIDANCE_SMGR: creating guidance session with uuid: 'db3a14ca-eaa2-4fbd-b5f9-59e9f9b72216' and name 'v++_compile_vadd'
Wed Sep 18 02:02:36 2024: SYSTEM_DIAGRAM: creating session with uuid: 'db3a14ca-eaa2-4fbd-b5f9-59e9f9b72216' and name 'v++_compile_vadd'
Wed Sep 18 02:02:48 2024: SESSION_MGR: closing session for UUID 'db3a14ca-eaa2-4fbd-b5f9-59e9f9b72216' with name 'v++_compile_vadd'
Wed Sep 18 02:02:48 2024: KERNEL_SVC: closing session for UUID 'db3a14ca-eaa2-4fbd-b5f9-59e9f9b72216' with name 'v++_compile_vadd'
Wed Sep 18 02:02:48 2024: GUIDANCE_SMGR: closing session for UUID 'db3a14ca-eaa2-4fbd-b5f9-59e9f9b72216' with name 'v++_compile_vadd'
Wed Sep 18 02:02:48 2024: SYSTEM_DIAGRAM: closing session for UUID 'db3a14ca-eaa2-4fbd-b5f9-59e9f9b72216' with name 'v++_compile_vadd'
Wed Sep 18 02:02:48 2024: STOP_SERVER received, server token: 580b6ea6-b0ac-4518-b395-89d6f558e66b, passed token: 580b6ea6-b0ac-4518-b395-89d6f558e66b
Wed Sep 18 02:02:48 2024: Socket received request to stop server.
Wed Sep 18 02:02:48 2024: Dispatch Server: do_await_stop
Wed Sep 18 02:02:48 2024: Dispatch Server: stopping mainFifo_
Wed Sep 18 02:02:48 2024: XCD main fifo: Stopping
Wed Sep 18 02:02:48 2024: XCD main fifo: do_read error code: Operation canceled
Wed Sep 18 02:02:48 2024: XCD main fifo: bytes_transferred: 0
Wed Sep 18 02:02:48 2024: SERVER: destructor for server bound to port 44015
Wed Sep 18 02:02:48 2024: XCD main fifo: Good unlink of /tmp/xcdmain580b6ea6-b0ac-4518-b395-89d6f558e66b
Wed Sep 18 02:02:48 2024: Server exiting with status 0.
Wed Sep 18 02:02:48 2024: Closing log file.
Thu Sep 19 01:19:14 2024: Running xcd server. This server was built by gradle.
Thu Sep 19 01:19:14 2024: Server was asked to start on port: '38933'
Thu Sep 19 01:19:14 2024: Server is using token UUID: '9adeac77-3ab0-4ad6-a174-1edfd46ccacb'
Thu Sep 19 01:19:14 2024: SESSION_MGR: creating session with session uuid: '6d04a3e9-ade5-4ab9-8d63-1f78fcd2ec76' and name 'default'
Thu Sep 19 01:19:14 2024: Attempting to start server on port '38933'
Thu Sep 19 01:19:14 2024: XCD main fifo: created main fifo '/tmp/xcdmain9adeac77-3ab0-4ad6-a174-1edfd46ccacb', fd read = 13
Thu Sep 19 01:19:14 2024: Running Dispatch Server
Thu Sep 19 01:19:14 2024: Version 2.2.0
Thu Sep 19 01:19:16 2024: Dispatch Server: Accepted socket connection from client
Thu Sep 19 01:19:16 2024: Starting Socket connection
Thu Sep 19 01:19:16 2024: EXCHANGE_TOKEN received, server token: 9adeac77-3ab0-4ad6-a174-1edfd46ccacb, passed token: 9adeac77-3ab0-4ad6-a174-1edfd46ccacb
Thu Sep 19 01:19:16 2024: DISPATCH_HANDLER: Adding handler from function makeHandler in library libxv_system_diagram
Thu Sep 19 01:19:16 2024: SESSION_MGR: creating session with session uuid: '525bcaba-230a-42ba-895c-081b39239117' and name 'v++_compile_vadd'
Thu Sep 19 01:19:16 2024: KERNEL_SVC: creating session with uuid: '525bcaba-230a-42ba-895c-081b39239117' and name 'v++_compile_vadd'
Thu Sep 19 01:19:16 2024: GUIDANCE_SMGR: creating guidance session with uuid: '525bcaba-230a-42ba-895c-081b39239117' and name 'v++_compile_vadd'
Thu Sep 19 01:19:16 2024: SYSTEM_DIAGRAM: creating session with uuid: '525bcaba-230a-42ba-895c-081b39239117' and name 'v++_compile_vadd'
Thu Sep 19 01:19:29 2024: SESSION_MGR: closing session for UUID '525bcaba-230a-42ba-895c-081b39239117' with name 'v++_compile_vadd'
Thu Sep 19 01:19:29 2024: KERNEL_SVC: closing session for UUID '525bcaba-230a-42ba-895c-081b39239117' with name 'v++_compile_vadd'
Thu Sep 19 01:19:29 2024: GUIDANCE_SMGR: closing session for UUID '525bcaba-230a-42ba-895c-081b39239117' with name 'v++_compile_vadd'
Thu Sep 19 01:19:29 2024: SYSTEM_DIAGRAM: closing session for UUID '525bcaba-230a-42ba-895c-081b39239117' with name 'v++_compile_vadd'
Thu Sep 19 01:19:29 2024: STOP_SERVER received, server token: 9adeac77-3ab0-4ad6-a174-1edfd46ccacb, passed token: 9adeac77-3ab0-4ad6-a174-1edfd46ccacb
Thu Sep 19 01:19:29 2024: Socket received request to stop server.
Thu Sep 19 01:19:29 2024: Dispatch Server: do_await_stop
Thu Sep 19 01:19:29 2024: Dispatch Server: stopping mainFifo_
Thu Sep 19 01:19:29 2024: XCD main fifo: Stopping
Thu Sep 19 01:19:29 2024: XCD main fifo: do_read error code: Operation canceled
Thu Sep 19 01:19:29 2024: XCD main fifo: bytes_transferred: 0
Thu Sep 19 01:19:29 2024: SERVER: destructor for server bound to port 38933
Thu Sep 19 01:19:29 2024: XCD main fifo: Good unlink of /tmp/xcdmain9adeac77-3ab0-4ad6-a174-1edfd46ccacb
Thu Sep 19 01:19:29 2024: Server exiting with status 0.
Thu Sep 19 01:19:29 2024: Closing log file.
