

================================================================
== Vitis HLS Report for 'cluster_Pipeline_VITIS_LOOP_98_2_VITIS_LOOP_101_3'
================================================================
* Date:           Thu Jul 11 10:57:38 2024

* Version:        2024.1 (Build 5069499 on May 21 2024)
* Project:        DisparityMalloc_kernel
* Solution:       hls (Vitis Kernel Flow Target)
* Product family: zynquplus
* Target device:  xczu9eg-ffvb1156-2-e


================================================================
== Performance Estimates
================================================================
+ Timing: 
    * Summary: 
    +--------+---------+----------+------------+
    |  Clock |  Target | Estimated| Uncertainty|
    +--------+---------+----------+------------+
    |ap_clk  |  6.67 ns|  4.867 ns|     1.80 ns|
    +--------+---------+----------+------------+

+ Latency: 
    * Summary: 
    +----------+----------+-----------+-----------+----------+----------+-----------------------------------------------+
    |   Latency (cycles)  |   Latency (absolute)  |       Interval      |                    Pipeline                   |
    |    min   |    max   |    min    |    max    |    min   |    max   |                      Type                     |
    +----------+----------+-----------+-----------+----------+----------+-----------------------------------------------+
    |  43554004|  43554004|  0.290 sec|  0.290 sec|  43554003|  43554003|  loop auto-rewind stp(delay=0 clock cycles(s))|
    +----------+----------+-----------+-----------+----------+----------+-----------------------------------------------+

    + Detail: 
        * Instance: 
        N/A

        * Loop: 
        +------------------------------------+----------+----------+----------+-----------+-----------+--------+----------+
        |                                    |   Latency (cycles)  | Iteration|  Initiation Interval  |  Trip  |          |
        |              Loop Name             |    min   |    max   |  Latency |  achieved |   target  |  Count | Pipelined|
        +------------------------------------+----------+----------+----------+-----------+-----------+--------+----------+
        |- VITIS_LOOP_98_2_VITIS_LOOP_101_3  |  43554002|  43554002|       153|        150|          1|  290360|       yes|
        +------------------------------------+----------+----------+----------+-----------+-----------+--------+----------+



================================================================
== Utilization Estimates
================================================================
* Summary: 
+-----------------+---------+------+--------+--------+-----+
|       Name      | BRAM_18K|  DSP |   FF   |   LUT  | URAM|
+-----------------+---------+------+--------+--------+-----+
|DSP              |        -|     -|       -|       -|    -|
|Expression       |        -|     -|       0|    1579|    -|
|FIFO             |        -|     -|       -|       -|    -|
|Instance         |        -|     4|       0|      20|    -|
|Memory           |        -|     -|       -|       -|    -|
|Multiplexer      |        -|     -|       0|     961|    -|
|Register         |        -|     -|    1366|       -|    -|
+-----------------+---------+------+--------+--------+-----+
|Total            |        0|     4|    1366|    2560|    0|
+-----------------+---------+------+--------+--------+-----+
|Available        |     1824|  2520|  548160|  274080|    0|
+-----------------+---------+------+--------+--------+-----+
|Utilization (%)  |        0|    ~0|      ~0|      ~0|    0|
+-----------------+---------+------+--------+--------+-----+

+ Detail: 
    * Instance: 
    +-------------------------+---------------------+---------+----+---+----+-----+
    |         Instance        |        Module       | BRAM_18K| DSP| FF| LUT| URAM|
    +-------------------------+---------------------+---------+----+---+----+-----+
    |mul_31ns_32s_62_1_1_U35  |mul_31ns_32s_62_1_1  |        0|   4|  0|  20|    0|
    +-------------------------+---------------------+---------+----+---+----+-----+
    |Total                    |                     |        0|   4|  0|  20|    0|
    +-------------------------+---------------------+---------+----+---+----+-----+

    * DSP: 
    N/A

    * Memory: 
    N/A

    * FIFO: 
    N/A

    * Expression: 
    +------------------------------------+----------+----+---+-----+------------+------------+
    |            Variable Name           | Operation| DSP| FF| LUT | Bitwidth P0| Bitwidth P1|
    +------------------------------------+----------+----+---+-----+------------+------------+
    |add_ln101_fu_335_p2                 |         +|   0|  0|   38|          31|           1|
    |add_ln104_1_fu_494_p2               |         +|   0|  0|   71|          64|          64|
    |add_ln104_fu_472_p2                 |         +|   0|  0|   69|          62|          62|
    |add_ln105_1_fu_415_p2               |         +|   0|  0|   71|          64|          64|
    |add_ln105_fu_402_p2                 |         +|   0|  0|   69|          62|          62|
    |add_ln106_1_fu_434_p2               |         +|   0|  0|   64|          64|          64|
    |add_ln106_2_fu_329_p2               |         +|   0|  0|   64|          64|          64|
    |add_ln106_fu_439_p2                 |         +|   0|  0|   64|          64|          64|
    |add_ln98_1_fu_359_p2                |         +|   0|  0|   38|          31|           1|
    |add_ln98_2_fu_290_p2                |         +|   0|  0|   38|          31|           1|
    |add_ln98_fu_273_p2                  |         +|   0|  0|   71|          64|           1|
    |empty_43_fu_372_p2                  |         +|   0|  0|   38|          31|           2|
    |tmp3_fu_308_p2                      |         +|   0|  0|   40|          33|          33|
    |empty_46_fu_325_p2                  |         -|   0|  0|   64|          64|          64|
    |ap_block_pp0_stage3_11001           |       and|   0|  0|    2|           1|           1|
    |ap_block_pp0_stage4_11001           |       and|   0|  0|    2|           1|           1|
    |ap_block_pp0_stage5_11001           |       and|   0|  0|    2|           1|           1|
    |ap_block_pp0_stage75_11001          |       and|   0|  0|    2|           1|           1|
    |ap_block_pp0_stage76_11001          |       and|   0|  0|    2|           1|           1|
    |ap_block_pp0_stage84_11001          |       and|   0|  0|    2|           1|           1|
    |ap_block_pp0_stage85_11001          |       and|   0|  0|    2|           1|           1|
    |ap_block_state5_io                  |       and|   0|  0|    2|           1|           1|
    |ap_block_state76_pp0_stage75_iter0  |       and|   0|  0|    2|           1|           1|
    |ap_block_state85_io                 |       and|   0|  0|    2|           1|           1|
    |ap_block_state86_io                 |       and|   0|  0|    2|           1|           1|
    |icmp_ln101_fu_263_p2                |      icmp|   0|  0|   39|          32|          32|
    |icmp_ln98_fu_268_p2                 |      icmp|   0|  0|   71|          64|          64|
    |lshr_ln105_fu_534_p2                |      lshr|   0|  0|  179|          64|          64|
    |lshr_ln106_fu_554_p2                |      lshr|   0|  0|  179|          64|          64|
    |select_ln98_1_fu_365_p3             |    select|   0|  0|   31|           1|          31|
    |select_ln98_2_fu_296_p3             |    select|   0|  0|   31|           1|          31|
    |select_ln98_fu_282_p3               |    select|   0|  0|   31|           1|          31|
    |shl_ln104_1_fu_589_p2               |       shl|   0|  0|  179|          64|          64|
    |shl_ln104_fu_507_p2                 |       shl|   0|  0|   16|           4|           8|
    |ap_enable_pp0                       |       xor|   0|  0|    2|           1|           2|
    +------------------------------------+----------+----+---+-----+------------+------------+
    |Total                               |          |   0|  0| 1579|        1036|         949|
    +------------------------------------+----------+----+---+-----+------------+------------+

    * Multiplexer: 
    +-----------------------------+-----+-----------+-----+-----------+
    |             Name            | LUT | Input Size| Bits| Total Bits|
    +-----------------------------+-----+-----------+-----+-----------+
    |ap_NS_fsm                    |  796|        151|    1|        151|
    |ap_done_int                  |    9|          2|    1|          2|
    |ap_enable_reg_pp0_iter0      |    9|          2|    1|          2|
    |ap_enable_reg_pp0_iter0_reg  |    9|          2|    1|          2|
    |ap_enable_reg_pp0_iter1      |    9|          2|    1|          2|
    |gmem_blk_n_AR                |    9|          2|    1|          2|
    |gmem_blk_n_AW                |    9|          2|    1|          2|
    |gmem_blk_n_B                 |    9|          2|    1|          2|
    |gmem_blk_n_R                 |    9|          2|    1|          2|
    |gmem_blk_n_W                 |    9|          2|    1|          2|
    |grp_fu_209_p0                |   20|          4|   31|        124|
    |grp_fu_209_p1                |   14|          3|   32|         96|
    |i_fu_100                     |    9|          2|   31|         62|
    |indvar_flatten144_fu_108     |    9|          2|   64|        128|
    |indvar_fu_104                |    9|          2|   31|         62|
    |j_fu_96                      |    9|          2|   31|         62|
    |m_axi_gmem_ARADDR            |   14|          3|   64|        192|
    +-----------------------------+-----+-----------+-----+-----------+
    |Total                        |  961|        187|  294|        895|
    +-----------------------------+-----+-----------+-----+-----------+

    * Register: 
    +---------------------------------+-----+----+-----+-----------+
    |               Name              |  FF | LUT| Bits| Const Bits|
    +---------------------------------+-----+----+-----+-----------+
    |SAD_w_cast34_cast_reg_674        |   62|   0|   62|          0|
    |add19_i_reg_801                  |   32|   0|   32|          0|
    |add_ln104_reg_745                |   62|   0|   62|          0|
    |add_ln106_2_reg_699              |   64|   0|   64|          0|
    |ap_CS_fsm                        |  150|   0|  150|          0|
    |ap_done_reg                      |    1|   0|    1|          0|
    |ap_enable_reg_pp0_iter0_reg      |    1|   0|    1|          0|
    |ap_enable_reg_pp0_iter1          |    1|   0|    1|          0|
    |empty_44_reg_709                 |   62|   0|   62|          0|
    |gmem_addr_1_read_reg_781         |   64|   0|   64|          0|
    |gmem_addr_read_reg_771           |   64|   0|   64|          0|
    |i_fu_100                         |   31|   0|   31|          0|
    |icmp_ln101_reg_679               |    1|   0|    1|          0|
    |icmp_ln98_reg_684                |    1|   0|    1|          0|
    |indvar_flatten144_fu_108         |   64|   0|   64|          0|
    |indvar_fu_104                    |   31|   0|   31|          0|
    |integralImg_w_cast_cast_reg_669  |   62|   0|   62|          0|
    |j_fu_96                          |   31|   0|   31|          0|
    |p_cast33_cast_reg_654            |   64|   0|   64|          0|
    |select_ln98_1_reg_704            |   31|   0|   31|          0|
    |select_ln98_2_reg_693            |   31|   0|   31|          0|
    |select_ln98_reg_688              |   31|   0|   31|          0|
    |shl_ln104_1_reg_806              |   64|   0|   64|          0|
    |shl_ln104_reg_761                |    8|   0|    8|          0|
    |trunc_ln104_1_reg_766            |   61|   0|   61|          0|
    |trunc_ln104_reg_756              |    3|   0|    3|          0|
    |trunc_ln105_1_reg_776            |   32|   0|   32|          0|
    |trunc_ln105_2_reg_719            |   61|   0|   61|          0|
    |trunc_ln105_reg_724              |    3|   0|    3|          0|
    |trunc_ln106_1_reg_786            |   32|   0|   32|          0|
    |trunc_ln106_2_reg_729            |   61|   0|   61|          0|
    |trunc_ln106_reg_734              |    3|   0|    3|          0|
    |zext_ln101_reg_714               |   31|   0|   62|         31|
    |zext_ln98_1_cast_reg_664         |   32|   0|   33|          1|
    |zext_ln98_cast_reg_659           |   34|   0|   64|         30|
    +---------------------------------+-----+----+-----+-----------+
    |Total                            | 1366|   0| 1428|         62|
    +---------------------------------+-----+----+-----+-----------+



================================================================
== Interface
================================================================
* Summary: 
+---------------------+-----+-----+------------+---------------------------------------------------+--------------+
|      RTL Ports      | Dir | Bits|  Protocol  |                   Source Object                   |    C Type    |
+---------------------+-----+-----+------------+---------------------------------------------------+--------------+
|ap_clk               |   in|    1|  ap_ctrl_hs|  cluster_Pipeline_VITIS_LOOP_98_2_VITIS_LOOP_101_3|  return value|
|ap_rst               |   in|    1|  ap_ctrl_hs|  cluster_Pipeline_VITIS_LOOP_98_2_VITIS_LOOP_101_3|  return value|
|ap_start             |   in|    1|  ap_ctrl_hs|  cluster_Pipeline_VITIS_LOOP_98_2_VITIS_LOOP_101_3|  return value|
|ap_done              |  out|    1|  ap_ctrl_hs|  cluster_Pipeline_VITIS_LOOP_98_2_VITIS_LOOP_101_3|  return value|
|ap_idle              |  out|    1|  ap_ctrl_hs|  cluster_Pipeline_VITIS_LOOP_98_2_VITIS_LOOP_101_3|  return value|
|ap_ready             |  out|    1|  ap_ctrl_hs|  cluster_Pipeline_VITIS_LOOP_98_2_VITIS_LOOP_101_3|  return value|
|grp_fu_889_p_din0    |  out|   32|  ap_ctrl_hs|  cluster_Pipeline_VITIS_LOOP_98_2_VITIS_LOOP_101_3|  return value|
|grp_fu_889_p_din1    |  out|   32|  ap_ctrl_hs|  cluster_Pipeline_VITIS_LOOP_98_2_VITIS_LOOP_101_3|  return value|
|grp_fu_889_p_opcode  |  out|    1|  ap_ctrl_hs|  cluster_Pipeline_VITIS_LOOP_98_2_VITIS_LOOP_101_3|  return value|
|grp_fu_889_p_dout0   |   in|   32|  ap_ctrl_hs|  cluster_Pipeline_VITIS_LOOP_98_2_VITIS_LOOP_101_3|  return value|
|grp_fu_889_p_ce      |  out|    1|  ap_ctrl_hs|  cluster_Pipeline_VITIS_LOOP_98_2_VITIS_LOOP_101_3|  return value|
|m_axi_gmem_AWVALID   |  out|    1|       m_axi|                                               gmem|       pointer|
|m_axi_gmem_AWREADY   |   in|    1|       m_axi|                                               gmem|       pointer|
|m_axi_gmem_AWADDR    |  out|   64|       m_axi|                                               gmem|       pointer|
|m_axi_gmem_AWID      |  out|    1|       m_axi|                                               gmem|       pointer|
|m_axi_gmem_AWLEN     |  out|   32|       m_axi|                                               gmem|       pointer|
|m_axi_gmem_AWSIZE    |  out|    3|       m_axi|                                               gmem|       pointer|
|m_axi_gmem_AWBURST   |  out|    2|       m_axi|                                               gmem|       pointer|
|m_axi_gmem_AWLOCK    |  out|    2|       m_axi|                                               gmem|       pointer|
|m_axi_gmem_AWCACHE   |  out|    4|       m_axi|                                               gmem|       pointer|
|m_axi_gmem_AWPROT    |  out|    3|       m_axi|                                               gmem|       pointer|
|m_axi_gmem_AWQOS     |  out|    4|       m_axi|                                               gmem|       pointer|
|m_axi_gmem_AWREGION  |  out|    4|       m_axi|                                               gmem|       pointer|
|m_axi_gmem_AWUSER    |  out|    1|       m_axi|                                               gmem|       pointer|
|m_axi_gmem_WVALID    |  out|    1|       m_axi|                                               gmem|       pointer|
|m_axi_gmem_WREADY    |   in|    1|       m_axi|                                               gmem|       pointer|
|m_axi_gmem_WDATA     |  out|   64|       m_axi|                                               gmem|       pointer|
|m_axi_gmem_WSTRB     |  out|    8|       m_axi|                                               gmem|       pointer|
|m_axi_gmem_WLAST     |  out|    1|       m_axi|                                               gmem|       pointer|
|m_axi_gmem_WID       |  out|    1|       m_axi|                                               gmem|       pointer|
|m_axi_gmem_WUSER     |  out|    1|       m_axi|                                               gmem|       pointer|
|m_axi_gmem_ARVALID   |  out|    1|       m_axi|                                               gmem|       pointer|
|m_axi_gmem_ARREADY   |   in|    1|       m_axi|                                               gmem|       pointer|
|m_axi_gmem_ARADDR    |  out|   64|       m_axi|                                               gmem|       pointer|
|m_axi_gmem_ARID      |  out|    1|       m_axi|                                               gmem|       pointer|
|m_axi_gmem_ARLEN     |  out|   32|       m_axi|                                               gmem|       pointer|
|m_axi_gmem_ARSIZE    |  out|    3|       m_axi|                                               gmem|       pointer|
|m_axi_gmem_ARBURST   |  out|    2|       m_axi|                                               gmem|       pointer|
|m_axi_gmem_ARLOCK    |  out|    2|       m_axi|                                               gmem|       pointer|
|m_axi_gmem_ARCACHE   |  out|    4|       m_axi|                                               gmem|       pointer|
|m_axi_gmem_ARPROT    |  out|    3|       m_axi|                                               gmem|       pointer|
|m_axi_gmem_ARQOS     |  out|    4|       m_axi|                                               gmem|       pointer|
|m_axi_gmem_ARREGION  |  out|    4|       m_axi|                                               gmem|       pointer|
|m_axi_gmem_ARUSER    |  out|    1|       m_axi|                                               gmem|       pointer|
|m_axi_gmem_RVALID    |   in|    1|       m_axi|                                               gmem|       pointer|
|m_axi_gmem_RREADY    |  out|    1|       m_axi|                                               gmem|       pointer|
|m_axi_gmem_RDATA     |   in|   64|       m_axi|                                               gmem|       pointer|
|m_axi_gmem_RLAST     |   in|    1|       m_axi|                                               gmem|       pointer|
|m_axi_gmem_RID       |   in|    1|       m_axi|                                               gmem|       pointer|
|m_axi_gmem_RFIFONUM  |   in|    9|       m_axi|                                               gmem|       pointer|
|m_axi_gmem_RUSER     |   in|    1|       m_axi|                                               gmem|       pointer|
|m_axi_gmem_RRESP     |   in|    2|       m_axi|                                               gmem|       pointer|
|m_axi_gmem_BVALID    |   in|    1|       m_axi|                                               gmem|       pointer|
|m_axi_gmem_BREADY    |  out|    1|       m_axi|                                               gmem|       pointer|
|m_axi_gmem_BRESP     |   in|    2|       m_axi|                                               gmem|       pointer|
|m_axi_gmem_BID       |   in|    1|       m_axi|                                               gmem|       pointer|
|m_axi_gmem_BUSER     |   in|    1|       m_axi|                                               gmem|       pointer|
|SAD_w                |   in|   32|     ap_none|                                              SAD_w|        scalar|
|bound139             |   in|   64|     ap_none|                                           bound139|        scalar|
|SAD_w_cast34         |   in|   32|     ap_none|                                       SAD_w_cast34|        scalar|
|integralImg_w_cast   |   in|   32|     ap_none|                                 integralImg_w_cast|        scalar|
|integralImg_data     |   in|   64|     ap_none|                                   integralImg_data|        scalar|
|zext_ln98_1          |   in|   32|     ap_none|                                        zext_ln98_1|        scalar|
|SAD_data             |   in|   64|     ap_none|                                           SAD_data|        scalar|
|zext_ln98            |   in|   34|     ap_none|                                          zext_ln98|        scalar|
|p_cast33             |   in|   34|     ap_none|                                           p_cast33|        scalar|
+---------------------+-----+-----+------------+---------------------------------------------------+--------------+

