/home/tls/heterogeneous-vitis-apps/edgedetect/edgedetect-baseline/EdgedetectBaseline_cluster/EdgedetectBaseline_cluster/hls/.autopilot/db/edgedetect.pp.0.cpp:6661:5: warning: Added loop label VITIS_LOOP_10_1:   [xilinx-label-all-loops]
    for (int i = 0; i < 480; i++)
    ^~~
    VITIS_LOOP_10_1: 
/home/tls/heterogeneous-vitis-apps/edgedetect/edgedetect-baseline/EdgedetectBaseline_cluster/EdgedetectBaseline_cluster/hls/.autopilot/db/edgedetect.pp.0.cpp:6661:5: note: FIX-IT applied suggested code changes
/home/tls/heterogeneous-vitis-apps/edgedetect/edgedetect-baseline/EdgedetectBaseline_cluster/EdgedetectBaseline_cluster/hls/.autopilot/db/edgedetect.pp.0.cpp:6664:9: warning: Added loop label VITIS_LOOP_13_2:   [xilinx-label-all-loops]
        for (int j = 0; j < 640; j++)
        ^~~
        VITIS_LOOP_13_2: 
/home/tls/heterogeneous-vitis-apps/edgedetect/edgedetect-baseline/EdgedetectBaseline_cluster/EdgedetectBaseline_cluster/hls/.autopilot/db/edgedetect.pp.0.cpp:6664:9: note: FIX-IT applied suggested code changes
/home/tls/heterogeneous-vitis-apps/edgedetect/edgedetect-baseline/EdgedetectBaseline_cluster/EdgedetectBaseline_cluster/hls/.autopilot/db/edgedetect.pp.0.cpp:6692:5: warning: Added loop label VITIS_LOOP_41_1:   [xilinx-label-all-loops]
    for (r = 0; r < 3; r++)
    ^~~
    VITIS_LOOP_41_1: 
/home/tls/heterogeneous-vitis-apps/edgedetect/edgedetect-baseline/EdgedetectBaseline_cluster/EdgedetectBaseline_cluster/hls/.autopilot/db/edgedetect.pp.0.cpp:6692:5: note: FIX-IT applied suggested code changes
/home/tls/heterogeneous-vitis-apps/edgedetect/edgedetect-baseline/EdgedetectBaseline_cluster/EdgedetectBaseline_cluster/hls/.autopilot/db/edgedetect.pp.0.cpp:6694:9: warning: Added loop label VITIS_LOOP_43_2:   [xilinx-label-all-loops]
        for (c = 0; c < 3; c++)
        ^~~
        VITIS_LOOP_43_2: 
/home/tls/heterogeneous-vitis-apps/edgedetect/edgedetect-baseline/EdgedetectBaseline_cluster/EdgedetectBaseline_cluster/hls/.autopilot/db/edgedetect.pp.0.cpp:6694:9: note: FIX-IT applied suggested code changes
/home/tls/heterogeneous-vitis-apps/edgedetect/edgedetect-baseline/EdgedetectBaseline_cluster/EdgedetectBaseline_cluster/hls/.autopilot/db/edgedetect.pp.0.cpp:6703:5: warning: Added loop label VITIS_LOOP_52_3:   [xilinx-label-all-loops]
    for (r = 0; r < 480 - 3 + 1; r++)
    ^~~
    VITIS_LOOP_52_3: 
/home/tls/heterogeneous-vitis-apps/edgedetect/edgedetect-baseline/EdgedetectBaseline_cluster/EdgedetectBaseline_cluster/hls/.autopilot/db/edgedetect.pp.0.cpp:6703:5: note: FIX-IT applied suggested code changes
/home/tls/heterogeneous-vitis-apps/edgedetect/edgedetect-baseline/EdgedetectBaseline_cluster/EdgedetectBaseline_cluster/hls/.autopilot/db/edgedetect.pp.0.cpp:6705:9: warning: Added loop label VITIS_LOOP_54_4:   [xilinx-label-all-loops]
        for (c = 0; c < 640 - 3 + 1; c++)
        ^~~
        VITIS_LOOP_54_4: 
/home/tls/heterogeneous-vitis-apps/edgedetect/edgedetect-baseline/EdgedetectBaseline_cluster/EdgedetectBaseline_cluster/hls/.autopilot/db/edgedetect.pp.0.cpp:6705:9: note: FIX-IT applied suggested code changes
/home/tls/heterogeneous-vitis-apps/edgedetect/edgedetect-baseline/EdgedetectBaseline_cluster/EdgedetectBaseline_cluster/hls/.autopilot/db/edgedetect.pp.0.cpp:6708:13: warning: Added loop label VITIS_LOOP_57_5:   [xilinx-label-all-loops]
            for (i = 0; i < 3; i++)
            ^~~
            VITIS_LOOP_57_5: 
/home/tls/heterogeneous-vitis-apps/edgedetect/edgedetect-baseline/EdgedetectBaseline_cluster/EdgedetectBaseline_cluster/hls/.autopilot/db/edgedetect.pp.0.cpp:6708:13: note: FIX-IT applied suggested code changes
/home/tls/heterogeneous-vitis-apps/edgedetect/edgedetect-baseline/EdgedetectBaseline_cluster/EdgedetectBaseline_cluster/hls/.autopilot/db/edgedetect.pp.0.cpp:6710:17: warning: Added loop label VITIS_LOOP_59_6:   [xilinx-label-all-loops]
                for (j = 0; j < 3; j++)
                ^~~
                VITIS_LOOP_59_6: 
/home/tls/heterogeneous-vitis-apps/edgedetect/edgedetect-baseline/EdgedetectBaseline_cluster/EdgedetectBaseline_cluster/hls/.autopilot/db/edgedetect.pp.0.cpp:6710:17: note: FIX-IT applied suggested code changes
/home/tls/heterogeneous-vitis-apps/edgedetect/edgedetect-baseline/EdgedetectBaseline_cluster/EdgedetectBaseline_cluster/hls/.autopilot/db/edgedetect.pp.0.cpp:6736:5: warning: Added loop label VITIS_LOOP_85_1:   [xilinx-label-all-loops]
    for (r = 0; r < 3; r++)
    ^~~
    VITIS_LOOP_85_1: 
/home/tls/heterogeneous-vitis-apps/edgedetect/edgedetect-baseline/EdgedetectBaseline_cluster/EdgedetectBaseline_cluster/hls/.autopilot/db/edgedetect.pp.0.cpp:6736:5: note: FIX-IT applied suggested code changes
/home/tls/heterogeneous-vitis-apps/edgedetect/edgedetect-baseline/EdgedetectBaseline_cluster/EdgedetectBaseline_cluster/hls/.autopilot/db/edgedetect.pp.0.cpp:6738:9: warning: Added loop label VITIS_LOOP_87_2:   [xilinx-label-all-loops]
        for (c = 0; c < 3; c++)
        ^~~
        VITIS_LOOP_87_2: 
/home/tls/heterogeneous-vitis-apps/edgedetect/edgedetect-baseline/EdgedetectBaseline_cluster/EdgedetectBaseline_cluster/hls/.autopilot/db/edgedetect.pp.0.cpp:6738:9: note: FIX-IT applied suggested code changes
/home/tls/heterogeneous-vitis-apps/edgedetect/edgedetect-baseline/EdgedetectBaseline_cluster/EdgedetectBaseline_cluster/hls/.autopilot/db/edgedetect.pp.0.cpp:6747:5: warning: Added loop label VITIS_LOOP_96_3:   [xilinx-label-all-loops]
    for (r = 0; r < 480 - 3 + 1; r++)
    ^~~
    VITIS_LOOP_96_3: 
/home/tls/heterogeneous-vitis-apps/edgedetect/edgedetect-baseline/EdgedetectBaseline_cluster/EdgedetectBaseline_cluster/hls/.autopilot/db/edgedetect.pp.0.cpp:6747:5: note: FIX-IT applied suggested code changes
/home/tls/heterogeneous-vitis-apps/edgedetect/edgedetect-baseline/EdgedetectBaseline_cluster/EdgedetectBaseline_cluster/hls/.autopilot/db/edgedetect.pp.0.cpp:6749:9: warning: Added loop label VITIS_LOOP_98_4:   [xilinx-label-all-loops]
        for (c = 0; c < 640 - 3 + 1; c++)
        ^~~
        VITIS_LOOP_98_4: 
/home/tls/heterogeneous-vitis-apps/edgedetect/edgedetect-baseline/EdgedetectBaseline_cluster/EdgedetectBaseline_cluster/hls/.autopilot/db/edgedetect.pp.0.cpp:6749:9: note: FIX-IT applied suggested code changes
/home/tls/heterogeneous-vitis-apps/edgedetect/edgedetect-baseline/EdgedetectBaseline_cluster/EdgedetectBaseline_cluster/hls/.autopilot/db/edgedetect.pp.0.cpp:6752:13: warning: Added loop label VITIS_LOOP_101_5:   [xilinx-label-all-loops]
            for (i = 0; i < 3; i++)
            ^~~
            VITIS_LOOP_101_5: 
/home/tls/heterogeneous-vitis-apps/edgedetect/edgedetect-baseline/EdgedetectBaseline_cluster/EdgedetectBaseline_cluster/hls/.autopilot/db/edgedetect.pp.0.cpp:6752:13: note: FIX-IT applied suggested code changes
/home/tls/heterogeneous-vitis-apps/edgedetect/edgedetect-baseline/EdgedetectBaseline_cluster/EdgedetectBaseline_cluster/hls/.autopilot/db/edgedetect.pp.0.cpp:6754:17: warning: Added loop label VITIS_LOOP_103_6:   [xilinx-label-all-loops]
                for (j = 0; j < 3; j++)
                ^~~
                VITIS_LOOP_103_6: 
/home/tls/heterogeneous-vitis-apps/edgedetect/edgedetect-baseline/EdgedetectBaseline_cluster/EdgedetectBaseline_cluster/hls/.autopilot/db/edgedetect.pp.0.cpp:6754:17: note: FIX-IT applied suggested code changes
/home/tls/heterogeneous-vitis-apps/edgedetect/edgedetect-baseline/EdgedetectBaseline_cluster/EdgedetectBaseline_cluster/hls/.autopilot/db/edgedetect.pp.0.cpp:6780:5: warning: Added loop label VITIS_LOOP_129_1:   [xilinx-label-all-loops]
    for (r = 0; r < 3; r++)
    ^~~
    VITIS_LOOP_129_1: 
/home/tls/heterogeneous-vitis-apps/edgedetect/edgedetect-baseline/EdgedetectBaseline_cluster/EdgedetectBaseline_cluster/hls/.autopilot/db/edgedetect.pp.0.cpp:6780:5: note: FIX-IT applied suggested code changes
/home/tls/heterogeneous-vitis-apps/edgedetect/edgedetect-baseline/EdgedetectBaseline_cluster/EdgedetectBaseline_cluster/hls/.autopilot/db/edgedetect.pp.0.cpp:6782:9: warning: Added loop label VITIS_LOOP_131_2:   [xilinx-label-all-loops]
        for (c = 0; c < 3; c++)
        ^~~
        VITIS_LOOP_131_2: 
/home/tls/heterogeneous-vitis-apps/edgedetect/edgedetect-baseline/EdgedetectBaseline_cluster/EdgedetectBaseline_cluster/hls/.autopilot/db/edgedetect.pp.0.cpp:6782:9: note: FIX-IT applied suggested code changes
/home/tls/heterogeneous-vitis-apps/edgedetect/edgedetect-baseline/EdgedetectBaseline_cluster/EdgedetectBaseline_cluster/hls/.autopilot/db/edgedetect.pp.0.cpp:6791:5: warning: Added loop label VITIS_LOOP_140_3:   [xilinx-label-all-loops]
    for (r = 0; r < 480 - 3 + 1; r++)
    ^~~
    VITIS_LOOP_140_3: 
/home/tls/heterogeneous-vitis-apps/edgedetect/edgedetect-baseline/EdgedetectBaseline_cluster/EdgedetectBaseline_cluster/hls/.autopilot/db/edgedetect.pp.0.cpp:6791:5: note: FIX-IT applied suggested code changes
/home/tls/heterogeneous-vitis-apps/edgedetect/edgedetect-baseline/EdgedetectBaseline_cluster/EdgedetectBaseline_cluster/hls/.autopilot/db/edgedetect.pp.0.cpp:6793:9: warning: Added loop label VITIS_LOOP_142_4:   [xilinx-label-all-loops]
        for (c = 0; c < 640 - 3 + 1; c++)
        ^~~
        VITIS_LOOP_142_4: 
/home/tls/heterogeneous-vitis-apps/edgedetect/edgedetect-baseline/EdgedetectBaseline_cluster/EdgedetectBaseline_cluster/hls/.autopilot/db/edgedetect.pp.0.cpp:6793:9: note: FIX-IT applied suggested code changes
/home/tls/heterogeneous-vitis-apps/edgedetect/edgedetect-baseline/EdgedetectBaseline_cluster/EdgedetectBaseline_cluster/hls/.autopilot/db/edgedetect.pp.0.cpp:6796:13: warning: Added loop label VITIS_LOOP_145_5:   [xilinx-label-all-loops]
            for (i = 0; i < 3; i++)
            ^~~
            VITIS_LOOP_145_5: 
/home/tls/heterogeneous-vitis-apps/edgedetect/edgedetect-baseline/EdgedetectBaseline_cluster/EdgedetectBaseline_cluster/hls/.autopilot/db/edgedetect.pp.0.cpp:6796:13: note: FIX-IT applied suggested code changes
/home/tls/heterogeneous-vitis-apps/edgedetect/edgedetect-baseline/EdgedetectBaseline_cluster/EdgedetectBaseline_cluster/hls/.autopilot/db/edgedetect.pp.0.cpp:6798:17: warning: Added loop label VITIS_LOOP_147_6:   [xilinx-label-all-loops]
                for (j = 0; j < 3; j++)
                ^~~
                VITIS_LOOP_147_6: 
/home/tls/heterogeneous-vitis-apps/edgedetect/edgedetect-baseline/EdgedetectBaseline_cluster/EdgedetectBaseline_cluster/hls/.autopilot/db/edgedetect.pp.0.cpp:6798:17: note: FIX-IT applied suggested code changes
/home/tls/heterogeneous-vitis-apps/edgedetect/edgedetect-baseline/EdgedetectBaseline_cluster/EdgedetectBaseline_cluster/hls/.autopilot/db/edgedetect.pp.0.cpp:6816:5: warning: Added loop label VITIS_LOOP_165_1:   [xilinx-label-all-loops]
    for (i = 0; i < 480; i++)
    ^~~
    VITIS_LOOP_165_1: 
/home/tls/heterogeneous-vitis-apps/edgedetect/edgedetect-baseline/EdgedetectBaseline_cluster/EdgedetectBaseline_cluster/hls/.autopilot/db/edgedetect.pp.0.cpp:6816:5: note: FIX-IT applied suggested code changes
/home/tls/heterogeneous-vitis-apps/edgedetect/edgedetect-baseline/EdgedetectBaseline_cluster/EdgedetectBaseline_cluster/hls/.autopilot/db/edgedetect.pp.0.cpp:6818:9: warning: Added loop label VITIS_LOOP_167_2:   [xilinx-label-all-loops]
        for (j = 0; j < 640; ++j)
        ^~~
        VITIS_LOOP_167_2: 
/home/tls/heterogeneous-vitis-apps/edgedetect/edgedetect-baseline/EdgedetectBaseline_cluster/EdgedetectBaseline_cluster/hls/.autopilot/db/edgedetect.pp.0.cpp:6818:9: note: FIX-IT applied suggested code changes
