# 
# Steps log generated by v++
# This log file contains a collection of steps that describe the kernel compilation flow
# Note: Some steps are tagged as internal, these steps are for debugging purposes and 
#       are not expected to be able to run independently.
# 

# The following environment variables are set when running v++
Environment variables :
------------------------------------------
SHELL=/bin/bash
SESSION_MANAGER=local/tls-Legion-5-15ACH6H:@/tmp/.ICE-unix/2080,unix/tls-Legion-5-15ACH6H:/tmp/.ICE-unix/2080
QT_ACCESSIBILITY=1
XDG_CONFIG_DIRS=/etc/xdg/xdg-ubuntu:/etc/xdg
SSH_AGENT_LAUNCHER=gnome-keyring
XDG_MENU_PREFIX=gnome-
GTK_IM_MODULE=ibus
RDI_APPROOT=/tools/Xilinx/Vitis/2024.1
RDI_JAVA_PLATFORM=
SHARED_DATA_HOME=/tools/Xilinx/SharedData/2024.1
TK_LIBRARY=/tools/Xilinx/Vitis/2024.1/tps/tk/tk8.5
LANGUAGE=en_US:en
FREETYPE_PROPERTIES=truetype:interpreter-version=35
XIL_SUPPRESS_OVERRIDE_WARNINGS=1
RDI_BINROOT=/tools/Xilinx/Vitis/2024.1/bin
MANDATORY_PATH=/usr/share/gconf/ubuntu.mandatory.path
LC_ADDRESS=pt_PT.UTF-8
XILINX_VIVADO=/tools/Xilinx/Vivado/2024.1
JAVA_HOME=/tools/Xilinx/Vitis/2024.1/tps/lnx64/jre11.0.16_1/
GNOME_SHELL_SESSION_MODE=ubuntu
LC_NAME=pt_PT.UTF-8
SSH_AUTH_SOCK=/run/user/1000/keyring/ssh
RDI_OPT_EXT=.o
RDI_INSTALLVER=2024.1
RDI_INSTALLROOT=/tools/Xilinx
THEIA_DEFAULT_PLUGINS=local-dir:/tools/Xilinx/Vitis/2024.1/ide/electron-app/lnx64/resources/app/plugins
RDI_PATCHROOT=
XMODIFIERS=@im=ibus
DESKTOP_SESSION=ubuntu
LC_MONETARY=pt_PT.UTF-8
XILINX_XRT=/opt/xilinx/xrt
XILINX_VITIS_AIETOOLS=/tools/Xilinx/Vitis/2024.1/aietools
GTK_MODULES=gail:atk-bridge
XIL_NO_OVERRIDE=0
RDI_LIBDIR=/tools/Xilinx/Vitis/2024.1/lib/lnx64.o/Ubuntu/22:/tools/Xilinx/Vitis/2024.1/lib/lnx64.o/Ubuntu:/tools/Xilinx/Vitis/2024.1/lib/lnx64.o
PWD=/home/tls/Dev/wonderland/AmdVitisEdgedetect/EdgedetectBaseline/EdgedetectBaseline_cluster
LOGNAME=tls
XDG_SESSION_DESKTOP=ubuntu
THEIA_ELECTRON_VERSION=15.5.7
XDG_SESSION_TYPE=x11
_RDI_DONT_SET_XILINX_AS_PATH=True
GPG_AGENT_INFO=/run/user/1000/gnupg/S.gpg-agent:0:1
SYSTEMD_EXEC_PID=2100
XAUTHORITY=/run/user/1000/gdm/Xauthority
RDI_PREPEND_PATH=/tools/Xilinx/Vitis/2024.1/bin
XILINX_DSP=
GJS_DEBUG_TOPICS=JS ERROR;JS LOG
WINDOWPATH=2
THEIA_PLUGINS=local-dir:/home/tls/.theia/plugins
HOME=/home/tls
USERNAME=tls
SYNTH_COMMON=/tools/Xilinx/Vitis/2024.1/scripts/rt/data
LANG=en_US.UTF-8
LC_PAPER=pt_PT.UTF-8
XDG_CURRENT_DESKTOP=Unity
XILINX_HLS=/tools/Xilinx/Vitis_HLS/2024.1
HDI_PROCESSOR=x86_64
RDI_BUILD=yes
RDI_PROG=/tools/Xilinx/Vitis/2024.1/bin/unwrapped/lnx64.o/v++
INVOCATION_ID=8ddbe8c8d8504fd4b1535f90c5efdd16
MANAGERPID=1822
RDI_SESSION_INFO=/home/tls:tls-Legion-5-15ACH6H_1720816808_146492
CHROME_DESKTOP=Vitis Unified IDE.desktop
RT_TCL_PATH=/tools/Xilinx/Vitis/2024.1/scripts/rt/base_tcl/tcl
GJS_DEBUG_OUTPUT=stderr
XILINX_SDK=/tools/Xilinx/Vitis/2024.1
RDI_SHARED_DATA=/tools/Xilinx/SharedData/2024.1/data
VSCODE_API_VERSION=1.53.2
XDG_SESSION_CLASS=user
PYTHONPATH=/tools/Xilinx/Vitis/2024.1/cli/:/tools/Xilinx/Vitis/2024.1/cli/python-packages/site-packages:/tools/Xilinx/Vitis/2024.1/cli/proto:/tools/Xilinx/Vitis/2024.1/tps/lnx64/python-3.8.3/lib/python3.8/lib-dynload/:/tools/Xilinx/Vitis/2024.1/tps/lnx64/python-3.8.3/lib/python3.8/:/opt/xilinx/xrt/python:/tools/Xilinx/Vitis/2024.1/tps/lnx64/python-3.8.3/lib/python3.8/lib-dynload/:/tools/Xilinx/Vitis/2024.1/tps/lnx64/python-3.8.3/lib/python3.8:/tools/Xilinx/Vitis/2024.1/cli/:/tools/Xilinx/Vitis/2024.1/cli/python-packages/site-packages:/tools/Xilinx/Vitis/2024.1/cli/python-packages/lnx64:/tools/Xilinx/Vitis/2024.1/cli/proto:/tools/Xilinx/Vitis/2024.1/scripts/python_pkg
LC_IDENTIFICATION=pt_PT.UTF-8
DEFAULTS_PATH=/usr/share/gconf/ubuntu.default.path
PYTHONHOME=/tools/Xilinx/Vitis/2024.1/tps/lnx64/python-3.8.3/
USER=tls
XILINX_PLANAHEAD=/tools/Xilinx/Vitis/2024.1
RDI_BASEROOT=/tools/Xilinx/Vitis
LOPPER_DTC_FLAGS=-b 0 -@
RDI_TPS_ROOT=/tools/Xilinx/Vivado/2024.1/tps/lnx64
RDI_JAVA_VERSION=11.0.16_1
IDE_SKIP_SERVER_LICENSE=1
RDI_DATADIR=/tools/Xilinx/SharedData/2024.1/data:/tools/Xilinx/Vitis/2024.1/data
THEIA_ELECTRON_TOKEN={"value":"46017faf-94f8-4224-8bdd-81255ab24c7d"}
DISPLAY=:1
SHLVL=4
LC_TELEPHONE=pt_PT.UTF-8
RDI_USE_JDK11=1
QT_IM_MODULE=ibus
LC_MEASUREMENT=pt_PT.UTF-8
XILINX_VIVADO_HLS=/tools/Xilinx/Vivado/2024.1
XIL_CHECK_TCL_DEBUG=False
LD_LIBRARY_PATH=/tools/Xilinx/Vitis/2024.1/tps/lnx64/java-cef-95.0.4638.69/bin/lib/linux64:/tools/Xilinx/Vitis/2024.1/tps/lnx64/javafx-sdk-11.0.2/lib:/tools/Xilinx/Vitis/2024.1/lib/lnx64.o/Ubuntu/22:/tools/Xilinx/Vitis/2024.1/lib/lnx64.o/Ubuntu:/tools/Xilinx/Vitis/2024.1/lib/lnx64.o:/tools/Xilinx/Vitis/2024.1/tps/lnx64/jre11.0.16_1/lib/:/tools/Xilinx/Vitis/2024.1/tps/lnx64/jre11.0.16_1/lib//server:/tools/Xilinx/Vitis/2024.1/lib/lnx64.o/Ubuntu/22:/tools/Xilinx/Vitis/2024.1/lib/lnx64.o/Ubuntu:/tools/Xilinx/Vitis/2024.1/lib/lnx64.o:/tools/Xilinx/Vitis/2024.1/tps/lnx64/cmake-3.24.2/libs/Ubuntu/22:/tools/Xilinx/Vitis/2024.1/tps/lnx64/cmake-3.24.2/libs/Ubuntu:/tools/Xilinx/Vitis/2024.1/tps/lnx64/cmake-3.24.2/libs:/tools/Xilinx/Vitis/2024.1/lib/lnx64.o/Ubuntu/22:/tools/Xilinx/Vitis/2024.1/lib/lnx64.o/Ubuntu:/tools/Xilinx/Vitis/2024.1/lib/lnx64.o:/tools/Xilinx/Vitis/2024.1/tps/lnx64/python-3.8.3/lib:/tools/Xilinx/Vitis/2024.1/tps/lnx64/cmake-3.24.2/libs/Ubuntu/22:/tools/Xilinx/Vitis/2024.1/tps/lnx64/cmake-3.24.2/libs/Ubuntu:/tools/Xilinx/Vitis/2024.1/tps/lnx64/cmake-3.24.2/libs:/tools/Xilinx/Vitis/2024.1/lib/lnx64.o:/tools/Xilinx/Vitis/2024.1/lib/lnx64.o/Ubuntu/22:/tools/Xilinx/Vitis/2024.1/lib/lnx64.o/Ubuntu:/tools/Xilinx/Vitis/2024.1/lib/lnx64.o:/tools/Xilinx/Vitis/2024.1/tps/lnx64/python-3.8.3/lib:/tools/Xilinx/Vitis/2024.1/aietools/lib/lnx64.o:/tools/Xilinx/Vitis_HLS/2024.1/lib/lnx64.o/Ubuntu/22:/tools/Xilinx/Vitis_HLS/2024.1/lib/lnx64.o/Ubuntu:/tools/Xilinx/Vitis_HLS/2024.1/lib/lnx64.o:/tools/Xilinx/Vitis_HLS/2024.1/lib/lnx64.o:/opt/xilinx/xrt/lib:/tools/Xilinx/Vitis/2024.1/bin/../lnx64/tools/dot/lib
HDIPRELDPATH=/tools/Xilinx/Vitis/2024.1/lib/lnx64.o/Ubuntu/22:/tools/Xilinx/Vitis/2024.1/lib/lnx64.o/Ubuntu:/tools/Xilinx/Vitis/2024.1/lib/lnx64.o:/tools/Xilinx/Vitis/2024.1/tps/lnx64/cmake-3.24.2/libs/Ubuntu/22:/tools/Xilinx/Vitis/2024.1/tps/lnx64/cmake-3.24.2/libs/Ubuntu:/tools/Xilinx/Vitis/2024.1/tps/lnx64/cmake-3.24.2/libs:/tools/Xilinx/Vitis/2024.1/lib/lnx64.o/Ubuntu/22:/tools/Xilinx/Vitis/2024.1/lib/lnx64.o/Ubuntu:/tools/Xilinx/Vitis/2024.1/lib/lnx64.o:/tools/Xilinx/Vitis/2024.1/tps/lnx64/python-3.8.3/lib:/tools/Xilinx/Vitis/2024.1/tps/lnx64/cmake-3.24.2/libs/Ubuntu/22:/tools/Xilinx/Vitis/2024.1/tps/lnx64/cmake-3.24.2/libs/Ubuntu:/tools/Xilinx/Vitis/2024.1/tps/lnx64/cmake-3.24.2/libs:/tools/Xilinx/Vitis/2024.1/lib/lnx64.o:/tools/Xilinx/Vitis/2024.1/lib/lnx64.o/Ubuntu/22:/tools/Xilinx/Vitis/2024.1/lib/lnx64.o/Ubuntu:/tools/Xilinx/Vitis/2024.1/lib/lnx64.o:/tools/Xilinx/Vitis/2024.1/tps/lnx64/python-3.8.3/lib:/tools/Xilinx/Vitis/2024.1/aietools/lib/lnx64.o:/tools/Xilinx/Vitis_HLS/2024.1/lib/lnx64.o/Ubuntu/22:/tools/Xilinx/Vitis_HLS/2024.1/lib/lnx64.o/Ubuntu:/tools/Xilinx/Vitis_HLS/2024.1/lib/lnx64.o:/tools/Xilinx/Vitis_HLS/2024.1/lib/lnx64.o:/opt/xilinx/xrt/lib:/tools/Xilinx/Vitis/2024.1/bin/../lnx64/tools/dot/lib
LC_CTYPE=pt_PT.UTF-8
XDG_RUNTIME_DIR=/run/user/1000
TCMALLOC_LARGE_ALLOC_REPORT_THRESHOLD=4294967296
LC_TIME=pt_PT.UTF-8
TCL_LIBRARY=/tools/Xilinx/Vitis/2024.1/tps/tcl/tcl8.6
LC_ALL=en_US.UTF-8
JOURNAL_STREAM=8:38239
GTK3_MODULES=xapp-gtk3-module
XDG_DATA_DIRS=/usr/share/ubuntu:/usr/share/gnome:/usr/local/share/:/usr/share/:/var/lib/snapd/desktop
PATH=/tools/Xilinx/Vivado/2024.1/tps/lnx64/binutils-2.26/bin:/tools/Xilinx/Vitis/2024.1/bin/../gnu/aarch64/lin/aarch64-linux/bin:/tools/Xilinx/Vitis/2024.1/bin/../gnu/ppc64le/4.9.3/lnx64/bin:/tools/Xilinx/Vitis/2024.1/bin/../gnu/aarch32/lin/gcc-arm-linux-gnueabi/bin:/tools/Xilinx/Vivado/2024.1/tps/lnx64/gcc-8.3.0/bin:/tools/Xilinx/Vivado/2024.1/gnu/microblaze/lin/bin:/tools/Xilinx/Vitis/2024.1/bin:/tools/Xilinx/Vitis/2024.1/tps/lnx64/jre11.0.16_1/bin:/tools/Xilinx/Vitis/2024.1/gnu/microblaze/lin/bin:/tools/Xilinx/Vitis/2024.1/gnu/arm/lin/bin:/tools/Xilinx/Vitis/2024.1/gnu/microblaze/linux_toolchain/nt64_be/bin:/tools/Xilinx/Vitis/2024.1/gnu/microblaze/linux_toolchain/nt64_le/bin:/tools/Xilinx/Vitis/2024.1/gnu/aarch32/lin/gcc-arm-linux-gnueabi/bin:/tools/Xilinx/Vitis/2024.1/gnu/aarch32/lin/gcc-arm-none-eabi/bin:/tools/Xilinx/Vitis/2024.1/gnu/aarch64/lin/aarch64-linux/bin:/tools/Xilinx/Vitis/2024.1/gnu/aarch64/lin/aarch64-none/bin:/tools/Xilinx/Vitis/2024.1/gnu/armr5/lin/gcc-arm-none-eabi/bin:/tools/Xilinx/Vitis/2024.1/tps/lnx64/cmake-3.24.2/bin:/tools/Xilinx/Vitis/2024.1/lnx64/tools/clang/bin:/tools/Xilinx/Vitis/2024.1/tps/lnx64/python-3.8.3//bin:/tools/Xilinx/Vitis/2024.1/tps/lnx64/jre11.0.16_1//bin:/tools/Xilinx/Vitis/2024.1/aietools/bin:/tools/Xilinx/Vivado/2024.1/bin:/tools/Xilinx/Vitis/2024.1/tps/lnx64/git-2.16.2/bin:/tools/Xilinx/Vitis/2024.1/gnu/riscv/lin/riscv64-unknown-elf/bin:/tools/Xilinx/Vitis_HLS/2024.1/bin:/opt/xilinx/xrt/bin:/tools/Xilinx/Model_Composer/2024.1/bin:/tools/Xilinx/PDM/2024.1/bin:/tools/Xilinx/Vitis/2024.1/gnu/microblaze/linux_toolchain/lin64_le/bin:/tools/Xilinx/DocNav:/usr/local/sbin:/usr/local/bin:/usr/sbin:/usr/bin:/sbin:/bin:/usr/games:/usr/local/games:/snap/bin
RT_LIBPATH=/tools/Xilinx/Vitis/2024.1/scripts/rt/data
GDMSESSION=ubuntu
ORIGINAL_XDG_CURRENT_DESKTOP=ubuntu:GNOME
HDI_APPROOT=/tools/Xilinx/Vitis/2024.1
DBUS_SESSION_BUS_ADDRESS=unix:path=/run/user/1000/bus
RDI_PLATFORM=lnx64
THEIA_APP_PROJECT_PATH=/tools/Xilinx/Vitis/2024.1/ide/electron-app/lnx64/resources/app
MYVIVADO=
BUILDINFO=SW Build 5074859 on 2024-05-20-23:21:20
ISL_IOSTREAMS_RSA=/tools/Xilinx/Vitis/2024.1/tps/isl
GIO_LAUNCHED_DESKTOP_FILE_PID=146490
GIO_LAUNCHED_DESKTOP_FILE=/home/tls/.local/share/applications/vitis.desktop
LC_NUMERIC=C
XILINX_VITIS=/tools/Xilinx/Vitis/2024.1
OLDPWD=/tools/Xilinx/Vitis/2024.1/bin
_=/tools/Xilinx/Vitis/2024.1/bin/unwrapped/lnx64.o/v++
XILINX_CD_CONNECT_ID=46793
XILINX_CD_SESSION=d64ea2bd-0ed3-494b-8eb1-a43241111532


V++ command line:
------------------------------------------
/tools/Xilinx/Vitis/2024.1/bin/unwrapped/lnx64.o/v++ -c --mode hls --config /home/tls/Dev/wonderland/AmdVitisEdgedetect/EdgedetectBaseline/EdgedetectBaseline_cluster/hls_config.cfg --work_dir EdgedetectBaseline_cluster 

FINAL PROGRAM OPTIONS
--compile
--config /home/tls/Dev/wonderland/AmdVitisEdgedetect/EdgedetectBaseline/EdgedetectBaseline_cluster/hls_config.cfg
--hls.clock 150MHz
--hls.flow_target vitis
--hls.package.output.format xo
--hls.package.output.syn false
--hls.syn.file /home/tls/Dev/wonderland/AmdVitisEdgedetect/EdgedetectBaseline/EdgedetectBaseline_cluster/edgedetect.cpp
--hls.syn.top edgedetect
--mode hls
--part xczu9eg-ffvb1156-2-e
--target hw
--work_dir EdgedetectBaseline_cluster

PARSED COMMAND LINE OPTIONS
-c 
--mode hls 
--config /home/tls/Dev/wonderland/AmdVitisEdgedetect/EdgedetectBaseline/EdgedetectBaseline_cluster/hls_config.cfg 
--work_dir EdgedetectBaseline_cluster 

PARSED CONFIG FILE (1) OPTIONS
file: /home/tls/Dev/wonderland/AmdVitisEdgedetect/EdgedetectBaseline/EdgedetectBaseline_cluster/hls_config.cfg
part xczu9eg-ffvb1156-2-e 
hls.flow_target vitis 
hls.package.output.format xo 
hls.package.output.syn false 
hls.clock 150MHz 
hls.syn.file /home/tls/Dev/wonderland/AmdVitisEdgedetect/EdgedetectBaseline/EdgedetectBaseline_cluster/edgedetect.cpp 
hls.syn.top edgedetect 


==========================================
new:  steps log generated by v++ for new launch 
timestamp: 12 Jul 2024 21:47:50
------------------------------------------
V++ internal step: writing a config file for vitis_hls: /home/tls/Dev/wonderland/AmdVitisEdgedetect/EdgedetectBaseline/EdgedetectBaseline_cluster/EdgedetectBaseline_cluster/hls/config.cmdline
timestamp: 12 Jul 2024 21:47:50
V++ internal step status: success
------------------------------------------
V++ internal step: running vitis_hls
timestamp: 12 Jul 2024 21:47:50
working dir: /home/tls/Dev/wonderland/AmdVitisEdgedetect/EdgedetectBaseline/EdgedetectBaseline_cluster
cmd: vitis_hls -nolog -run csynth -work_dir /home/tls/Dev/wonderland/AmdVitisEdgedetect/EdgedetectBaseline/EdgedetectBaseline_cluster/EdgedetectBaseline_cluster -config /home/tls/Dev/wonderland/AmdVitisEdgedetect/EdgedetectBaseline/EdgedetectBaseline_cluster/hls_config.cfg -cmdlineconfig /home/tls/Dev/wonderland/AmdVitisEdgedetect/EdgedetectBaseline/EdgedetectBaseline_cluster/EdgedetectBaseline_cluster/hls/config.cmdline
V++ internal step status: success

------------------------------------------
VITIS-RUN command line :
------------------------------------------
/tools/Xilinx/Vitis/2024.1/bin/unwrapped/lnx64.o/vitis-run --mode hls --package --config /home/tls/Dev/wonderland/AmdVitisEdgedetect/EdgedetectBaseline/EdgedetectBaseline_cluster/hls_config.cfg --work_dir EdgedetectBaseline_cluster 
  Options from -O    : 
  Options from *.ini : 
  Options from Hw Platform : 

==========================================
new:  steps log generated by v++ for new launch 
timestamp: 12 Jul 2024 21:48:14
------------------------------------------
VITIS-RUN internal step: writing a config file for vitis_hls: /home/tls/Dev/wonderland/AmdVitisEdgedetect/EdgedetectBaseline/EdgedetectBaseline_cluster/EdgedetectBaseline_cluster/hls/config.cmdline
timestamp: 12 Jul 2024 21:48:14
VITIS-RUN internal step status: success
------------------------------------------
VITIS-RUN internal step: running vitis_hls
timestamp: 12 Jul 2024 21:48:14
working dir: /home/tls/Dev/wonderland/AmdVitisEdgedetect/EdgedetectBaseline/EdgedetectBaseline_cluster
cmd: vitis_hls -nolog -run package -work_dir /home/tls/Dev/wonderland/AmdVitisEdgedetect/EdgedetectBaseline/EdgedetectBaseline_cluster/EdgedetectBaseline_cluster -config /home/tls/Dev/wonderland/AmdVitisEdgedetect/EdgedetectBaseline/EdgedetectBaseline_cluster/hls_config.cfg -cmdlineconfig /home/tls/Dev/wonderland/AmdVitisEdgedetect/EdgedetectBaseline/EdgedetectBaseline_cluster/EdgedetectBaseline_cluster/hls/config.cmdline
VITIS-RUN internal step status: success

------------------------------------------
V++ command line :
------------------------------------------
/tools/Xilinx/Vitis/2024.1/bin/unwrapped/lnx64.o/v++ -c --mode hls --config /home/tls/Dev/wonderland/AmdVitisEdgedetect/EdgedetectBaseline/EdgedetectBaseline_cluster/hls_config.cfg --work_dir EdgedetectBaseline_cluster 
  Options from -O    : 
  Options from *.ini : 
  Options from Hw Platform : 

==========================================
new:  steps log generated by v++ for new launch 
timestamp: 14 Sep 2024 02:04:23
------------------------------------------
V++ internal step: writing a config file for vitis_hls: /home/tls/Dev/wonderland/AmdVitisEdgedetect/EdgedetectBaseline/EdgedetectBaseline_cluster/EdgedetectBaseline_cluster/hls/config.cmdline
timestamp: 14 Sep 2024 02:04:23
V++ internal step status: success
------------------------------------------
V++ internal step: running vitis_hls
timestamp: 14 Sep 2024 02:04:23
working dir: /home/tls/Dev/wonderland/AmdVitisEdgedetect/EdgedetectBaseline/EdgedetectBaseline_cluster
cmd: vitis_hls -nolog -run csynth -work_dir /home/tls/Dev/wonderland/AmdVitisEdgedetect/EdgedetectBaseline/EdgedetectBaseline_cluster/EdgedetectBaseline_cluster -config /home/tls/Dev/wonderland/AmdVitisEdgedetect/EdgedetectBaseline/EdgedetectBaseline_cluster/hls_config.cfg -cmdlineconfig /home/tls/Dev/wonderland/AmdVitisEdgedetect/EdgedetectBaseline/EdgedetectBaseline_cluster/EdgedetectBaseline_cluster/hls/config.cmdline

------------------------------------------
V++ command line :
------------------------------------------
/tools/Xilinx/Vitis/2024.1/bin/unwrapped/lnx64.o/v++ -c --mode hls --config /home/tls/Dev/wonderland/AmdVitisEdgedetect/EdgedetectBaseline/EdgedetectBaseline_cluster/hls_config.cfg --work_dir EdgedetectBaseline_cluster 
  Options from -O    : 
  Options from *.ini : 
  Options from Hw Platform : 

==========================================
new:  steps log generated by v++ for new launch 
timestamp: 14 Sep 2024 02:10:35
------------------------------------------
V++ internal step: writing a config file for vitis_hls: /home/tls/Dev/wonderland/AmdVitisEdgedetect/EdgedetectBaseline/EdgedetectBaseline_cluster/EdgedetectBaseline_cluster/hls/config.cmdline
timestamp: 14 Sep 2024 02:10:35
V++ internal step status: success
------------------------------------------
V++ internal step: running vitis_hls
timestamp: 14 Sep 2024 02:10:35
working dir: /home/tls/Dev/wonderland/AmdVitisEdgedetect/EdgedetectBaseline/EdgedetectBaseline_cluster
cmd: vitis_hls -nolog -run csynth -work_dir /home/tls/Dev/wonderland/AmdVitisEdgedetect/EdgedetectBaseline/EdgedetectBaseline_cluster/EdgedetectBaseline_cluster -config /home/tls/Dev/wonderland/AmdVitisEdgedetect/EdgedetectBaseline/EdgedetectBaseline_cluster/hls_config.cfg -cmdlineconfig /home/tls/Dev/wonderland/AmdVitisEdgedetect/EdgedetectBaseline/EdgedetectBaseline_cluster/EdgedetectBaseline_cluster/hls/config.cmdline
V++ internal step status: success

------------------------------------------
V++ command line :
------------------------------------------
/tools/Xilinx/Vitis/2024.1/bin/unwrapped/lnx64.o/v++ -c --mode hls --config /home/tls/Dev/wonderland/AmdVitisEdgedetect/EdgedetectBaseline/EdgedetectBaseline_cluster/hls_config.cfg --work_dir EdgedetectBaseline_cluster 
  Options from -O    : 
  Options from *.ini : 
  Options from Hw Platform : 

==========================================
new:  steps log generated by v++ for new launch 
timestamp: 14 Sep 2024 02:29:46
------------------------------------------
V++ internal step: writing a config file for vitis_hls: /home/tls/Dev/wonderland/AmdVitisEdgedetect/EdgedetectBaseline/EdgedetectBaseline_cluster/EdgedetectBaseline_cluster/hls/config.cmdline
timestamp: 14 Sep 2024 02:29:46
V++ internal step status: success
------------------------------------------
V++ internal step: running vitis_hls
timestamp: 14 Sep 2024 02:29:46
working dir: /home/tls/Dev/wonderland/AmdVitisEdgedetect/EdgedetectBaseline/EdgedetectBaseline_cluster
cmd: vitis_hls -nolog -run csynth -work_dir /home/tls/Dev/wonderland/AmdVitisEdgedetect/EdgedetectBaseline/EdgedetectBaseline_cluster/EdgedetectBaseline_cluster -config /home/tls/Dev/wonderland/AmdVitisEdgedetect/EdgedetectBaseline/EdgedetectBaseline_cluster/hls_config.cfg -cmdlineconfig /home/tls/Dev/wonderland/AmdVitisEdgedetect/EdgedetectBaseline/EdgedetectBaseline_cluster/EdgedetectBaseline_cluster/hls/config.cmdline
V++ internal step status: success

------------------------------------------
VITIS-RUN command line :
------------------------------------------
/tools/Xilinx/Vitis/2024.1/bin/unwrapped/lnx64.o/vitis-run --mode hls --package --config /home/tls/Dev/wonderland/AmdVitisEdgedetect/EdgedetectBaseline/EdgedetectBaseline_cluster/hls_config.cfg --work_dir EdgedetectBaseline_cluster 
  Options from -O    : 
  Options from *.ini : 
  Options from Hw Platform : 

==========================================
new:  steps log generated by v++ for new launch 
timestamp: 14 Sep 2024 02:30:09
------------------------------------------
VITIS-RUN internal step: writing a config file for vitis_hls: /home/tls/Dev/wonderland/AmdVitisEdgedetect/EdgedetectBaseline/EdgedetectBaseline_cluster/EdgedetectBaseline_cluster/hls/config.cmdline
timestamp: 14 Sep 2024 02:30:09
VITIS-RUN internal step status: success
------------------------------------------
VITIS-RUN internal step: running vitis_hls
timestamp: 14 Sep 2024 02:30:09
working dir: /home/tls/Dev/wonderland/AmdVitisEdgedetect/EdgedetectBaseline/EdgedetectBaseline_cluster
cmd: vitis_hls -nolog -run package -work_dir /home/tls/Dev/wonderland/AmdVitisEdgedetect/EdgedetectBaseline/EdgedetectBaseline_cluster/EdgedetectBaseline_cluster -config /home/tls/Dev/wonderland/AmdVitisEdgedetect/EdgedetectBaseline/EdgedetectBaseline_cluster/hls_config.cfg -cmdlineconfig /home/tls/Dev/wonderland/AmdVitisEdgedetect/EdgedetectBaseline/EdgedetectBaseline_cluster/EdgedetectBaseline_cluster/hls/config.cmdline
VITIS-RUN internal step status: success

------------------------------------------
V++ command line :
------------------------------------------
/tools/Xilinx/Vitis/2024.1/bin/unwrapped/lnx64.o/v++ -c --mode hls --config /home/tls/Dev/wonderland/AmdVitisEdgedetect/EdgedetectBaseline/EdgedetectBaseline_cluster/hls_config.cfg --work_dir EdgedetectBaseline_cluster 
  Options from -O    : 
  Options from *.ini : 
  Options from Hw Platform : 

==========================================
new:  steps log generated by v++ for new launch 
timestamp: 14 Sep 2024 02:48:14
------------------------------------------
V++ internal step: writing a config file for vitis_hls: /home/tls/Dev/wonderland/AmdVitisEdgedetect/EdgedetectBaseline/EdgedetectBaseline_cluster/EdgedetectBaseline_cluster/hls/config.cmdline
timestamp: 14 Sep 2024 02:48:14
V++ internal step status: success
------------------------------------------
V++ internal step: running vitis_hls
timestamp: 14 Sep 2024 02:48:14
working dir: /home/tls/Dev/wonderland/AmdVitisEdgedetect/EdgedetectBaseline/EdgedetectBaseline_cluster
cmd: vitis_hls -nolog -run csynth -work_dir /home/tls/Dev/wonderland/AmdVitisEdgedetect/EdgedetectBaseline/EdgedetectBaseline_cluster/EdgedetectBaseline_cluster -config /home/tls/Dev/wonderland/AmdVitisEdgedetect/EdgedetectBaseline/EdgedetectBaseline_cluster/hls_config.cfg -cmdlineconfig /home/tls/Dev/wonderland/AmdVitisEdgedetect/EdgedetectBaseline/EdgedetectBaseline_cluster/EdgedetectBaseline_cluster/hls/config.cmdline
V++ internal step status: success

------------------------------------------
VITIS-RUN command line :
------------------------------------------
/tools/Xilinx/Vitis/2024.1/bin/unwrapped/lnx64.o/vitis-run --mode hls --package --config /home/tls/Dev/wonderland/AmdVitisEdgedetect/EdgedetectBaseline/EdgedetectBaseline_cluster/hls_config.cfg --work_dir EdgedetectBaseline_cluster 
  Options from -O    : 
  Options from *.ini : 
  Options from Hw Platform : 

==========================================
new:  steps log generated by v++ for new launch 
timestamp: 14 Sep 2024 02:48:38
------------------------------------------
VITIS-RUN internal step: writing a config file for vitis_hls: /home/tls/Dev/wonderland/AmdVitisEdgedetect/EdgedetectBaseline/EdgedetectBaseline_cluster/EdgedetectBaseline_cluster/hls/config.cmdline
timestamp: 14 Sep 2024 02:48:38
VITIS-RUN internal step status: success
------------------------------------------
VITIS-RUN internal step: running vitis_hls
timestamp: 14 Sep 2024 02:48:38
working dir: /home/tls/Dev/wonderland/AmdVitisEdgedetect/EdgedetectBaseline/EdgedetectBaseline_cluster
cmd: vitis_hls -nolog -run package -work_dir /home/tls/Dev/wonderland/AmdVitisEdgedetect/EdgedetectBaseline/EdgedetectBaseline_cluster/EdgedetectBaseline_cluster -config /home/tls/Dev/wonderland/AmdVitisEdgedetect/EdgedetectBaseline/EdgedetectBaseline_cluster/hls_config.cfg -cmdlineconfig /home/tls/Dev/wonderland/AmdVitisEdgedetect/EdgedetectBaseline/EdgedetectBaseline_cluster/EdgedetectBaseline_cluster/hls/config.cmdline
VITIS-RUN internal step status: success

------------------------------------------
V++ command line :
------------------------------------------
/tools/Xilinx/Vitis/2024.1/bin/unwrapped/lnx64.o/v++ -c --mode hls --config /home/tls/heterogeneous-vitis-apps/edgedetect/edgedetect-baseline/EdgedetectBaseline_cluster/hls_config.cfg --work_dir EdgedetectBaseline_cluster 
  Options from -O    : 
  Options from *.ini : 
  Options from Hw Platform : 

==========================================
new:  steps log generated by v++ for new launch 
timestamp: 20 Sep 2024 02:11:43
------------------------------------------
V++ internal step: writing a config file for vitis_hls: /home/tls/heterogeneous-vitis-apps/edgedetect/edgedetect-baseline/EdgedetectBaseline_cluster/EdgedetectBaseline_cluster/hls/config.cmdline
timestamp: 20 Sep 2024 02:11:43
V++ internal step status: success
------------------------------------------
V++ internal step: running vitis_hls
timestamp: 20 Sep 2024 02:11:43
working dir: /home/tls/heterogeneous-vitis-apps/edgedetect/edgedetect-baseline/EdgedetectBaseline_cluster
cmd: vitis_hls -nolog -run csynth -work_dir /home/tls/heterogeneous-vitis-apps/edgedetect/edgedetect-baseline/EdgedetectBaseline_cluster/EdgedetectBaseline_cluster -config /home/tls/heterogeneous-vitis-apps/edgedetect/edgedetect-baseline/EdgedetectBaseline_cluster/hls_config.cfg -cmdlineconfig /home/tls/heterogeneous-vitis-apps/edgedetect/edgedetect-baseline/EdgedetectBaseline_cluster/EdgedetectBaseline_cluster/hls/config.cmdline
V++ internal step status: success
