

================================================================
== Vitis HLS Report for 'edgedetect_Pipeline_VITIS_LOOP_96_3_VITIS_LOOP_98_4'
================================================================
* Date:           Sat Sep 21 01:38:30 2024

* Version:        2024.1 (Build 5069499 on May 21 2024)
* Project:        EdgedetectBaseline_cluster
* Solution:       hls (Vitis Kernel Flow Target)
* Product family: zynquplus
* Target device:  xczu9eg-ffvb1156-2-e


================================================================
== Performance Estimates
================================================================
+ Timing: 
    * Summary: 
    +--------+---------+----------+------------+
    |  Clock |  Target | Estimated| Uncertainty|
    +--------+---------+----------+------------+
    |ap_clk  |  6.67 ns|  4.867 ns|     1.80 ns|
    +--------+---------+----------+------------+

+ Latency: 
    * Summary: 
    +---------+---------+-----------+-----------+---------+---------+-----------------------------------------------+
    |  Latency (cycles) |   Latency (absolute)  |      Interval     |                    Pipeline                   |
    |   min   |   max   |    min    |    max    |   min   |   max   |                      Type                     |
    +---------+---------+-----------+-----------+---------+---------+-----------------------------------------------+
    |  5489522|  5489522|  36.599 ms|  36.599 ms|  5489370|  5489370|  loop auto-rewind stp(delay=0 clock cycles(s))|
    +---------+---------+-----------+-----------+---------+---------+-----------------------------------------------+

    + Detail: 
        * Instance: 
        N/A

        * Loop: 
        +-----------------------------------+---------+---------+----------+-----------+-----------+--------+----------+
        |                                   |  Latency (cycles) | Iteration|  Initiation Interval  |  Trip  |          |
        |             Loop Name             |   min   |   max   |  Latency |  achieved |   target  |  Count | Pipelined|
        +-----------------------------------+---------+---------+----------+-----------+-----------+--------+----------+
        |- VITIS_LOOP_96_3_VITIS_LOOP_98_4  |  5489520|  5489520|       187|         18|          1|  304964|       yes|
        +-----------------------------------+---------+---------+----------+-----------+-----------+--------+----------+



================================================================
== Utilization Estimates
================================================================
* Summary: 
+-----------------+---------+------+--------+--------+-----+
|       Name      | BRAM_18K|  DSP |   FF   |   LUT  | URAM|
+-----------------+---------+------+--------+--------+-----+
|DSP              |        -|     5|       -|       -|    -|
|Expression       |        -|     -|       0|   42606|    -|
|FIFO             |        -|     -|       -|       -|    -|
|Instance         |        -|     0|    1047|     937|    -|
|Memory           |        -|     -|       -|       -|    -|
|Multiplexer      |        -|     -|       0|     383|    -|
|Register         |        -|     -|   12350|     384|    -|
+-----------------+---------+------+--------+--------+-----+
|Total            |        0|     5|   13397|   44310|    0|
+-----------------+---------+------+--------+--------+-----+
|Available        |     1824|  2520|  548160|  274080|    0|
+-----------------+---------+------+--------+--------+-----+
|Utilization (%)  |        0|    ~0|       2|      16|    0|
+-----------------+---------+------+--------+--------+-----+

+ Detail: 
    * Instance: 
    +---------------------------+-----------------------+---------+----+------+-----+-----+
    |          Instance         |         Module        | BRAM_18K| DSP|  FF  | LUT | URAM|
    +---------------------------+-----------------------+---------+----+------+-----+-----+
    |mul_8ns_8ns_16_1_1_U60     |mul_8ns_8ns_16_1_1     |        0|   0|     0|   40|    0|
    |mul_8ns_8ns_16_1_1_U61     |mul_8ns_8ns_16_1_1     |        0|   0|     0|   40|    0|
    |mul_8ns_8ns_16_1_1_U62     |mul_8ns_8ns_16_1_1     |        0|   0|     0|   40|    0|
    |mul_8ns_8ns_16_1_1_U63     |mul_8ns_8ns_16_1_1     |        0|   0|     0|   40|    0|
    |udiv_20ns_12ns_8_24_1_U64  |udiv_20ns_12ns_8_24_1  |        0|   0|  1047|  777|    0|
    +---------------------------+-----------------------+---------+----+------+-----+-----+
    |Total                      |                       |        0|   0|  1047|  937|    0|
    +---------------------------+-----------------------+---------+----+------+-----+-----+

    * DSP: 
    +------------------------------------+--------------------------------+--------------+
    |              Instance              |             Module             |  Expression  |
    +------------------------------------+--------------------------------+--------------+
    |mac_muladd_8ns_8ns_16ns_17_4_1_U65  |mac_muladd_8ns_8ns_16ns_17_4_1  |  i0 + i1 * i2|
    |mac_muladd_8ns_8ns_16ns_17_4_1_U66  |mac_muladd_8ns_8ns_16ns_17_4_1  |  i0 + i1 * i2|
    |mac_muladd_8ns_8ns_16ns_17_4_1_U67  |mac_muladd_8ns_8ns_16ns_17_4_1  |  i0 + i1 * i2|
    |mac_muladd_8ns_8ns_16ns_17_4_1_U68  |mac_muladd_8ns_8ns_16ns_17_4_1  |  i0 + i1 * i2|
    |mac_muladd_8ns_8ns_17ns_18_4_1_U69  |mac_muladd_8ns_8ns_17ns_18_4_1  |  i0 + i1 * i2|
    +------------------------------------+--------------------------------+--------------+

    * Memory: 
    N/A

    * FIFO: 
    N/A

    * Expression: 
    +----------------------------------------+----------+----+---+------+------------+------------+
    |              Variable Name             | Operation| DSP| FF|  LUT | Bitwidth P0| Bitwidth P1|
    +----------------------------------------+----------+----+---+------+------------+------------+
    |add_ln101_fu_695_p2                     |         +|   0|  0|    26|          19|          19|
    |add_ln105_12_fu_1434_p2                 |         +|   0|  0|    26|          19|          19|
    |add_ln105_1_fu_796_p2                   |         +|   0|  0|    71|          64|           2|
    |add_ln105_2_fu_875_p2                   |         +|   0|  0|    71|          64|           1|
    |add_ln105_3_fu_910_p2                   |         +|   0|  0|    71|          64|           2|
    |add_ln105_4_fu_989_p2                   |         +|   0|  0|    71|          64|           1|
    |add_ln105_5_fu_1024_p2                  |         +|   0|  0|    71|          64|           2|
    |add_ln105_8_fu_1285_p2                  |         +|   0|  0|    25|          18|          18|
    |add_ln105_fu_761_p2                     |         +|   0|  0|    71|          64|           1|
    |add_ln109_1_fu_1501_p2                  |         +|   0|  0|    64|          64|          64|
    |add_ln109_2_fu_1486_p2                  |         +|   0|  0|    64|          64|          64|
    |add_ln109_3_fu_1491_p2                  |         +|   0|  0|    18|          11|          10|
    |add_ln109_fu_724_p2                     |         +|   0|  0|    17|          10|           1|
    |add_ln96_fu_621_p2                      |         +|   0|  0|    26|          19|           1|
    |empty_31_fu_705_p2                      |         +|   0|  0|    71|          64|          64|
    |empty_32_fu_840_p2                      |         +|   0|  0|    71|          64|          64|
    |empty_33_fu_954_p2                      |         +|   0|  0|    71|          64|          64|
    |empty_fu_685_p2                         |         +|   0|  0|    26|          19|          19|
    |indvars_iv_next25_i33_dup449_fu_647_p2  |         +|   0|  0|    16|           9|           1|
    |sum_fu_1444_p2                          |         +|   0|  0|    27|          20|          20|
    |tmp20_fu_831_p2                         |         +|   0|  0|    26|          19|          10|
    |tmp21_fu_945_p2                         |         +|   0|  0|    26|          19|          11|
    |ap_block_pp0_stage11_01001              |       and|   0|  0|     2|           1|           1|
    |ap_block_state10_io                     |       and|   0|  0|     2|           1|           1|
    |icmp_ln108_fu_1474_p2                   |      icmp|   0|  0|    27|          20|          20|
    |icmp_ln96_fu_615_p2                     |      icmp|   0|  0|    26|          19|          19|
    |icmp_ln98_fu_633_p2                     |      icmp|   0|  0|    17|          10|          10|
    |lshr_ln105_10_fu_1270_p2                |      lshr|   0|  0|  2171|         512|         512|
    |lshr_ln105_11_fu_1294_p2                |      lshr|   0|  0|  2171|         512|         512|
    |lshr_ln105_12_fu_1317_p2                |      lshr|   0|  0|  2171|         512|         512|
    |lshr_ln105_13_fu_1326_p2                |      lshr|   0|  0|  2171|         512|         512|
    |lshr_ln105_14_fu_1348_p2                |      lshr|   0|  0|  2171|         512|         512|
    |lshr_ln105_15_fu_1360_p2                |      lshr|   0|  0|  2171|         512|         512|
    |lshr_ln105_16_fu_1389_p2                |      lshr|   0|  0|  2171|         512|         512|
    |lshr_ln105_17_fu_1401_p2                |      lshr|   0|  0|  2171|         512|         512|
    |lshr_ln105_1_fu_1082_p2                 |      lshr|   0|  0|  2171|         512|         512|
    |lshr_ln105_2_fu_1105_p2                 |      lshr|   0|  0|  2171|         512|         512|
    |lshr_ln105_3_fu_1117_p2                 |      lshr|   0|  0|  2171|         512|         512|
    |lshr_ln105_4_fu_1150_p2                 |      lshr|   0|  0|  2171|         512|         512|
    |lshr_ln105_5_fu_1162_p2                 |      lshr|   0|  0|  2171|         512|         512|
    |lshr_ln105_6_fu_1191_p2                 |      lshr|   0|  0|  2171|         512|         512|
    |lshr_ln105_7_fu_1203_p2                 |      lshr|   0|  0|  2171|         512|         512|
    |lshr_ln105_8_fu_1226_p2                 |      lshr|   0|  0|  2171|         512|         512|
    |lshr_ln105_9_fu_1238_p2                 |      lshr|   0|  0|  2171|         512|         512|
    |lshr_ln105_fu_1070_p2                   |      lshr|   0|  0|  2171|         512|         512|
    |ap_block_pp0_stage0_11001               |        or|   0|  0|     2|           1|           1|
    |ap_block_pp0_stage10_11001              |        or|   0|  0|     2|           1|           1|
    |ap_block_pp0_stage11_11001              |        or|   0|  0|     2|           1|           1|
    |ap_block_pp0_stage12_11001              |        or|   0|  0|     2|           1|           1|
    |ap_block_pp0_stage13_11001              |        or|   0|  0|     2|           1|           1|
    |ap_block_pp0_stage14_11001              |        or|   0|  0|     2|           1|           1|
    |ap_block_pp0_stage15_11001              |        or|   0|  0|     2|           1|           1|
    |ap_block_pp0_stage16_11001              |        or|   0|  0|     2|           1|           1|
    |ap_block_pp0_stage17_11001              |        or|   0|  0|     2|           1|           1|
    |ap_block_pp0_stage1_11001               |        or|   0|  0|     2|           1|           1|
    |ap_block_pp0_stage2_11001               |        or|   0|  0|     2|           1|           1|
    |ap_block_pp0_stage3_11001               |        or|   0|  0|     2|           1|           1|
    |ap_block_pp0_stage4_11001               |        or|   0|  0|     2|           1|           1|
    |ap_block_pp0_stage5_11001               |        or|   0|  0|     2|           1|           1|
    |ap_block_pp0_stage6_11001               |        or|   0|  0|     2|           1|           1|
    |ap_block_pp0_stage7_11001               |        or|   0|  0|     2|           1|           1|
    |ap_block_pp0_stage8_11001               |        or|   0|  0|     2|           1|           1|
    |ap_block_pp0_stage9_11001               |        or|   0|  0|     2|           1|           1|
    |pixel_fu_1540_p3                        |    select|   0|  0|     8|           1|           2|
    |select_ln108_fu_1450_p3                 |    select|   0|  0|    11|           1|           1|
    |select_ln75_fu_639_p3                   |    select|   0|  0|    10|           1|           1|
    |select_ln96_fu_653_p3                   |    select|   0|  0|     9|           1|           9|
    |shl_ln109_2_fu_1563_p2                  |       shl|   0|  0|  2171|         512|         512|
    |shl_ln109_fu_1515_p2                    |       shl|   0|  0|   179|           1|          64|
    |ap_enable_pp0                           |       xor|   0|  0|     2|           1|           2|
    |xor_ln108_fu_1531_p2                    |       xor|   0|  0|     2|           1|           2|
    +----------------------------------------+----------+----+---+------+------------+------------+
    |Total                                   |          |   0|  0| 42606|       10690|       10336|
    +----------------------------------------+----------+----+---+------+------------+------------+

    * Multiplexer: 
    +----------------------------------+----+-----------+-----+-----------+
    |               Name               | LUT| Input Size| Bits| Total Bits|
    +----------------------------------+----+-----------+-----+-----------+
    |ap_NS_fsm                         |  97|         19|    1|         19|
    |ap_done_int                       |   9|          2|    1|          2|
    |ap_enable_reg_pp0_iter0           |   9|          2|    1|          2|
    |ap_enable_reg_pp0_iter1           |   9|          2|    1|          2|
    |ap_enable_reg_pp0_iter10          |   9|          2|    1|          2|
    |ap_loop_exit_ready_pp0_iter1_reg  |   9|          2|    1|          2|
    |ap_loop_exit_ready_pp0_iter2_reg  |   9|          2|    1|          2|
    |ap_loop_exit_ready_pp0_iter3_reg  |   9|          2|    1|          2|
    |ap_loop_exit_ready_pp0_iter4_reg  |   9|          2|    1|          2|
    |ap_loop_exit_ready_pp0_iter5_reg  |   9|          2|    1|          2|
    |ap_loop_exit_ready_pp0_iter6_reg  |   9|          2|    1|          2|
    |ap_loop_exit_ready_pp0_iter7_reg  |   9|          2|    1|          2|
    |ap_loop_exit_ready_pp0_iter8_reg  |   9|          2|    1|          2|
    |ap_loop_exit_ready_pp0_iter9_reg  |   9|          2|    1|          2|
    |c_fu_150                          |   9|          2|   10|         20|
    |gmem_blk_n_AR                     |   9|          2|    1|          2|
    |gmem_blk_n_AW                     |   9|          2|    1|          2|
    |gmem_blk_n_B                      |   9|          2|    1|          2|
    |gmem_blk_n_R                      |   9|          2|    1|          2|
    |gmem_blk_n_W                      |   9|          2|    1|          2|
    |indvar_flatten411_fu_158          |   9|          2|   19|         38|
    |m_axi_gmem_ARADDR                 |  97|         19|   64|       1216|
    |r_fu_154                          |   9|          2|    9|         18|
    +----------------------------------+----+-----------+-----+-----------+
    |Total                             | 383|         80|  121|       1347|
    +----------------------------------+----+-----------+-----+-----------+

    * Register: 
    +-----------------------------------+-----+----+-----+-----------+
    |                Name               |  FF | LUT| Bits| Const Bits|
    +-----------------------------------+-----+----+-----+-----------+
    |add_ln101_reg_1769                 |   19|   0|   19|          0|
    |add_ln105_6_reg_2051               |   17|   0|   17|          0|
    |add_ln105_8_reg_2126               |   18|   0|   18|          0|
    |add_ln105_9_reg_2181               |   17|   0|   17|          0|
    |ap_CS_fsm                          |   18|   0|   18|          0|
    |ap_done_reg                        |    1|   0|    1|          0|
    |ap_enable_reg_pp0_iter0_reg        |    1|   0|    1|          0|
    |ap_enable_reg_pp0_iter1            |    1|   0|    1|          0|
    |ap_enable_reg_pp0_iter10           |    1|   0|    1|          0|
    |ap_enable_reg_pp0_iter2            |    1|   0|    1|          0|
    |ap_enable_reg_pp0_iter3            |    1|   0|    1|          0|
    |ap_enable_reg_pp0_iter4            |    1|   0|    1|          0|
    |ap_enable_reg_pp0_iter5            |    1|   0|    1|          0|
    |ap_enable_reg_pp0_iter6            |    1|   0|    1|          0|
    |ap_enable_reg_pp0_iter7            |    1|   0|    1|          0|
    |ap_enable_reg_pp0_iter8            |    1|   0|    1|          0|
    |ap_enable_reg_pp0_iter9            |    1|   0|    1|          0|
    |ap_loop_exit_ready_pp0_iter1_reg   |    1|   0|    1|          0|
    |ap_loop_exit_ready_pp0_iter2_reg   |    1|   0|    1|          0|
    |ap_loop_exit_ready_pp0_iter3_reg   |    1|   0|    1|          0|
    |ap_loop_exit_ready_pp0_iter4_reg   |    1|   0|    1|          0|
    |ap_loop_exit_ready_pp0_iter5_reg   |    1|   0|    1|          0|
    |ap_loop_exit_ready_pp0_iter6_reg   |    1|   0|    1|          0|
    |ap_loop_exit_ready_pp0_iter7_reg   |    1|   0|    1|          0|
    |ap_loop_exit_ready_pp0_iter8_reg   |    1|   0|    1|          0|
    |ap_loop_exit_ready_pp0_iter9_reg   |    1|   0|    1|          0|
    |c_fu_150                           |   10|   0|   10|          0|
    |empty_31_reg_1775                  |   64|   0|   64|          0|
    |empty_32_reg_1847                  |   64|   0|   64|          0|
    |empty_33_reg_1919                  |   64|   0|   64|          0|
    |empty_reg_1764                     |   12|   0|   19|          7|
    |gmem_addr_10_read_reg_2016         |  512|   0|  512|          0|
    |gmem_addr_11_read_reg_2031         |  512|   0|  512|          0|
    |gmem_addr_12_read_reg_2056         |  512|   0|  512|          0|
    |gmem_addr_13_read_reg_2086         |  512|   0|  512|          0|
    |gmem_addr_14_read_reg_2101         |  512|   0|  512|          0|
    |gmem_addr_15_read_reg_2141         |  512|   0|  512|          0|
    |gmem_addr_16_read_reg_2161         |  512|   0|  512|          0|
    |gmem_addr_17_read_reg_2186         |  512|   0|  512|          0|
    |gmem_addr_1_read_reg_2026          |  512|   0|  512|          0|
    |gmem_addr_2_read_reg_2046          |  512|   0|  512|          0|
    |gmem_addr_3_read_reg_2071          |  512|   0|  512|          0|
    |gmem_addr_4_read_reg_2096          |  512|   0|  512|          0|
    |gmem_addr_5_read_reg_2121          |  512|   0|  512|          0|
    |gmem_addr_6_read_reg_2151          |  512|   0|  512|          0|
    |gmem_addr_7_read_reg_2176          |  512|   0|  512|          0|
    |gmem_addr_8_read_reg_2201          |  512|   0|  512|          0|
    |gmem_addr_9_read_reg_1991          |  512|   0|  512|          0|
    |gmem_addr_read_reg_2001            |  512|   0|  512|          0|
    |icmp_ln108_reg_2246                |    1|   0|    1|          0|
    |icmp_ln108_reg_2246_pp0_iter6_reg  |    1|   0|    1|          0|
    |icmp_ln96_reg_1755                 |    1|   0|    1|          0|
    |indvar_flatten411_fu_158           |   19|   0|   19|          0|
    |mul_ln105_2_reg_2061               |   16|   0|   16|          0|
    |mul_ln105_6_reg_2111               |   16|   0|   16|          0|
    |mul_ln105_reg_2191                 |   16|   0|   16|          0|
    |p_cast45_cast_cast_reg_1740        |   64|   0|   64|          0|
    |p_cast47_cast_cast_reg_1735        |   64|   0|   64|          0|
    |p_cast49_cast_cast_reg_1730        |   64|   0|   64|          0|
    |p_cast51_cast_cast_reg_1725        |   64|   0|   64|          0|
    |p_cast53_cast_cast_reg_1720        |   64|   0|   64|          0|
    |p_cast55_cast_cast_reg_1715        |   64|   0|   64|          0|
    |p_cast57_cast_cast_reg_1710        |   64|   0|   64|          0|
    |p_cast80_cast_reg_1705             |    9|   0|  512|        503|
    |p_cast81_cast_reg_1700             |    9|   0|  512|        503|
    |p_cast82_cast_reg_1695             |    9|   0|  512|        503|
    |p_cast83_cast_reg_1690             |    9|   0|  512|        503|
    |p_cast84_cast_reg_1685             |    9|   0|  512|        503|
    |p_cast85_cast_reg_1680             |    9|   0|  512|        503|
    |p_cast86_cast_reg_1675             |    9|   0|  512|        503|
    |p_cast87_cast_reg_1670             |    9|   0|  512|        503|
    |p_cast_cast_cast_reg_1745          |   64|   0|   64|          0|
    |r_fu_154                           |    9|   0|    9|          0|
    |select_ln75_reg_1759               |   10|   0|   10|          0|
    |sext_ln26_cast_reg_1750            |   64|   0|   64|          0|
    |shl_ln109_2_reg_2266               |  512|   0|  512|          0|
    |shl_ln109_reg_2256                 |   64|   0|   64|          0|
    |trunc_ln105_10_reg_2041            |    8|   0|    8|          0|
    |trunc_ln105_12_reg_1875            |   58|   0|   58|          0|
    |trunc_ln105_13_reg_1858            |    6|   0|    6|          0|
    |trunc_ln105_14_reg_2066            |    8|   0|    8|          0|
    |trunc_ln105_15_reg_1897            |   58|   0|   58|          0|
    |trunc_ln105_17_reg_1880            |    6|   0|    6|          0|
    |trunc_ln105_18_reg_1925            |   58|   0|   58|          0|
    |trunc_ln105_19_reg_2091            |    8|   0|    8|          0|
    |trunc_ln105_1_reg_1996             |    8|   0|    8|          0|
    |trunc_ln105_21_reg_1947            |   58|   0|   58|          0|
    |trunc_ln105_22_reg_1902            |    6|   0|    6|          0|
    |trunc_ln105_23_reg_2116            |    8|   0|    8|          0|
    |trunc_ln105_24_reg_1969            |   58|   0|   58|          0|
    |trunc_ln105_26_reg_1930            |    6|   0|    6|          0|
    |trunc_ln105_27_reg_2146            |    8|   0|    8|          0|
    |trunc_ln105_28_reg_2156            |    8|   0|    8|          0|
    |trunc_ln105_29_reg_1952            |    6|   0|    6|          0|
    |trunc_ln105_30_reg_2171            |    8|   0|    8|          0|
    |trunc_ln105_32_reg_1974            |    6|   0|    6|          0|
    |trunc_ln105_33_reg_2196            |    8|   0|    8|          0|
    |trunc_ln105_3_reg_1803             |   58|   0|   58|          0|
    |trunc_ln105_4_reg_1808             |    6|   0|    6|          0|
    |trunc_ln105_5_reg_2021             |    8|   0|    8|          0|
    |trunc_ln105_6_reg_1825             |   58|   0|   58|          0|
    |trunc_ln105_8_reg_1830             |    6|   0|    6|          0|
    |trunc_ln105_9_reg_1853             |   58|   0|   58|          0|
    |trunc_ln105_reg_1786               |    6|   0|    6|          0|
    |trunc_ln105_s_reg_1781             |   58|   0|   58|          0|
    |trunc_ln109_1_reg_2261             |   58|   0|   58|          0|
    |trunc_ln109_reg_2251               |    6|   0|    6|          0|
    |zext_ln52_cast_reg_1665            |    9|   0|  512|        503|
    |empty_reg_1764                     |   64|  32|   19|          7|
    |icmp_ln96_reg_1755                 |   64|  32|    1|          0|
    |select_ln75_reg_1759               |   64|  32|   10|          0|
    |trunc_ln105_13_reg_1858            |   64|  32|    6|          0|
    |trunc_ln105_17_reg_1880            |   64|  32|    6|          0|
    |trunc_ln105_22_reg_1902            |   64|  32|    6|          0|
    |trunc_ln105_26_reg_1930            |   64|  32|    6|          0|
    |trunc_ln105_29_reg_1952            |   64|  32|    6|          0|
    |trunc_ln105_32_reg_1974            |   64|  32|    6|          0|
    |trunc_ln105_4_reg_1808             |   64|  32|    6|          0|
    |trunc_ln105_8_reg_1830             |   64|  32|    6|          0|
    |trunc_ln105_reg_1786               |   64|  32|    6|          0|
    +-----------------------------------+-----+----+-----+-----------+
    |Total                              |12350| 384|16200|       4541|
    +-----------------------------------+-----+----+-----+-----------+



================================================================
== Interface
================================================================
* Summary: 
+------------------------+-----+-----+------------+-----------------------------------------------------+--------------+
|        RTL Ports       | Dir | Bits|  Protocol  |                    Source Object                    |    C Type    |
+------------------------+-----+-----+------------+-----------------------------------------------------+--------------+
|ap_clk                  |   in|    1|  ap_ctrl_hs|  edgedetect_Pipeline_VITIS_LOOP_96_3_VITIS_LOOP_98_4|  return value|
|ap_rst                  |   in|    1|  ap_ctrl_hs|  edgedetect_Pipeline_VITIS_LOOP_96_3_VITIS_LOOP_98_4|  return value|
|ap_start                |   in|    1|  ap_ctrl_hs|  edgedetect_Pipeline_VITIS_LOOP_96_3_VITIS_LOOP_98_4|  return value|
|ap_done                 |  out|    1|  ap_ctrl_hs|  edgedetect_Pipeline_VITIS_LOOP_96_3_VITIS_LOOP_98_4|  return value|
|ap_idle                 |  out|    1|  ap_ctrl_hs|  edgedetect_Pipeline_VITIS_LOOP_96_3_VITIS_LOOP_98_4|  return value|
|ap_ready                |  out|    1|  ap_ctrl_hs|  edgedetect_Pipeline_VITIS_LOOP_96_3_VITIS_LOOP_98_4|  return value|
|m_axi_gmem_AWVALID      |  out|    1|       m_axi|                                                 gmem|       pointer|
|m_axi_gmem_AWREADY      |   in|    1|       m_axi|                                                 gmem|       pointer|
|m_axi_gmem_AWADDR       |  out|   64|       m_axi|                                                 gmem|       pointer|
|m_axi_gmem_AWID         |  out|    1|       m_axi|                                                 gmem|       pointer|
|m_axi_gmem_AWLEN        |  out|   32|       m_axi|                                                 gmem|       pointer|
|m_axi_gmem_AWSIZE       |  out|    3|       m_axi|                                                 gmem|       pointer|
|m_axi_gmem_AWBURST      |  out|    2|       m_axi|                                                 gmem|       pointer|
|m_axi_gmem_AWLOCK       |  out|    2|       m_axi|                                                 gmem|       pointer|
|m_axi_gmem_AWCACHE      |  out|    4|       m_axi|                                                 gmem|       pointer|
|m_axi_gmem_AWPROT       |  out|    3|       m_axi|                                                 gmem|       pointer|
|m_axi_gmem_AWQOS        |  out|    4|       m_axi|                                                 gmem|       pointer|
|m_axi_gmem_AWREGION     |  out|    4|       m_axi|                                                 gmem|       pointer|
|m_axi_gmem_AWUSER       |  out|    1|       m_axi|                                                 gmem|       pointer|
|m_axi_gmem_WVALID       |  out|    1|       m_axi|                                                 gmem|       pointer|
|m_axi_gmem_WREADY       |   in|    1|       m_axi|                                                 gmem|       pointer|
|m_axi_gmem_WDATA        |  out|  512|       m_axi|                                                 gmem|       pointer|
|m_axi_gmem_WSTRB        |  out|   64|       m_axi|                                                 gmem|       pointer|
|m_axi_gmem_WLAST        |  out|    1|       m_axi|                                                 gmem|       pointer|
|m_axi_gmem_WID          |  out|    1|       m_axi|                                                 gmem|       pointer|
|m_axi_gmem_WUSER        |  out|    1|       m_axi|                                                 gmem|       pointer|
|m_axi_gmem_ARVALID      |  out|    1|       m_axi|                                                 gmem|       pointer|
|m_axi_gmem_ARREADY      |   in|    1|       m_axi|                                                 gmem|       pointer|
|m_axi_gmem_ARADDR       |  out|   64|       m_axi|                                                 gmem|       pointer|
|m_axi_gmem_ARID         |  out|    1|       m_axi|                                                 gmem|       pointer|
|m_axi_gmem_ARLEN        |  out|   32|       m_axi|                                                 gmem|       pointer|
|m_axi_gmem_ARSIZE       |  out|    3|       m_axi|                                                 gmem|       pointer|
|m_axi_gmem_ARBURST      |  out|    2|       m_axi|                                                 gmem|       pointer|
|m_axi_gmem_ARLOCK       |  out|    2|       m_axi|                                                 gmem|       pointer|
|m_axi_gmem_ARCACHE      |  out|    4|       m_axi|                                                 gmem|       pointer|
|m_axi_gmem_ARPROT       |  out|    3|       m_axi|                                                 gmem|       pointer|
|m_axi_gmem_ARQOS        |  out|    4|       m_axi|                                                 gmem|       pointer|
|m_axi_gmem_ARREGION     |  out|    4|       m_axi|                                                 gmem|       pointer|
|m_axi_gmem_ARUSER       |  out|    1|       m_axi|                                                 gmem|       pointer|
|m_axi_gmem_RVALID       |   in|    1|       m_axi|                                                 gmem|       pointer|
|m_axi_gmem_RREADY       |  out|    1|       m_axi|                                                 gmem|       pointer|
|m_axi_gmem_RDATA        |   in|  512|       m_axi|                                                 gmem|       pointer|
|m_axi_gmem_RLAST        |   in|    1|       m_axi|                                                 gmem|       pointer|
|m_axi_gmem_RID          |   in|    1|       m_axi|                                                 gmem|       pointer|
|m_axi_gmem_RFIFONUM     |   in|    9|       m_axi|                                                 gmem|       pointer|
|m_axi_gmem_RUSER        |   in|    1|       m_axi|                                                 gmem|       pointer|
|m_axi_gmem_RRESP        |   in|    2|       m_axi|                                                 gmem|       pointer|
|m_axi_gmem_BVALID       |   in|    1|       m_axi|                                                 gmem|       pointer|
|m_axi_gmem_BREADY       |  out|    1|       m_axi|                                                 gmem|       pointer|
|m_axi_gmem_BRESP        |   in|    2|       m_axi|                                                 gmem|       pointer|
|m_axi_gmem_BID          |   in|    1|       m_axi|                                                 gmem|       pointer|
|m_axi_gmem_BUSER        |   in|    1|       m_axi|                                                 gmem|       pointer|
|sext_ln26               |   in|   58|     ap_none|                                            sext_ln26|        scalar|
|p_cast_cast             |   in|   58|     ap_none|                                          p_cast_cast|        scalar|
|p_cast45_cast           |   in|   58|     ap_none|                                        p_cast45_cast|        scalar|
|p_cast47_cast           |   in|   58|     ap_none|                                        p_cast47_cast|        scalar|
|p_cast49_cast           |   in|   58|     ap_none|                                        p_cast49_cast|        scalar|
|p_cast51_cast           |   in|   58|     ap_none|                                        p_cast51_cast|        scalar|
|p_cast53_cast           |   in|   58|     ap_none|                                        p_cast53_cast|        scalar|
|p_cast55_cast           |   in|   58|     ap_none|                                        p_cast55_cast|        scalar|
|p_cast57_cast           |   in|   58|     ap_none|                                        p_cast57_cast|        scalar|
|output_r                |   in|   64|     ap_none|                                             output_r|        scalar|
|p_cast80                |   in|    9|     ap_none|                                             p_cast80|        scalar|
|p_cast81                |   in|    9|     ap_none|                                             p_cast81|        scalar|
|p_cast82                |   in|    9|     ap_none|                                             p_cast82|        scalar|
|p_cast83                |   in|    9|     ap_none|                                             p_cast83|        scalar|
|p_cast84                |   in|    9|     ap_none|                                             p_cast84|        scalar|
|p_cast85                |   in|    9|     ap_none|                                             p_cast85|        scalar|
|p_cast86                |   in|    9|     ap_none|                                             p_cast86|        scalar|
|p_cast87                |   in|    9|     ap_none|                                             p_cast87|        scalar|
|zext_ln52               |   in|    9|     ap_none|                                            zext_ln52|        scalar|
|normal_factor_5_reload  |   in|   12|     ap_none|                               normal_factor_5_reload|        scalar|
|icmp_ln93               |   in|    1|     ap_none|                                            icmp_ln93|        scalar|
|image_gray              |   in|   64|     ap_none|                                           image_gray|        scalar|
+------------------------+-----+-----+------------+-----------------------------------------------------+--------------+

