Sat Jul 27 04:15:49 2024: Running xcd server. This server was built by gradle.
Sat Jul 27 04:15:49 2024: Server was asked to start on port: '36013'
Sat Jul 27 04:15:49 2024: Server is using token UUID: 'ce8ad597-d7f2-40d6-b73c-b41a3cffaf94'
Sat Jul 27 04:15:49 2024: SESSION_MGR: creating session with session uuid: '6d04a3e9-ade5-4ab9-8d63-1f78fcd2ec76' and name 'default'
Sat Jul 27 04:15:50 2024: Attempting to start server on port '36013'
Sat Jul 27 04:15:50 2024: XCD main fifo: created main fifo '/tmp/xcdmaince8ad597-d7f2-40d6-b73c-b41a3cffaf94', fd read = 13
Sat Jul 27 04:15:50 2024: Running Dispatch Server
Sat Jul 27 04:15:50 2024: Version 2.2.0
Sat Jul 27 04:15:51 2024: Dispatch Server: Accepted socket connection from client
Sat Jul 27 04:15:51 2024: Starting Socket connection
Sat Jul 27 04:15:51 2024: EXCHANGE_TOKEN received, server token: ce8ad597-d7f2-40d6-b73c-b41a3cffaf94, passed token: ce8ad597-d7f2-40d6-b73c-b41a3cffaf94
Sat Jul 27 04:15:51 2024: DISPATCH_HANDLER: Adding handler from function makeHandler in library libxv_system_diagram
Sat Jul 27 04:15:51 2024: SESSION_MGR: creating session with session uuid: '195be9d2-2fda-46d5-9985-180c930b044b' and name 'v++_compile_vadd'
Sat Jul 27 04:15:51 2024: KERNEL_SVC: creating session with uuid: '195be9d2-2fda-46d5-9985-180c930b044b' and name 'v++_compile_vadd'
Sat Jul 27 04:15:51 2024: GUIDANCE_SMGR: creating guidance session with uuid: '195be9d2-2fda-46d5-9985-180c930b044b' and name 'v++_compile_vadd'
Sat Jul 27 04:15:51 2024: SYSTEM_DIAGRAM: creating session with uuid: '195be9d2-2fda-46d5-9985-180c930b044b' and name 'v++_compile_vadd'
Sat Jul 27 04:15:55 2024: Dispatch Server: Accepted socket connection from client
Sat Jul 27 04:15:55 2024: Starting Socket connection
Sat Jul 27 04:16:18 2024: SESSION_MGR: closing session for UUID '195be9d2-2fda-46d5-9985-180c930b044b' with name 'v++_compile_vadd'
Sat Jul 27 04:16:18 2024: KERNEL_SVC: closing session for UUID '195be9d2-2fda-46d5-9985-180c930b044b' with name 'v++_compile_vadd'
Sat Jul 27 04:16:18 2024: GUIDANCE_SMGR: closing session for UUID '195be9d2-2fda-46d5-9985-180c930b044b' with name 'v++_compile_vadd'
Sat Jul 27 04:16:18 2024: SYSTEM_DIAGRAM: closing session for UUID '195be9d2-2fda-46d5-9985-180c930b044b' with name 'v++_compile_vadd'
Sat Jul 27 04:16:18 2024: STOP_SERVER received, server token: ce8ad597-d7f2-40d6-b73c-b41a3cffaf94, passed token: ce8ad597-d7f2-40d6-b73c-b41a3cffaf94
Sat Jul 27 04:16:18 2024: Socket received request to stop server.
Sat Jul 27 04:16:18 2024: Dispatch Server: do_await_stop
Sat Jul 27 04:16:18 2024: Dispatch Server: stopping mainFifo_
Sat Jul 27 04:16:18 2024: XCD main fifo: Stopping
Sat Jul 27 04:16:18 2024: XCD main fifo: do_read error code: Operation canceled
Sat Jul 27 04:16:18 2024: XCD main fifo: bytes_transferred: 0
Sat Jul 27 04:16:18 2024: SERVER: destructor for server bound to port 36013
Sat Jul 27 04:16:18 2024: XCD main fifo: Good unlink of /tmp/xcdmaince8ad597-d7f2-40d6-b73c-b41a3cffaf94
Sat Jul 27 04:16:18 2024: Server exiting with status 0.
Sat Jul 27 04:16:18 2024: Closing log file.
Sat Jul 27 04:21:13 2024: Running xcd server. This server was built by gradle.
Sat Jul 27 04:21:13 2024: Server was asked to start on port: '45321'
Sat Jul 27 04:21:13 2024: Server is using token UUID: 'dd365914-c556-4fc6-85c5-830af201eb18'
Sat Jul 27 04:21:13 2024: SESSION_MGR: creating session with session uuid: '6d04a3e9-ade5-4ab9-8d63-1f78fcd2ec76' and name 'default'
Sat Jul 27 04:21:13 2024: Attempting to start server on port '45321'
Sat Jul 27 04:21:13 2024: XCD main fifo: created main fifo '/tmp/xcdmaindd365914-c556-4fc6-85c5-830af201eb18', fd read = 13
Sat Jul 27 04:21:13 2024: Running Dispatch Server
Sat Jul 27 04:21:13 2024: Version 2.2.0
Sat Jul 27 04:21:15 2024: Dispatch Server: Accepted socket connection from client
Sat Jul 27 04:21:15 2024: Starting Socket connection
Sat Jul 27 04:21:15 2024: EXCHANGE_TOKEN received, server token: dd365914-c556-4fc6-85c5-830af201eb18, passed token: dd365914-c556-4fc6-85c5-830af201eb18
Sat Jul 27 04:21:15 2024: DISPATCH_HANDLER: Adding handler from function makeHandler in library libxv_system_diagram
Sat Jul 27 04:21:15 2024: SESSION_MGR: creating session with session uuid: 'c87741ea-f166-43c8-9bfe-7939deb7fb04' and name 'v++_compile_vadd'
Sat Jul 27 04:21:15 2024: KERNEL_SVC: creating session with uuid: 'c87741ea-f166-43c8-9bfe-7939deb7fb04' and name 'v++_compile_vadd'
Sat Jul 27 04:21:15 2024: GUIDANCE_SMGR: creating guidance session with uuid: 'c87741ea-f166-43c8-9bfe-7939deb7fb04' and name 'v++_compile_vadd'
Sat Jul 27 04:21:15 2024: SYSTEM_DIAGRAM: creating session with uuid: 'c87741ea-f166-43c8-9bfe-7939deb7fb04' and name 'v++_compile_vadd'
Sat Jul 27 04:21:19 2024: Dispatch Server: Accepted socket connection from client
Sat Jul 27 04:21:19 2024: Starting Socket connection
Sat Jul 27 04:21:42 2024: SESSION_MGR: closing session for UUID 'c87741ea-f166-43c8-9bfe-7939deb7fb04' with name 'v++_compile_vadd'
Sat Jul 27 04:21:42 2024: KERNEL_SVC: closing session for UUID 'c87741ea-f166-43c8-9bfe-7939deb7fb04' with name 'v++_compile_vadd'
Sat Jul 27 04:21:42 2024: GUIDANCE_SMGR: closing session for UUID 'c87741ea-f166-43c8-9bfe-7939deb7fb04' with name 'v++_compile_vadd'
Sat Jul 27 04:21:42 2024: SYSTEM_DIAGRAM: closing session for UUID 'c87741ea-f166-43c8-9bfe-7939deb7fb04' with name 'v++_compile_vadd'
Sat Jul 27 04:21:42 2024: STOP_SERVER received, server token: dd365914-c556-4fc6-85c5-830af201eb18, passed token: dd365914-c556-4fc6-85c5-830af201eb18
Sat Jul 27 04:21:42 2024: Socket received request to stop server.
Sat Jul 27 04:21:42 2024: Dispatch Server: do_await_stop
Sat Jul 27 04:21:42 2024: Dispatch Server: stopping mainFifo_
Sat Jul 27 04:21:42 2024: XCD main fifo: Stopping
Sat Jul 27 04:21:42 2024: XCD main fifo: do_read error code: Operation canceled
Sat Jul 27 04:21:42 2024: XCD main fifo: bytes_transferred: 0
Sat Jul 27 04:21:42 2024: SERVER: destructor for server bound to port 45321
Sat Jul 27 04:21:42 2024: XCD main fifo: Good unlink of /tmp/xcdmaindd365914-c556-4fc6-85c5-830af201eb18
Sat Jul 27 04:21:42 2024: Server exiting with status 0.
Sat Jul 27 04:21:42 2024: Closing log file.
