Thu Jul 11 03:12:13 2024: Running xcd server. This server was built by gradle.
Thu Jul 11 03:12:13 2024: Server was asked to start on port: '40363'
Thu Jul 11 03:12:13 2024: Server is using token UUID: '663615bf-f3be-4ba8-a7f9-edc0059df17f'
Thu Jul 11 03:12:13 2024: SESSION_MGR: creating session with session uuid: '6d04a3e9-ade5-4ab9-8d63-1f78fcd2ec76' and name 'default'
Thu Jul 11 03:12:13 2024: Attempting to start server on port '40363'
Thu Jul 11 03:12:13 2024: XCD main fifo: created main fifo '/tmp/xcdmain663615bf-f3be-4ba8-a7f9-edc0059df17f', fd read = 13
Thu Jul 11 03:12:13 2024: Running Dispatch Server
Thu Jul 11 03:12:13 2024: Version 2.2.0
Thu Jul 11 03:12:15 2024: Dispatch Server: Accepted socket connection from client
Thu Jul 11 03:12:15 2024: Starting Socket connection
Thu Jul 11 03:12:15 2024: EXCHANGE_TOKEN received, server token: 663615bf-f3be-4ba8-a7f9-edc0059df17f, passed token: 663615bf-f3be-4ba8-a7f9-edc0059df17f
Thu Jul 11 03:12:15 2024: DISPATCH_HANDLER: Adding handler from function makeHandler in library libxv_system_diagram
Thu Jul 11 03:12:15 2024: SESSION_MGR: creating session with session uuid: '7efa4ee1-e4f5-4721-b867-18b76b8ac419' and name 'v++_compile_cluster_top_function'
Thu Jul 11 03:12:15 2024: KERNEL_SVC: creating session with uuid: '7efa4ee1-e4f5-4721-b867-18b76b8ac419' and name 'v++_compile_cluster_top_function'
Thu Jul 11 03:12:15 2024: GUIDANCE_SMGR: creating guidance session with uuid: '7efa4ee1-e4f5-4721-b867-18b76b8ac419' and name 'v++_compile_cluster_top_function'
Thu Jul 11 03:12:15 2024: SYSTEM_DIAGRAM: creating session with uuid: '7efa4ee1-e4f5-4721-b867-18b76b8ac419' and name 'v++_compile_cluster_top_function'
Thu Jul 11 03:12:28 2024: SESSION_MGR: closing session for UUID '7efa4ee1-e4f5-4721-b867-18b76b8ac419' with name 'v++_compile_cluster_top_function'
Thu Jul 11 03:12:28 2024: KERNEL_SVC: closing session for UUID '7efa4ee1-e4f5-4721-b867-18b76b8ac419' with name 'v++_compile_cluster_top_function'
Thu Jul 11 03:12:28 2024: GUIDANCE_SMGR: closing session for UUID '7efa4ee1-e4f5-4721-b867-18b76b8ac419' with name 'v++_compile_cluster_top_function'
Thu Jul 11 03:12:28 2024: SYSTEM_DIAGRAM: closing session for UUID '7efa4ee1-e4f5-4721-b867-18b76b8ac419' with name 'v++_compile_cluster_top_function'
Thu Jul 11 03:12:28 2024: STOP_SERVER received, server token: 663615bf-f3be-4ba8-a7f9-edc0059df17f, passed token: 663615bf-f3be-4ba8-a7f9-edc0059df17f
Thu Jul 11 03:12:28 2024: Socket received request to stop server.
Thu Jul 11 03:12:28 2024: Dispatch Server: do_await_stop
Thu Jul 11 03:12:28 2024: Dispatch Server: stopping mainFifo_
Thu Jul 11 03:12:28 2024: XCD main fifo: Stopping
Thu Jul 11 03:12:28 2024: XCD main fifo: do_read error code: Operation canceled
Thu Jul 11 03:12:28 2024: XCD main fifo: bytes_transferred: 0
Thu Jul 11 03:12:28 2024: SERVER: destructor for server bound to port 40363
Thu Jul 11 03:12:28 2024: XCD main fifo: Good unlink of /tmp/xcdmain663615bf-f3be-4ba8-a7f9-edc0059df17f
Thu Jul 11 03:12:28 2024: Server exiting with status 0.
Thu Jul 11 03:12:28 2024: Closing log file.
Thu Jul 11 03:15:36 2024: Running xcd server. This server was built by gradle.
Thu Jul 11 03:15:36 2024: Server was asked to start on port: '33177'
Thu Jul 11 03:15:36 2024: Server is using token UUID: '09609ba5-82bd-4346-861b-829041c9baa5'
Thu Jul 11 03:15:36 2024: SESSION_MGR: creating session with session uuid: '6d04a3e9-ade5-4ab9-8d63-1f78fcd2ec76' and name 'default'
Thu Jul 11 03:15:36 2024: Attempting to start server on port '33177'
Thu Jul 11 03:15:36 2024: XCD main fifo: created main fifo '/tmp/xcdmain09609ba5-82bd-4346-861b-829041c9baa5', fd read = 13
Thu Jul 11 03:15:36 2024: Running Dispatch Server
Thu Jul 11 03:15:36 2024: Version 2.2.0
Thu Jul 11 03:15:38 2024: Dispatch Server: Accepted socket connection from client
Thu Jul 11 03:15:38 2024: Starting Socket connection
Thu Jul 11 03:15:38 2024: EXCHANGE_TOKEN received, server token: 09609ba5-82bd-4346-861b-829041c9baa5, passed token: 09609ba5-82bd-4346-861b-829041c9baa5
Thu Jul 11 03:15:38 2024: DISPATCH_HANDLER: Adding handler from function makeHandler in library libxv_system_diagram
Thu Jul 11 03:15:38 2024: SESSION_MGR: creating session with session uuid: '17fa6ae3-0983-4d21-b926-69c13c115c1e' and name 'v++_compile_edgedetect'
Thu Jul 11 03:15:38 2024: KERNEL_SVC: creating session with uuid: '17fa6ae3-0983-4d21-b926-69c13c115c1e' and name 'v++_compile_edgedetect'
Thu Jul 11 03:15:38 2024: GUIDANCE_SMGR: creating guidance session with uuid: '17fa6ae3-0983-4d21-b926-69c13c115c1e' and name 'v++_compile_edgedetect'
Thu Jul 11 03:15:38 2024: SYSTEM_DIAGRAM: creating session with uuid: '17fa6ae3-0983-4d21-b926-69c13c115c1e' and name 'v++_compile_edgedetect'
Thu Jul 11 03:15:52 2024: SESSION_MGR: closing session for UUID '17fa6ae3-0983-4d21-b926-69c13c115c1e' with name 'v++_compile_edgedetect'
Thu Jul 11 03:15:52 2024: KERNEL_SVC: closing session for UUID '17fa6ae3-0983-4d21-b926-69c13c115c1e' with name 'v++_compile_edgedetect'
Thu Jul 11 03:15:52 2024: GUIDANCE_SMGR: closing session for UUID '17fa6ae3-0983-4d21-b926-69c13c115c1e' with name 'v++_compile_edgedetect'
Thu Jul 11 03:15:52 2024: SYSTEM_DIAGRAM: closing session for UUID '17fa6ae3-0983-4d21-b926-69c13c115c1e' with name 'v++_compile_edgedetect'
Thu Jul 11 03:15:52 2024: STOP_SERVER received, server token: 09609ba5-82bd-4346-861b-829041c9baa5, passed token: 09609ba5-82bd-4346-861b-829041c9baa5
Thu Jul 11 03:15:52 2024: Socket received request to stop server.
Thu Jul 11 03:15:52 2024: Dispatch Server: do_await_stop
Thu Jul 11 03:15:52 2024: Dispatch Server: stopping mainFifo_
Thu Jul 11 03:15:52 2024: XCD main fifo: Stopping
Thu Jul 11 03:15:52 2024: XCD main fifo: do_read error code: Operation canceled
Thu Jul 11 03:15:52 2024: XCD main fifo: bytes_transferred: 0
Thu Jul 11 03:15:52 2024: SERVER: destructor for server bound to port 33177
Thu Jul 11 03:15:52 2024: XCD main fifo: Good unlink of /tmp/xcdmain09609ba5-82bd-4346-861b-829041c9baa5
Thu Jul 11 03:15:52 2024: Server exiting with status 0.
Thu Jul 11 03:15:52 2024: Closing log file.
Fri Jul 12 21:46:27 2024: Running xcd server. This server was built by gradle.
Fri Jul 12 21:46:27 2024: Server was asked to start on port: '44919'
Fri Jul 12 21:46:27 2024: Server is using token UUID: '1315ff89-473c-4887-80a4-66dfc2723420'
Fri Jul 12 21:46:27 2024: SESSION_MGR: creating session with session uuid: '6d04a3e9-ade5-4ab9-8d63-1f78fcd2ec76' and name 'default'
Fri Jul 12 21:46:27 2024: Attempting to start server on port '44919'
Fri Jul 12 21:46:27 2024: XCD main fifo: created main fifo '/tmp/xcdmain1315ff89-473c-4887-80a4-66dfc2723420', fd read = 13
Fri Jul 12 21:46:27 2024: Running Dispatch Server
Fri Jul 12 21:46:27 2024: Version 2.2.0
Fri Jul 12 21:46:29 2024: Dispatch Server: Accepted socket connection from client
Fri Jul 12 21:46:29 2024: Starting Socket connection
Fri Jul 12 21:46:29 2024: EXCHANGE_TOKEN received, server token: 1315ff89-473c-4887-80a4-66dfc2723420, passed token: 1315ff89-473c-4887-80a4-66dfc2723420
Fri Jul 12 21:46:29 2024: DISPATCH_HANDLER: Adding handler from function makeHandler in library libxv_system_diagram
Fri Jul 12 21:46:29 2024: SESSION_MGR: creating session with session uuid: '9b6fdce9-b7b3-40fa-b236-925edda4e99b' and name 'v++_compile_edgedetect'
Fri Jul 12 21:46:29 2024: KERNEL_SVC: creating session with uuid: '9b6fdce9-b7b3-40fa-b236-925edda4e99b' and name 'v++_compile_edgedetect'
Fri Jul 12 21:46:29 2024: GUIDANCE_SMGR: creating guidance session with uuid: '9b6fdce9-b7b3-40fa-b236-925edda4e99b' and name 'v++_compile_edgedetect'
Fri Jul 12 21:46:29 2024: SYSTEM_DIAGRAM: creating session with uuid: '9b6fdce9-b7b3-40fa-b236-925edda4e99b' and name 'v++_compile_edgedetect'
Fri Jul 12 21:46:42 2024: SESSION_MGR: closing session for UUID '9b6fdce9-b7b3-40fa-b236-925edda4e99b' with name 'v++_compile_edgedetect'
Fri Jul 12 21:46:42 2024: KERNEL_SVC: closing session for UUID '9b6fdce9-b7b3-40fa-b236-925edda4e99b' with name 'v++_compile_edgedetect'
Fri Jul 12 21:46:42 2024: GUIDANCE_SMGR: closing session for UUID '9b6fdce9-b7b3-40fa-b236-925edda4e99b' with name 'v++_compile_edgedetect'
Fri Jul 12 21:46:42 2024: SYSTEM_DIAGRAM: closing session for UUID '9b6fdce9-b7b3-40fa-b236-925edda4e99b' with name 'v++_compile_edgedetect'
Fri Jul 12 21:46:42 2024: STOP_SERVER received, server token: 1315ff89-473c-4887-80a4-66dfc2723420, passed token: 1315ff89-473c-4887-80a4-66dfc2723420
Fri Jul 12 21:46:42 2024: Socket received request to stop server.
Fri Jul 12 21:46:42 2024: Dispatch Server: do_await_stop
Fri Jul 12 21:46:42 2024: Dispatch Server: stopping mainFifo_
Fri Jul 12 21:46:42 2024: XCD main fifo: Stopping
Fri Jul 12 21:46:42 2024: XCD main fifo: do_read error code: Operation canceled
Fri Jul 12 21:46:42 2024: XCD main fifo: bytes_transferred: 0
Fri Jul 12 21:46:42 2024: SERVER: destructor for server bound to port 44919
Fri Jul 12 21:46:42 2024: XCD main fifo: Good unlink of /tmp/xcdmain1315ff89-473c-4887-80a4-66dfc2723420
Fri Jul 12 21:46:42 2024: Server exiting with status 0.
Fri Jul 12 21:46:42 2024: Closing log file.
Sat Sep 14 02:03:59 2024: Running xcd server. This server was built by gradle.
Sat Sep 14 02:03:59 2024: Server was asked to start on port: '41905'
Sat Sep 14 02:03:59 2024: Server is using token UUID: '32522637-8a9d-49d2-9234-0a207ba20309'
Sat Sep 14 02:03:59 2024: SESSION_MGR: creating session with session uuid: '6d04a3e9-ade5-4ab9-8d63-1f78fcd2ec76' and name 'default'
Sat Sep 14 02:03:59 2024: Attempting to start server on port '41905'
Sat Sep 14 02:03:59 2024: XCD main fifo: created main fifo '/tmp/xcdmain32522637-8a9d-49d2-9234-0a207ba20309', fd read = 13
Sat Sep 14 02:03:59 2024: Running Dispatch Server
Sat Sep 14 02:03:59 2024: Version 2.2.0
Sat Sep 14 02:04:00 2024: Dispatch Server: Accepted socket connection from client
Sat Sep 14 02:04:00 2024: Starting Socket connection
Sat Sep 14 02:04:00 2024: EXCHANGE_TOKEN received, server token: 32522637-8a9d-49d2-9234-0a207ba20309, passed token: 32522637-8a9d-49d2-9234-0a207ba20309
Sat Sep 14 02:04:00 2024: DISPATCH_HANDLER: Adding handler from function makeHandler in library libxv_system_diagram
Sat Sep 14 02:04:00 2024: SESSION_MGR: creating session with session uuid: 'e437cf4b-6bfa-4b2f-a699-6b109f9a46a9' and name 'v++_compile_edgedetect'
Sat Sep 14 02:04:00 2024: KERNEL_SVC: creating session with uuid: 'e437cf4b-6bfa-4b2f-a699-6b109f9a46a9' and name 'v++_compile_edgedetect'
Sat Sep 14 02:04:00 2024: GUIDANCE_SMGR: creating guidance session with uuid: 'e437cf4b-6bfa-4b2f-a699-6b109f9a46a9' and name 'v++_compile_edgedetect'
Sat Sep 14 02:04:00 2024: SYSTEM_DIAGRAM: creating session with uuid: 'e437cf4b-6bfa-4b2f-a699-6b109f9a46a9' and name 'v++_compile_edgedetect'
Sat Sep 14 02:04:03 2024: SESSION_MGR: closing session for UUID 'e437cf4b-6bfa-4b2f-a699-6b109f9a46a9' with name 'v++_compile_edgedetect'
Sat Sep 14 02:04:03 2024: KERNEL_SVC: closing session for UUID 'e437cf4b-6bfa-4b2f-a699-6b109f9a46a9' with name 'v++_compile_edgedetect'
Sat Sep 14 02:04:03 2024: GUIDANCE_SMGR: closing session for UUID 'e437cf4b-6bfa-4b2f-a699-6b109f9a46a9' with name 'v++_compile_edgedetect'
Sat Sep 14 02:04:03 2024: SYSTEM_DIAGRAM: closing session for UUID 'e437cf4b-6bfa-4b2f-a699-6b109f9a46a9' with name 'v++_compile_edgedetect'
Sat Sep 14 02:04:03 2024: STOP_SERVER received, server token: 32522637-8a9d-49d2-9234-0a207ba20309, passed token: 32522637-8a9d-49d2-9234-0a207ba20309
Sat Sep 14 02:04:03 2024: Socket received request to stop server.
Sat Sep 14 02:04:03 2024: Dispatch Server: do_await_stop
Sat Sep 14 02:04:03 2024: Dispatch Server: stopping mainFifo_
Sat Sep 14 02:04:03 2024: XCD main fifo: Stopping
Sat Sep 14 02:04:03 2024: XCD main fifo: do_read error code: Operation canceled
Sat Sep 14 02:04:03 2024: XCD main fifo: bytes_transferred: 0
Sat Sep 14 02:04:03 2024: SERVER: destructor for server bound to port 41905
Sat Sep 14 02:04:03 2024: XCD main fifo: Good unlink of /tmp/xcdmain32522637-8a9d-49d2-9234-0a207ba20309
Sat Sep 14 02:04:03 2024: Server exiting with status 0.
Sat Sep 14 02:04:03 2024: Closing log file.
Sat Sep 14 02:11:05 2024: Running xcd server. This server was built by gradle.
Sat Sep 14 02:11:05 2024: Server was asked to start on port: '36361'
Sat Sep 14 02:11:05 2024: Server is using token UUID: 'b7f7e675-cfb9-40ee-8b27-90c1fc642c18'
Sat Sep 14 02:11:05 2024: SESSION_MGR: creating session with session uuid: '6d04a3e9-ade5-4ab9-8d63-1f78fcd2ec76' and name 'default'
Sat Sep 14 02:11:05 2024: Attempting to start server on port '36361'
Sat Sep 14 02:11:05 2024: XCD main fifo: created main fifo '/tmp/xcdmainb7f7e675-cfb9-40ee-8b27-90c1fc642c18', fd read = 13
Sat Sep 14 02:11:05 2024: Running Dispatch Server
Sat Sep 14 02:11:05 2024: Version 2.2.0
Sat Sep 14 02:11:07 2024: Dispatch Server: Accepted socket connection from client
Sat Sep 14 02:11:07 2024: Starting Socket connection
Sat Sep 14 02:11:07 2024: EXCHANGE_TOKEN received, server token: b7f7e675-cfb9-40ee-8b27-90c1fc642c18, passed token: b7f7e675-cfb9-40ee-8b27-90c1fc642c18
Sat Sep 14 02:11:07 2024: DISPATCH_HANDLER: Adding handler from function makeHandler in library libxv_system_diagram
Sat Sep 14 02:11:07 2024: SESSION_MGR: creating session with session uuid: '2f87336d-536a-4f8f-8b4f-a2d28896923f' and name 'v++_compile_edgedetect'
Sat Sep 14 02:11:07 2024: KERNEL_SVC: creating session with uuid: '2f87336d-536a-4f8f-8b4f-a2d28896923f' and name 'v++_compile_edgedetect'
Sat Sep 14 02:11:07 2024: GUIDANCE_SMGR: creating guidance session with uuid: '2f87336d-536a-4f8f-8b4f-a2d28896923f' and name 'v++_compile_edgedetect'
Sat Sep 14 02:11:07 2024: SYSTEM_DIAGRAM: creating session with uuid: '2f87336d-536a-4f8f-8b4f-a2d28896923f' and name 'v++_compile_edgedetect'
Sat Sep 14 02:11:20 2024: SESSION_MGR: closing session for UUID '2f87336d-536a-4f8f-8b4f-a2d28896923f' with name 'v++_compile_edgedetect'
Sat Sep 14 02:11:20 2024: KERNEL_SVC: closing session for UUID '2f87336d-536a-4f8f-8b4f-a2d28896923f' with name 'v++_compile_edgedetect'
Sat Sep 14 02:11:20 2024: GUIDANCE_SMGR: closing session for UUID '2f87336d-536a-4f8f-8b4f-a2d28896923f' with name 'v++_compile_edgedetect'
Sat Sep 14 02:11:20 2024: SYSTEM_DIAGRAM: closing session for UUID '2f87336d-536a-4f8f-8b4f-a2d28896923f' with name 'v++_compile_edgedetect'
Sat Sep 14 02:11:20 2024: STOP_SERVER received, server token: b7f7e675-cfb9-40ee-8b27-90c1fc642c18, passed token: b7f7e675-cfb9-40ee-8b27-90c1fc642c18
Sat Sep 14 02:11:20 2024: Socket received request to stop server.
Sat Sep 14 02:11:20 2024: Dispatch Server: do_await_stop
Sat Sep 14 02:11:20 2024: Dispatch Server: stopping mainFifo_
Sat Sep 14 02:11:20 2024: XCD main fifo: Stopping
Sat Sep 14 02:11:20 2024: XCD main fifo: do_read error code: Operation canceled
Sat Sep 14 02:11:20 2024: XCD main fifo: bytes_transferred: 0
Sat Sep 14 02:11:20 2024: SERVER: destructor for server bound to port 36361
Sat Sep 14 02:11:20 2024: XCD main fifo: Good unlink of /tmp/xcdmainb7f7e675-cfb9-40ee-8b27-90c1fc642c18
Sat Sep 14 02:11:20 2024: Server exiting with status 0.
Sat Sep 14 02:11:20 2024: Closing log file.
Sat Sep 14 02:12:51 2024: Running xcd server. This server was built by gradle.
Sat Sep 14 02:12:51 2024: Server was asked to start on port: '38179'
Sat Sep 14 02:12:51 2024: Server is using token UUID: '7fac4232-3113-40b8-bd49-3f66bd89e729'
Sat Sep 14 02:12:51 2024: SESSION_MGR: creating session with session uuid: '6d04a3e9-ade5-4ab9-8d63-1f78fcd2ec76' and name 'default'
Sat Sep 14 02:12:51 2024: Attempting to start server on port '38179'
Sat Sep 14 02:12:51 2024: XCD main fifo: created main fifo '/tmp/xcdmain7fac4232-3113-40b8-bd49-3f66bd89e729', fd read = 13
Sat Sep 14 02:12:51 2024: Running Dispatch Server
Sat Sep 14 02:12:51 2024: Version 2.2.0
Sat Sep 14 02:12:53 2024: Dispatch Server: Accepted socket connection from client
Sat Sep 14 02:12:53 2024: Starting Socket connection
Sat Sep 14 02:12:53 2024: EXCHANGE_TOKEN received, server token: 7fac4232-3113-40b8-bd49-3f66bd89e729, passed token: 7fac4232-3113-40b8-bd49-3f66bd89e729
Sat Sep 14 02:12:53 2024: DISPATCH_HANDLER: Adding handler from function makeHandler in library libxv_system_diagram
Sat Sep 14 02:12:53 2024: SESSION_MGR: creating session with session uuid: '1a272b6d-e535-4672-9721-d265e2b3a1b9' and name 'v++_compile_edgedetect'
Sat Sep 14 02:12:53 2024: KERNEL_SVC: creating session with uuid: '1a272b6d-e535-4672-9721-d265e2b3a1b9' and name 'v++_compile_edgedetect'
Sat Sep 14 02:12:53 2024: GUIDANCE_SMGR: creating guidance session with uuid: '1a272b6d-e535-4672-9721-d265e2b3a1b9' and name 'v++_compile_edgedetect'
Sat Sep 14 02:12:53 2024: SYSTEM_DIAGRAM: creating session with uuid: '1a272b6d-e535-4672-9721-d265e2b3a1b9' and name 'v++_compile_edgedetect'
Sat Sep 14 02:13:06 2024: SESSION_MGR: closing session for UUID '1a272b6d-e535-4672-9721-d265e2b3a1b9' with name 'v++_compile_edgedetect'
Sat Sep 14 02:13:06 2024: KERNEL_SVC: closing session for UUID '1a272b6d-e535-4672-9721-d265e2b3a1b9' with name 'v++_compile_edgedetect'
Sat Sep 14 02:13:06 2024: GUIDANCE_SMGR: closing session for UUID '1a272b6d-e535-4672-9721-d265e2b3a1b9' with name 'v++_compile_edgedetect'
Sat Sep 14 02:13:06 2024: SYSTEM_DIAGRAM: closing session for UUID '1a272b6d-e535-4672-9721-d265e2b3a1b9' with name 'v++_compile_edgedetect'
Sat Sep 14 02:13:06 2024: STOP_SERVER received, server token: 7fac4232-3113-40b8-bd49-3f66bd89e729, passed token: 7fac4232-3113-40b8-bd49-3f66bd89e729
Sat Sep 14 02:13:06 2024: Socket received request to stop server.
Sat Sep 14 02:13:06 2024: Dispatch Server: do_await_stop
Sat Sep 14 02:13:06 2024: Dispatch Server: stopping mainFifo_
Sat Sep 14 02:13:06 2024: XCD main fifo: Stopping
Sat Sep 14 02:13:06 2024: XCD main fifo: do_read error code: Operation canceled
Sat Sep 14 02:13:06 2024: XCD main fifo: bytes_transferred: 0
Sat Sep 14 02:13:06 2024: SERVER: destructor for server bound to port 38179
Sat Sep 14 02:13:06 2024: XCD main fifo: Good unlink of /tmp/xcdmain7fac4232-3113-40b8-bd49-3f66bd89e729
Sat Sep 14 02:13:06 2024: Server exiting with status 0.
Sat Sep 14 02:13:06 2024: Closing log file.
Sat Sep 14 02:23:17 2024: Running xcd server. This server was built by gradle.
Sat Sep 14 02:23:17 2024: Server was asked to start on port: '46749'
Sat Sep 14 02:23:17 2024: Server is using token UUID: '5c061f47-b515-42ff-8c09-9bbb34d40dc5'
Sat Sep 14 02:23:17 2024: SESSION_MGR: creating session with session uuid: '6d04a3e9-ade5-4ab9-8d63-1f78fcd2ec76' and name 'default'
Sat Sep 14 02:23:17 2024: Attempting to start server on port '46749'
Sat Sep 14 02:23:17 2024: XCD main fifo: created main fifo '/tmp/xcdmain5c061f47-b515-42ff-8c09-9bbb34d40dc5', fd read = 13
Sat Sep 14 02:23:17 2024: Running Dispatch Server
Sat Sep 14 02:23:17 2024: Version 2.2.0
Sat Sep 14 02:23:19 2024: Dispatch Server: Accepted socket connection from client
Sat Sep 14 02:23:19 2024: Starting Socket connection
Sat Sep 14 02:23:19 2024: EXCHANGE_TOKEN received, server token: 5c061f47-b515-42ff-8c09-9bbb34d40dc5, passed token: 5c061f47-b515-42ff-8c09-9bbb34d40dc5
Sat Sep 14 02:23:19 2024: DISPATCH_HANDLER: Adding handler from function makeHandler in library libxv_system_diagram
Sat Sep 14 02:23:19 2024: SESSION_MGR: creating session with session uuid: '666466a6-cd3c-4a61-a346-542bf6deecd2' and name 'v++_compile_edgedetect'
Sat Sep 14 02:23:19 2024: KERNEL_SVC: creating session with uuid: '666466a6-cd3c-4a61-a346-542bf6deecd2' and name 'v++_compile_edgedetect'
Sat Sep 14 02:23:19 2024: GUIDANCE_SMGR: creating guidance session with uuid: '666466a6-cd3c-4a61-a346-542bf6deecd2' and name 'v++_compile_edgedetect'
Sat Sep 14 02:23:19 2024: SYSTEM_DIAGRAM: creating session with uuid: '666466a6-cd3c-4a61-a346-542bf6deecd2' and name 'v++_compile_edgedetect'
Sat Sep 14 02:23:32 2024: SESSION_MGR: closing session for UUID '666466a6-cd3c-4a61-a346-542bf6deecd2' with name 'v++_compile_edgedetect'
Sat Sep 14 02:23:32 2024: KERNEL_SVC: closing session for UUID '666466a6-cd3c-4a61-a346-542bf6deecd2' with name 'v++_compile_edgedetect'
Sat Sep 14 02:23:32 2024: GUIDANCE_SMGR: closing session for UUID '666466a6-cd3c-4a61-a346-542bf6deecd2' with name 'v++_compile_edgedetect'
Sat Sep 14 02:23:32 2024: SYSTEM_DIAGRAM: closing session for UUID '666466a6-cd3c-4a61-a346-542bf6deecd2' with name 'v++_compile_edgedetect'
Sat Sep 14 02:23:32 2024: STOP_SERVER received, server token: 5c061f47-b515-42ff-8c09-9bbb34d40dc5, passed token: 5c061f47-b515-42ff-8c09-9bbb34d40dc5
Sat Sep 14 02:23:32 2024: Socket received request to stop server.
Sat Sep 14 02:23:32 2024: Dispatch Server: do_await_stop
Sat Sep 14 02:23:32 2024: Dispatch Server: stopping mainFifo_
Sat Sep 14 02:23:32 2024: XCD main fifo: Stopping
Sat Sep 14 02:23:32 2024: XCD main fifo: do_read error code: Operation canceled
Sat Sep 14 02:23:32 2024: XCD main fifo: bytes_transferred: 0
Sat Sep 14 02:23:32 2024: SERVER: destructor for server bound to port 46749
Sat Sep 14 02:23:32 2024: XCD main fifo: Good unlink of /tmp/xcdmain5c061f47-b515-42ff-8c09-9bbb34d40dc5
Sat Sep 14 02:23:32 2024: Server exiting with status 0.
Sat Sep 14 02:23:32 2024: Closing log file.
Fri Sep 20 02:12:28 2024: Running xcd server. This server was built by gradle.
Fri Sep 20 02:12:28 2024: Server was asked to start on port: '37551'
Fri Sep 20 02:12:28 2024: Server is using token UUID: 'f5313757-8fb6-4684-8359-507ff70107b6'
Fri Sep 20 02:12:28 2024: SESSION_MGR: creating session with session uuid: '6d04a3e9-ade5-4ab9-8d63-1f78fcd2ec76' and name 'default'
Fri Sep 20 02:12:28 2024: Attempting to start server on port '37551'
Fri Sep 20 02:12:28 2024: XCD main fifo: created main fifo '/tmp/xcdmainf5313757-8fb6-4684-8359-507ff70107b6', fd read = 13
Fri Sep 20 02:12:28 2024: Running Dispatch Server
Fri Sep 20 02:12:28 2024: Version 2.2.0
Fri Sep 20 02:12:29 2024: Dispatch Server: Accepted socket connection from client
Fri Sep 20 02:12:29 2024: Starting Socket connection
Fri Sep 20 02:12:29 2024: EXCHANGE_TOKEN received, server token: f5313757-8fb6-4684-8359-507ff70107b6, passed token: f5313757-8fb6-4684-8359-507ff70107b6
Fri Sep 20 02:12:29 2024: DISPATCH_HANDLER: Adding handler from function makeHandler in library libxv_system_diagram
Fri Sep 20 02:12:29 2024: SESSION_MGR: creating session with session uuid: '228664d6-0932-443c-93af-0a4a34296f5d' and name 'v++_compile_edgedetect'
Fri Sep 20 02:12:29 2024: KERNEL_SVC: creating session with uuid: '228664d6-0932-443c-93af-0a4a34296f5d' and name 'v++_compile_edgedetect'
Fri Sep 20 02:12:29 2024: GUIDANCE_SMGR: creating guidance session with uuid: '228664d6-0932-443c-93af-0a4a34296f5d' and name 'v++_compile_edgedetect'
Fri Sep 20 02:12:29 2024: SYSTEM_DIAGRAM: creating session with uuid: '228664d6-0932-443c-93af-0a4a34296f5d' and name 'v++_compile_edgedetect'
Fri Sep 20 02:12:43 2024: SESSION_MGR: closing session for UUID '228664d6-0932-443c-93af-0a4a34296f5d' with name 'v++_compile_edgedetect'
Fri Sep 20 02:12:43 2024: KERNEL_SVC: closing session for UUID '228664d6-0932-443c-93af-0a4a34296f5d' with name 'v++_compile_edgedetect'
Fri Sep 20 02:12:43 2024: GUIDANCE_SMGR: closing session for UUID '228664d6-0932-443c-93af-0a4a34296f5d' with name 'v++_compile_edgedetect'
Fri Sep 20 02:12:43 2024: SYSTEM_DIAGRAM: closing session for UUID '228664d6-0932-443c-93af-0a4a34296f5d' with name 'v++_compile_edgedetect'
Fri Sep 20 02:12:43 2024: STOP_SERVER received, server token: f5313757-8fb6-4684-8359-507ff70107b6, passed token: f5313757-8fb6-4684-8359-507ff70107b6
Fri Sep 20 02:12:43 2024: Socket received request to stop server.
Fri Sep 20 02:12:43 2024: Dispatch Server: do_await_stop
Fri Sep 20 02:12:43 2024: Dispatch Server: stopping mainFifo_
Fri Sep 20 02:12:43 2024: XCD main fifo: Stopping
Fri Sep 20 02:12:43 2024: XCD main fifo: do_read error code: Operation canceled
Fri Sep 20 02:12:43 2024: XCD main fifo: bytes_transferred: 0
Fri Sep 20 02:12:43 2024: SERVER: destructor for server bound to port 37551
Fri Sep 20 02:12:43 2024: XCD main fifo: Good unlink of /tmp/xcdmainf5313757-8fb6-4684-8359-507ff70107b6
Fri Sep 20 02:12:43 2024: Server exiting with status 0.
Fri Sep 20 02:12:43 2024: Closing log file.
Fri Sep 20 04:17:54 2024: Running xcd server. This server was built by gradle.
Fri Sep 20 04:17:54 2024: Server was asked to start on port: '37379'
Fri Sep 20 04:17:54 2024: Server is using token UUID: 'd76648b5-406e-48e9-ab53-63b53aaea36d'
Fri Sep 20 04:17:54 2024: SESSION_MGR: creating session with session uuid: '6d04a3e9-ade5-4ab9-8d63-1f78fcd2ec76' and name 'default'
Fri Sep 20 04:17:54 2024: Attempting to start server on port '37379'
Fri Sep 20 04:17:54 2024: XCD main fifo: created main fifo '/tmp/xcdmaind76648b5-406e-48e9-ab53-63b53aaea36d', fd read = 13
Fri Sep 20 04:17:54 2024: Running Dispatch Server
Fri Sep 20 04:17:54 2024: Version 2.2.0
Fri Sep 20 04:17:56 2024: Dispatch Server: Accepted socket connection from client
Fri Sep 20 04:17:56 2024: Starting Socket connection
Fri Sep 20 04:17:56 2024: EXCHANGE_TOKEN received, server token: d76648b5-406e-48e9-ab53-63b53aaea36d, passed token: d76648b5-406e-48e9-ab53-63b53aaea36d
Fri Sep 20 04:17:56 2024: DISPATCH_HANDLER: Adding handler from function makeHandler in library libxv_system_diagram
Fri Sep 20 04:17:56 2024: SESSION_MGR: creating session with session uuid: '8c79d904-bc6e-491c-8bf6-fff8363a1322' and name 'v++_compile_edgedetect'
Fri Sep 20 04:17:56 2024: KERNEL_SVC: creating session with uuid: '8c79d904-bc6e-491c-8bf6-fff8363a1322' and name 'v++_compile_edgedetect'
Fri Sep 20 04:17:56 2024: GUIDANCE_SMGR: creating guidance session with uuid: '8c79d904-bc6e-491c-8bf6-fff8363a1322' and name 'v++_compile_edgedetect'
Fri Sep 20 04:17:56 2024: SYSTEM_DIAGRAM: creating session with uuid: '8c79d904-bc6e-491c-8bf6-fff8363a1322' and name 'v++_compile_edgedetect'
Fri Sep 20 04:18:09 2024: SESSION_MGR: closing session for UUID '8c79d904-bc6e-491c-8bf6-fff8363a1322' with name 'v++_compile_edgedetect'
Fri Sep 20 04:18:09 2024: KERNEL_SVC: closing session for UUID '8c79d904-bc6e-491c-8bf6-fff8363a1322' with name 'v++_compile_edgedetect'
Fri Sep 20 04:18:09 2024: GUIDANCE_SMGR: closing session for UUID '8c79d904-bc6e-491c-8bf6-fff8363a1322' with name 'v++_compile_edgedetect'
Fri Sep 20 04:18:10 2024: SYSTEM_DIAGRAM: closing session for UUID '8c79d904-bc6e-491c-8bf6-fff8363a1322' with name 'v++_compile_edgedetect'
Fri Sep 20 04:18:10 2024: STOP_SERVER received, server token: d76648b5-406e-48e9-ab53-63b53aaea36d, passed token: d76648b5-406e-48e9-ab53-63b53aaea36d
Fri Sep 20 04:18:10 2024: Socket received request to stop server.
Fri Sep 20 04:18:10 2024: Dispatch Server: do_await_stop
Fri Sep 20 04:18:10 2024: Dispatch Server: stopping mainFifo_
Fri Sep 20 04:18:10 2024: XCD main fifo: Stopping
Fri Sep 20 04:18:10 2024: XCD main fifo: do_read error code: Operation canceled
Fri Sep 20 04:18:10 2024: XCD main fifo: bytes_transferred: 0
Fri Sep 20 04:18:10 2024: SERVER: destructor for server bound to port 37379
Fri Sep 20 04:18:10 2024: XCD main fifo: Good unlink of /tmp/xcdmaind76648b5-406e-48e9-ab53-63b53aaea36d
Fri Sep 20 04:18:10 2024: Server exiting with status 0.
Fri Sep 20 04:18:10 2024: Closing log file.
Fri Sep 20 21:38:48 2024: Running xcd server. This server was built by gradle.
Fri Sep 20 21:38:48 2024: Server was asked to start on port: '35629'
Fri Sep 20 21:38:48 2024: Server is using token UUID: '8820d7c3-55db-46f7-a5ac-3e8e0b6a4036'
Fri Sep 20 21:38:48 2024: SESSION_MGR: creating session with session uuid: '6d04a3e9-ade5-4ab9-8d63-1f78fcd2ec76' and name 'default'
Fri Sep 20 21:38:48 2024: Attempting to start server on port '35629'
Fri Sep 20 21:38:48 2024: XCD main fifo: created main fifo '/tmp/xcdmain8820d7c3-55db-46f7-a5ac-3e8e0b6a4036', fd read = 13
Fri Sep 20 21:38:48 2024: Running Dispatch Server
Fri Sep 20 21:38:48 2024: Version 2.2.0
Fri Sep 20 21:38:50 2024: Dispatch Server: Accepted socket connection from client
Fri Sep 20 21:38:50 2024: Starting Socket connection
Fri Sep 20 21:38:50 2024: EXCHANGE_TOKEN received, server token: 8820d7c3-55db-46f7-a5ac-3e8e0b6a4036, passed token: 8820d7c3-55db-46f7-a5ac-3e8e0b6a4036
Fri Sep 20 21:38:50 2024: DISPATCH_HANDLER: Adding handler from function makeHandler in library libxv_system_diagram
Fri Sep 20 21:38:50 2024: SESSION_MGR: creating session with session uuid: '74babe32-b04a-436d-88f6-1871c4a63b47' and name 'v++_compile_edgedetect'
Fri Sep 20 21:38:50 2024: KERNEL_SVC: creating session with uuid: '74babe32-b04a-436d-88f6-1871c4a63b47' and name 'v++_compile_edgedetect'
Fri Sep 20 21:38:50 2024: GUIDANCE_SMGR: creating guidance session with uuid: '74babe32-b04a-436d-88f6-1871c4a63b47' and name 'v++_compile_edgedetect'
Fri Sep 20 21:38:50 2024: SYSTEM_DIAGRAM: creating session with uuid: '74babe32-b04a-436d-88f6-1871c4a63b47' and name 'v++_compile_edgedetect'
Fri Sep 20 21:38:58 2024: SESSION_MGR: closing session for UUID '74babe32-b04a-436d-88f6-1871c4a63b47' with name 'v++_compile_edgedetect'
Fri Sep 20 21:38:58 2024: KERNEL_SVC: closing session for UUID '74babe32-b04a-436d-88f6-1871c4a63b47' with name 'v++_compile_edgedetect'
Fri Sep 20 21:38:58 2024: GUIDANCE_SMGR: closing session for UUID '74babe32-b04a-436d-88f6-1871c4a63b47' with name 'v++_compile_edgedetect'
Fri Sep 20 21:38:58 2024: SYSTEM_DIAGRAM: closing session for UUID '74babe32-b04a-436d-88f6-1871c4a63b47' with name 'v++_compile_edgedetect'
Fri Sep 20 21:38:58 2024: STOP_SERVER received, server token: 8820d7c3-55db-46f7-a5ac-3e8e0b6a4036, passed token: 8820d7c3-55db-46f7-a5ac-3e8e0b6a4036
Fri Sep 20 21:38:58 2024: Socket received request to stop server.
Fri Sep 20 21:38:58 2024: Dispatch Server: do_await_stop
Fri Sep 20 21:38:58 2024: Dispatch Server: stopping mainFifo_
Fri Sep 20 21:38:58 2024: XCD main fifo: Stopping
Fri Sep 20 21:38:58 2024: XCD main fifo: do_read error code: Operation canceled
Fri Sep 20 21:38:58 2024: XCD main fifo: bytes_transferred: 0
Fri Sep 20 21:38:58 2024: SERVER: destructor for server bound to port 35629
Fri Sep 20 21:38:58 2024: XCD main fifo: Good unlink of /tmp/xcdmain8820d7c3-55db-46f7-a5ac-3e8e0b6a4036
Fri Sep 20 21:38:58 2024: Server exiting with status 0.
Fri Sep 20 21:38:58 2024: Closing log file.
Fri Sep 20 21:41:00 2024: Running xcd server. This server was built by gradle.
Fri Sep 20 21:41:00 2024: Server was asked to start on port: '39497'
Fri Sep 20 21:41:00 2024: Server is using token UUID: '29a3295e-bdd4-4e91-9ca1-d01b7ba9f8e8'
Fri Sep 20 21:41:00 2024: SESSION_MGR: creating session with session uuid: '6d04a3e9-ade5-4ab9-8d63-1f78fcd2ec76' and name 'default'
Fri Sep 20 21:41:00 2024: Attempting to start server on port '39497'
Fri Sep 20 21:41:00 2024: XCD main fifo: created main fifo '/tmp/xcdmain29a3295e-bdd4-4e91-9ca1-d01b7ba9f8e8', fd read = 13
Fri Sep 20 21:41:00 2024: Running Dispatch Server
Fri Sep 20 21:41:00 2024: Version 2.2.0
Fri Sep 20 21:41:02 2024: Dispatch Server: Accepted socket connection from client
Fri Sep 20 21:41:02 2024: Starting Socket connection
Fri Sep 20 21:41:02 2024: EXCHANGE_TOKEN received, server token: 29a3295e-bdd4-4e91-9ca1-d01b7ba9f8e8, passed token: 29a3295e-bdd4-4e91-9ca1-d01b7ba9f8e8
Fri Sep 20 21:41:02 2024: DISPATCH_HANDLER: Adding handler from function makeHandler in library libxv_system_diagram
Fri Sep 20 21:41:02 2024: SESSION_MGR: creating session with session uuid: 'd27dd0cd-8b6c-4776-84bf-10774276fe1b' and name 'v++_compile_edgedetect'
Fri Sep 20 21:41:02 2024: KERNEL_SVC: creating session with uuid: 'd27dd0cd-8b6c-4776-84bf-10774276fe1b' and name 'v++_compile_edgedetect'
Fri Sep 20 21:41:02 2024: GUIDANCE_SMGR: creating guidance session with uuid: 'd27dd0cd-8b6c-4776-84bf-10774276fe1b' and name 'v++_compile_edgedetect'
Fri Sep 20 21:41:02 2024: SYSTEM_DIAGRAM: creating session with uuid: 'd27dd0cd-8b6c-4776-84bf-10774276fe1b' and name 'v++_compile_edgedetect'
Fri Sep 20 21:41:15 2024: SESSION_MGR: closing session for UUID 'd27dd0cd-8b6c-4776-84bf-10774276fe1b' with name 'v++_compile_edgedetect'
Fri Sep 20 21:41:15 2024: KERNEL_SVC: closing session for UUID 'd27dd0cd-8b6c-4776-84bf-10774276fe1b' with name 'v++_compile_edgedetect'
Fri Sep 20 21:41:15 2024: GUIDANCE_SMGR: closing session for UUID 'd27dd0cd-8b6c-4776-84bf-10774276fe1b' with name 'v++_compile_edgedetect'
Fri Sep 20 21:41:15 2024: SYSTEM_DIAGRAM: closing session for UUID 'd27dd0cd-8b6c-4776-84bf-10774276fe1b' with name 'v++_compile_edgedetect'
Fri Sep 20 21:41:15 2024: STOP_SERVER received, server token: 29a3295e-bdd4-4e91-9ca1-d01b7ba9f8e8, passed token: 29a3295e-bdd4-4e91-9ca1-d01b7ba9f8e8
Fri Sep 20 21:41:15 2024: Socket received request to stop server.
Fri Sep 20 21:41:15 2024: Dispatch Server: do_await_stop
Fri Sep 20 21:41:15 2024: Dispatch Server: stopping mainFifo_
Fri Sep 20 21:41:15 2024: XCD main fifo: Stopping
Fri Sep 20 21:41:15 2024: XCD main fifo: do_read error code: Operation canceled
Fri Sep 20 21:41:15 2024: XCD main fifo: bytes_transferred: 0
Fri Sep 20 21:41:15 2024: SERVER: destructor for server bound to port 39497
Fri Sep 20 21:41:15 2024: XCD main fifo: Good unlink of /tmp/xcdmain29a3295e-bdd4-4e91-9ca1-d01b7ba9f8e8
Fri Sep 20 21:41:15 2024: Server exiting with status 0.
Fri Sep 20 21:41:15 2024: Closing log file.
