

================================================================
== Vitis HLS Report for 'cluster_Pipeline_VITIS_LOOP_163_1'
================================================================
* Date:           Thu Jul 11 10:57:37 2024

* Version:        2024.1 (Build 5069499 on May 21 2024)
* Project:        DisparityMalloc_kernel
* Solution:       hls (Vitis Kernel Flow Target)
* Product family: zynquplus
* Target device:  xczu9eg-ffvb1156-2-e


================================================================
== Performance Estimates
================================================================
+ Timing: 
    * Summary: 
    +--------+---------+----------+------------+
    |  Clock |  Target | Estimated| Uncertainty|
    +--------+---------+----------+------------+
    |ap_clk  |  6.67 ns|  4.867 ns|     1.80 ns|
    +--------+---------+----------+------------+

+ Latency: 
    * Summary: 
    +---------+---------+----------+----------+--------+--------+-----------------------------------------------+
    |  Latency (cycles) |  Latency (absolute) |     Interval    |                    Pipeline                   |
    |   min   |   max   |    min   |    max   |   min  |   max  |                      Type                     |
    +---------+---------+----------+----------+--------+--------+-----------------------------------------------+
    |   290431|   290431|  1.936 ms|  1.936 ms|  290361|  290361|  loop auto-rewind stp(delay=0 clock cycles(s))|
    +---------+---------+----------+----------+--------+--------+-----------------------------------------------+

    + Detail: 
        * Instance: 
        N/A

        * Loop: 
        +--------------------+---------+---------+----------+-----------+-----------+--------+----------+
        |                    |  Latency (cycles) | Iteration|  Initiation Interval  |  Trip  |          |
        |      Loop Name     |   min   |   max   |  Latency |  achieved |   target  |  Count | Pipelined|
        +--------------------+---------+---------+----------+-----------+-----------+--------+----------+
        |- VITIS_LOOP_163_1  |   290429|   290429|        71|          1|          1|  290360|       yes|
        +--------------------+---------+---------+----------+-----------+-----------+--------+----------+

============================================================
+ Verbose Summary: Synthesis Manager
============================================================
InlineROM: 1
ExposeGlobal: 0
============================================================
+ Verbose Summary: CDFG Model
============================================================
IsTopModel: 0
ResetActiveHigh: 1
IsCombinational: 0
IsDatapathOnly: 0
HasWiredReturn: 1
HasMFsm: 2
HasVarLatency: 1
IsPipeline: 0
IsRtlPipelined: 0
IsInstanceOverlapped: 0
IsDontTouch: 0
HasImplIP: 0
IsGatedGlobalClock: 0

+ Individual pipeline summary: 
  * Pipeline-0: initiation interval (II) = 1, depth = 71


============================================================
+ Verbose Summary: Schedule
============================================================
* Number of FSM states : 71
* Pipeline : 1
  Pipeline-0 : II = 1, D = 71, States = { 1 2 3 4 5 6 7 8 9 10 11 12 13 14 15 16 17 18 19 20 21 22 23 24 25 26 27 28 29 30 31 32 33 34 35 36 37 38 39 40 41 42 43 44 45 46 47 48 49 50 51 52 53 54 55 56 57 58 59 60 61 62 63 64 65 66 67 68 69 70 71 }
* Dataflow Pipeline: 0

* FSM state transitions: 
1 --> 2 
2 --> 3 
3 --> 4 
4 --> 5 
5 --> 6 
6 --> 7 
7 --> 8 
8 --> 9 
9 --> 10 
10 --> 11 
11 --> 12 
12 --> 13 
13 --> 14 
14 --> 15 
15 --> 16 
16 --> 17 
17 --> 18 
18 --> 19 
19 --> 20 
20 --> 21 
21 --> 22 
22 --> 23 
23 --> 24 
24 --> 25 
25 --> 26 
26 --> 27 
27 --> 28 
28 --> 29 
29 --> 30 
30 --> 31 
31 --> 32 
32 --> 33 
33 --> 34 
34 --> 35 
35 --> 36 
36 --> 37 
37 --> 38 
38 --> 39 
39 --> 40 
40 --> 41 
41 --> 42 
42 --> 43 
43 --> 44 
44 --> 45 
45 --> 46 
46 --> 47 
47 --> 48 
48 --> 49 
49 --> 50 
50 --> 51 
51 --> 52 
52 --> 53 
53 --> 54 
54 --> 55 
55 --> 56 
56 --> 57 
57 --> 58 
58 --> 59 
59 --> 60 
60 --> 61 
61 --> 62 
62 --> 63 
63 --> 64 
64 --> 65 
65 --> 66 
66 --> 67 
67 --> 68 
68 --> 69 
69 --> 70 
70 --> 71 
71 --> 

* FSM state operations: 

State 1 <SV = 0> <Delay = 1.87>
ST_1 : Operation 74 [1/1] (0.00ns)   --->   "%indvars_iv_i = alloca i32 1"   --->   Operation 74 'alloca' 'indvars_iv_i' <Predicate = true> <Delay = 0.00>
ST_1 : Operation 75 [1/1] (0.00ns)   --->   "%specinterface_ln0 = specinterface void @_ssdm_op_SpecInterface, i64 %gmem, void @empty_5, i32 0, i32 0, void @empty_28, i32 64, i32 0, void @empty_7, void @empty_25, void @empty_28, i32 16, i32 16, i32 16, i32 16, void @empty_28, void @empty_28, i32 4294967295, i32 0, i32 0"   --->   Operation 75 'specinterface' 'specinterface_ln0' <Predicate = true> <Delay = 0.00>
ST_1 : Operation 76 [1/1] (0.00ns)   --->   "%Iright_moved_data_read = read i64 @_ssdm_op_Read.ap_auto.i64, i64 %Iright_moved_data"   --->   Operation 76 'read' 'Iright_moved_data_read' <Predicate = true> <Delay = 0.00>
ST_1 : Operation 77 [1/1] (0.00ns)   --->   "%mul5_i_read = read i32 @_ssdm_op_Read.ap_auto.i32, i32 %mul5_i"   --->   Operation 77 'read' 'mul5_i_read' <Predicate = true> <Delay = 0.00>
ST_1 : Operation 78 [1/1] (0.42ns)   --->   "%store_ln0 = store i31 0, i31 %indvars_iv_i"   --->   Operation 78 'store' 'store_ln0' <Predicate = true> <Delay = 0.42>
ST_1 : Operation 79 [1/1] (0.00ns)   --->   "%br_ln0 = br void %for.cond.i"   --->   Operation 79 'br' 'br_ln0' <Predicate = true> <Delay = 0.00>
ST_1 : Operation 80 [1/1] (0.00ns)   --->   "%indvars_iv_i_load = load i31 %indvars_iv_i" [cluster.c:163->cluster.c:185]   --->   Operation 80 'load' 'indvars_iv_i_load' <Predicate = true> <Delay = 0.00>
ST_1 : Operation 81 [1/1] (0.00ns)   --->   "%specbitsmap_ln0 = specbitsmap void @_ssdm_op_SpecBitsMap, i64 %gmem"   --->   Operation 81 'specbitsmap' 'specbitsmap_ln0' <Predicate = true> <Delay = 0.00>
ST_1 : Operation 82 [1/1] (0.00ns)   --->   "%zext_ln163 = zext i31 %indvars_iv_i_load" [cluster.c:163->cluster.c:185]   --->   Operation 82 'zext' 'zext_ln163' <Predicate = true> <Delay = 0.00>
ST_1 : Operation 83 [1/1] (1.01ns)   --->   "%icmp_ln163 = icmp_slt  i32 %zext_ln163, i32 %mul5_i_read" [cluster.c:163->cluster.c:185]   --->   Operation 83 'icmp' 'icmp_ln163' <Predicate = true> <Delay = 1.01> <CoreInst = "Cmp">   --->   Core 9 'Cmp' <Latency = 0> <II = 1> <Delay = 1.01> <FuncUnit> <Opcode : 'seteq' 'setne' 'setle' 'setge' 'setlt' 'setgt'> <InPorts = 2> <OutPorts = 1>
ST_1 : Operation 84 [1/1] (1.00ns)   --->   "%add_ln163 = add i31 %indvars_iv_i_load, i31 1" [cluster.c:163->cluster.c:185]   --->   Operation 84 'add' 'add_ln163' <Predicate = true> <Delay = 1.00> <CoreInst = "Adder">   --->   Core 1 'Adder' <Latency = 0> <II = 1> <Delay = 1.00> <FuncUnit> <Opcode : 'add' 'sub'> <InPorts = 2> <OutPorts = 1>
ST_1 : Operation 85 [1/1] (0.00ns)   --->   "%br_ln163 = br i1 %icmp_ln163, void %outlined_fun_18.exit.exitStub, void %for.inc.i" [cluster.c:163->cluster.c:185]   --->   Operation 85 'br' 'br_ln163' <Predicate = true> <Delay = 0.00>
ST_1 : Operation 86 [1/1] (0.00ns)   --->   "%shl_ln1 = bitconcatenate i33 @_ssdm_op_BitConcatenate.i33.i31.i2, i31 %indvars_iv_i_load, i2 0" [cluster.c:166->cluster.c:185]   --->   Operation 86 'bitconcatenate' 'shl_ln1' <Predicate = (icmp_ln163)> <Delay = 0.00>
ST_1 : Operation 87 [1/1] (0.00ns)   --->   "%zext_ln166_1 = zext i33 %shl_ln1" [cluster.c:166->cluster.c:185]   --->   Operation 87 'zext' 'zext_ln166_1' <Predicate = (icmp_ln163)> <Delay = 0.00>
ST_1 : Operation 88 [1/1] (1.08ns)   --->   "%add_ln166 = add i64 %zext_ln166_1, i64 %Iright_moved_data_read" [cluster.c:166->cluster.c:185]   --->   Operation 88 'add' 'add_ln166' <Predicate = (icmp_ln163)> <Delay = 1.08> <CoreInst = "Adder">   --->   Core 1 'Adder' <Latency = 0> <II = 1> <Delay = 1.08> <FuncUnit> <Opcode : 'add' 'sub'> <InPorts = 2> <OutPorts = 1>
ST_1 : Operation 89 [1/1] (0.00ns)   --->   "%trunc_ln166 = trunc i64 %add_ln166" [cluster.c:166->cluster.c:185]   --->   Operation 89 'trunc' 'trunc_ln166' <Predicate = (icmp_ln163)> <Delay = 0.00>
ST_1 : Operation 90 [1/1] (0.00ns)   --->   "%trunc_ln166_1 = partselect i61 @_ssdm_op_PartSelect.i61.i64.i32.i32, i64 %add_ln166, i32 3, i32 63" [cluster.c:166->cluster.c:185]   --->   Operation 90 'partselect' 'trunc_ln166_1' <Predicate = (icmp_ln163)> <Delay = 0.00>
ST_1 : Operation 91 [1/1] (0.42ns)   --->   "%store_ln163 = store i31 %add_ln163, i31 %indvars_iv_i" [cluster.c:163->cluster.c:185]   --->   Operation 91 'store' 'store_ln163' <Predicate = (icmp_ln163)> <Delay = 0.42>

State 2 <SV = 1> <Delay = 4.86>
ST_2 : Operation 92 [1/1] (0.00ns)   --->   "%zext_ln166 = zext i3 %trunc_ln166" [cluster.c:166->cluster.c:185]   --->   Operation 92 'zext' 'zext_ln166' <Predicate = true> <Delay = 0.00>
ST_2 : Operation 93 [1/1] (0.68ns)   --->   "%shl_ln166 = shl i8 15, i8 %zext_ln166" [cluster.c:166->cluster.c:185]   --->   Operation 93 'shl' 'shl_ln166' <Predicate = true> <Delay = 0.68> <CoreInst = "Shifter">   --->   Core 75 'Shifter' <Latency = 0> <II = 1> <Delay = 0.68> <FuncUnit> <Opcode : 'shl' 'lshr' 'ashr'> <InPorts = 2> <OutPorts = 1>
ST_2 : Operation 94 [1/1] (0.00ns)   --->   "%sext_ln166 = sext i61 %trunc_ln166_1" [cluster.c:166->cluster.c:185]   --->   Operation 94 'sext' 'sext_ln166' <Predicate = true> <Delay = 0.00>
ST_2 : Operation 95 [1/1] (0.00ns)   --->   "%gmem_addr_1 = getelementptr i64 %gmem, i64 %sext_ln166" [cluster.c:166->cluster.c:185]   --->   Operation 95 'getelementptr' 'gmem_addr_1' <Predicate = true> <Delay = 0.00>
ST_2 : Operation 96 [1/1] (4.86ns)   --->   "%empty = writereq i1 @_ssdm_op_WriteReq.m_axi.p1i64, i64 %gmem_addr_1, i64 1" [cluster.c:166->cluster.c:185]   --->   Operation 96 'writereq' 'empty' <Predicate = true> <Delay = 4.86> <CoreInst = "m_axi">   --->   Core 119 'm_axi' <Latency = 0> <II = 1> <Delay = 1.00> <Adapter> <Opcode : 'read' 'write' 'readreq' 'writereq' 'writeresp'>

State 3 <SV = 2> <Delay = 4.86>
ST_3 : Operation 97 [1/1] (4.86ns)   --->   "%write_ln166 = write void @_ssdm_op_Write.m_axi.p1i64, i64 %gmem_addr_1, i64 0, i8 %shl_ln166" [cluster.c:166->cluster.c:185]   --->   Operation 97 'write' 'write_ln166' <Predicate = true> <Delay = 4.86> <CoreInst = "m_axi">   --->   Core 119 'm_axi' <Latency = 0> <II = 1> <Delay = 1.00> <Adapter> <Opcode : 'read' 'write' 'readreq' 'writereq' 'writeresp'>

State 4 <SV = 3> <Delay = 4.86>
ST_4 : Operation 98 [68/68] (4.86ns)   --->   "%empty_58 = writeresp i1 @_ssdm_op_WriteResp.m_axi.p1i64, i64 %gmem_addr_1" [cluster.c:166->cluster.c:185]   --->   Operation 98 'writeresp' 'empty_58' <Predicate = true> <Delay = 4.86> <CoreInst = "m_axi">   --->   Core 119 'm_axi' <Latency = 0> <II = 1> <Delay = 1.00> <Adapter> <Opcode : 'read' 'write' 'readreq' 'writereq' 'writeresp'>

State 5 <SV = 4> <Delay = 4.86>
ST_5 : Operation 99 [67/68] (4.86ns)   --->   "%empty_58 = writeresp i1 @_ssdm_op_WriteResp.m_axi.p1i64, i64 %gmem_addr_1" [cluster.c:166->cluster.c:185]   --->   Operation 99 'writeresp' 'empty_58' <Predicate = true> <Delay = 4.86> <CoreInst = "m_axi">   --->   Core 119 'm_axi' <Latency = 0> <II = 1> <Delay = 1.00> <Adapter> <Opcode : 'read' 'write' 'readreq' 'writereq' 'writeresp'>

State 6 <SV = 5> <Delay = 4.86>
ST_6 : Operation 100 [66/68] (4.86ns)   --->   "%empty_58 = writeresp i1 @_ssdm_op_WriteResp.m_axi.p1i64, i64 %gmem_addr_1" [cluster.c:166->cluster.c:185]   --->   Operation 100 'writeresp' 'empty_58' <Predicate = true> <Delay = 4.86> <CoreInst = "m_axi">   --->   Core 119 'm_axi' <Latency = 0> <II = 1> <Delay = 1.00> <Adapter> <Opcode : 'read' 'write' 'readreq' 'writereq' 'writeresp'>

State 7 <SV = 6> <Delay = 4.86>
ST_7 : Operation 101 [65/68] (4.86ns)   --->   "%empty_58 = writeresp i1 @_ssdm_op_WriteResp.m_axi.p1i64, i64 %gmem_addr_1" [cluster.c:166->cluster.c:185]   --->   Operation 101 'writeresp' 'empty_58' <Predicate = true> <Delay = 4.86> <CoreInst = "m_axi">   --->   Core 119 'm_axi' <Latency = 0> <II = 1> <Delay = 1.00> <Adapter> <Opcode : 'read' 'write' 'readreq' 'writereq' 'writeresp'>

State 8 <SV = 7> <Delay = 4.86>
ST_8 : Operation 102 [64/68] (4.86ns)   --->   "%empty_58 = writeresp i1 @_ssdm_op_WriteResp.m_axi.p1i64, i64 %gmem_addr_1" [cluster.c:166->cluster.c:185]   --->   Operation 102 'writeresp' 'empty_58' <Predicate = true> <Delay = 4.86> <CoreInst = "m_axi">   --->   Core 119 'm_axi' <Latency = 0> <II = 1> <Delay = 1.00> <Adapter> <Opcode : 'read' 'write' 'readreq' 'writereq' 'writeresp'>

State 9 <SV = 8> <Delay = 4.86>
ST_9 : Operation 103 [63/68] (4.86ns)   --->   "%empty_58 = writeresp i1 @_ssdm_op_WriteResp.m_axi.p1i64, i64 %gmem_addr_1" [cluster.c:166->cluster.c:185]   --->   Operation 103 'writeresp' 'empty_58' <Predicate = true> <Delay = 4.86> <CoreInst = "m_axi">   --->   Core 119 'm_axi' <Latency = 0> <II = 1> <Delay = 1.00> <Adapter> <Opcode : 'read' 'write' 'readreq' 'writereq' 'writeresp'>

State 10 <SV = 9> <Delay = 4.86>
ST_10 : Operation 104 [62/68] (4.86ns)   --->   "%empty_58 = writeresp i1 @_ssdm_op_WriteResp.m_axi.p1i64, i64 %gmem_addr_1" [cluster.c:166->cluster.c:185]   --->   Operation 104 'writeresp' 'empty_58' <Predicate = true> <Delay = 4.86> <CoreInst = "m_axi">   --->   Core 119 'm_axi' <Latency = 0> <II = 1> <Delay = 1.00> <Adapter> <Opcode : 'read' 'write' 'readreq' 'writereq' 'writeresp'>

State 11 <SV = 10> <Delay = 4.86>
ST_11 : Operation 105 [61/68] (4.86ns)   --->   "%empty_58 = writeresp i1 @_ssdm_op_WriteResp.m_axi.p1i64, i64 %gmem_addr_1" [cluster.c:166->cluster.c:185]   --->   Operation 105 'writeresp' 'empty_58' <Predicate = true> <Delay = 4.86> <CoreInst = "m_axi">   --->   Core 119 'm_axi' <Latency = 0> <II = 1> <Delay = 1.00> <Adapter> <Opcode : 'read' 'write' 'readreq' 'writereq' 'writeresp'>

State 12 <SV = 11> <Delay = 4.86>
ST_12 : Operation 106 [60/68] (4.86ns)   --->   "%empty_58 = writeresp i1 @_ssdm_op_WriteResp.m_axi.p1i64, i64 %gmem_addr_1" [cluster.c:166->cluster.c:185]   --->   Operation 106 'writeresp' 'empty_58' <Predicate = true> <Delay = 4.86> <CoreInst = "m_axi">   --->   Core 119 'm_axi' <Latency = 0> <II = 1> <Delay = 1.00> <Adapter> <Opcode : 'read' 'write' 'readreq' 'writereq' 'writeresp'>

State 13 <SV = 12> <Delay = 4.86>
ST_13 : Operation 107 [59/68] (4.86ns)   --->   "%empty_58 = writeresp i1 @_ssdm_op_WriteResp.m_axi.p1i64, i64 %gmem_addr_1" [cluster.c:166->cluster.c:185]   --->   Operation 107 'writeresp' 'empty_58' <Predicate = true> <Delay = 4.86> <CoreInst = "m_axi">   --->   Core 119 'm_axi' <Latency = 0> <II = 1> <Delay = 1.00> <Adapter> <Opcode : 'read' 'write' 'readreq' 'writereq' 'writeresp'>

State 14 <SV = 13> <Delay = 4.86>
ST_14 : Operation 108 [58/68] (4.86ns)   --->   "%empty_58 = writeresp i1 @_ssdm_op_WriteResp.m_axi.p1i64, i64 %gmem_addr_1" [cluster.c:166->cluster.c:185]   --->   Operation 108 'writeresp' 'empty_58' <Predicate = true> <Delay = 4.86> <CoreInst = "m_axi">   --->   Core 119 'm_axi' <Latency = 0> <II = 1> <Delay = 1.00> <Adapter> <Opcode : 'read' 'write' 'readreq' 'writereq' 'writeresp'>

State 15 <SV = 14> <Delay = 4.86>
ST_15 : Operation 109 [57/68] (4.86ns)   --->   "%empty_58 = writeresp i1 @_ssdm_op_WriteResp.m_axi.p1i64, i64 %gmem_addr_1" [cluster.c:166->cluster.c:185]   --->   Operation 109 'writeresp' 'empty_58' <Predicate = true> <Delay = 4.86> <CoreInst = "m_axi">   --->   Core 119 'm_axi' <Latency = 0> <II = 1> <Delay = 1.00> <Adapter> <Opcode : 'read' 'write' 'readreq' 'writereq' 'writeresp'>

State 16 <SV = 15> <Delay = 4.86>
ST_16 : Operation 110 [56/68] (4.86ns)   --->   "%empty_58 = writeresp i1 @_ssdm_op_WriteResp.m_axi.p1i64, i64 %gmem_addr_1" [cluster.c:166->cluster.c:185]   --->   Operation 110 'writeresp' 'empty_58' <Predicate = true> <Delay = 4.86> <CoreInst = "m_axi">   --->   Core 119 'm_axi' <Latency = 0> <II = 1> <Delay = 1.00> <Adapter> <Opcode : 'read' 'write' 'readreq' 'writereq' 'writeresp'>

State 17 <SV = 16> <Delay = 4.86>
ST_17 : Operation 111 [55/68] (4.86ns)   --->   "%empty_58 = writeresp i1 @_ssdm_op_WriteResp.m_axi.p1i64, i64 %gmem_addr_1" [cluster.c:166->cluster.c:185]   --->   Operation 111 'writeresp' 'empty_58' <Predicate = true> <Delay = 4.86> <CoreInst = "m_axi">   --->   Core 119 'm_axi' <Latency = 0> <II = 1> <Delay = 1.00> <Adapter> <Opcode : 'read' 'write' 'readreq' 'writereq' 'writeresp'>

State 18 <SV = 17> <Delay = 4.86>
ST_18 : Operation 112 [54/68] (4.86ns)   --->   "%empty_58 = writeresp i1 @_ssdm_op_WriteResp.m_axi.p1i64, i64 %gmem_addr_1" [cluster.c:166->cluster.c:185]   --->   Operation 112 'writeresp' 'empty_58' <Predicate = true> <Delay = 4.86> <CoreInst = "m_axi">   --->   Core 119 'm_axi' <Latency = 0> <II = 1> <Delay = 1.00> <Adapter> <Opcode : 'read' 'write' 'readreq' 'writereq' 'writeresp'>

State 19 <SV = 18> <Delay = 4.86>
ST_19 : Operation 113 [53/68] (4.86ns)   --->   "%empty_58 = writeresp i1 @_ssdm_op_WriteResp.m_axi.p1i64, i64 %gmem_addr_1" [cluster.c:166->cluster.c:185]   --->   Operation 113 'writeresp' 'empty_58' <Predicate = true> <Delay = 4.86> <CoreInst = "m_axi">   --->   Core 119 'm_axi' <Latency = 0> <II = 1> <Delay = 1.00> <Adapter> <Opcode : 'read' 'write' 'readreq' 'writereq' 'writeresp'>

State 20 <SV = 19> <Delay = 4.86>
ST_20 : Operation 114 [52/68] (4.86ns)   --->   "%empty_58 = writeresp i1 @_ssdm_op_WriteResp.m_axi.p1i64, i64 %gmem_addr_1" [cluster.c:166->cluster.c:185]   --->   Operation 114 'writeresp' 'empty_58' <Predicate = true> <Delay = 4.86> <CoreInst = "m_axi">   --->   Core 119 'm_axi' <Latency = 0> <II = 1> <Delay = 1.00> <Adapter> <Opcode : 'read' 'write' 'readreq' 'writereq' 'writeresp'>

State 21 <SV = 20> <Delay = 4.86>
ST_21 : Operation 115 [51/68] (4.86ns)   --->   "%empty_58 = writeresp i1 @_ssdm_op_WriteResp.m_axi.p1i64, i64 %gmem_addr_1" [cluster.c:166->cluster.c:185]   --->   Operation 115 'writeresp' 'empty_58' <Predicate = true> <Delay = 4.86> <CoreInst = "m_axi">   --->   Core 119 'm_axi' <Latency = 0> <II = 1> <Delay = 1.00> <Adapter> <Opcode : 'read' 'write' 'readreq' 'writereq' 'writeresp'>

State 22 <SV = 21> <Delay = 4.86>
ST_22 : Operation 116 [50/68] (4.86ns)   --->   "%empty_58 = writeresp i1 @_ssdm_op_WriteResp.m_axi.p1i64, i64 %gmem_addr_1" [cluster.c:166->cluster.c:185]   --->   Operation 116 'writeresp' 'empty_58' <Predicate = true> <Delay = 4.86> <CoreInst = "m_axi">   --->   Core 119 'm_axi' <Latency = 0> <II = 1> <Delay = 1.00> <Adapter> <Opcode : 'read' 'write' 'readreq' 'writereq' 'writeresp'>

State 23 <SV = 22> <Delay = 4.86>
ST_23 : Operation 117 [49/68] (4.86ns)   --->   "%empty_58 = writeresp i1 @_ssdm_op_WriteResp.m_axi.p1i64, i64 %gmem_addr_1" [cluster.c:166->cluster.c:185]   --->   Operation 117 'writeresp' 'empty_58' <Predicate = true> <Delay = 4.86> <CoreInst = "m_axi">   --->   Core 119 'm_axi' <Latency = 0> <II = 1> <Delay = 1.00> <Adapter> <Opcode : 'read' 'write' 'readreq' 'writereq' 'writeresp'>

State 24 <SV = 23> <Delay = 4.86>
ST_24 : Operation 118 [48/68] (4.86ns)   --->   "%empty_58 = writeresp i1 @_ssdm_op_WriteResp.m_axi.p1i64, i64 %gmem_addr_1" [cluster.c:166->cluster.c:185]   --->   Operation 118 'writeresp' 'empty_58' <Predicate = true> <Delay = 4.86> <CoreInst = "m_axi">   --->   Core 119 'm_axi' <Latency = 0> <II = 1> <Delay = 1.00> <Adapter> <Opcode : 'read' 'write' 'readreq' 'writereq' 'writeresp'>

State 25 <SV = 24> <Delay = 4.86>
ST_25 : Operation 119 [47/68] (4.86ns)   --->   "%empty_58 = writeresp i1 @_ssdm_op_WriteResp.m_axi.p1i64, i64 %gmem_addr_1" [cluster.c:166->cluster.c:185]   --->   Operation 119 'writeresp' 'empty_58' <Predicate = true> <Delay = 4.86> <CoreInst = "m_axi">   --->   Core 119 'm_axi' <Latency = 0> <II = 1> <Delay = 1.00> <Adapter> <Opcode : 'read' 'write' 'readreq' 'writereq' 'writeresp'>

State 26 <SV = 25> <Delay = 4.86>
ST_26 : Operation 120 [46/68] (4.86ns)   --->   "%empty_58 = writeresp i1 @_ssdm_op_WriteResp.m_axi.p1i64, i64 %gmem_addr_1" [cluster.c:166->cluster.c:185]   --->   Operation 120 'writeresp' 'empty_58' <Predicate = true> <Delay = 4.86> <CoreInst = "m_axi">   --->   Core 119 'm_axi' <Latency = 0> <II = 1> <Delay = 1.00> <Adapter> <Opcode : 'read' 'write' 'readreq' 'writereq' 'writeresp'>

State 27 <SV = 26> <Delay = 4.86>
ST_27 : Operation 121 [45/68] (4.86ns)   --->   "%empty_58 = writeresp i1 @_ssdm_op_WriteResp.m_axi.p1i64, i64 %gmem_addr_1" [cluster.c:166->cluster.c:185]   --->   Operation 121 'writeresp' 'empty_58' <Predicate = true> <Delay = 4.86> <CoreInst = "m_axi">   --->   Core 119 'm_axi' <Latency = 0> <II = 1> <Delay = 1.00> <Adapter> <Opcode : 'read' 'write' 'readreq' 'writereq' 'writeresp'>

State 28 <SV = 27> <Delay = 4.86>
ST_28 : Operation 122 [44/68] (4.86ns)   --->   "%empty_58 = writeresp i1 @_ssdm_op_WriteResp.m_axi.p1i64, i64 %gmem_addr_1" [cluster.c:166->cluster.c:185]   --->   Operation 122 'writeresp' 'empty_58' <Predicate = true> <Delay = 4.86> <CoreInst = "m_axi">   --->   Core 119 'm_axi' <Latency = 0> <II = 1> <Delay = 1.00> <Adapter> <Opcode : 'read' 'write' 'readreq' 'writereq' 'writeresp'>

State 29 <SV = 28> <Delay = 4.86>
ST_29 : Operation 123 [43/68] (4.86ns)   --->   "%empty_58 = writeresp i1 @_ssdm_op_WriteResp.m_axi.p1i64, i64 %gmem_addr_1" [cluster.c:166->cluster.c:185]   --->   Operation 123 'writeresp' 'empty_58' <Predicate = true> <Delay = 4.86> <CoreInst = "m_axi">   --->   Core 119 'm_axi' <Latency = 0> <II = 1> <Delay = 1.00> <Adapter> <Opcode : 'read' 'write' 'readreq' 'writereq' 'writeresp'>

State 30 <SV = 29> <Delay = 4.86>
ST_30 : Operation 124 [42/68] (4.86ns)   --->   "%empty_58 = writeresp i1 @_ssdm_op_WriteResp.m_axi.p1i64, i64 %gmem_addr_1" [cluster.c:166->cluster.c:185]   --->   Operation 124 'writeresp' 'empty_58' <Predicate = true> <Delay = 4.86> <CoreInst = "m_axi">   --->   Core 119 'm_axi' <Latency = 0> <II = 1> <Delay = 1.00> <Adapter> <Opcode : 'read' 'write' 'readreq' 'writereq' 'writeresp'>

State 31 <SV = 30> <Delay = 4.86>
ST_31 : Operation 125 [41/68] (4.86ns)   --->   "%empty_58 = writeresp i1 @_ssdm_op_WriteResp.m_axi.p1i64, i64 %gmem_addr_1" [cluster.c:166->cluster.c:185]   --->   Operation 125 'writeresp' 'empty_58' <Predicate = true> <Delay = 4.86> <CoreInst = "m_axi">   --->   Core 119 'm_axi' <Latency = 0> <II = 1> <Delay = 1.00> <Adapter> <Opcode : 'read' 'write' 'readreq' 'writereq' 'writeresp'>

State 32 <SV = 31> <Delay = 4.86>
ST_32 : Operation 126 [40/68] (4.86ns)   --->   "%empty_58 = writeresp i1 @_ssdm_op_WriteResp.m_axi.p1i64, i64 %gmem_addr_1" [cluster.c:166->cluster.c:185]   --->   Operation 126 'writeresp' 'empty_58' <Predicate = true> <Delay = 4.86> <CoreInst = "m_axi">   --->   Core 119 'm_axi' <Latency = 0> <II = 1> <Delay = 1.00> <Adapter> <Opcode : 'read' 'write' 'readreq' 'writereq' 'writeresp'>

State 33 <SV = 32> <Delay = 4.86>
ST_33 : Operation 127 [39/68] (4.86ns)   --->   "%empty_58 = writeresp i1 @_ssdm_op_WriteResp.m_axi.p1i64, i64 %gmem_addr_1" [cluster.c:166->cluster.c:185]   --->   Operation 127 'writeresp' 'empty_58' <Predicate = true> <Delay = 4.86> <CoreInst = "m_axi">   --->   Core 119 'm_axi' <Latency = 0> <II = 1> <Delay = 1.00> <Adapter> <Opcode : 'read' 'write' 'readreq' 'writereq' 'writeresp'>

State 34 <SV = 33> <Delay = 4.86>
ST_34 : Operation 128 [38/68] (4.86ns)   --->   "%empty_58 = writeresp i1 @_ssdm_op_WriteResp.m_axi.p1i64, i64 %gmem_addr_1" [cluster.c:166->cluster.c:185]   --->   Operation 128 'writeresp' 'empty_58' <Predicate = true> <Delay = 4.86> <CoreInst = "m_axi">   --->   Core 119 'm_axi' <Latency = 0> <II = 1> <Delay = 1.00> <Adapter> <Opcode : 'read' 'write' 'readreq' 'writereq' 'writeresp'>

State 35 <SV = 34> <Delay = 4.86>
ST_35 : Operation 129 [37/68] (4.86ns)   --->   "%empty_58 = writeresp i1 @_ssdm_op_WriteResp.m_axi.p1i64, i64 %gmem_addr_1" [cluster.c:166->cluster.c:185]   --->   Operation 129 'writeresp' 'empty_58' <Predicate = true> <Delay = 4.86> <CoreInst = "m_axi">   --->   Core 119 'm_axi' <Latency = 0> <II = 1> <Delay = 1.00> <Adapter> <Opcode : 'read' 'write' 'readreq' 'writereq' 'writeresp'>

State 36 <SV = 35> <Delay = 4.86>
ST_36 : Operation 130 [36/68] (4.86ns)   --->   "%empty_58 = writeresp i1 @_ssdm_op_WriteResp.m_axi.p1i64, i64 %gmem_addr_1" [cluster.c:166->cluster.c:185]   --->   Operation 130 'writeresp' 'empty_58' <Predicate = true> <Delay = 4.86> <CoreInst = "m_axi">   --->   Core 119 'm_axi' <Latency = 0> <II = 1> <Delay = 1.00> <Adapter> <Opcode : 'read' 'write' 'readreq' 'writereq' 'writeresp'>

State 37 <SV = 36> <Delay = 4.86>
ST_37 : Operation 131 [35/68] (4.86ns)   --->   "%empty_58 = writeresp i1 @_ssdm_op_WriteResp.m_axi.p1i64, i64 %gmem_addr_1" [cluster.c:166->cluster.c:185]   --->   Operation 131 'writeresp' 'empty_58' <Predicate = true> <Delay = 4.86> <CoreInst = "m_axi">   --->   Core 119 'm_axi' <Latency = 0> <II = 1> <Delay = 1.00> <Adapter> <Opcode : 'read' 'write' 'readreq' 'writereq' 'writeresp'>

State 38 <SV = 37> <Delay = 4.86>
ST_38 : Operation 132 [34/68] (4.86ns)   --->   "%empty_58 = writeresp i1 @_ssdm_op_WriteResp.m_axi.p1i64, i64 %gmem_addr_1" [cluster.c:166->cluster.c:185]   --->   Operation 132 'writeresp' 'empty_58' <Predicate = true> <Delay = 4.86> <CoreInst = "m_axi">   --->   Core 119 'm_axi' <Latency = 0> <II = 1> <Delay = 1.00> <Adapter> <Opcode : 'read' 'write' 'readreq' 'writereq' 'writeresp'>

State 39 <SV = 38> <Delay = 4.86>
ST_39 : Operation 133 [33/68] (4.86ns)   --->   "%empty_58 = writeresp i1 @_ssdm_op_WriteResp.m_axi.p1i64, i64 %gmem_addr_1" [cluster.c:166->cluster.c:185]   --->   Operation 133 'writeresp' 'empty_58' <Predicate = true> <Delay = 4.86> <CoreInst = "m_axi">   --->   Core 119 'm_axi' <Latency = 0> <II = 1> <Delay = 1.00> <Adapter> <Opcode : 'read' 'write' 'readreq' 'writereq' 'writeresp'>

State 40 <SV = 39> <Delay = 4.86>
ST_40 : Operation 134 [32/68] (4.86ns)   --->   "%empty_58 = writeresp i1 @_ssdm_op_WriteResp.m_axi.p1i64, i64 %gmem_addr_1" [cluster.c:166->cluster.c:185]   --->   Operation 134 'writeresp' 'empty_58' <Predicate = true> <Delay = 4.86> <CoreInst = "m_axi">   --->   Core 119 'm_axi' <Latency = 0> <II = 1> <Delay = 1.00> <Adapter> <Opcode : 'read' 'write' 'readreq' 'writereq' 'writeresp'>

State 41 <SV = 40> <Delay = 4.86>
ST_41 : Operation 135 [31/68] (4.86ns)   --->   "%empty_58 = writeresp i1 @_ssdm_op_WriteResp.m_axi.p1i64, i64 %gmem_addr_1" [cluster.c:166->cluster.c:185]   --->   Operation 135 'writeresp' 'empty_58' <Predicate = true> <Delay = 4.86> <CoreInst = "m_axi">   --->   Core 119 'm_axi' <Latency = 0> <II = 1> <Delay = 1.00> <Adapter> <Opcode : 'read' 'write' 'readreq' 'writereq' 'writeresp'>

State 42 <SV = 41> <Delay = 4.86>
ST_42 : Operation 136 [30/68] (4.86ns)   --->   "%empty_58 = writeresp i1 @_ssdm_op_WriteResp.m_axi.p1i64, i64 %gmem_addr_1" [cluster.c:166->cluster.c:185]   --->   Operation 136 'writeresp' 'empty_58' <Predicate = true> <Delay = 4.86> <CoreInst = "m_axi">   --->   Core 119 'm_axi' <Latency = 0> <II = 1> <Delay = 1.00> <Adapter> <Opcode : 'read' 'write' 'readreq' 'writereq' 'writeresp'>

State 43 <SV = 42> <Delay = 4.86>
ST_43 : Operation 137 [29/68] (4.86ns)   --->   "%empty_58 = writeresp i1 @_ssdm_op_WriteResp.m_axi.p1i64, i64 %gmem_addr_1" [cluster.c:166->cluster.c:185]   --->   Operation 137 'writeresp' 'empty_58' <Predicate = true> <Delay = 4.86> <CoreInst = "m_axi">   --->   Core 119 'm_axi' <Latency = 0> <II = 1> <Delay = 1.00> <Adapter> <Opcode : 'read' 'write' 'readreq' 'writereq' 'writeresp'>

State 44 <SV = 43> <Delay = 4.86>
ST_44 : Operation 138 [28/68] (4.86ns)   --->   "%empty_58 = writeresp i1 @_ssdm_op_WriteResp.m_axi.p1i64, i64 %gmem_addr_1" [cluster.c:166->cluster.c:185]   --->   Operation 138 'writeresp' 'empty_58' <Predicate = true> <Delay = 4.86> <CoreInst = "m_axi">   --->   Core 119 'm_axi' <Latency = 0> <II = 1> <Delay = 1.00> <Adapter> <Opcode : 'read' 'write' 'readreq' 'writereq' 'writeresp'>

State 45 <SV = 44> <Delay = 4.86>
ST_45 : Operation 139 [27/68] (4.86ns)   --->   "%empty_58 = writeresp i1 @_ssdm_op_WriteResp.m_axi.p1i64, i64 %gmem_addr_1" [cluster.c:166->cluster.c:185]   --->   Operation 139 'writeresp' 'empty_58' <Predicate = true> <Delay = 4.86> <CoreInst = "m_axi">   --->   Core 119 'm_axi' <Latency = 0> <II = 1> <Delay = 1.00> <Adapter> <Opcode : 'read' 'write' 'readreq' 'writereq' 'writeresp'>

State 46 <SV = 45> <Delay = 4.86>
ST_46 : Operation 140 [26/68] (4.86ns)   --->   "%empty_58 = writeresp i1 @_ssdm_op_WriteResp.m_axi.p1i64, i64 %gmem_addr_1" [cluster.c:166->cluster.c:185]   --->   Operation 140 'writeresp' 'empty_58' <Predicate = true> <Delay = 4.86> <CoreInst = "m_axi">   --->   Core 119 'm_axi' <Latency = 0> <II = 1> <Delay = 1.00> <Adapter> <Opcode : 'read' 'write' 'readreq' 'writereq' 'writeresp'>

State 47 <SV = 46> <Delay = 4.86>
ST_47 : Operation 141 [25/68] (4.86ns)   --->   "%empty_58 = writeresp i1 @_ssdm_op_WriteResp.m_axi.p1i64, i64 %gmem_addr_1" [cluster.c:166->cluster.c:185]   --->   Operation 141 'writeresp' 'empty_58' <Predicate = true> <Delay = 4.86> <CoreInst = "m_axi">   --->   Core 119 'm_axi' <Latency = 0> <II = 1> <Delay = 1.00> <Adapter> <Opcode : 'read' 'write' 'readreq' 'writereq' 'writeresp'>

State 48 <SV = 47> <Delay = 4.86>
ST_48 : Operation 142 [24/68] (4.86ns)   --->   "%empty_58 = writeresp i1 @_ssdm_op_WriteResp.m_axi.p1i64, i64 %gmem_addr_1" [cluster.c:166->cluster.c:185]   --->   Operation 142 'writeresp' 'empty_58' <Predicate = true> <Delay = 4.86> <CoreInst = "m_axi">   --->   Core 119 'm_axi' <Latency = 0> <II = 1> <Delay = 1.00> <Adapter> <Opcode : 'read' 'write' 'readreq' 'writereq' 'writeresp'>

State 49 <SV = 48> <Delay = 4.86>
ST_49 : Operation 143 [23/68] (4.86ns)   --->   "%empty_58 = writeresp i1 @_ssdm_op_WriteResp.m_axi.p1i64, i64 %gmem_addr_1" [cluster.c:166->cluster.c:185]   --->   Operation 143 'writeresp' 'empty_58' <Predicate = true> <Delay = 4.86> <CoreInst = "m_axi">   --->   Core 119 'm_axi' <Latency = 0> <II = 1> <Delay = 1.00> <Adapter> <Opcode : 'read' 'write' 'readreq' 'writereq' 'writeresp'>

State 50 <SV = 49> <Delay = 4.86>
ST_50 : Operation 144 [22/68] (4.86ns)   --->   "%empty_58 = writeresp i1 @_ssdm_op_WriteResp.m_axi.p1i64, i64 %gmem_addr_1" [cluster.c:166->cluster.c:185]   --->   Operation 144 'writeresp' 'empty_58' <Predicate = true> <Delay = 4.86> <CoreInst = "m_axi">   --->   Core 119 'm_axi' <Latency = 0> <II = 1> <Delay = 1.00> <Adapter> <Opcode : 'read' 'write' 'readreq' 'writereq' 'writeresp'>

State 51 <SV = 50> <Delay = 4.86>
ST_51 : Operation 145 [21/68] (4.86ns)   --->   "%empty_58 = writeresp i1 @_ssdm_op_WriteResp.m_axi.p1i64, i64 %gmem_addr_1" [cluster.c:166->cluster.c:185]   --->   Operation 145 'writeresp' 'empty_58' <Predicate = true> <Delay = 4.86> <CoreInst = "m_axi">   --->   Core 119 'm_axi' <Latency = 0> <II = 1> <Delay = 1.00> <Adapter> <Opcode : 'read' 'write' 'readreq' 'writereq' 'writeresp'>

State 52 <SV = 51> <Delay = 4.86>
ST_52 : Operation 146 [20/68] (4.86ns)   --->   "%empty_58 = writeresp i1 @_ssdm_op_WriteResp.m_axi.p1i64, i64 %gmem_addr_1" [cluster.c:166->cluster.c:185]   --->   Operation 146 'writeresp' 'empty_58' <Predicate = true> <Delay = 4.86> <CoreInst = "m_axi">   --->   Core 119 'm_axi' <Latency = 0> <II = 1> <Delay = 1.00> <Adapter> <Opcode : 'read' 'write' 'readreq' 'writereq' 'writeresp'>

State 53 <SV = 52> <Delay = 4.86>
ST_53 : Operation 147 [19/68] (4.86ns)   --->   "%empty_58 = writeresp i1 @_ssdm_op_WriteResp.m_axi.p1i64, i64 %gmem_addr_1" [cluster.c:166->cluster.c:185]   --->   Operation 147 'writeresp' 'empty_58' <Predicate = true> <Delay = 4.86> <CoreInst = "m_axi">   --->   Core 119 'm_axi' <Latency = 0> <II = 1> <Delay = 1.00> <Adapter> <Opcode : 'read' 'write' 'readreq' 'writereq' 'writeresp'>

State 54 <SV = 53> <Delay = 4.86>
ST_54 : Operation 148 [18/68] (4.86ns)   --->   "%empty_58 = writeresp i1 @_ssdm_op_WriteResp.m_axi.p1i64, i64 %gmem_addr_1" [cluster.c:166->cluster.c:185]   --->   Operation 148 'writeresp' 'empty_58' <Predicate = true> <Delay = 4.86> <CoreInst = "m_axi">   --->   Core 119 'm_axi' <Latency = 0> <II = 1> <Delay = 1.00> <Adapter> <Opcode : 'read' 'write' 'readreq' 'writereq' 'writeresp'>

State 55 <SV = 54> <Delay = 4.86>
ST_55 : Operation 149 [17/68] (4.86ns)   --->   "%empty_58 = writeresp i1 @_ssdm_op_WriteResp.m_axi.p1i64, i64 %gmem_addr_1" [cluster.c:166->cluster.c:185]   --->   Operation 149 'writeresp' 'empty_58' <Predicate = true> <Delay = 4.86> <CoreInst = "m_axi">   --->   Core 119 'm_axi' <Latency = 0> <II = 1> <Delay = 1.00> <Adapter> <Opcode : 'read' 'write' 'readreq' 'writereq' 'writeresp'>

State 56 <SV = 55> <Delay = 4.86>
ST_56 : Operation 150 [16/68] (4.86ns)   --->   "%empty_58 = writeresp i1 @_ssdm_op_WriteResp.m_axi.p1i64, i64 %gmem_addr_1" [cluster.c:166->cluster.c:185]   --->   Operation 150 'writeresp' 'empty_58' <Predicate = true> <Delay = 4.86> <CoreInst = "m_axi">   --->   Core 119 'm_axi' <Latency = 0> <II = 1> <Delay = 1.00> <Adapter> <Opcode : 'read' 'write' 'readreq' 'writereq' 'writeresp'>

State 57 <SV = 56> <Delay = 4.86>
ST_57 : Operation 151 [15/68] (4.86ns)   --->   "%empty_58 = writeresp i1 @_ssdm_op_WriteResp.m_axi.p1i64, i64 %gmem_addr_1" [cluster.c:166->cluster.c:185]   --->   Operation 151 'writeresp' 'empty_58' <Predicate = true> <Delay = 4.86> <CoreInst = "m_axi">   --->   Core 119 'm_axi' <Latency = 0> <II = 1> <Delay = 1.00> <Adapter> <Opcode : 'read' 'write' 'readreq' 'writereq' 'writeresp'>

State 58 <SV = 57> <Delay = 4.86>
ST_58 : Operation 152 [14/68] (4.86ns)   --->   "%empty_58 = writeresp i1 @_ssdm_op_WriteResp.m_axi.p1i64, i64 %gmem_addr_1" [cluster.c:166->cluster.c:185]   --->   Operation 152 'writeresp' 'empty_58' <Predicate = true> <Delay = 4.86> <CoreInst = "m_axi">   --->   Core 119 'm_axi' <Latency = 0> <II = 1> <Delay = 1.00> <Adapter> <Opcode : 'read' 'write' 'readreq' 'writereq' 'writeresp'>

State 59 <SV = 58> <Delay = 4.86>
ST_59 : Operation 153 [13/68] (4.86ns)   --->   "%empty_58 = writeresp i1 @_ssdm_op_WriteResp.m_axi.p1i64, i64 %gmem_addr_1" [cluster.c:166->cluster.c:185]   --->   Operation 153 'writeresp' 'empty_58' <Predicate = true> <Delay = 4.86> <CoreInst = "m_axi">   --->   Core 119 'm_axi' <Latency = 0> <II = 1> <Delay = 1.00> <Adapter> <Opcode : 'read' 'write' 'readreq' 'writereq' 'writeresp'>

State 60 <SV = 59> <Delay = 4.86>
ST_60 : Operation 154 [12/68] (4.86ns)   --->   "%empty_58 = writeresp i1 @_ssdm_op_WriteResp.m_axi.p1i64, i64 %gmem_addr_1" [cluster.c:166->cluster.c:185]   --->   Operation 154 'writeresp' 'empty_58' <Predicate = true> <Delay = 4.86> <CoreInst = "m_axi">   --->   Core 119 'm_axi' <Latency = 0> <II = 1> <Delay = 1.00> <Adapter> <Opcode : 'read' 'write' 'readreq' 'writereq' 'writeresp'>

State 61 <SV = 60> <Delay = 4.86>
ST_61 : Operation 155 [11/68] (4.86ns)   --->   "%empty_58 = writeresp i1 @_ssdm_op_WriteResp.m_axi.p1i64, i64 %gmem_addr_1" [cluster.c:166->cluster.c:185]   --->   Operation 155 'writeresp' 'empty_58' <Predicate = true> <Delay = 4.86> <CoreInst = "m_axi">   --->   Core 119 'm_axi' <Latency = 0> <II = 1> <Delay = 1.00> <Adapter> <Opcode : 'read' 'write' 'readreq' 'writereq' 'writeresp'>

State 62 <SV = 61> <Delay = 4.86>
ST_62 : Operation 156 [10/68] (4.86ns)   --->   "%empty_58 = writeresp i1 @_ssdm_op_WriteResp.m_axi.p1i64, i64 %gmem_addr_1" [cluster.c:166->cluster.c:185]   --->   Operation 156 'writeresp' 'empty_58' <Predicate = true> <Delay = 4.86> <CoreInst = "m_axi">   --->   Core 119 'm_axi' <Latency = 0> <II = 1> <Delay = 1.00> <Adapter> <Opcode : 'read' 'write' 'readreq' 'writereq' 'writeresp'>

State 63 <SV = 62> <Delay = 4.86>
ST_63 : Operation 157 [9/68] (4.86ns)   --->   "%empty_58 = writeresp i1 @_ssdm_op_WriteResp.m_axi.p1i64, i64 %gmem_addr_1" [cluster.c:166->cluster.c:185]   --->   Operation 157 'writeresp' 'empty_58' <Predicate = true> <Delay = 4.86> <CoreInst = "m_axi">   --->   Core 119 'm_axi' <Latency = 0> <II = 1> <Delay = 1.00> <Adapter> <Opcode : 'read' 'write' 'readreq' 'writereq' 'writeresp'>

State 64 <SV = 63> <Delay = 4.86>
ST_64 : Operation 158 [8/68] (4.86ns)   --->   "%empty_58 = writeresp i1 @_ssdm_op_WriteResp.m_axi.p1i64, i64 %gmem_addr_1" [cluster.c:166->cluster.c:185]   --->   Operation 158 'writeresp' 'empty_58' <Predicate = true> <Delay = 4.86> <CoreInst = "m_axi">   --->   Core 119 'm_axi' <Latency = 0> <II = 1> <Delay = 1.00> <Adapter> <Opcode : 'read' 'write' 'readreq' 'writereq' 'writeresp'>

State 65 <SV = 64> <Delay = 4.86>
ST_65 : Operation 159 [7/68] (4.86ns)   --->   "%empty_58 = writeresp i1 @_ssdm_op_WriteResp.m_axi.p1i64, i64 %gmem_addr_1" [cluster.c:166->cluster.c:185]   --->   Operation 159 'writeresp' 'empty_58' <Predicate = true> <Delay = 4.86> <CoreInst = "m_axi">   --->   Core 119 'm_axi' <Latency = 0> <II = 1> <Delay = 1.00> <Adapter> <Opcode : 'read' 'write' 'readreq' 'writereq' 'writeresp'>

State 66 <SV = 65> <Delay = 4.86>
ST_66 : Operation 160 [6/68] (4.86ns)   --->   "%empty_58 = writeresp i1 @_ssdm_op_WriteResp.m_axi.p1i64, i64 %gmem_addr_1" [cluster.c:166->cluster.c:185]   --->   Operation 160 'writeresp' 'empty_58' <Predicate = true> <Delay = 4.86> <CoreInst = "m_axi">   --->   Core 119 'm_axi' <Latency = 0> <II = 1> <Delay = 1.00> <Adapter> <Opcode : 'read' 'write' 'readreq' 'writereq' 'writeresp'>

State 67 <SV = 66> <Delay = 4.86>
ST_67 : Operation 161 [5/68] (4.86ns)   --->   "%empty_58 = writeresp i1 @_ssdm_op_WriteResp.m_axi.p1i64, i64 %gmem_addr_1" [cluster.c:166->cluster.c:185]   --->   Operation 161 'writeresp' 'empty_58' <Predicate = true> <Delay = 4.86> <CoreInst = "m_axi">   --->   Core 119 'm_axi' <Latency = 0> <II = 1> <Delay = 1.00> <Adapter> <Opcode : 'read' 'write' 'readreq' 'writereq' 'writeresp'>

State 68 <SV = 67> <Delay = 4.86>
ST_68 : Operation 162 [4/68] (4.86ns)   --->   "%empty_58 = writeresp i1 @_ssdm_op_WriteResp.m_axi.p1i64, i64 %gmem_addr_1" [cluster.c:166->cluster.c:185]   --->   Operation 162 'writeresp' 'empty_58' <Predicate = true> <Delay = 4.86> <CoreInst = "m_axi">   --->   Core 119 'm_axi' <Latency = 0> <II = 1> <Delay = 1.00> <Adapter> <Opcode : 'read' 'write' 'readreq' 'writereq' 'writeresp'>

State 69 <SV = 68> <Delay = 4.86>
ST_69 : Operation 163 [3/68] (4.86ns)   --->   "%empty_58 = writeresp i1 @_ssdm_op_WriteResp.m_axi.p1i64, i64 %gmem_addr_1" [cluster.c:166->cluster.c:185]   --->   Operation 163 'writeresp' 'empty_58' <Predicate = true> <Delay = 4.86> <CoreInst = "m_axi">   --->   Core 119 'm_axi' <Latency = 0> <II = 1> <Delay = 1.00> <Adapter> <Opcode : 'read' 'write' 'readreq' 'writereq' 'writeresp'>

State 70 <SV = 69> <Delay = 4.86>
ST_70 : Operation 164 [2/68] (4.86ns)   --->   "%empty_58 = writeresp i1 @_ssdm_op_WriteResp.m_axi.p1i64, i64 %gmem_addr_1" [cluster.c:166->cluster.c:185]   --->   Operation 164 'writeresp' 'empty_58' <Predicate = true> <Delay = 4.86> <CoreInst = "m_axi">   --->   Core 119 'm_axi' <Latency = 0> <II = 1> <Delay = 1.00> <Adapter> <Opcode : 'read' 'write' 'readreq' 'writereq' 'writeresp'>
ST_70 : Operation 170 [1/1] (0.42ns)   --->   "%ret_ln0 = ret"   --->   Operation 170 'ret' 'ret_ln0' <Predicate = (!icmp_ln163)> <Delay = 0.42>

State 71 <SV = 70> <Delay = 4.86>
ST_71 : Operation 165 [1/1] (0.00ns)   --->   "%specpipeline_ln166 = specpipeline void @_ssdm_op_SpecPipeline, i32 4294967295, i32 0, i32 0, i32 0, void @empty_28" [cluster.c:166->cluster.c:185]   --->   Operation 165 'specpipeline' 'specpipeline_ln166' <Predicate = true> <Delay = 0.00>
ST_71 : Operation 166 [1/1] (0.00ns)   --->   "%speclooptripcount_ln165 = speclooptripcount void @_ssdm_op_SpecLoopTripCount, i64 290360, i64 290360, i64 290360" [cluster.c:165->cluster.c:185]   --->   Operation 166 'speclooptripcount' 'speclooptripcount_ln165' <Predicate = true> <Delay = 0.00>
ST_71 : Operation 167 [1/1] (0.00ns)   --->   "%specloopname_ln163 = specloopname void @_ssdm_op_SpecLoopName, void @empty_27" [cluster.c:163->cluster.c:185]   --->   Operation 167 'specloopname' 'specloopname_ln163' <Predicate = true> <Delay = 0.00>
ST_71 : Operation 168 [1/68] (4.86ns)   --->   "%empty_58 = writeresp i1 @_ssdm_op_WriteResp.m_axi.p1i64, i64 %gmem_addr_1" [cluster.c:166->cluster.c:185]   --->   Operation 168 'writeresp' 'empty_58' <Predicate = true> <Delay = 4.86> <CoreInst = "m_axi">   --->   Core 119 'm_axi' <Latency = 0> <II = 1> <Delay = 1.00> <Adapter> <Opcode : 'read' 'write' 'readreq' 'writereq' 'writeresp'>
ST_71 : Operation 169 [1/1] (0.00ns)   --->   "%br_ln163 = br void %for.cond.i" [cluster.c:163->cluster.c:185]   --->   Operation 169 'br' 'br_ln163' <Predicate = true> <Delay = 0.00>


============================================================
+ Verbose Summary: Binding
============================================================
STG Binding: 
---------------- STG Properties BEGIN ----------------
- Is combinational: 0
- Is one-state seq: 0
- Is datapath-only: 0
- Is pipelined: 0
- Is top level: 0
Port [ Return ] is wired: 1; IO mode=ap_ctrl_hs:ce=0
Port [ gmem]:  wired=1; compound=1; hidden=0; nouse=0; global=0; static=0; extern=0; dir=1; type=4; pingpong=0; private_global=0; IO mode=m_axi:ce=0
Port [ mul5_i]:  wired=1; compound=0; hidden=0; nouse=0; global=0; static=0; extern=0; dir=0; type=0; pingpong=0; private_global=0; IO mode=ap_none:ce=0
Port [ Iright_moved_data]:  wired=1; compound=0; hidden=0; nouse=0; global=0; static=0; extern=0; dir=0; type=0; pingpong=0; private_global=0; IO mode=ap_none:ce=0
---------------- STG Properties END ------------------

---------------- Datapath Model BEGIN ----------------

<LifeTime>
<method=bitvector/>
indvars_iv_i            (alloca           ) [ 010000000000000000000000000000000000000000000000000000000000000000000000]
specinterface_ln0       (specinterface    ) [ 000000000000000000000000000000000000000000000000000000000000000000000000]
Iright_moved_data_read  (read             ) [ 000000000000000000000000000000000000000000000000000000000000000000000000]
mul5_i_read             (read             ) [ 000000000000000000000000000000000000000000000000000000000000000000000000]
store_ln0               (store            ) [ 000000000000000000000000000000000000000000000000000000000000000000000000]
br_ln0                  (br               ) [ 000000000000000000000000000000000000000000000000000000000000000000000000]
indvars_iv_i_load       (load             ) [ 000000000000000000000000000000000000000000000000000000000000000000000000]
specbitsmap_ln0         (specbitsmap      ) [ 000000000000000000000000000000000000000000000000000000000000000000000000]
zext_ln163              (zext             ) [ 000000000000000000000000000000000000000000000000000000000000000000000000]
icmp_ln163              (icmp             ) [ 011111111111111111111111111111111111111111111111111111111111111111111110]
add_ln163               (add              ) [ 000000000000000000000000000000000000000000000000000000000000000000000000]
br_ln163                (br               ) [ 000000000000000000000000000000000000000000000000000000000000000000000000]
shl_ln1                 (bitconcatenate   ) [ 000000000000000000000000000000000000000000000000000000000000000000000000]
zext_ln166_1            (zext             ) [ 000000000000000000000000000000000000000000000000000000000000000000000000]
add_ln166               (add              ) [ 000000000000000000000000000000000000000000000000000000000000000000000000]
trunc_ln166             (trunc            ) [ 011000000000000000000000000000000000000000000000000000000000000000000000]
trunc_ln166_1           (partselect       ) [ 011000000000000000000000000000000000000000000000000000000000000000000000]
store_ln163             (store            ) [ 000000000000000000000000000000000000000000000000000000000000000000000000]
zext_ln166              (zext             ) [ 000000000000000000000000000000000000000000000000000000000000000000000000]
shl_ln166               (shl              ) [ 010100000000000000000000000000000000000000000000000000000000000000000000]
sext_ln166              (sext             ) [ 000000000000000000000000000000000000000000000000000000000000000000000000]
gmem_addr_1             (getelementptr    ) [ 010111111111111111111111111111111111111111111111111111111111111111111111]
empty                   (writereq         ) [ 000000000000000000000000000000000000000000000000000000000000000000000000]
write_ln166             (write            ) [ 000000000000000000000000000000000000000000000000000000000000000000000000]
specpipeline_ln166      (specpipeline     ) [ 000000000000000000000000000000000000000000000000000000000000000000000000]
speclooptripcount_ln165 (speclooptripcount) [ 000000000000000000000000000000000000000000000000000000000000000000000000]
specloopname_ln163      (specloopname     ) [ 000000000000000000000000000000000000000000000000000000000000000000000000]
empty_58                (writeresp        ) [ 000000000000000000000000000000000000000000000000000000000000000000000000]
br_ln163                (br               ) [ 000000000000000000000000000000000000000000000000000000000000000000000000]
ret_ln0                 (ret              ) [ 000000000000000000000000000000000000000000000000000000000000000000000000]
</LifeTime>

<model>

<comp_list>
<comp id="0" class="1000" name="gmem">
<pin_list>
<pin id="1" dir="1" index="0" bw="1" slack="0"/>
</pin_list>
<bind>
<StgValue><ssdm name="gmem"/></StgValue>
</bind>
</comp>

<comp id="2" class="1000" name="mul5_i">
<pin_list>
<pin id="3" dir="1" index="0" bw="1" slack="0"/>
</pin_list>
<bind>
<StgValue><ssdm name="mul5_i"/></StgValue>
</bind>
</comp>

<comp id="4" class="1000" name="Iright_moved_data">
<pin_list>
<pin id="5" dir="1" index="0" bw="1" slack="0"/>
</pin_list>
<bind>
<StgValue><ssdm name="Iright_moved_data"/></StgValue>
</bind>
</comp>

<comp id="6" class="1001" name="const_6">
<pin_list>
<pin id="7" dir="1" index="0" bw="1" slack="0"/>
</pin_list>
<bind>
<StgValue><ssdm name=""/></StgValue>
</bind>
</comp>

<comp id="8" class="1001" name="const_8">
<pin_list>
<pin id="9" dir="1" index="0" bw="1" slack="2147483647"/>
</pin_list>
<bind>
<StgValue><ssdm name="_ssdm_op_SpecInterface"/></StgValue>
</bind>
</comp>

<comp id="10" class="1001" name="const_10">
<pin_list>
<pin id="11" dir="1" index="0" bw="1" slack="2147483647"/>
</pin_list>
<bind>
<StgValue><ssdm name="empty_5"/></StgValue>
</bind>
</comp>

<comp id="12" class="1001" name="const_12">
<pin_list>
<pin id="13" dir="1" index="0" bw="1" slack="2147483647"/>
</pin_list>
<bind>
<StgValue><ssdm name=""/></StgValue>
</bind>
</comp>

<comp id="14" class="1001" name="const_14">
<pin_list>
<pin id="15" dir="1" index="0" bw="1" slack="2147483647"/>
</pin_list>
<bind>
<StgValue><ssdm name="empty_28"/></StgValue>
</bind>
</comp>

<comp id="16" class="1001" name="const_16">
<pin_list>
<pin id="17" dir="1" index="0" bw="1" slack="2147483647"/>
</pin_list>
<bind>
<StgValue><ssdm name=""/></StgValue>
</bind>
</comp>

<comp id="18" class="1001" name="const_18">
<pin_list>
<pin id="19" dir="1" index="0" bw="1" slack="2147483647"/>
</pin_list>
<bind>
<StgValue><ssdm name="empty_7"/></StgValue>
</bind>
</comp>

<comp id="20" class="1001" name="const_20">
<pin_list>
<pin id="21" dir="1" index="0" bw="1" slack="2147483647"/>
</pin_list>
<bind>
<StgValue><ssdm name="empty_25"/></StgValue>
</bind>
</comp>

<comp id="22" class="1001" name="const_22">
<pin_list>
<pin id="23" dir="1" index="0" bw="1" slack="2147483647"/>
</pin_list>
<bind>
<StgValue><ssdm name=""/></StgValue>
</bind>
</comp>

<comp id="24" class="1001" name="const_24">
<pin_list>
<pin id="25" dir="1" index="0" bw="1" slack="2147483647"/>
</pin_list>
<bind>
<StgValue><ssdm name=""/></StgValue>
</bind>
</comp>

<comp id="26" class="1001" name="const_26">
<pin_list>
<pin id="27" dir="1" index="0" bw="1" slack="0"/>
</pin_list>
<bind>
<StgValue><ssdm name="_ssdm_op_Read.ap_auto.i64"/></StgValue>
</bind>
</comp>

<comp id="28" class="1001" name="const_28">
<pin_list>
<pin id="29" dir="1" index="0" bw="1" slack="0"/>
</pin_list>
<bind>
<StgValue><ssdm name="_ssdm_op_Read.ap_auto.i32"/></StgValue>
</bind>
</comp>

<comp id="30" class="1001" name="const_30">
<pin_list>
<pin id="31" dir="1" index="0" bw="1" slack="0"/>
</pin_list>
<bind>
<StgValue><ssdm name=""/></StgValue>
</bind>
</comp>

<comp id="32" class="1001" name="const_32">
<pin_list>
<pin id="33" dir="1" index="0" bw="1" slack="2147483647"/>
</pin_list>
<bind>
<StgValue><ssdm name="_ssdm_op_SpecBitsMap"/></StgValue>
</bind>
</comp>

<comp id="34" class="1001" name="const_34">
<pin_list>
<pin id="35" dir="1" index="0" bw="1" slack="0"/>
</pin_list>
<bind>
<StgValue><ssdm name=""/></StgValue>
</bind>
</comp>

<comp id="36" class="1001" name="const_36">
<pin_list>
<pin id="37" dir="1" index="0" bw="1" slack="0"/>
</pin_list>
<bind>
<StgValue><ssdm name="_ssdm_op_BitConcatenate.i33.i31.i2"/></StgValue>
</bind>
</comp>

<comp id="38" class="1001" name="const_38">
<pin_list>
<pin id="39" dir="1" index="0" bw="1" slack="0"/>
</pin_list>
<bind>
<StgValue><ssdm name=""/></StgValue>
</bind>
</comp>

<comp id="40" class="1001" name="const_40">
<pin_list>
<pin id="41" dir="1" index="0" bw="1" slack="0"/>
</pin_list>
<bind>
<StgValue><ssdm name="_ssdm_op_PartSelect.i61.i64.i32.i32"/></StgValue>
</bind>
</comp>

<comp id="42" class="1001" name="const_42">
<pin_list>
<pin id="43" dir="1" index="0" bw="1" slack="0"/>
</pin_list>
<bind>
<StgValue><ssdm name=""/></StgValue>
</bind>
</comp>

<comp id="44" class="1001" name="const_44">
<pin_list>
<pin id="45" dir="1" index="0" bw="1" slack="0"/>
</pin_list>
<bind>
<StgValue><ssdm name=""/></StgValue>
</bind>
</comp>

<comp id="46" class="1001" name="const_46">
<pin_list>
<pin id="47" dir="1" index="0" bw="1" slack="0"/>
</pin_list>
<bind>
<StgValue><ssdm name=""/></StgValue>
</bind>
</comp>

<comp id="48" class="1001" name="const_48">
<pin_list>
<pin id="49" dir="1" index="0" bw="1" slack="0"/>
</pin_list>
<bind>
<StgValue><ssdm name="_ssdm_op_WriteReq.m_axi.p1i64"/></StgValue>
</bind>
</comp>

<comp id="50" class="1001" name="const_50">
<pin_list>
<pin id="51" dir="1" index="0" bw="1" slack="0"/>
</pin_list>
<bind>
<StgValue><ssdm name=""/></StgValue>
</bind>
</comp>

<comp id="52" class="1001" name="const_52">
<pin_list>
<pin id="53" dir="1" index="0" bw="1" slack="0"/>
</pin_list>
<bind>
<StgValue><ssdm name="_ssdm_op_Write.m_axi.p1i64"/></StgValue>
</bind>
</comp>

<comp id="54" class="1001" name="const_54">
<pin_list>
<pin id="55" dir="1" index="0" bw="1" slack="0"/>
</pin_list>
<bind>
<StgValue><ssdm name=""/></StgValue>
</bind>
</comp>

<comp id="56" class="1001" name="const_56">
<pin_list>
<pin id="57" dir="1" index="0" bw="1" slack="0"/>
</pin_list>
<bind>
<StgValue><ssdm name="_ssdm_op_WriteResp.m_axi.p1i64"/></StgValue>
</bind>
</comp>

<comp id="58" class="1001" name="const_58">
<pin_list>
<pin id="59" dir="1" index="0" bw="1" slack="2147483647"/>
</pin_list>
<bind>
<StgValue><ssdm name="_ssdm_op_SpecPipeline"/></StgValue>
</bind>
</comp>

<comp id="60" class="1001" name="const_60">
<pin_list>
<pin id="61" dir="1" index="0" bw="1" slack="2147483647"/>
</pin_list>
<bind>
<StgValue><ssdm name="_ssdm_op_SpecLoopTripCount"/></StgValue>
</bind>
</comp>

<comp id="62" class="1001" name="const_62">
<pin_list>
<pin id="63" dir="1" index="0" bw="1" slack="2147483647"/>
</pin_list>
<bind>
<StgValue><ssdm name=""/></StgValue>
</bind>
</comp>

<comp id="64" class="1001" name="const_64">
<pin_list>
<pin id="65" dir="1" index="0" bw="1" slack="2147483647"/>
</pin_list>
<bind>
<StgValue><ssdm name="_ssdm_op_SpecLoopName"/></StgValue>
</bind>
</comp>

<comp id="66" class="1001" name="const_66">
<pin_list>
<pin id="67" dir="1" index="0" bw="1" slack="2147483647"/>
</pin_list>
<bind>
<StgValue><ssdm name="empty_27"/></StgValue>
</bind>
</comp>

<comp id="68" class="1004" name="indvars_iv_i_fu_68">
<pin_list>
<pin id="69" dir="0" index="0" bw="1" slack="0"/>
<pin id="70" dir="1" index="1" bw="31" slack="0"/>
</pin_list>
<bind>
<opcode="alloca(26) " fcode="alloca"/>
<opset="indvars_iv_i/1 "/>
</bind>
</comp>

<comp id="72" class="1004" name="Iright_moved_data_read_read_fu_72">
<pin_list>
<pin id="73" dir="0" index="0" bw="64" slack="0"/>
<pin id="74" dir="0" index="1" bw="64" slack="0"/>
<pin id="75" dir="1" index="2" bw="64" slack="0"/>
</pin_list>
<bind>
<opcode="read(1150) " fcode="read"/>
<opset="Iright_moved_data_read/1 "/>
</bind>
</comp>

<comp id="78" class="1004" name="mul5_i_read_read_fu_78">
<pin_list>
<pin id="79" dir="0" index="0" bw="32" slack="0"/>
<pin id="80" dir="0" index="1" bw="32" slack="0"/>
<pin id="81" dir="1" index="2" bw="32" slack="0"/>
</pin_list>
<bind>
<opcode="read(1150) " fcode="read"/>
<opset="mul5_i_read/1 "/>
</bind>
</comp>

<comp id="84" class="1004" name="grp_writeresp_fu_84">
<pin_list>
<pin id="85" dir="0" index="0" bw="1" slack="0"/>
<pin id="86" dir="0" index="1" bw="64" slack="0"/>
<pin id="87" dir="0" index="2" bw="1" slack="0"/>
<pin id="88" dir="1" index="3" bw="1" slack="2147483647"/>
</pin_list>
<bind>
<opcode="writereq(1155) writeresp(1158) " fcode="writeresp"/>
<opset="empty/2 empty_58/4 "/>
</bind>
</comp>

<comp id="91" class="1004" name="write_ln166_write_fu_91">
<pin_list>
<pin id="92" dir="0" index="0" bw="0" slack="0"/>
<pin id="93" dir="0" index="1" bw="64" slack="1"/>
<pin id="94" dir="0" index="2" bw="1" slack="0"/>
<pin id="95" dir="0" index="3" bw="8" slack="1"/>
<pin id="96" dir="1" index="4" bw="0" slack="2147483647"/>
</pin_list>
<bind>
<opcode="write(1151) " fcode="write"/>
<opset="write_ln166/3 "/>
</bind>
</comp>

<comp id="100" class="1004" name="store_ln0_store_fu_100">
<pin_list>
<pin id="101" dir="0" index="0" bw="1" slack="0"/>
<pin id="102" dir="0" index="1" bw="31" slack="0"/>
<pin id="103" dir="1" index="2" bw="0" slack="2147483647"/>
</pin_list>
<bind>
<opcode="store(28) " fcode="store"/>
<opset="store_ln0/1 "/>
</bind>
</comp>

<comp id="105" class="1004" name="indvars_iv_i_load_load_fu_105">
<pin_list>
<pin id="106" dir="0" index="0" bw="31" slack="0"/>
<pin id="107" dir="1" index="1" bw="31" slack="0"/>
</pin_list>
<bind>
<opcode="load(27) " fcode="load"/>
<opset="indvars_iv_i_load/1 "/>
</bind>
</comp>

<comp id="108" class="1004" name="zext_ln163_fu_108">
<pin_list>
<pin id="109" dir="0" index="0" bw="31" slack="0"/>
<pin id="110" dir="1" index="1" bw="32" slack="0"/>
</pin_list>
<bind>
<opcode="zext(34) " fcode="zext"/>
<opset="zext_ln163/1 "/>
</bind>
</comp>

<comp id="112" class="1004" name="icmp_ln163_fu_112">
<pin_list>
<pin id="113" dir="0" index="0" bw="31" slack="0"/>
<pin id="114" dir="0" index="1" bw="32" slack="0"/>
<pin id="115" dir="1" index="2" bw="1" slack="69"/>
</pin_list>
<bind>
<opcode="icmp(45) " fcode="icmp"/>
<opset="icmp_ln163/1 "/>
</bind>
</comp>

<comp id="118" class="1004" name="add_ln163_fu_118">
<pin_list>
<pin id="119" dir="0" index="0" bw="31" slack="0"/>
<pin id="120" dir="0" index="1" bw="1" slack="0"/>
<pin id="121" dir="1" index="2" bw="31" slack="0"/>
</pin_list>
<bind>
<opcode="add(8) " fcode="add"/>
<opset="add_ln163/1 "/>
</bind>
</comp>

<comp id="124" class="1004" name="shl_ln1_fu_124">
<pin_list>
<pin id="125" dir="0" index="0" bw="33" slack="0"/>
<pin id="126" dir="0" index="1" bw="31" slack="0"/>
<pin id="127" dir="0" index="2" bw="1" slack="0"/>
<pin id="128" dir="1" index="3" bw="33" slack="0"/>
</pin_list>
<bind>
<opcode="bitconcatenate(1004) " fcode="bitconcatenate"/>
<opset="shl_ln1/1 "/>
</bind>
</comp>

<comp id="132" class="1004" name="zext_ln166_1_fu_132">
<pin_list>
<pin id="133" dir="0" index="0" bw="33" slack="0"/>
<pin id="134" dir="1" index="1" bw="64" slack="0"/>
</pin_list>
<bind>
<opcode="zext(34) " fcode="zext"/>
<opset="zext_ln166_1/1 "/>
</bind>
</comp>

<comp id="136" class="1004" name="add_ln166_fu_136">
<pin_list>
<pin id="137" dir="0" index="0" bw="33" slack="0"/>
<pin id="138" dir="0" index="1" bw="64" slack="0"/>
<pin id="139" dir="1" index="2" bw="64" slack="0"/>
</pin_list>
<bind>
<opcode="add(8) " fcode="add"/>
<opset="add_ln166/1 "/>
</bind>
</comp>

<comp id="142" class="1004" name="trunc_ln166_fu_142">
<pin_list>
<pin id="143" dir="0" index="0" bw="64" slack="0"/>
<pin id="144" dir="1" index="1" bw="3" slack="1"/>
</pin_list>
<bind>
<opcode="trunc(33) " fcode="trunc"/>
<opset="trunc_ln166/1 "/>
</bind>
</comp>

<comp id="146" class="1004" name="trunc_ln166_1_fu_146">
<pin_list>
<pin id="147" dir="0" index="0" bw="61" slack="0"/>
<pin id="148" dir="0" index="1" bw="64" slack="0"/>
<pin id="149" dir="0" index="2" bw="3" slack="0"/>
<pin id="150" dir="0" index="3" bw="7" slack="0"/>
<pin id="151" dir="1" index="4" bw="61" slack="1"/>
</pin_list>
<bind>
<opcode="partselect(1002) " fcode="partselect"/>
<opset="trunc_ln166_1/1 "/>
</bind>
</comp>

<comp id="156" class="1004" name="store_ln163_store_fu_156">
<pin_list>
<pin id="157" dir="0" index="0" bw="31" slack="0"/>
<pin id="158" dir="0" index="1" bw="31" slack="0"/>
<pin id="159" dir="1" index="2" bw="0" slack="2147483647"/>
</pin_list>
<bind>
<opcode="store(28) " fcode="store"/>
<opset="store_ln163/1 "/>
</bind>
</comp>

<comp id="161" class="1004" name="zext_ln166_fu_161">
<pin_list>
<pin id="162" dir="0" index="0" bw="3" slack="1"/>
<pin id="163" dir="1" index="1" bw="8" slack="0"/>
</pin_list>
<bind>
<opcode="zext(34) " fcode="zext"/>
<opset="zext_ln166/2 "/>
</bind>
</comp>

<comp id="164" class="1004" name="shl_ln166_fu_164">
<pin_list>
<pin id="165" dir="0" index="0" bw="5" slack="0"/>
<pin id="166" dir="0" index="1" bw="3" slack="0"/>
<pin id="167" dir="1" index="2" bw="8" slack="1"/>
</pin_list>
<bind>
<opcode="shl(20) " fcode="shl"/>
<opset="shl_ln166/2 "/>
</bind>
</comp>

<comp id="170" class="1004" name="sext_ln166_fu_170">
<pin_list>
<pin id="171" dir="0" index="0" bw="61" slack="1"/>
<pin id="172" dir="1" index="1" bw="64" slack="0"/>
</pin_list>
<bind>
<opcode="sext(35) " fcode="sext"/>
<opset="sext_ln166/2 "/>
</bind>
</comp>

<comp id="173" class="1004" name="gmem_addr_1_fu_173">
<pin_list>
<pin id="174" dir="0" index="0" bw="64" slack="0"/>
<pin id="175" dir="0" index="1" bw="61" slack="0"/>
<pin id="176" dir="1" index="2" bw="64" slack="0"/>
</pin_list>
<bind>
<opcode="getelementptr(29) " fcode="getelementptr"/>
<opset="gmem_addr_1/2 "/>
</bind>
</comp>

<comp id="180" class="1005" name="indvars_iv_i_reg_180">
<pin_list>
<pin id="181" dir="0" index="0" bw="31" slack="0"/>
<pin id="182" dir="1" index="1" bw="31" slack="0"/>
</pin_list>
<bind>
<opset="indvars_iv_i "/>
</bind>
</comp>

<comp id="187" class="1005" name="icmp_ln163_reg_187">
<pin_list>
<pin id="188" dir="0" index="0" bw="1" slack="69"/>
<pin id="189" dir="1" index="1" bw="1" slack="2147483647"/>
</pin_list>
<bind>
<opset="icmp_ln163 "/>
</bind>
</comp>

<comp id="191" class="1005" name="trunc_ln166_reg_191">
<pin_list>
<pin id="192" dir="0" index="0" bw="3" slack="1"/>
<pin id="193" dir="1" index="1" bw="3" slack="1"/>
</pin_list>
<bind>
<opset="trunc_ln166 "/>
</bind>
</comp>

<comp id="196" class="1005" name="trunc_ln166_1_reg_196">
<pin_list>
<pin id="197" dir="0" index="0" bw="61" slack="1"/>
<pin id="198" dir="1" index="1" bw="61" slack="1"/>
</pin_list>
<bind>
<opset="trunc_ln166_1 "/>
</bind>
</comp>

<comp id="201" class="1005" name="shl_ln166_reg_201">
<pin_list>
<pin id="202" dir="0" index="0" bw="8" slack="1"/>
<pin id="203" dir="1" index="1" bw="8" slack="1"/>
</pin_list>
<bind>
<opset="shl_ln166 "/>
</bind>
</comp>

<comp id="206" class="1005" name="gmem_addr_1_reg_206">
<pin_list>
<pin id="207" dir="0" index="0" bw="64" slack="1"/>
<pin id="208" dir="1" index="1" bw="64" slack="1"/>
</pin_list>
<bind>
<opset="gmem_addr_1 "/>
</bind>
</comp>

</comp_list>

<net_list>
<net id="71"><net_src comp="6" pin="0"/><net_sink comp="68" pin=0"/></net>

<net id="76"><net_src comp="26" pin="0"/><net_sink comp="72" pin=0"/></net>

<net id="77"><net_src comp="4" pin="0"/><net_sink comp="72" pin=1"/></net>

<net id="82"><net_src comp="28" pin="0"/><net_sink comp="78" pin=0"/></net>

<net id="83"><net_src comp="2" pin="0"/><net_sink comp="78" pin=1"/></net>

<net id="89"><net_src comp="48" pin="0"/><net_sink comp="84" pin=0"/></net>

<net id="90"><net_src comp="50" pin="0"/><net_sink comp="84" pin=2"/></net>

<net id="97"><net_src comp="52" pin="0"/><net_sink comp="91" pin=0"/></net>

<net id="98"><net_src comp="54" pin="0"/><net_sink comp="91" pin=2"/></net>

<net id="99"><net_src comp="56" pin="0"/><net_sink comp="84" pin=0"/></net>

<net id="104"><net_src comp="30" pin="0"/><net_sink comp="100" pin=0"/></net>

<net id="111"><net_src comp="105" pin="1"/><net_sink comp="108" pin=0"/></net>

<net id="116"><net_src comp="108" pin="1"/><net_sink comp="112" pin=0"/></net>

<net id="117"><net_src comp="78" pin="2"/><net_sink comp="112" pin=1"/></net>

<net id="122"><net_src comp="105" pin="1"/><net_sink comp="118" pin=0"/></net>

<net id="123"><net_src comp="34" pin="0"/><net_sink comp="118" pin=1"/></net>

<net id="129"><net_src comp="36" pin="0"/><net_sink comp="124" pin=0"/></net>

<net id="130"><net_src comp="105" pin="1"/><net_sink comp="124" pin=1"/></net>

<net id="131"><net_src comp="38" pin="0"/><net_sink comp="124" pin=2"/></net>

<net id="135"><net_src comp="124" pin="3"/><net_sink comp="132" pin=0"/></net>

<net id="140"><net_src comp="132" pin="1"/><net_sink comp="136" pin=0"/></net>

<net id="141"><net_src comp="72" pin="2"/><net_sink comp="136" pin=1"/></net>

<net id="145"><net_src comp="136" pin="2"/><net_sink comp="142" pin=0"/></net>

<net id="152"><net_src comp="40" pin="0"/><net_sink comp="146" pin=0"/></net>

<net id="153"><net_src comp="136" pin="2"/><net_sink comp="146" pin=1"/></net>

<net id="154"><net_src comp="42" pin="0"/><net_sink comp="146" pin=2"/></net>

<net id="155"><net_src comp="44" pin="0"/><net_sink comp="146" pin=3"/></net>

<net id="160"><net_src comp="118" pin="2"/><net_sink comp="156" pin=0"/></net>

<net id="168"><net_src comp="46" pin="0"/><net_sink comp="164" pin=0"/></net>

<net id="169"><net_src comp="161" pin="1"/><net_sink comp="164" pin=1"/></net>

<net id="177"><net_src comp="0" pin="0"/><net_sink comp="173" pin=0"/></net>

<net id="178"><net_src comp="170" pin="1"/><net_sink comp="173" pin=1"/></net>

<net id="179"><net_src comp="173" pin="2"/><net_sink comp="84" pin=1"/></net>

<net id="183"><net_src comp="68" pin="1"/><net_sink comp="180" pin=0"/></net>

<net id="184"><net_src comp="180" pin="1"/><net_sink comp="100" pin=1"/></net>

<net id="185"><net_src comp="180" pin="1"/><net_sink comp="105" pin=0"/></net>

<net id="186"><net_src comp="180" pin="1"/><net_sink comp="156" pin=1"/></net>

<net id="190"><net_src comp="112" pin="2"/><net_sink comp="187" pin=0"/></net>

<net id="194"><net_src comp="142" pin="1"/><net_sink comp="191" pin=0"/></net>

<net id="195"><net_src comp="191" pin="1"/><net_sink comp="161" pin=0"/></net>

<net id="199"><net_src comp="146" pin="4"/><net_sink comp="196" pin=0"/></net>

<net id="200"><net_src comp="196" pin="1"/><net_sink comp="170" pin=0"/></net>

<net id="204"><net_src comp="164" pin="2"/><net_sink comp="201" pin=0"/></net>

<net id="205"><net_src comp="201" pin="1"/><net_sink comp="91" pin=3"/></net>

<net id="209"><net_src comp="173" pin="2"/><net_sink comp="206" pin=0"/></net>

<net id="210"><net_src comp="206" pin="1"/><net_sink comp="91" pin=1"/></net>

<net id="211"><net_src comp="206" pin="1"/><net_sink comp="84" pin=1"/></net>

</net_list>

</model> 
---------------- Datapath Model END ------------------

* FSMD analyzer results:
  - Output states:
	Port: gmem | {2 3 4 5 6 7 8 9 10 11 12 13 14 15 16 17 18 19 20 21 22 23 24 25 26 27 28 29 30 31 32 33 34 35 36 37 38 39 40 41 42 43 44 45 46 47 48 49 50 51 52 53 54 55 56 57 58 59 60 61 62 63 64 65 66 67 68 69 70 71 }
 - Input state : 
	Port: cluster_Pipeline_VITIS_LOOP_163_1 : mul5_i | {1 }
	Port: cluster_Pipeline_VITIS_LOOP_163_1 : Iright_moved_data | {1 }
  - Chain level:
	State 1
		store_ln0 : 1
		indvars_iv_i_load : 1
		zext_ln163 : 2
		icmp_ln163 : 3
		add_ln163 : 2
		br_ln163 : 4
		shl_ln1 : 2
		zext_ln166_1 : 3
		add_ln166 : 4
		trunc_ln166 : 5
		trunc_ln166_1 : 5
		store_ln163 : 3
	State 2
		shl_ln166 : 1
		gmem_addr_1 : 1
		empty : 2
	State 3
	State 4
	State 5
	State 6
	State 7
	State 8
	State 9
	State 10
	State 11
	State 12
	State 13
	State 14
	State 15
	State 16
	State 17
	State 18
	State 19
	State 20
	State 21
	State 22
	State 23
	State 24
	State 25
	State 26
	State 27
	State 28
	State 29
	State 30
	State 31
	State 32
	State 33
	State 34
	State 35
	State 36
	State 37
	State 38
	State 39
	State 40
	State 41
	State 42
	State 43
	State 44
	State 45
	State 46
	State 47
	State 48
	State 49
	State 50
	State 51
	State 52
	State 53
	State 54
	State 55
	State 56
	State 57
	State 58
	State 59
	State 60
	State 61
	State 62
	State 63
	State 64
	State 65
	State 66
	State 67
	State 68
	State 69
	State 70
	State 71


============================================================
+ Verbose Summary: Datapath Resource usage 
============================================================

* Functional unit list:
|----------|-----------------------------------|---------|---------|
| Operation|          Functional Unit          |    FF   |   LUT   |
|----------|-----------------------------------|---------|---------|
|    add   |          add_ln163_fu_118         |    0    |    38   |
|          |          add_ln166_fu_136         |    0    |    71   |
|----------|-----------------------------------|---------|---------|
|   icmp   |         icmp_ln163_fu_112         |    0    |    39   |
|----------|-----------------------------------|---------|---------|
|    shl   |          shl_ln166_fu_164         |    0    |    11   |
|----------|-----------------------------------|---------|---------|
|   read   | Iright_moved_data_read_read_fu_72 |    0    |    0    |
|          |       mul5_i_read_read_fu_78      |    0    |    0    |
|----------|-----------------------------------|---------|---------|
| writeresp|        grp_writeresp_fu_84        |    0    |    0    |
|----------|-----------------------------------|---------|---------|
|   write  |      write_ln166_write_fu_91      |    0    |    0    |
|----------|-----------------------------------|---------|---------|
|          |         zext_ln163_fu_108         |    0    |    0    |
|   zext   |        zext_ln166_1_fu_132        |    0    |    0    |
|          |         zext_ln166_fu_161         |    0    |    0    |
|----------|-----------------------------------|---------|---------|
|bitconcatenate|           shl_ln1_fu_124          |    0    |    0    |
|----------|-----------------------------------|---------|---------|
|   trunc  |         trunc_ln166_fu_142        |    0    |    0    |
|----------|-----------------------------------|---------|---------|
|partselect|        trunc_ln166_1_fu_146       |    0    |    0    |
|----------|-----------------------------------|---------|---------|
|   sext   |         sext_ln166_fu_170         |    0    |    0    |
|----------|-----------------------------------|---------|---------|
|   Total  |                                   |    0    |   159   |
|----------|-----------------------------------|---------|---------|

Memories:
N/A

* Register list:
+---------------------+--------+
|                     |   FF   |
+---------------------+--------+
| gmem_addr_1_reg_206 |   64   |
|  icmp_ln163_reg_187 |    1   |
| indvars_iv_i_reg_180|   31   |
|  shl_ln166_reg_201  |    8   |
|trunc_ln166_1_reg_196|   61   |
| trunc_ln166_reg_191 |    3   |
+---------------------+--------+
|        Total        |   168  |
+---------------------+--------+

* Multiplexer (MUX) list: 
|---------------------|------|------|------|--------||---------||---------||---------|
|         Comp        |  Pin | Size |  BW  | S x BW ||  Delay  ||    FF   ||   LUT   |
|---------------------|------|------|------|--------||---------||---------||---------|
| grp_writeresp_fu_84 |  p0  |   2  |   1  |    2   |
| grp_writeresp_fu_84 |  p1  |   2  |  64  |   128  ||    0    ||    9    |
|---------------------|------|------|------|--------||---------||---------||---------|
|        Total        |      |      |      |   130  ||  0.854  ||    0    ||    9    |
|---------------------|------|------|------|--------||---------||---------||---------|



* Summary:
+-----------+--------+--------+--------+
|           |  Delay |   FF   |   LUT  |
+-----------+--------+--------+--------+
|  Function |    -   |    0   |   159  |
|   Memory  |    -   |    -   |    -   |
|Multiplexer|    0   |    0   |    9   |
|  Register |    -   |   168  |    -   |
+-----------+--------+--------+--------+
|   Total   |    0   |   168  |   168  |
+-----------+--------+--------+--------+
