cluster.c:30:9: warning: HLS pragma dump _XLX_SEP_ PragmaIsValid=1_XLX_SEP_ PragmaType=loop_tripcount_XLX_SEP_ PragmaContext=_XLX_SEP_ PragmaFunction=padarray4_XLX_SEP_ PragmaOptions=min = 488 max = 488_XLX_SEP_ [-Wdump-hls-pragmas]
#pragma HLS loop_tripcount min = 488 max = 488
        ^
cluster.c:33:9: warning: HLS pragma dump _XLX_SEP_ PragmaIsValid=1_XLX_SEP_ PragmaType=loop_tripcount_XLX_SEP_ PragmaContext=_XLX_SEP_ PragmaFunction=padarray4_XLX_SEP_ PragmaOptions=min = 595 max = 595_XLX_SEP_ [-Wdump-hls-pragmas]
#pragma HLS loop_tripcount min = 595 max = 595
        ^
cluster.c:43:9: warning: HLS pragma dump _XLX_SEP_ PragmaIsValid=1_XLX_SEP_ PragmaType=loop_tripcount_XLX_SEP_ PragmaContext=_XLX_SEP_ PragmaFunction=padarray4_XLX_SEP_ PragmaOptions=min = 488 max = 488_XLX_SEP_ [-Wdump-hls-pragmas]
#pragma HLS loop_tripcount min = 488 max = 488
        ^
cluster.c:46:9: warning: HLS pragma dump _XLX_SEP_ PragmaIsValid=1_XLX_SEP_ PragmaType=loop_tripcount_XLX_SEP_ PragmaContext=_XLX_SEP_ PragmaFunction=padarray4_XLX_SEP_ PragmaOptions=min = 595 max = 595_XLX_SEP_ [-Wdump-hls-pragmas]
#pragma HLS loop_tripcount min = 595 max = 595
        ^
cluster.c:3:63: warning: unused parameter 'borderMat_w' [-Wunused-parameter]
void padarray4(int inMat_w, int inMat_h, int *inMat_data, int borderMat_w,
                                                              ^
cluster.c:4:20: warning: unused parameter 'borderMat_h' [-Wunused-parameter]
               int borderMat_h, int *borderMat_data, int dir,
                   ^
cluster.c:5:39: warning: unused parameter 'paddedArray_h' [-Wunused-parameter]
               int paddedArray_w, int paddedArray_h, int *paddedArray_data)
                                      ^
cluster.c:70:9: warning: HLS pragma dump _XLX_SEP_ PragmaIsValid=1_XLX_SEP_ PragmaType=loop_tripcount_XLX_SEP_ PragmaContext=_XLX_SEP_ PragmaFunction=computeSAD_XLX_SEP_ PragmaOptions=min = 488 max = 488_XLX_SEP_ [-Wdump-hls-pragmas]
#pragma HLS loop_tripcount min = 488 max = 488
        ^
cluster.c:73:9: warning: HLS pragma dump _XLX_SEP_ PragmaIsValid=1_XLX_SEP_ PragmaType=loop_tripcount_XLX_SEP_ PragmaContext=_XLX_SEP_ PragmaFunction=computeSAD_XLX_SEP_ PragmaOptions=min = 595 max = 595_XLX_SEP_ [-Wdump-hls-pragmas]
#pragma HLS loop_tripcount min = 595 max = 595
        ^
cluster.c:57:41: warning: unused parameter 'Iright_moved_h' [-Wunused-parameter]
                int Iright_moved_w, int Iright_moved_h, int *Iright_moved_data,
                                        ^
cluster.c:58:32: warning: unused parameter 'SAD_h' [-Wunused-parameter]
                int SAD_w, int SAD_h, float *SAD_data)
                               ^
cluster.c:94:9: warning: HLS pragma dump _XLX_SEP_ PragmaIsValid=1_XLX_SEP_ PragmaType=loop_tripcount_XLX_SEP_ PragmaContext=_XLX_SEP_ PragmaFunction=integralImage2D2D_XLX_SEP_ PragmaOptions=min = 595 max = 595_XLX_SEP_ [-Wdump-hls-pragmas]
#pragma HLS loop_tripcount min = 595 max = 595
        ^
cluster.c:100:9: warning: HLS pragma dump _XLX_SEP_ PragmaIsValid=1_XLX_SEP_ PragmaType=loop_tripcount_XLX_SEP_ PragmaContext=_XLX_SEP_ PragmaFunction=integralImage2D2D_XLX_SEP_ PragmaOptions=min = 488 max = 488_XLX_SEP_ [-Wdump-hls-pragmas]
#pragma HLS loop_tripcount min = 488 max = 488
        ^
cluster.c:103:9: warning: HLS pragma dump _XLX_SEP_ PragmaIsValid=1_XLX_SEP_ PragmaType=loop_tripcount_XLX_SEP_ PragmaContext=_XLX_SEP_ PragmaFunction=integralImage2D2D_XLX_SEP_ PragmaOptions=min = 595 max = 595_XLX_SEP_ [-Wdump-hls-pragmas]
#pragma HLS loop_tripcount min = 595 max = 595
        ^
cluster.c:111:9: warning: HLS pragma dump _XLX_SEP_ PragmaIsValid=1_XLX_SEP_ PragmaType=loop_tripcount_XLX_SEP_ PragmaContext=_XLX_SEP_ PragmaFunction=integralImage2D2D_XLX_SEP_ PragmaOptions=min = 488 max = 488_XLX_SEP_ [-Wdump-hls-pragmas]
#pragma HLS loop_tripcount min = 488 max = 488
        ^
cluster.c:114:9: warning: HLS pragma dump _XLX_SEP_ PragmaIsValid=1_XLX_SEP_ PragmaType=loop_tripcount_XLX_SEP_ PragmaContext=_XLX_SEP_ PragmaFunction=integralImage2D2D_XLX_SEP_ PragmaOptions=min = 595 max = 595_XLX_SEP_ [-Wdump-hls-pragmas]
#pragma HLS loop_tripcount min = 595 max = 595
        ^
cluster.c:83:47: warning: unused parameter 'integralImg_h' [-Wunused-parameter]
                       int integralImg_w, int integralImg_h, float *integralImg_data)
                                              ^
cluster.c:139:9: warning: HLS pragma dump _XLX_SEP_ PragmaIsValid=1_XLX_SEP_ PragmaType=loop_tripcount_XLX_SEP_ PragmaContext=_XLX_SEP_ PragmaFunction=finalSAD_XLX_SEP_ PragmaOptions=min = 587 max = 587_XLX_SEP_ [-Wdump-hls-pragmas]
#pragma HLS loop_tripcount min = 587 max = 587
        ^
cluster.c:142:9: warning: HLS pragma dump _XLX_SEP_ PragmaIsValid=1_XLX_SEP_ PragmaType=loop_tripcount_XLX_SEP_ PragmaContext=_XLX_SEP_ PragmaFunction=finalSAD_XLX_SEP_ PragmaOptions=min = 480 max = 480_XLX_SEP_ [-Wdump-hls-pragmas]
#pragma HLS loop_tripcount min = 480 max = 480
        ^
cluster.c:126:33: warning: unused parameter 'retSAD_h' [-Wunused-parameter]
              int retSAD_w, int retSAD_h, float *retSAD_data)
                                ^
cluster.c:165:9: warning: HLS pragma dump _XLX_SEP_ PragmaIsValid=1_XLX_SEP_ PragmaType=loop_tripcount_XLX_SEP_ PragmaContext=_XLX_SEP_ PragmaFunction=outlined_fun_18_XLX_SEP_ PragmaOptions=min = 290360 max = 290360_XLX_SEP_ [-Wdump-hls-pragmas]
#pragma HLS loop_tripcount min = 290360 max = 290360
        ^
cluster.c:154:39: warning: unused parameter 'range_h' [-Wunused-parameter]
void outlined_fun_18(int range_w, int range_h, int *range_data,
                                      ^
directive:1:9: warning: HLS pragma dump _XLX_SEP_ PragmaIsValid=1_XLX_SEP_ PragmaType=top_XLX_SEP_ PragmaContext=directive_XLX_SEP_ PragmaFunction=cluster_XLX_SEP_ PragmaOptions=name=cluster_XLX_SEP_ [-Wdump-hls-pragmas]
#pragma HLSDIRECTIVE TOP name=cluster
        ^
23 warnings generated.
